[INFO] Error stacktraces are turned on.
[INFO] Scanning for projects...
[INFO] 
[INFO] ----------------< it.ding.sonar:sonar-webdriver-plugin >----------------
[INFO] Building Sonar WebDriver Plugin 1.0.6-SNAPSHOT
[INFO] ----------------------------[ sonar-plugin ]----------------------------
[INFO] 
[INFO] --- sonar-packaging-maven-plugin:1.17:check (default-check) @ sonar-webdriver-plugin ---
[INFO] 
[INFO] --- jacoco-maven-plugin:0.8.5:prepare-agent (default) @ sonar-webdriver-plugin ---
[INFO] argLine set to -javaagent:/home/jdbl/.m2/repository/org/jacoco/org.jacoco.agent/0.8.5/org.jacoco.agent-0.8.5-runtime.jar=destfile=/tmp/tmpc_sp6l80/sonar-webdriver-plugin/target/jacoco.exec
[INFO] 
[INFO] --- maven-resources-plugin:3.1.0:resources (default-resources) @ sonar-webdriver-plugin ---
[WARNING] Using platform encoding (UTF-8 actually) to copy filtered resources, i.e. build is platform dependent!
[INFO] Copying 22 resources
[INFO] 
[INFO] --- maven-compiler-plugin:3.6.0:compile (default-compile) @ sonar-webdriver-plugin ---
[INFO] Changes detected - recompiling the module!
[WARNING] File encoding has not been set, using platform encoding UTF-8, i.e. build is platform dependent!
[INFO] Compiling 23 source files to /tmp/tmpc_sp6l80/sonar-webdriver-plugin/target/classes
[INFO] 
[INFO] --- maven-resources-plugin:3.1.0:testResources (default-testResources) @ sonar-webdriver-plugin ---
[WARNING] Using platform encoding (UTF-8 actually) to copy filtered resources, i.e. build is platform dependent!
[INFO] skip non existing resourceDirectory /tmp/tmpc_sp6l80/sonar-webdriver-plugin/src/test/resources
[INFO] 
[INFO] --- maven-compiler-plugin:3.6.0:testCompile (default-testCompile) @ sonar-webdriver-plugin ---
[INFO] Changes detected - recompiling the module!
[WARNING] File encoding has not been set, using platform encoding UTF-8, i.e. build is platform dependent!
[INFO] Compiling 1 source file to /tmp/tmpc_sp6l80/sonar-webdriver-plugin/target/test-classes
[INFO] 
[INFO] --- maven-dependency-plugin:3.1.1:copy (copy) @ sonar-webdriver-plugin ---
[INFO] Configured Artifact: junit:junit:4.11:jar
[INFO] Configured Artifact: org.seleniumhq.selenium:selenium-api:3.14.0:jar
[INFO] Configured Artifact: org.hamcrest:hamcrest-core:1.3:jar
[INFO] Configured Artifact: org.seleniumhq.selenium:selenium-remote-driver:3.0.1:jar
[INFO] Configured Artifact: org.seleniumhq.selenium:selenium-support:3.11.0:jar
[INFO] Copying junit-4.11.jar to /tmp/tmpc_sp6l80/sonar-webdriver-plugin/target/test-jars/junit-4.11.jar
[INFO] Copying selenium-api-3.14.0.jar to /tmp/tmpc_sp6l80/sonar-webdriver-plugin/target/test-jars/selenium-api-3.14.0.jar
[INFO] Copying hamcrest-core-1.3.jar to /tmp/tmpc_sp6l80/sonar-webdriver-plugin/target/test-jars/hamcrest-core-1.3.jar
[INFO] Copying selenium-remote-driver-3.0.1.jar to /tmp/tmpc_sp6l80/sonar-webdriver-plugin/target/test-jars/selenium-remote-driver-3.0.1.jar
[INFO] Copying selenium-support-3.11.0.jar to /tmp/tmpc_sp6l80/sonar-webdriver-plugin/target/test-jars/selenium-support-3.11.0.jar
[INFO] 
[INFO] --- maven-surefire-plugin:2.19.1:test (default-test) @ sonar-webdriver-plugin ---
[INFO] Surefire report directory: /tmp/tmpc_sp6l80/sonar-webdriver-plugin/target/surefire-reports

-------------------------------------------------------
 T E S T S
-------------------------------------------------------
Running it.ding.sonar.check.WebDriverChecksTest
08:25:33.555 [main] DEBUG o.s.java.bytecode.ClassLoaderBuilder - ----- Classpath analyzed by Squid:
08:25:33.558 [main] DEBUG o.s.java.bytecode.ClassLoaderBuilder - /tmp/tmpc_sp6l80/sonar-webdriver-plugin/target/test-jars/hamcrest-core-1.3.jar
08:25:33.558 [main] DEBUG o.s.java.bytecode.ClassLoaderBuilder - /tmp/tmpc_sp6l80/sonar-webdriver-plugin/target/test-jars/selenium-remote-driver-3.0.1.jar
08:25:33.558 [main] DEBUG o.s.java.bytecode.ClassLoaderBuilder - /tmp/tmpc_sp6l80/sonar-webdriver-plugin/target/test-jars/selenium-api-3.14.0.jar
08:25:33.558 [main] DEBUG o.s.java.bytecode.ClassLoaderBuilder - /tmp/tmpc_sp6l80/sonar-webdriver-plugin/target/test-jars/selenium-support-3.11.0.jar
08:25:33.558 [main] DEBUG o.s.java.bytecode.ClassLoaderBuilder - /tmp/tmpc_sp6l80/sonar-webdriver-plugin/target/test-jars/junit-4.11.jar
08:25:33.558 [main] DEBUG o.s.java.bytecode.ClassLoaderBuilder - /tmp/tmpc_sp6l80/sonar-webdriver-plugin/target/test-classes
08:25:33.558 [main] DEBUG o.s.java.bytecode.ClassLoaderBuilder - -----
08:25:34.005 [main] INFO  o.s.analyzer.commons.ProgressReport - 1 source files to be analyzed
08:25:34.179 [main] ERROR org.sonar.java.model.VisitorsBridge - Unable to create symbol table for : 'src/test/file/LocatorStrategyByLinkTextAndTagName.java'
java.lang.IllegalArgumentException: null
	at org.objectweb.asm.ClassVisitor.<init>(Unknown Source) ~[classes/:na]
	at org.objectweb.asm.ClassVisitor.<init>(Unknown Source) ~[classes/:na]
	at org.sonar.java.resolve.BytecodeVisitor.<init>(BytecodeVisitor.java:61) ~[sonar-java-plugin-5.14.0.18788.jar:na]
	at org.sonar.java.resolve.BytecodeCompleter.complete(BytecodeCompleter.java:88) ~[sonar-java-plugin-5.14.0.18788.jar:na]
	at org.sonar.java.resolve.JavaSymbol.complete(JavaSymbol.java:114) ~[sonar-java-plugin-5.14.0.18788.jar:na]
	at org.sonar.java.resolve.JavaType.getSymbol(JavaType.java:79) ~[sonar-java-plugin-5.14.0.18788.jar:na]
	at org.sonar.java.resolve.Resolve.findMethod(Resolve.java:492) ~[sonar-java-plugin-5.14.0.18788.jar:na]
	at org.sonar.java.resolve.Resolve.findMethod(Resolve.java:482) ~[sonar-java-plugin-5.14.0.18788.jar:na]
	at org.sonar.java.resolve.Resolve.findMethodByStrictThenLooseInvocation(Resolve.java:467) ~[sonar-java-plugin-5.14.0.18788.jar:na]
	at org.sonar.java.resolve.Resolve.findMethod(Resolve.java:452) ~[sonar-java-plugin-5.14.0.18788.jar:na]
	at org.sonar.java.resolve.Resolve.findMethod(Resolve.java:437) ~[sonar-java-plugin-5.14.0.18788.jar:na]
	at org.sonar.java.resolve.TypeAndReferenceSolver.resolveMethodSymbol(TypeAndReferenceSolver.java:349) ~[sonar-java-plugin-5.14.0.18788.jar:na]
	at org.sonar.java.resolve.TypeAndReferenceSolver.visitMethodInvocation(TypeAndReferenceSolver.java:238) ~[sonar-java-plugin-5.14.0.18788.jar:na]
	at org.sonar.java.model.expression.MethodInvocationTreeImpl.accept(MethodInvocationTreeImpl.java:97) ~[sonar-java-plugin-5.14.0.18788.jar:na]
	at org.sonar.java.resolve.TypeAndReferenceSolver.resolveAs(TypeAndReferenceSolver.java:418) ~[sonar-java-plugin-5.14.0.18788.jar:na]
	at org.sonar.java.resolve.TypeAndReferenceSolver.resolveAs(TypeAndReferenceSolver.java:373) ~[sonar-java-plugin-5.14.0.18788.jar:na]
	at org.sonar.java.resolve.TypeAndReferenceSolver.resolveAs(TypeAndReferenceSolver.java:366) ~[sonar-java-plugin-5.14.0.18788.jar:na]
	at org.sonar.java.resolve.TypeAndReferenceSolver.visitVariable(TypeAndReferenceSolver.java:926) ~[sonar-java-plugin-5.14.0.18788.jar:na]
	at org.sonar.java.model.declaration.VariableTreeImpl.accept(VariableTreeImpl.java:186) ~[sonar-java-plugin-5.14.0.18788.jar:na]
	at org.sonar.plugins.java.api.tree.BaseTreeVisitor.scan(BaseTreeVisitor.java:40) ~[sonar-java-plugin-5.14.0.18788.jar:na]
	at org.sonar.plugins.java.api.tree.BaseTreeVisitor.scan(BaseTreeVisitor.java:34) ~[sonar-java-plugin-5.14.0.18788.jar:na]
	at org.sonar.java.resolve.TypeAndReferenceSolver.visitClass(TypeAndReferenceSolver.java:146) ~[sonar-java-plugin-5.14.0.18788.jar:na]
	at org.sonar.java.model.declaration.ClassTreeImpl.accept(ClassTreeImpl.java:203) ~[sonar-java-plugin-5.14.0.18788.jar:na]
	at org.sonar.plugins.java.api.tree.BaseTreeVisitor.scan(BaseTreeVisitor.java:40) ~[sonar-java-plugin-5.14.0.18788.jar:na]
	at org.sonar.plugins.java.api.tree.BaseTreeVisitor.scan(BaseTreeVisitor.java:34) ~[sonar-java-plugin-5.14.0.18788.jar:na]
	at org.sonar.plugins.java.api.tree.BaseTreeVisitor.visitCompilationUnit(BaseTreeVisitor.java:52) ~[sonar-java-plugin-5.14.0.18788.jar:na]
	at org.sonar.java.resolve.SemanticModel.createFor(SemanticModel.java:65) ~[sonar-java-plugin-5.14.0.18788.jar:na]
	at org.sonar.java.model.VisitorsBridge.visitFile(VisitorsBridge.java:122) ~[sonar-java-plugin-5.14.0.18788.jar:na]
	at org.sonar.java.ast.JavaAstScanner.simpleScan(JavaAstScanner.java:90) [sonar-java-plugin-5.14.0.18788.jar:na]
	at org.sonar.java.ast.JavaAstScanner.scan(JavaAstScanner.java:67) [sonar-java-plugin-5.14.0.18788.jar:na]
	at org.sonar.java.ast.JavaAstScanner.scanSingleFileForTests(JavaAstScanner.java:139) [sonar-java-plugin-5.14.0.18788.jar:na]
	at org.sonar.java.checks.verifier.JavaCheckVerifier.scanFile(JavaCheckVerifier.java:281) [java-checks-testkit-5.14.0.18788.jar:na]
	at org.sonar.java.checks.verifier.JavaCheckVerifier.scanFile(JavaCheckVerifier.java:268) [java-checks-testkit-5.14.0.18788.jar:na]
	at org.sonar.java.checks.verifier.JavaCheckVerifier.scanFile(JavaCheckVerifier.java:222) [java-checks-testkit-5.14.0.18788.jar:na]
	at org.sonar.java.checks.verifier.JavaCheckVerifier.verify(JavaCheckVerifier.java:106) [java-checks-testkit-5.14.0.18788.jar:na]
	at it.ding.sonar.check.WebDriverChecksTest.shouldAvoidLocatorsByLinkTextAndTagName(WebDriverChecksTest.java:50) [test-classes/:na]
	at sun.reflect.NativeMethodAccessorImpl.invoke0(Native Method) ~[na:1.8.0_262]
	at sun.reflect.NativeMethodAccessorImpl.invoke(NativeMethodAccessorImpl.java:62) ~[na:1.8.0_262]
	at sun.reflect.DelegatingMethodAccessorImpl.invoke(DelegatingMethodAccessorImpl.java:43) ~[na:1.8.0_262]
	at java.lang.reflect.Method.invoke(Method.java:498) ~[na:1.8.0_262]
	at org.junit.runners.model.FrameworkMethod$1.runReflectiveCall(FrameworkMethod.java:47) [junit-4.11.jar:na]
	at org.junit.internal.runners.model.ReflectiveCallable.run(ReflectiveCallable.java:12) [junit-4.11.jar:na]
	at org.junit.runners.model.FrameworkMethod.invokeExplosively(FrameworkMethod.java:44) [junit-4.11.jar:na]
	at org.junit.internal.runners.statements.InvokeMethod.evaluate(InvokeMethod.java:17) [junit-4.11.jar:na]
	at org.junit.runners.ParentRunner.runLeaf(ParentRunner.java:271) [junit-4.11.jar:na]
	at org.junit.runners.BlockJUnit4ClassRunner.runChild(BlockJUnit4ClassRunner.java:70) [junit-4.11.jar:na]
	at org.junit.runners.BlockJUnit4ClassRunner.runChild(BlockJUnit4ClassRunner.java:50) [junit-4.11.jar:na]
	at org.junit.runners.ParentRunner$3.run(ParentRunner.java:238) [junit-4.11.jar:na]
	at org.junit.runners.ParentRunner$1.schedule(ParentRunner.java:63) [junit-4.11.jar:na]
	at org.junit.runners.ParentRunner.runChildren(ParentRunner.java:236) [junit-4.11.jar:na]
	at org.junit.runners.ParentRunner.access$000(ParentRunner.java:53) [junit-4.11.jar:na]
	at org.junit.runners.ParentRunner$2.evaluate(ParentRunner.java:229) [junit-4.11.jar:na]
	at org.junit.runners.ParentRunner.run(ParentRunner.java:309) [junit-4.11.jar:na]
	at org.apache.maven.surefire.junit4.JUnit4Provider.execute(JUnit4Provider.java:367) [surefire-junit4-2.19.1.jar:2.19.1]
	at org.apache.maven.surefire.junit4.JUnit4Provider.executeWithRerun(JUnit4Provider.java:274) [surefire-junit4-2.19.1.jar:2.19.1]
	at org.apache.maven.surefire.junit4.JUnit4Provider.executeTestSet(JUnit4Provider.java:238) [surefire-junit4-2.19.1.jar:2.19.1]
	at org.apache.maven.surefire.junit4.JUnit4Provider.invoke(JUnit4Provider.java:161) [surefire-junit4-2.19.1.jar:2.19.1]
	at org.apache.maven.surefire.booter.ForkedBooter.invokeProviderInSameClassLoader(ForkedBooter.java:290) [surefire-booter-2.19.1.jar:2.19.1]
	at org.apache.maven.surefire.booter.ForkedBooter.runSuitesInProcess(ForkedBooter.java:242) [surefire-booter-2.19.1.jar:2.19.1]
	at org.apache.maven.surefire.booter.ForkedBooter.main(ForkedBooter.java:121) [surefire-booter-2.19.1.jar:2.19.1]
08:25:34.182 [Report about progress of Java AST analyzer] INFO  o.s.analyzer.commons.ProgressReport - 1/1 source files have been analyzed
08:25:34.197 [main] DEBUG o.s.java.bytecode.ClassLoaderBuilder - ----- Classpath analyzed by Squid:
08:25:34.197 [main] DEBUG o.s.java.bytecode.ClassLoaderBuilder - /tmp/tmpc_sp6l80/sonar-webdriver-plugin/target/test-jars/hamcrest-core-1.3.jar
08:25:34.198 [main] DEBUG o.s.java.bytecode.ClassLoaderBuilder - /tmp/tmpc_sp6l80/sonar-webdriver-plugin/target/test-jars/selenium-remote-driver-3.0.1.jar
08:25:34.198 [main] DEBUG o.s.java.bytecode.ClassLoaderBuilder - /tmp/tmpc_sp6l80/sonar-webdriver-plugin/target/test-jars/selenium-api-3.14.0.jar
08:25:34.198 [main] DEBUG o.s.java.bytecode.ClassLoaderBuilder - /tmp/tmpc_sp6l80/sonar-webdriver-plugin/target/test-jars/selenium-support-3.11.0.jar
08:25:34.198 [main] DEBUG o.s.java.bytecode.ClassLoaderBuilder - /tmp/tmpc_sp6l80/sonar-webdriver-plugin/target/test-jars/junit-4.11.jar
08:25:34.198 [main] DEBUG o.s.java.bytecode.ClassLoaderBuilder - /tmp/tmpc_sp6l80/sonar-webdriver-plugin/target/test-classes
08:25:34.198 [main] DEBUG o.s.java.bytecode.ClassLoaderBuilder - -----
08:25:34.203 [main] INFO  o.s.analyzer.commons.ProgressReport - 1 source files to be analyzed
08:25:34.223 [main] ERROR org.sonar.java.model.VisitorsBridge - Unable to create symbol table for : 'src/test/file/HardCodedSleep.java'
java.lang.IllegalArgumentException: null
	at org.objectweb.asm.ClassVisitor.<init>(Unknown Source) ~[classes/:na]
	at org.objectweb.asm.ClassVisitor.<init>(Unknown Source) ~[classes/:na]
	at org.sonar.java.resolve.BytecodeVisitor.<init>(BytecodeVisitor.java:61) ~[sonar-java-plugin-5.14.0.18788.jar:na]
	at org.sonar.java.resolve.BytecodeCompleter.complete(BytecodeCompleter.java:88) ~[sonar-java-plugin-5.14.0.18788.jar:na]
	at org.sonar.java.resolve.JavaSymbol.complete(JavaSymbol.java:114) ~[sonar-java-plugin-5.14.0.18788.jar:na]
	at org.sonar.java.resolve.JavaSymbol$TypeJavaSymbol.members(JavaSymbol.java:379) ~[sonar-java-plugin-5.14.0.18788.jar:na]
	at org.sonar.java.resolve.Resolve.findMemberType(Resolve.java:214) ~[sonar-java-plugin-5.14.0.18788.jar:na]
	at org.sonar.java.resolve.Resolve.findMemberType(Resolve.java:222) ~[sonar-java-plugin-5.14.0.18788.jar:na]
	at org.sonar.java.resolve.Resolve.findType(Resolve.java:255) ~[sonar-java-plugin-5.14.0.18788.jar:na]
	at org.sonar.java.resolve.Resolve.findIdent(Resolve.java:315) ~[sonar-java-plugin-5.14.0.18788.jar:na]
	at org.sonar.java.resolve.TypeAndReferenceSolver.resolveAs(TypeAndReferenceSolver.java:399) ~[sonar-java-plugin-5.14.0.18788.jar:na]
	at org.sonar.java.resolve.TypeAndReferenceSolver.resolveAs(TypeAndReferenceSolver.java:373) ~[sonar-java-plugin-5.14.0.18788.jar:na]
	at org.sonar.java.resolve.SecondPass.resolveType(SecondPass.java:251) ~[sonar-java-plugin-5.14.0.18788.jar:na]
	at org.sonar.java.resolve.SecondPass.complete(SecondPass.java:240) ~[sonar-java-plugin-5.14.0.18788.jar:na]
	at org.sonar.java.resolve.SecondPass.complete(SecondPass.java:67) ~[sonar-java-plugin-5.14.0.18788.jar:na]
	at org.sonar.java.resolve.JavaSymbol.complete(JavaSymbol.java:114) ~[sonar-java-plugin-5.14.0.18788.jar:na]
	at org.sonar.java.resolve.FirstPass.completeSymbols(FirstPass.java:101) ~[sonar-java-plugin-5.14.0.18788.jar:na]
	at org.sonar.java.resolve.FirstPass.visitCompilationUnit(FirstPass.java:132) ~[sonar-java-plugin-5.14.0.18788.jar:na]
	at org.sonar.java.resolve.SemanticModel.createFor(SemanticModel.java:64) ~[sonar-java-plugin-5.14.0.18788.jar:na]
	at org.sonar.java.model.VisitorsBridge.visitFile(VisitorsBridge.java:122) ~[sonar-java-plugin-5.14.0.18788.jar:na]
	at org.sonar.java.ast.JavaAstScanner.simpleScan(JavaAstScanner.java:90) [sonar-java-plugin-5.14.0.18788.jar:na]
	at org.sonar.java.ast.JavaAstScanner.scan(JavaAstScanner.java:67) [sonar-java-plugin-5.14.0.18788.jar:na]
	at org.sonar.java.ast.JavaAstScanner.scanSingleFileForTests(JavaAstScanner.java:139) [sonar-java-plugin-5.14.0.18788.jar:na]
	at org.sonar.java.checks.verifier.JavaCheckVerifier.scanFile(JavaCheckVerifier.java:281) [java-checks-testkit-5.14.0.18788.jar:na]
	at org.sonar.java.checks.verifier.JavaCheckVerifier.scanFile(JavaCheckVerifier.java:268) [java-checks-testkit-5.14.0.18788.jar:na]
	at org.sonar.java.checks.verifier.JavaCheckVerifier.scanFile(JavaCheckVerifier.java:222) [java-checks-testkit-5.14.0.18788.jar:na]
	at org.sonar.java.checks.verifier.JavaCheckVerifier.verify(JavaCheckVerifier.java:106) [java-checks-testkit-5.14.0.18788.jar:na]
	at it.ding.sonar.check.WebDriverChecksTest.shouldAvoidHardCodedSleeps(WebDriverChecksTest.java:65) [test-classes/:na]
	at sun.reflect.NativeMethodAccessorImpl.invoke0(Native Method) ~[na:1.8.0_262]
	at sun.reflect.NativeMethodAccessorImpl.invoke(NativeMethodAccessorImpl.java:62) ~[na:1.8.0_262]
	at sun.reflect.DelegatingMethodAccessorImpl.invoke(DelegatingMethodAccessorImpl.java:43) ~[na:1.8.0_262]
	at java.lang.reflect.Method.invoke(Method.java:498) ~[na:1.8.0_262]
	at org.junit.runners.model.FrameworkMethod$1.runReflectiveCall(FrameworkMethod.java:47) [junit-4.11.jar:na]
	at org.junit.internal.runners.model.ReflectiveCallable.run(ReflectiveCallable.java:12) [junit-4.11.jar:na]
	at org.junit.runners.model.FrameworkMethod.invokeExplosively(FrameworkMethod.java:44) [junit-4.11.jar:na]
	at org.junit.internal.runners.statements.InvokeMethod.evaluate(InvokeMethod.java:17) [junit-4.11.jar:na]
	at org.junit.runners.ParentRunner.runLeaf(ParentRunner.java:271) [junit-4.11.jar:na]
	at org.junit.runners.BlockJUnit4ClassRunner.runChild(BlockJUnit4ClassRunner.java:70) [junit-4.11.jar:na]
	at org.junit.runners.BlockJUnit4ClassRunner.runChild(BlockJUnit4ClassRunner.java:50) [junit-4.11.jar:na]
	at org.junit.runners.ParentRunner$3.run(ParentRunner.java:238) [junit-4.11.jar:na]
	at org.junit.runners.ParentRunner$1.schedule(ParentRunner.java:63) [junit-4.11.jar:na]
	at org.junit.runners.ParentRunner.runChildren(ParentRunner.java:236) [junit-4.11.jar:na]
	at org.junit.runners.ParentRunner.access$000(ParentRunner.java:53) [junit-4.11.jar:na]
	at org.junit.runners.ParentRunner$2.evaluate(ParentRunner.java:229) [junit-4.11.jar:na]
	at org.junit.runners.ParentRunner.run(ParentRunner.java:309) [junit-4.11.jar:na]
	at org.apache.maven.surefire.junit4.JUnit4Provider.execute(JUnit4Provider.java:367) [surefire-junit4-2.19.1.jar:2.19.1]
	at org.apache.maven.surefire.junit4.JUnit4Provider.executeWithRerun(JUnit4Provider.java:274) [surefire-junit4-2.19.1.jar:2.19.1]
	at org.apache.maven.surefire.junit4.JUnit4Provider.executeTestSet(JUnit4Provider.java:238) [surefire-junit4-2.19.1.jar:2.19.1]
	at org.apache.maven.surefire.junit4.JUnit4Provider.invoke(JUnit4Provider.java:161) [surefire-junit4-2.19.1.jar:2.19.1]
	at org.apache.maven.surefire.booter.ForkedBooter.invokeProviderInSameClassLoader(ForkedBooter.java:290) [surefire-booter-2.19.1.jar:2.19.1]
	at org.apache.maven.surefire.booter.ForkedBooter.runSuitesInProcess(ForkedBooter.java:242) [surefire-booter-2.19.1.jar:2.19.1]
	at org.apache.maven.surefire.booter.ForkedBooter.main(ForkedBooter.java:121) [surefire-booter-2.19.1.jar:2.19.1]
08:25:34.224 [Report about progress of Java AST analyzer] INFO  o.s.analyzer.commons.ProgressReport - 1/1 source files have been analyzed
08:25:34.226 [main] DEBUG o.s.java.bytecode.ClassLoaderBuilder - ----- Classpath analyzed by Squid:
08:25:34.226 [main] DEBUG o.s.java.bytecode.ClassLoaderBuilder - /tmp/tmpc_sp6l80/sonar-webdriver-plugin/target/test-jars/hamcrest-core-1.3.jar
08:25:34.226 [main] DEBUG o.s.java.bytecode.ClassLoaderBuilder - /tmp/tmpc_sp6l80/sonar-webdriver-plugin/target/test-jars/selenium-remote-driver-3.0.1.jar
08:25:34.226 [main] DEBUG o.s.java.bytecode.ClassLoaderBuilder - /tmp/tmpc_sp6l80/sonar-webdriver-plugin/target/test-jars/selenium-api-3.14.0.jar
08:25:34.226 [main] DEBUG o.s.java.bytecode.ClassLoaderBuilder - /tmp/tmpc_sp6l80/sonar-webdriver-plugin/target/test-jars/selenium-support-3.11.0.jar
08:25:34.226 [main] DEBUG o.s.java.bytecode.ClassLoaderBuilder - /tmp/tmpc_sp6l80/sonar-webdriver-plugin/target/test-jars/junit-4.11.jar
08:25:34.226 [main] DEBUG o.s.java.bytecode.ClassLoaderBuilder - /tmp/tmpc_sp6l80/sonar-webdriver-plugin/target/test-classes
08:25:34.226 [main] DEBUG o.s.java.bytecode.ClassLoaderBuilder - -----
08:25:34.231 [main] INFO  o.s.analyzer.commons.ProgressReport - 1 source files to be analyzed
08:25:34.310 [main] ERROR org.sonar.java.model.VisitorsBridge - Unable to create symbol table for : 'src/test/file/LocatorIdValue.java'
java.lang.IllegalArgumentException: null
	at org.objectweb.asm.ClassVisitor.<init>(Unknown Source) ~[classes/:na]
	at org.objectweb.asm.ClassVisitor.<init>(Unknown Source) ~[classes/:na]
	at org.sonar.java.resolve.BytecodeVisitor.<init>(BytecodeVisitor.java:61) ~[sonar-java-plugin-5.14.0.18788.jar:na]
	at org.sonar.java.resolve.BytecodeCompleter.complete(BytecodeCompleter.java:88) ~[sonar-java-plugin-5.14.0.18788.jar:na]
	at org.sonar.java.resolve.JavaSymbol.complete(JavaSymbol.java:114) ~[sonar-java-plugin-5.14.0.18788.jar:na]
	at org.sonar.java.resolve.JavaType.getSymbol(JavaType.java:79) ~[sonar-java-plugin-5.14.0.18788.jar:na]
	at org.sonar.java.resolve.Resolve.findMethod(Resolve.java:492) ~[sonar-java-plugin-5.14.0.18788.jar:na]
	at org.sonar.java.resolve.Resolve.findMethod(Resolve.java:482) ~[sonar-java-plugin-5.14.0.18788.jar:na]
	at org.sonar.java.resolve.Resolve.findMethodByStrictThenLooseInvocation(Resolve.java:467) ~[sonar-java-plugin-5.14.0.18788.jar:na]
	at org.sonar.java.resolve.Resolve.findMethod(Resolve.java:452) ~[sonar-java-plugin-5.14.0.18788.jar:na]
	at org.sonar.java.resolve.Resolve.findMethod(Resolve.java:437) ~[sonar-java-plugin-5.14.0.18788.jar:na]
	at org.sonar.java.resolve.TypeAndReferenceSolver.resolveMethodSymbol(TypeAndReferenceSolver.java:349) ~[sonar-java-plugin-5.14.0.18788.jar:na]
	at org.sonar.java.resolve.TypeAndReferenceSolver.visitMethodInvocation(TypeAndReferenceSolver.java:238) ~[sonar-java-plugin-5.14.0.18788.jar:na]
	at org.sonar.java.model.expression.MethodInvocationTreeImpl.accept(MethodInvocationTreeImpl.java:97) ~[sonar-java-plugin-5.14.0.18788.jar:na]
	at org.sonar.java.resolve.TypeAndReferenceSolver.resolveAs(TypeAndReferenceSolver.java:418) ~[sonar-java-plugin-5.14.0.18788.jar:na]
	at org.sonar.java.resolve.TypeAndReferenceSolver.resolveAs(TypeAndReferenceSolver.java:373) ~[sonar-java-plugin-5.14.0.18788.jar:na]
	at org.sonar.java.resolve.TypeAndReferenceSolver.resolveAs(TypeAndReferenceSolver.java:366) ~[sonar-java-plugin-5.14.0.18788.jar:na]
	at org.sonar.java.resolve.TypeAndReferenceSolver.visitVariable(TypeAndReferenceSolver.java:926) ~[sonar-java-plugin-5.14.0.18788.jar:na]
	at org.sonar.java.model.declaration.VariableTreeImpl.accept(VariableTreeImpl.java:186) ~[sonar-java-plugin-5.14.0.18788.jar:na]
	at org.sonar.plugins.java.api.tree.BaseTreeVisitor.scan(BaseTreeVisitor.java:40) ~[sonar-java-plugin-5.14.0.18788.jar:na]
	at org.sonar.plugins.java.api.tree.BaseTreeVisitor.scan(BaseTreeVisitor.java:34) ~[sonar-java-plugin-5.14.0.18788.jar:na]
	at org.sonar.java.resolve.TypeAndReferenceSolver.visitClass(TypeAndReferenceSolver.java:146) ~[sonar-java-plugin-5.14.0.18788.jar:na]
	at org.sonar.java.model.declaration.ClassTreeImpl.accept(ClassTreeImpl.java:203) ~[sonar-java-plugin-5.14.0.18788.jar:na]
	at org.sonar.plugins.java.api.tree.BaseTreeVisitor.scan(BaseTreeVisitor.java:40) ~[sonar-java-plugin-5.14.0.18788.jar:na]
	at org.sonar.plugins.java.api.tree.BaseTreeVisitor.scan(BaseTreeVisitor.java:34) ~[sonar-java-plugin-5.14.0.18788.jar:na]
	at org.sonar.plugins.java.api.tree.BaseTreeVisitor.visitCompilationUnit(BaseTreeVisitor.java:52) ~[sonar-java-plugin-5.14.0.18788.jar:na]
	at org.sonar.java.resolve.SemanticModel.createFor(SemanticModel.java:65) ~[sonar-java-plugin-5.14.0.18788.jar:na]
	at org.sonar.java.model.VisitorsBridge.visitFile(VisitorsBridge.java:122) ~[sonar-java-plugin-5.14.0.18788.jar:na]
	at org.sonar.java.ast.JavaAstScanner.simpleScan(JavaAstScanner.java:90) [sonar-java-plugin-5.14.0.18788.jar:na]
	at org.sonar.java.ast.JavaAstScanner.scan(JavaAstScanner.java:67) [sonar-java-plugin-5.14.0.18788.jar:na]
	at org.sonar.java.ast.JavaAstScanner.scanSingleFileForTests(JavaAstScanner.java:139) [sonar-java-plugin-5.14.0.18788.jar:na]
	at org.sonar.java.checks.verifier.JavaCheckVerifier.scanFile(JavaCheckVerifier.java:281) [java-checks-testkit-5.14.0.18788.jar:na]
	at org.sonar.java.checks.verifier.JavaCheckVerifier.scanFile(JavaCheckVerifier.java:268) [java-checks-testkit-5.14.0.18788.jar:na]
	at org.sonar.java.checks.verifier.JavaCheckVerifier.scanFile(JavaCheckVerifier.java:222) [java-checks-testkit-5.14.0.18788.jar:na]
	at org.sonar.java.checks.verifier.JavaCheckVerifier.verify(JavaCheckVerifier.java:106) [java-checks-testkit-5.14.0.18788.jar:na]
	at it.ding.sonar.check.WebDriverChecksTest.shouldAvoidInvalidIdLocator(WebDriverChecksTest.java:30) [test-classes/:na]
	at sun.reflect.NativeMethodAccessorImpl.invoke0(Native Method) ~[na:1.8.0_262]
	at sun.reflect.NativeMethodAccessorImpl.invoke(NativeMethodAccessorImpl.java:62) ~[na:1.8.0_262]
	at sun.reflect.DelegatingMethodAccessorImpl.invoke(DelegatingMethodAccessorImpl.java:43) ~[na:1.8.0_262]
	at java.lang.reflect.Method.invoke(Method.java:498) ~[na:1.8.0_262]
	at org.junit.runners.model.FrameworkMethod$1.runReflectiveCall(FrameworkMethod.java:47) [junit-4.11.jar:na]
	at org.junit.internal.runners.model.ReflectiveCallable.run(ReflectiveCallable.java:12) [junit-4.11.jar:na]
	at org.junit.runners.model.FrameworkMethod.invokeExplosively(FrameworkMethod.java:44) [junit-4.11.jar:na]
	at org.junit.internal.runners.statements.InvokeMethod.evaluate(InvokeMethod.java:17) [junit-4.11.jar:na]
	at org.junit.runners.ParentRunner.runLeaf(ParentRunner.java:271) [junit-4.11.jar:na]
	at org.junit.runners.BlockJUnit4ClassRunner.runChild(BlockJUnit4ClassRunner.java:70) [junit-4.11.jar:na]
	at org.junit.runners.BlockJUnit4ClassRunner.runChild(BlockJUnit4ClassRunner.java:50) [junit-4.11.jar:na]
	at org.junit.runners.ParentRunner$3.run(ParentRunner.java:238) [junit-4.11.jar:na]
	at org.junit.runners.ParentRunner$1.schedule(ParentRunner.java:63) [junit-4.11.jar:na]
	at org.junit.runners.ParentRunner.runChildren(ParentRunner.java:236) [junit-4.11.jar:na]
	at org.junit.runners.ParentRunner.access$000(ParentRunner.java:53) [junit-4.11.jar:na]
	at org.junit.runners.ParentRunner$2.evaluate(ParentRunner.java:229) [junit-4.11.jar:na]
	at org.junit.runners.ParentRunner.run(ParentRunner.java:309) [junit-4.11.jar:na]
	at org.apache.maven.surefire.junit4.JUnit4Provider.execute(JUnit4Provider.java:367) [surefire-junit4-2.19.1.jar:2.19.1]
	at org.apache.maven.surefire.junit4.JUnit4Provider.executeWithRerun(JUnit4Provider.java:274) [surefire-junit4-2.19.1.jar:2.19.1]
	at org.apache.maven.surefire.junit4.JUnit4Provider.executeTestSet(JUnit4Provider.java:238) [surefire-junit4-2.19.1.jar:2.19.1]
	at org.apache.maven.surefire.junit4.JUnit4Provider.invoke(JUnit4Provider.java:161) [surefire-junit4-2.19.1.jar:2.19.1]
	at org.apache.maven.surefire.booter.ForkedBooter.invokeProviderInSameClassLoader(ForkedBooter.java:290) [surefire-booter-2.19.1.jar:2.19.1]
	at org.apache.maven.surefire.booter.ForkedBooter.runSuitesInProcess(ForkedBooter.java:242) [surefire-booter-2.19.1.jar:2.19.1]
	at org.apache.maven.surefire.booter.ForkedBooter.main(ForkedBooter.java:121) [surefire-booter-2.19.1.jar:2.19.1]
08:25:34.311 [Report about progress of Java AST analyzer] INFO  o.s.analyzer.commons.ProgressReport - 1/1 source files have been analyzed
08:25:34.314 [main] DEBUG o.s.java.bytecode.ClassLoaderBuilder - ----- Classpath analyzed by Squid:
08:25:34.314 [main] DEBUG o.s.java.bytecode.ClassLoaderBuilder - /tmp/tmpc_sp6l80/sonar-webdriver-plugin/target/test-jars/hamcrest-core-1.3.jar
08:25:34.314 [main] DEBUG o.s.java.bytecode.ClassLoaderBuilder - /tmp/tmpc_sp6l80/sonar-webdriver-plugin/target/test-jars/selenium-remote-driver-3.0.1.jar
08:25:34.314 [main] DEBUG o.s.java.bytecode.ClassLoaderBuilder - /tmp/tmpc_sp6l80/sonar-webdriver-plugin/target/test-jars/selenium-api-3.14.0.jar
08:25:34.314 [main] DEBUG o.s.java.bytecode.ClassLoaderBuilder - /tmp/tmpc_sp6l80/sonar-webdriver-plugin/target/test-jars/selenium-support-3.11.0.jar
08:25:34.314 [main] DEBUG o.s.java.bytecode.ClassLoaderBuilder - /tmp/tmpc_sp6l80/sonar-webdriver-plugin/target/test-jars/junit-4.11.jar
08:25:34.314 [main] DEBUG o.s.java.bytecode.ClassLoaderBuilder - /tmp/tmpc_sp6l80/sonar-webdriver-plugin/target/test-classes
08:25:34.314 [main] DEBUG o.s.java.bytecode.ClassLoaderBuilder - -----
08:25:34.320 [main] INFO  o.s.analyzer.commons.ProgressReport - 1 source files to be analyzed
08:25:34.388 [main] ERROR org.sonar.java.model.VisitorsBridge - Unable to create symbol table for : 'src/test/file/ClassNameValue.java'
java.lang.IllegalArgumentException: null
	at org.objectweb.asm.ClassVisitor.<init>(Unknown Source) ~[classes/:na]
	at org.objectweb.asm.ClassVisitor.<init>(Unknown Source) ~[classes/:na]
	at org.sonar.java.resolve.BytecodeVisitor.<init>(BytecodeVisitor.java:61) ~[sonar-java-plugin-5.14.0.18788.jar:na]
	at org.sonar.java.resolve.BytecodeCompleter.complete(BytecodeCompleter.java:88) ~[sonar-java-plugin-5.14.0.18788.jar:na]
	at org.sonar.java.resolve.JavaSymbol.complete(JavaSymbol.java:114) ~[sonar-java-plugin-5.14.0.18788.jar:na]
	at org.sonar.java.resolve.JavaType.getSymbol(JavaType.java:79) ~[sonar-java-plugin-5.14.0.18788.jar:na]
	at org.sonar.java.resolve.Resolve.findMethod(Resolve.java:492) ~[sonar-java-plugin-5.14.0.18788.jar:na]
	at org.sonar.java.resolve.Resolve.findMethod(Resolve.java:482) ~[sonar-java-plugin-5.14.0.18788.jar:na]
	at org.sonar.java.resolve.Resolve.findMethodByStrictThenLooseInvocation(Resolve.java:467) ~[sonar-java-plugin-5.14.0.18788.jar:na]
	at org.sonar.java.resolve.Resolve.findMethod(Resolve.java:452) ~[sonar-java-plugin-5.14.0.18788.jar:na]
	at org.sonar.java.resolve.Resolve.findMethod(Resolve.java:437) ~[sonar-java-plugin-5.14.0.18788.jar:na]
	at org.sonar.java.resolve.TypeAndReferenceSolver.resolveMethodSymbol(TypeAndReferenceSolver.java:349) ~[sonar-java-plugin-5.14.0.18788.jar:na]
	at org.sonar.java.resolve.TypeAndReferenceSolver.visitMethodInvocation(TypeAndReferenceSolver.java:238) ~[sonar-java-plugin-5.14.0.18788.jar:na]
	at org.sonar.java.model.expression.MethodInvocationTreeImpl.accept(MethodInvocationTreeImpl.java:97) ~[sonar-java-plugin-5.14.0.18788.jar:na]
	at org.sonar.java.resolve.TypeAndReferenceSolver.resolveAs(TypeAndReferenceSolver.java:418) ~[sonar-java-plugin-5.14.0.18788.jar:na]
	at org.sonar.java.resolve.TypeAndReferenceSolver.resolveAs(TypeAndReferenceSolver.java:373) ~[sonar-java-plugin-5.14.0.18788.jar:na]
	at org.sonar.java.resolve.TypeAndReferenceSolver.resolveAs(TypeAndReferenceSolver.java:366) ~[sonar-java-plugin-5.14.0.18788.jar:na]
	at org.sonar.java.resolve.TypeAndReferenceSolver.visitVariable(TypeAndReferenceSolver.java:926) ~[sonar-java-plugin-5.14.0.18788.jar:na]
	at org.sonar.java.model.declaration.VariableTreeImpl.accept(VariableTreeImpl.java:186) ~[sonar-java-plugin-5.14.0.18788.jar:na]
	at org.sonar.plugins.java.api.tree.BaseTreeVisitor.scan(BaseTreeVisitor.java:40) ~[sonar-java-plugin-5.14.0.18788.jar:na]
	at org.sonar.plugins.java.api.tree.BaseTreeVisitor.scan(BaseTreeVisitor.java:34) ~[sonar-java-plugin-5.14.0.18788.jar:na]
	at org.sonar.java.resolve.TypeAndReferenceSolver.visitClass(TypeAndReferenceSolver.java:146) ~[sonar-java-plugin-5.14.0.18788.jar:na]
	at org.sonar.java.model.declaration.ClassTreeImpl.accept(ClassTreeImpl.java:203) ~[sonar-java-plugin-5.14.0.18788.jar:na]
	at org.sonar.plugins.java.api.tree.BaseTreeVisitor.scan(BaseTreeVisitor.java:40) ~[sonar-java-plugin-5.14.0.18788.jar:na]
	at org.sonar.plugins.java.api.tree.BaseTreeVisitor.scan(BaseTreeVisitor.java:34) ~[sonar-java-plugin-5.14.0.18788.jar:na]
	at org.sonar.plugins.java.api.tree.BaseTreeVisitor.visitCompilationUnit(BaseTreeVisitor.java:52) ~[sonar-java-plugin-5.14.0.18788.jar:na]
	at org.sonar.java.resolve.SemanticModel.createFor(SemanticModel.java:65) ~[sonar-java-plugin-5.14.0.18788.jar:na]
	at org.sonar.java.model.VisitorsBridge.visitFile(VisitorsBridge.java:122) ~[sonar-java-plugin-5.14.0.18788.jar:na]
	at org.sonar.java.ast.JavaAstScanner.simpleScan(JavaAstScanner.java:90) [sonar-java-plugin-5.14.0.18788.jar:na]
	at org.sonar.java.ast.JavaAstScanner.scan(JavaAstScanner.java:67) [sonar-java-plugin-5.14.0.18788.jar:na]
	at org.sonar.java.ast.JavaAstScanner.scanSingleFileForTests(JavaAstScanner.java:139) [sonar-java-plugin-5.14.0.18788.jar:na]
	at org.sonar.java.checks.verifier.JavaCheckVerifier.scanFile(JavaCheckVerifier.java:281) [java-checks-testkit-5.14.0.18788.jar:na]
	at org.sonar.java.checks.verifier.JavaCheckVerifier.scanFile(JavaCheckVerifier.java:268) [java-checks-testkit-5.14.0.18788.jar:na]
	at org.sonar.java.checks.verifier.JavaCheckVerifier.scanFile(JavaCheckVerifier.java:222) [java-checks-testkit-5.14.0.18788.jar:na]
	at org.sonar.java.checks.verifier.JavaCheckVerifier.verify(JavaCheckVerifier.java:106) [java-checks-testkit-5.14.0.18788.jar:na]
	at it.ding.sonar.check.WebDriverChecksTest.shouldAvoidCompoundClassNamesLocator(WebDriverChecksTest.java:35) [test-classes/:na]
	at sun.reflect.NativeMethodAccessorImpl.invoke0(Native Method) ~[na:1.8.0_262]
	at sun.reflect.NativeMethodAccessorImpl.invoke(NativeMethodAccessorImpl.java:62) ~[na:1.8.0_262]
	at sun.reflect.DelegatingMethodAccessorImpl.invoke(DelegatingMethodAccessorImpl.java:43) ~[na:1.8.0_262]
	at java.lang.reflect.Method.invoke(Method.java:498) ~[na:1.8.0_262]
	at org.junit.runners.model.FrameworkMethod$1.runReflectiveCall(FrameworkMethod.java:47) [junit-4.11.jar:na]
	at org.junit.internal.runners.model.ReflectiveCallable.run(ReflectiveCallable.java:12) [junit-4.11.jar:na]
	at org.junit.runners.model.FrameworkMethod.invokeExplosively(FrameworkMethod.java:44) [junit-4.11.jar:na]
	at org.junit.internal.runners.statements.InvokeMethod.evaluate(InvokeMethod.java:17) [junit-4.11.jar:na]
	at org.junit.runners.ParentRunner.runLeaf(ParentRunner.java:271) [junit-4.11.jar:na]
	at org.junit.runners.BlockJUnit4ClassRunner.runChild(BlockJUnit4ClassRunner.java:70) [junit-4.11.jar:na]
	at org.junit.runners.BlockJUnit4ClassRunner.runChild(BlockJUnit4ClassRunner.java:50) [junit-4.11.jar:na]
	at org.junit.runners.ParentRunner$3.run(ParentRunner.java:238) [junit-4.11.jar:na]
	at org.junit.runners.ParentRunner$1.schedule(ParentRunner.java:63) [junit-4.11.jar:na]
	at org.junit.runners.ParentRunner.runChildren(ParentRunner.java:236) [junit-4.11.jar:na]
	at org.junit.runners.ParentRunner.access$000(ParentRunner.java:53) [junit-4.11.jar:na]
	at org.junit.runners.ParentRunner$2.evaluate(ParentRunner.java:229) [junit-4.11.jar:na]
	at org.junit.runners.ParentRunner.run(ParentRunner.java:309) [junit-4.11.jar:na]
	at org.apache.maven.surefire.junit4.JUnit4Provider.execute(JUnit4Provider.java:367) [surefire-junit4-2.19.1.jar:2.19.1]
	at org.apache.maven.surefire.junit4.JUnit4Provider.executeWithRerun(JUnit4Provider.java:274) [surefire-junit4-2.19.1.jar:2.19.1]
	at org.apache.maven.surefire.junit4.JUnit4Provider.executeTestSet(JUnit4Provider.java:238) [surefire-junit4-2.19.1.jar:2.19.1]
	at org.apache.maven.surefire.junit4.JUnit4Provider.invoke(JUnit4Provider.java:161) [surefire-junit4-2.19.1.jar:2.19.1]
	at org.apache.maven.surefire.booter.ForkedBooter.invokeProviderInSameClassLoader(ForkedBooter.java:290) [surefire-booter-2.19.1.jar:2.19.1]
	at org.apache.maven.surefire.booter.ForkedBooter.runSuitesInProcess(ForkedBooter.java:242) [surefire-booter-2.19.1.jar:2.19.1]
	at org.apache.maven.surefire.booter.ForkedBooter.main(ForkedBooter.java:121) [surefire-booter-2.19.1.jar:2.19.1]
08:25:34.393 [Report about progress of Java AST analyzer] INFO  o.s.analyzer.commons.ProgressReport - 1/1 source files have been analyzed
08:25:34.394 [main] DEBUG o.s.java.bytecode.ClassLoaderBuilder - ----- Classpath analyzed by Squid:
08:25:34.394 [main] DEBUG o.s.java.bytecode.ClassLoaderBuilder - /tmp/tmpc_sp6l80/sonar-webdriver-plugin/target/test-jars/hamcrest-core-1.3.jar
08:25:34.395 [main] DEBUG o.s.java.bytecode.ClassLoaderBuilder - /tmp/tmpc_sp6l80/sonar-webdriver-plugin/target/test-jars/selenium-remote-driver-3.0.1.jar
08:25:34.395 [main] DEBUG o.s.java.bytecode.ClassLoaderBuilder - /tmp/tmpc_sp6l80/sonar-webdriver-plugin/target/test-jars/selenium-api-3.14.0.jar
08:25:34.395 [main] DEBUG o.s.java.bytecode.ClassLoaderBuilder - /tmp/tmpc_sp6l80/sonar-webdriver-plugin/target/test-jars/selenium-support-3.11.0.jar
08:25:34.395 [main] DEBUG o.s.java.bytecode.ClassLoaderBuilder - /tmp/tmpc_sp6l80/sonar-webdriver-plugin/target/test-jars/junit-4.11.jar
08:25:34.395 [main] DEBUG o.s.java.bytecode.ClassLoaderBuilder - /tmp/tmpc_sp6l80/sonar-webdriver-plugin/target/test-classes
08:25:34.395 [main] DEBUG o.s.java.bytecode.ClassLoaderBuilder - -----
08:25:34.401 [main] INFO  o.s.analyzer.commons.ProgressReport - 1 source files to be analyzed
08:25:34.420 [main] ERROR org.sonar.java.model.VisitorsBridge - Unable to create symbol table for : 'src/test/file/LocatorCssValue.java'
java.lang.IllegalArgumentException: null
	at org.objectweb.asm.ClassVisitor.<init>(Unknown Source) ~[classes/:na]
	at org.objectweb.asm.ClassVisitor.<init>(Unknown Source) ~[classes/:na]
	at org.sonar.java.resolve.BytecodeVisitor.<init>(BytecodeVisitor.java:61) ~[sonar-java-plugin-5.14.0.18788.jar:na]
	at org.sonar.java.resolve.BytecodeCompleter.complete(BytecodeCompleter.java:88) ~[sonar-java-plugin-5.14.0.18788.jar:na]
	at org.sonar.java.resolve.JavaSymbol.complete(JavaSymbol.java:114) ~[sonar-java-plugin-5.14.0.18788.jar:na]
	at org.sonar.java.resolve.JavaType.getSymbol(JavaType.java:79) ~[sonar-java-plugin-5.14.0.18788.jar:na]
	at org.sonar.java.resolve.Resolve.findMethod(Resolve.java:492) ~[sonar-java-plugin-5.14.0.18788.jar:na]
	at org.sonar.java.resolve.Resolve.findMethod(Resolve.java:482) ~[sonar-java-plugin-5.14.0.18788.jar:na]
	at org.sonar.java.resolve.Resolve.findMethodByStrictThenLooseInvocation(Resolve.java:467) ~[sonar-java-plugin-5.14.0.18788.jar:na]
	at org.sonar.java.resolve.Resolve.findMethod(Resolve.java:452) ~[sonar-java-plugin-5.14.0.18788.jar:na]
	at org.sonar.java.resolve.Resolve.findMethod(Resolve.java:437) ~[sonar-java-plugin-5.14.0.18788.jar:na]
	at org.sonar.java.resolve.TypeAndReferenceSolver.resolveMethodSymbol(TypeAndReferenceSolver.java:349) ~[sonar-java-plugin-5.14.0.18788.jar:na]
	at org.sonar.java.resolve.TypeAndReferenceSolver.visitMethodInvocation(TypeAndReferenceSolver.java:238) ~[sonar-java-plugin-5.14.0.18788.jar:na]
	at org.sonar.java.model.expression.MethodInvocationTreeImpl.accept(MethodInvocationTreeImpl.java:97) ~[sonar-java-plugin-5.14.0.18788.jar:na]
	at org.sonar.java.resolve.TypeAndReferenceSolver.resolveAs(TypeAndReferenceSolver.java:418) ~[sonar-java-plugin-5.14.0.18788.jar:na]
	at org.sonar.java.resolve.TypeAndReferenceSolver.resolveAs(TypeAndReferenceSolver.java:373) ~[sonar-java-plugin-5.14.0.18788.jar:na]
	at org.sonar.java.resolve.TypeAndReferenceSolver.resolveAs(TypeAndReferenceSolver.java:366) ~[sonar-java-plugin-5.14.0.18788.jar:na]
	at org.sonar.java.resolve.TypeAndReferenceSolver.visitVariable(TypeAndReferenceSolver.java:926) ~[sonar-java-plugin-5.14.0.18788.jar:na]
	at org.sonar.java.model.declaration.VariableTreeImpl.accept(VariableTreeImpl.java:186) ~[sonar-java-plugin-5.14.0.18788.jar:na]
	at org.sonar.plugins.java.api.tree.BaseTreeVisitor.scan(BaseTreeVisitor.java:40) ~[sonar-java-plugin-5.14.0.18788.jar:na]
	at org.sonar.plugins.java.api.tree.BaseTreeVisitor.scan(BaseTreeVisitor.java:34) ~[sonar-java-plugin-5.14.0.18788.jar:na]
	at org.sonar.java.resolve.TypeAndReferenceSolver.visitClass(TypeAndReferenceSolver.java:146) ~[sonar-java-plugin-5.14.0.18788.jar:na]
	at org.sonar.java.model.declaration.ClassTreeImpl.accept(ClassTreeImpl.java:203) ~[sonar-java-plugin-5.14.0.18788.jar:na]
	at org.sonar.plugins.java.api.tree.BaseTreeVisitor.scan(BaseTreeVisitor.java:40) ~[sonar-java-plugin-5.14.0.18788.jar:na]
	at org.sonar.plugins.java.api.tree.BaseTreeVisitor.scan(BaseTreeVisitor.java:34) ~[sonar-java-plugin-5.14.0.18788.jar:na]
	at org.sonar.plugins.java.api.tree.BaseTreeVisitor.visitCompilationUnit(BaseTreeVisitor.java:52) ~[sonar-java-plugin-5.14.0.18788.jar:na]
	at org.sonar.java.resolve.SemanticModel.createFor(SemanticModel.java:65) ~[sonar-java-plugin-5.14.0.18788.jar:na]
	at org.sonar.java.model.VisitorsBridge.visitFile(VisitorsBridge.java:122) ~[sonar-java-plugin-5.14.0.18788.jar:na]
	at org.sonar.java.ast.JavaAstScanner.simpleScan(JavaAstScanner.java:90) [sonar-java-plugin-5.14.0.18788.jar:na]
	at org.sonar.java.ast.JavaAstScanner.scan(JavaAstScanner.java:67) [sonar-java-plugin-5.14.0.18788.jar:na]
	at org.sonar.java.ast.JavaAstScanner.scanSingleFileForTests(JavaAstScanner.java:139) [sonar-java-plugin-5.14.0.18788.jar:na]
	at org.sonar.java.checks.verifier.JavaCheckVerifier.scanFile(JavaCheckVerifier.java:281) [java-checks-testkit-5.14.0.18788.jar:na]
	at org.sonar.java.checks.verifier.JavaCheckVerifier.scanFile(JavaCheckVerifier.java:268) [java-checks-testkit-5.14.0.18788.jar:na]
	at org.sonar.java.checks.verifier.JavaCheckVerifier.scanFile(JavaCheckVerifier.java:222) [java-checks-testkit-5.14.0.18788.jar:na]
	at org.sonar.java.checks.verifier.JavaCheckVerifier.verify(JavaCheckVerifier.java:106) [java-checks-testkit-5.14.0.18788.jar:na]
	at it.ding.sonar.check.WebDriverChecksTest.shouldAvoidCssLocatorTiedToPageLayout(WebDriverChecksTest.java:45) [test-classes/:na]
	at sun.reflect.NativeMethodAccessorImpl.invoke0(Native Method) ~[na:1.8.0_262]
	at sun.reflect.NativeMethodAccessorImpl.invoke(NativeMethodAccessorImpl.java:62) ~[na:1.8.0_262]
	at sun.reflect.DelegatingMethodAccessorImpl.invoke(DelegatingMethodAccessorImpl.java:43) ~[na:1.8.0_262]
	at java.lang.reflect.Method.invoke(Method.java:498) ~[na:1.8.0_262]
	at org.junit.runners.model.FrameworkMethod$1.runReflectiveCall(FrameworkMethod.java:47) [junit-4.11.jar:na]
	at org.junit.internal.runners.model.ReflectiveCallable.run(ReflectiveCallable.java:12) [junit-4.11.jar:na]
	at org.junit.runners.model.FrameworkMethod.invokeExplosively(FrameworkMethod.java:44) [junit-4.11.jar:na]
	at org.junit.internal.runners.statements.InvokeMethod.evaluate(InvokeMethod.java:17) [junit-4.11.jar:na]
	at org.junit.runners.ParentRunner.runLeaf(ParentRunner.java:271) [junit-4.11.jar:na]
	at org.junit.runners.BlockJUnit4ClassRunner.runChild(BlockJUnit4ClassRunner.java:70) [junit-4.11.jar:na]
	at org.junit.runners.BlockJUnit4ClassRunner.runChild(BlockJUnit4ClassRunner.java:50) [junit-4.11.jar:na]
	at org.junit.runners.ParentRunner$3.run(ParentRunner.java:238) [junit-4.11.jar:na]
	at org.junit.runners.ParentRunner$1.schedule(ParentRunner.java:63) [junit-4.11.jar:na]
	at org.junit.runners.ParentRunner.runChildren(ParentRunner.java:236) [junit-4.11.jar:na]
	at org.junit.runners.ParentRunner.access$000(ParentRunner.java:53) [junit-4.11.jar:na]
	at org.junit.runners.ParentRunner$2.evaluate(ParentRunner.java:229) [junit-4.11.jar:na]
	at org.junit.runners.ParentRunner.run(ParentRunner.java:309) [junit-4.11.jar:na]
	at org.apache.maven.surefire.junit4.JUnit4Provider.execute(JUnit4Provider.java:367) [surefire-junit4-2.19.1.jar:2.19.1]
	at org.apache.maven.surefire.junit4.JUnit4Provider.executeWithRerun(JUnit4Provider.java:274) [surefire-junit4-2.19.1.jar:2.19.1]
	at org.apache.maven.surefire.junit4.JUnit4Provider.executeTestSet(JUnit4Provider.java:238) [surefire-junit4-2.19.1.jar:2.19.1]
	at org.apache.maven.surefire.junit4.JUnit4Provider.invoke(JUnit4Provider.java:161) [surefire-junit4-2.19.1.jar:2.19.1]
	at org.apache.maven.surefire.booter.ForkedBooter.invokeProviderInSameClassLoader(ForkedBooter.java:290) [surefire-booter-2.19.1.jar:2.19.1]
	at org.apache.maven.surefire.booter.ForkedBooter.runSuitesInProcess(ForkedBooter.java:242) [surefire-booter-2.19.1.jar:2.19.1]
	at org.apache.maven.surefire.booter.ForkedBooter.main(ForkedBooter.java:121) [surefire-booter-2.19.1.jar:2.19.1]
08:25:34.420 [Report about progress of Java AST analyzer] INFO  o.s.analyzer.commons.ProgressReport - 1/1 source files have been analyzed
08:25:34.423 [main] DEBUG o.s.java.bytecode.ClassLoaderBuilder - ----- Classpath analyzed by Squid:
08:25:34.424 [main] DEBUG o.s.java.bytecode.ClassLoaderBuilder - /tmp/tmpc_sp6l80/sonar-webdriver-plugin/target/test-jars/hamcrest-core-1.3.jar
08:25:34.424 [main] DEBUG o.s.java.bytecode.ClassLoaderBuilder - /tmp/tmpc_sp6l80/sonar-webdriver-plugin/target/test-jars/selenium-remote-driver-3.0.1.jar
08:25:34.424 [main] DEBUG o.s.java.bytecode.ClassLoaderBuilder - /tmp/tmpc_sp6l80/sonar-webdriver-plugin/target/test-jars/selenium-api-3.14.0.jar
08:25:34.424 [main] DEBUG o.s.java.bytecode.ClassLoaderBuilder - /tmp/tmpc_sp6l80/sonar-webdriver-plugin/target/test-jars/selenium-support-3.11.0.jar
08:25:34.424 [main] DEBUG o.s.java.bytecode.ClassLoaderBuilder - /tmp/tmpc_sp6l80/sonar-webdriver-plugin/target/test-jars/junit-4.11.jar
08:25:34.424 [main] DEBUG o.s.java.bytecode.ClassLoaderBuilder - /tmp/tmpc_sp6l80/sonar-webdriver-plugin/target/test-classes
08:25:34.424 [main] DEBUG o.s.java.bytecode.ClassLoaderBuilder - -----
08:25:34.428 [main] INFO  o.s.analyzer.commons.ProgressReport - 1 source files to be analyzed
08:25:34.438 [main] ERROR org.sonar.java.model.VisitorsBridge - Unable to create symbol table for : 'src/test/file/AvoidWebDriverCommandWithoutTestAnnotation.java'
java.lang.IllegalArgumentException: null
	at org.objectweb.asm.ClassVisitor.<init>(Unknown Source) ~[classes/:na]
	at org.objectweb.asm.ClassVisitor.<init>(Unknown Source) ~[classes/:na]
	at org.sonar.java.resolve.BytecodeVisitor.<init>(BytecodeVisitor.java:61) ~[sonar-java-plugin-5.14.0.18788.jar:na]
	at org.sonar.java.resolve.BytecodeCompleter.complete(BytecodeCompleter.java:88) ~[sonar-java-plugin-5.14.0.18788.jar:na]
	at org.sonar.java.resolve.JavaSymbol.complete(JavaSymbol.java:114) ~[sonar-java-plugin-5.14.0.18788.jar:na]
	at org.sonar.java.resolve.JavaSymbol$TypeJavaSymbol.members(JavaSymbol.java:379) ~[sonar-java-plugin-5.14.0.18788.jar:na]
	at org.sonar.java.resolve.Resolve.findMemberType(Resolve.java:214) ~[sonar-java-plugin-5.14.0.18788.jar:na]
	at org.sonar.java.resolve.Resolve.findMemberType(Resolve.java:222) ~[sonar-java-plugin-5.14.0.18788.jar:na]
	at org.sonar.java.resolve.Resolve.findType(Resolve.java:255) ~[sonar-java-plugin-5.14.0.18788.jar:na]
	at org.sonar.java.resolve.Resolve.findIdent(Resolve.java:315) ~[sonar-java-plugin-5.14.0.18788.jar:na]
	at org.sonar.java.resolve.TypeAndReferenceSolver.resolveAs(TypeAndReferenceSolver.java:399) ~[sonar-java-plugin-5.14.0.18788.jar:na]
	at org.sonar.java.resolve.TypeAndReferenceSolver.resolveAs(TypeAndReferenceSolver.java:373) ~[sonar-java-plugin-5.14.0.18788.jar:na]
	at org.sonar.java.resolve.SecondPass.resolveType(SecondPass.java:251) ~[sonar-java-plugin-5.14.0.18788.jar:na]
	at org.sonar.java.resolve.SecondPass.complete(SecondPass.java:240) ~[sonar-java-plugin-5.14.0.18788.jar:na]
	at org.sonar.java.resolve.SecondPass.complete(SecondPass.java:67) ~[sonar-java-plugin-5.14.0.18788.jar:na]
	at org.sonar.java.resolve.JavaSymbol.complete(JavaSymbol.java:114) ~[sonar-java-plugin-5.14.0.18788.jar:na]
	at org.sonar.java.resolve.FirstPass.completeSymbols(FirstPass.java:101) ~[sonar-java-plugin-5.14.0.18788.jar:na]
	at org.sonar.java.resolve.FirstPass.visitCompilationUnit(FirstPass.java:132) ~[sonar-java-plugin-5.14.0.18788.jar:na]
	at org.sonar.java.resolve.SemanticModel.createFor(SemanticModel.java:64) ~[sonar-java-plugin-5.14.0.18788.jar:na]
	at org.sonar.java.model.VisitorsBridge.visitFile(VisitorsBridge.java:122) ~[sonar-java-plugin-5.14.0.18788.jar:na]
	at org.sonar.java.ast.JavaAstScanner.simpleScan(JavaAstScanner.java:90) [sonar-java-plugin-5.14.0.18788.jar:na]
	at org.sonar.java.ast.JavaAstScanner.scan(JavaAstScanner.java:67) [sonar-java-plugin-5.14.0.18788.jar:na]
	at org.sonar.java.ast.JavaAstScanner.scanSingleFileForTests(JavaAstScanner.java:139) [sonar-java-plugin-5.14.0.18788.jar:na]
	at org.sonar.java.checks.verifier.JavaCheckVerifier.scanFile(JavaCheckVerifier.java:281) [java-checks-testkit-5.14.0.18788.jar:na]
	at org.sonar.java.checks.verifier.JavaCheckVerifier.scanFile(JavaCheckVerifier.java:268) [java-checks-testkit-5.14.0.18788.jar:na]
	at org.sonar.java.checks.verifier.JavaCheckVerifier.scanFile(JavaCheckVerifier.java:222) [java-checks-testkit-5.14.0.18788.jar:na]
	at org.sonar.java.checks.verifier.JavaCheckVerifier.verifyNoIssue(JavaCheckVerifier.java:159) [java-checks-testkit-5.14.0.18788.jar:na]
	at it.ding.sonar.check.WebDriverChecksTest.shouldAvoidWebDriverCommandsInTest(WebDriverChecksTest.java:19) [test-classes/:na]
	at sun.reflect.NativeMethodAccessorImpl.invoke0(Native Method) ~[na:1.8.0_262]
	at sun.reflect.NativeMethodAccessorImpl.invoke(NativeMethodAccessorImpl.java:62) ~[na:1.8.0_262]
	at sun.reflect.DelegatingMethodAccessorImpl.invoke(DelegatingMethodAccessorImpl.java:43) ~[na:1.8.0_262]
	at java.lang.reflect.Method.invoke(Method.java:498) ~[na:1.8.0_262]
	at org.junit.runners.model.FrameworkMethod$1.runReflectiveCall(FrameworkMethod.java:47) [junit-4.11.jar:na]
	at org.junit.internal.runners.model.ReflectiveCallable.run(ReflectiveCallable.java:12) [junit-4.11.jar:na]
	at org.junit.runners.model.FrameworkMethod.invokeExplosively(FrameworkMethod.java:44) [junit-4.11.jar:na]
	at org.junit.internal.runners.statements.InvokeMethod.evaluate(InvokeMethod.java:17) [junit-4.11.jar:na]
	at org.junit.runners.ParentRunner.runLeaf(ParentRunner.java:271) [junit-4.11.jar:na]
	at org.junit.runners.BlockJUnit4ClassRunner.runChild(BlockJUnit4ClassRunner.java:70) [junit-4.11.jar:na]
	at org.junit.runners.BlockJUnit4ClassRunner.runChild(BlockJUnit4ClassRunner.java:50) [junit-4.11.jar:na]
	at org.junit.runners.ParentRunner$3.run(ParentRunner.java:238) [junit-4.11.jar:na]
	at org.junit.runners.ParentRunner$1.schedule(ParentRunner.java:63) [junit-4.11.jar:na]
	at org.junit.runners.ParentRunner.runChildren(ParentRunner.java:236) [junit-4.11.jar:na]
	at org.junit.runners.ParentRunner.access$000(ParentRunner.java:53) [junit-4.11.jar:na]
	at org.junit.runners.ParentRunner$2.evaluate(ParentRunner.java:229) [junit-4.11.jar:na]
	at org.junit.runners.ParentRunner.run(ParentRunner.java:309) [junit-4.11.jar:na]
	at org.apache.maven.surefire.junit4.JUnit4Provider.execute(JUnit4Provider.java:367) [surefire-junit4-2.19.1.jar:2.19.1]
	at org.apache.maven.surefire.junit4.JUnit4Provider.executeWithRerun(JUnit4Provider.java:274) [surefire-junit4-2.19.1.jar:2.19.1]
	at org.apache.maven.surefire.junit4.JUnit4Provider.executeTestSet(JUnit4Provider.java:238) [surefire-junit4-2.19.1.jar:2.19.1]
	at org.apache.maven.surefire.junit4.JUnit4Provider.invoke(JUnit4Provider.java:161) [surefire-junit4-2.19.1.jar:2.19.1]
	at org.apache.maven.surefire.booter.ForkedBooter.invokeProviderInSameClassLoader(ForkedBooter.java:290) [surefire-booter-2.19.1.jar:2.19.1]
	at org.apache.maven.surefire.booter.ForkedBooter.runSuitesInProcess(ForkedBooter.java:242) [surefire-booter-2.19.1.jar:2.19.1]
	at org.apache.maven.surefire.booter.ForkedBooter.main(ForkedBooter.java:121) [surefire-booter-2.19.1.jar:2.19.1]
08:25:34.447 [Report about progress of Java AST analyzer] INFO  o.s.analyzer.commons.ProgressReport - 1/1 source files have been analyzed
08:25:34.450 [main] DEBUG o.s.java.bytecode.ClassLoaderBuilder - ----- Classpath analyzed by Squid:
08:25:34.450 [main] DEBUG o.s.java.bytecode.ClassLoaderBuilder - /tmp/tmpc_sp6l80/sonar-webdriver-plugin/target/test-jars/hamcrest-core-1.3.jar
08:25:34.450 [main] DEBUG o.s.java.bytecode.ClassLoaderBuilder - /tmp/tmpc_sp6l80/sonar-webdriver-plugin/target/test-jars/selenium-remote-driver-3.0.1.jar
08:25:34.450 [main] DEBUG o.s.java.bytecode.ClassLoaderBuilder - /tmp/tmpc_sp6l80/sonar-webdriver-plugin/target/test-jars/selenium-api-3.14.0.jar
08:25:34.450 [main] DEBUG o.s.java.bytecode.ClassLoaderBuilder - /tmp/tmpc_sp6l80/sonar-webdriver-plugin/target/test-jars/selenium-support-3.11.0.jar
08:25:34.450 [main] DEBUG o.s.java.bytecode.ClassLoaderBuilder - /tmp/tmpc_sp6l80/sonar-webdriver-plugin/target/test-jars/junit-4.11.jar
08:25:34.450 [main] DEBUG o.s.java.bytecode.ClassLoaderBuilder - /tmp/tmpc_sp6l80/sonar-webdriver-plugin/target/test-classes
08:25:34.450 [main] DEBUG o.s.java.bytecode.ClassLoaderBuilder - -----
08:25:34.454 [main] INFO  o.s.analyzer.commons.ProgressReport - 1 source files to be analyzed
08:25:34.516 [main] ERROR org.sonar.java.model.VisitorsBridge - Unable to create symbol table for : 'src/test/file/AssertionInTest.java'
java.lang.IllegalArgumentException: null
	at org.objectweb.asm.ClassVisitor.<init>(Unknown Source) ~[classes/:na]
	at org.objectweb.asm.ClassVisitor.<init>(Unknown Source) ~[classes/:na]
	at org.sonar.java.resolve.BytecodeVisitor.<init>(BytecodeVisitor.java:61) ~[sonar-java-plugin-5.14.0.18788.jar:na]
	at org.sonar.java.resolve.BytecodeCompleter.complete(BytecodeCompleter.java:88) ~[sonar-java-plugin-5.14.0.18788.jar:na]
	at org.sonar.java.resolve.JavaSymbol.complete(JavaSymbol.java:114) ~[sonar-java-plugin-5.14.0.18788.jar:na]
	at org.sonar.java.resolve.JavaSymbol$TypeJavaSymbol.members(JavaSymbol.java:379) ~[sonar-java-plugin-5.14.0.18788.jar:na]
	at org.sonar.java.resolve.FirstPass$ImportResolverVisitor.visitIdentifier(FirstPass.java:209) ~[sonar-java-plugin-5.14.0.18788.jar:na]
	at org.sonar.java.model.expression.IdentifierTreeImpl.accept(IdentifierTreeImpl.java:81) ~[sonar-java-plugin-5.14.0.18788.jar:na]
	at org.sonar.plugins.java.api.tree.BaseTreeVisitor.scan(BaseTreeVisitor.java:40) ~[sonar-java-plugin-5.14.0.18788.jar:na]
	at org.sonar.plugins.java.api.tree.BaseTreeVisitor.visitMemberSelectExpression(BaseTreeVisitor.java:234) ~[sonar-java-plugin-5.14.0.18788.jar:na]
	at org.sonar.java.model.expression.MemberSelectExpressionTreeImpl.accept(MemberSelectExpressionTreeImpl.java:117) ~[sonar-java-plugin-5.14.0.18788.jar:na]
	at org.sonar.java.resolve.FirstPass$ImportResolverVisitor.visitImport(FirstPass.java:168) ~[sonar-java-plugin-5.14.0.18788.jar:na]
	at org.sonar.java.model.JavaTree$ImportTreeImpl.accept(JavaTree.java:352) ~[sonar-java-plugin-5.14.0.18788.jar:na]
	at org.sonar.java.resolve.FirstPass.resolveImports(FirstPass.java:154) ~[sonar-java-plugin-5.14.0.18788.jar:na]
	at org.sonar.java.resolve.FirstPass.visitCompilationUnit(FirstPass.java:131) ~[sonar-java-plugin-5.14.0.18788.jar:na]
	at org.sonar.java.resolve.SemanticModel.createFor(SemanticModel.java:64) ~[sonar-java-plugin-5.14.0.18788.jar:na]
	at org.sonar.java.model.VisitorsBridge.visitFile(VisitorsBridge.java:122) ~[sonar-java-plugin-5.14.0.18788.jar:na]
	at org.sonar.java.ast.JavaAstScanner.simpleScan(JavaAstScanner.java:90) [sonar-java-plugin-5.14.0.18788.jar:na]
	at org.sonar.java.ast.JavaAstScanner.scan(JavaAstScanner.java:67) [sonar-java-plugin-5.14.0.18788.jar:na]
	at org.sonar.java.ast.JavaAstScanner.scanSingleFileForTests(JavaAstScanner.java:139) [sonar-java-plugin-5.14.0.18788.jar:na]
	at org.sonar.java.checks.verifier.JavaCheckVerifier.scanFile(JavaCheckVerifier.java:281) [java-checks-testkit-5.14.0.18788.jar:na]
	at org.sonar.java.checks.verifier.JavaCheckVerifier.scanFile(JavaCheckVerifier.java:268) [java-checks-testkit-5.14.0.18788.jar:na]
	at org.sonar.java.checks.verifier.JavaCheckVerifier.scanFile(JavaCheckVerifier.java:222) [java-checks-testkit-5.14.0.18788.jar:na]
	at org.sonar.java.checks.verifier.JavaCheckVerifier.verifyNoIssue(JavaCheckVerifier.java:159) [java-checks-testkit-5.14.0.18788.jar:na]
	at it.ding.sonar.check.WebDriverChecksTest.shouldAvoidAssertionsInNonTest(WebDriverChecksTest.java:70) [test-classes/:na]
	at sun.reflect.NativeMethodAccessorImpl.invoke0(Native Method) ~[na:1.8.0_262]
	at sun.reflect.NativeMethodAccessorImpl.invoke(NativeMethodAccessorImpl.java:62) ~[na:1.8.0_262]
	at sun.reflect.DelegatingMethodAccessorImpl.invoke(DelegatingMethodAccessorImpl.java:43) ~[na:1.8.0_262]
	at java.lang.reflect.Method.invoke(Method.java:498) ~[na:1.8.0_262]
	at org.junit.runners.model.FrameworkMethod$1.runReflectiveCall(FrameworkMethod.java:47) [junit-4.11.jar:na]
	at org.junit.internal.runners.model.ReflectiveCallable.run(ReflectiveCallable.java:12) [junit-4.11.jar:na]
	at org.junit.runners.model.FrameworkMethod.invokeExplosively(FrameworkMethod.java:44) [junit-4.11.jar:na]
	at org.junit.internal.runners.statements.InvokeMethod.evaluate(InvokeMethod.java:17) [junit-4.11.jar:na]
	at org.junit.runners.ParentRunner.runLeaf(ParentRunner.java:271) [junit-4.11.jar:na]
	at org.junit.runners.BlockJUnit4ClassRunner.runChild(BlockJUnit4ClassRunner.java:70) [junit-4.11.jar:na]
	at org.junit.runners.BlockJUnit4ClassRunner.runChild(BlockJUnit4ClassRunner.java:50) [junit-4.11.jar:na]
	at org.junit.runners.ParentRunner$3.run(ParentRunner.java:238) [junit-4.11.jar:na]
	at org.junit.runners.ParentRunner$1.schedule(ParentRunner.java:63) [junit-4.11.jar:na]
	at org.junit.runners.ParentRunner.runChildren(ParentRunner.java:236) [junit-4.11.jar:na]
	at org.junit.runners.ParentRunner.access$000(ParentRunner.java:53) [junit-4.11.jar:na]
	at org.junit.runners.ParentRunner$2.evaluate(ParentRunner.java:229) [junit-4.11.jar:na]
	at org.junit.runners.ParentRunner.run(ParentRunner.java:309) [junit-4.11.jar:na]
	at org.apache.maven.surefire.junit4.JUnit4Provider.execute(JUnit4Provider.java:367) [surefire-junit4-2.19.1.jar:2.19.1]
	at org.apache.maven.surefire.junit4.JUnit4Provider.executeWithRerun(JUnit4Provider.java:274) [surefire-junit4-2.19.1.jar:2.19.1]
	at org.apache.maven.surefire.junit4.JUnit4Provider.executeTestSet(JUnit4Provider.java:238) [surefire-junit4-2.19.1.jar:2.19.1]
	at org.apache.maven.surefire.junit4.JUnit4Provider.invoke(JUnit4Provider.java:161) [surefire-junit4-2.19.1.jar:2.19.1]
	at org.apache.maven.surefire.booter.ForkedBooter.invokeProviderInSameClassLoader(ForkedBooter.java:290) [surefire-booter-2.19.1.jar:2.19.1]
	at org.apache.maven.surefire.booter.ForkedBooter.runSuitesInProcess(ForkedBooter.java:242) [surefire-booter-2.19.1.jar:2.19.1]
	at org.apache.maven.surefire.booter.ForkedBooter.main(ForkedBooter.java:121) [surefire-booter-2.19.1.jar:2.19.1]
08:25:34.517 [Report about progress of Java AST analyzer] INFO  o.s.analyzer.commons.ProgressReport - 1/1 source files have been analyzed
08:25:34.519 [main] DEBUG o.s.java.bytecode.ClassLoaderBuilder - ----- Classpath analyzed by Squid:
08:25:34.519 [main] DEBUG o.s.java.bytecode.ClassLoaderBuilder - /tmp/tmpc_sp6l80/sonar-webdriver-plugin/target/test-jars/hamcrest-core-1.3.jar
08:25:34.519 [main] DEBUG o.s.java.bytecode.ClassLoaderBuilder - /tmp/tmpc_sp6l80/sonar-webdriver-plugin/target/test-jars/selenium-remote-driver-3.0.1.jar
08:25:34.519 [main] DEBUG o.s.java.bytecode.ClassLoaderBuilder - /tmp/tmpc_sp6l80/sonar-webdriver-plugin/target/test-jars/selenium-api-3.14.0.jar
08:25:34.519 [main] DEBUG o.s.java.bytecode.ClassLoaderBuilder - /tmp/tmpc_sp6l80/sonar-webdriver-plugin/target/test-jars/selenium-support-3.11.0.jar
08:25:34.519 [main] DEBUG o.s.java.bytecode.ClassLoaderBuilder - /tmp/tmpc_sp6l80/sonar-webdriver-plugin/target/test-jars/junit-4.11.jar
08:25:34.519 [main] DEBUG o.s.java.bytecode.ClassLoaderBuilder - /tmp/tmpc_sp6l80/sonar-webdriver-plugin/target/test-classes
08:25:34.519 [main] DEBUG o.s.java.bytecode.ClassLoaderBuilder - -----
08:25:34.523 [main] INFO  o.s.analyzer.commons.ProgressReport - 1 source files to be analyzed
08:25:34.538 [main] ERROR org.sonar.java.model.VisitorsBridge - Unable to create symbol table for : 'src/test/file/LocatorXpathValue.java'
java.lang.IllegalArgumentException: null
	at org.objectweb.asm.ClassVisitor.<init>(Unknown Source) ~[classes/:na]
	at org.objectweb.asm.ClassVisitor.<init>(Unknown Source) ~[classes/:na]
	at org.sonar.java.resolve.BytecodeVisitor.<init>(BytecodeVisitor.java:61) ~[sonar-java-plugin-5.14.0.18788.jar:na]
	at org.sonar.java.resolve.BytecodeCompleter.complete(BytecodeCompleter.java:88) ~[sonar-java-plugin-5.14.0.18788.jar:na]
	at org.sonar.java.resolve.JavaSymbol.complete(JavaSymbol.java:114) ~[sonar-java-plugin-5.14.0.18788.jar:na]
	at org.sonar.java.resolve.JavaType.getSymbol(JavaType.java:79) ~[sonar-java-plugin-5.14.0.18788.jar:na]
	at org.sonar.java.resolve.Resolve.findMethod(Resolve.java:492) ~[sonar-java-plugin-5.14.0.18788.jar:na]
	at org.sonar.java.resolve.Resolve.findMethod(Resolve.java:482) ~[sonar-java-plugin-5.14.0.18788.jar:na]
	at org.sonar.java.resolve.Resolve.findMethodByStrictThenLooseInvocation(Resolve.java:467) ~[sonar-java-plugin-5.14.0.18788.jar:na]
	at org.sonar.java.resolve.Resolve.findMethod(Resolve.java:452) ~[sonar-java-plugin-5.14.0.18788.jar:na]
	at org.sonar.java.resolve.Resolve.findMethod(Resolve.java:437) ~[sonar-java-plugin-5.14.0.18788.jar:na]
	at org.sonar.java.resolve.TypeAndReferenceSolver.resolveMethodSymbol(TypeAndReferenceSolver.java:349) ~[sonar-java-plugin-5.14.0.18788.jar:na]
	at org.sonar.java.resolve.TypeAndReferenceSolver.visitMethodInvocation(TypeAndReferenceSolver.java:238) ~[sonar-java-plugin-5.14.0.18788.jar:na]
	at org.sonar.java.model.expression.MethodInvocationTreeImpl.accept(MethodInvocationTreeImpl.java:97) ~[sonar-java-plugin-5.14.0.18788.jar:na]
	at org.sonar.java.resolve.TypeAndReferenceSolver.resolveAs(TypeAndReferenceSolver.java:418) ~[sonar-java-plugin-5.14.0.18788.jar:na]
	at org.sonar.java.resolve.TypeAndReferenceSolver.resolveAs(TypeAndReferenceSolver.java:373) ~[sonar-java-plugin-5.14.0.18788.jar:na]
	at org.sonar.java.resolve.TypeAndReferenceSolver.resolveAs(TypeAndReferenceSolver.java:366) ~[sonar-java-plugin-5.14.0.18788.jar:na]
	at org.sonar.java.resolve.TypeAndReferenceSolver.visitVariable(TypeAndReferenceSolver.java:926) ~[sonar-java-plugin-5.14.0.18788.jar:na]
	at org.sonar.java.model.declaration.VariableTreeImpl.accept(VariableTreeImpl.java:186) ~[sonar-java-plugin-5.14.0.18788.jar:na]
	at org.sonar.plugins.java.api.tree.BaseTreeVisitor.scan(BaseTreeVisitor.java:40) ~[sonar-java-plugin-5.14.0.18788.jar:na]
	at org.sonar.plugins.java.api.tree.BaseTreeVisitor.scan(BaseTreeVisitor.java:34) ~[sonar-java-plugin-5.14.0.18788.jar:na]
	at org.sonar.java.resolve.TypeAndReferenceSolver.visitClass(TypeAndReferenceSolver.java:146) ~[sonar-java-plugin-5.14.0.18788.jar:na]
	at org.sonar.java.model.declaration.ClassTreeImpl.accept(ClassTreeImpl.java:203) ~[sonar-java-plugin-5.14.0.18788.jar:na]
	at org.sonar.plugins.java.api.tree.BaseTreeVisitor.scan(BaseTreeVisitor.java:40) ~[sonar-java-plugin-5.14.0.18788.jar:na]
	at org.sonar.plugins.java.api.tree.BaseTreeVisitor.scan(BaseTreeVisitor.java:34) ~[sonar-java-plugin-5.14.0.18788.jar:na]
	at org.sonar.plugins.java.api.tree.BaseTreeVisitor.visitCompilationUnit(BaseTreeVisitor.java:52) ~[sonar-java-plugin-5.14.0.18788.jar:na]
	at org.sonar.java.resolve.SemanticModel.createFor(SemanticModel.java:65) ~[sonar-java-plugin-5.14.0.18788.jar:na]
	at org.sonar.java.model.VisitorsBridge.visitFile(VisitorsBridge.java:122) ~[sonar-java-plugin-5.14.0.18788.jar:na]
	at org.sonar.java.ast.JavaAstScanner.simpleScan(JavaAstScanner.java:90) [sonar-java-plugin-5.14.0.18788.jar:na]
	at org.sonar.java.ast.JavaAstScanner.scan(JavaAstScanner.java:67) [sonar-java-plugin-5.14.0.18788.jar:na]
	at org.sonar.java.ast.JavaAstScanner.scanSingleFileForTests(JavaAstScanner.java:139) [sonar-java-plugin-5.14.0.18788.jar:na]
	at org.sonar.java.checks.verifier.JavaCheckVerifier.scanFile(JavaCheckVerifier.java:281) [java-checks-testkit-5.14.0.18788.jar:na]
	at org.sonar.java.checks.verifier.JavaCheckVerifier.scanFile(JavaCheckVerifier.java:268) [java-checks-testkit-5.14.0.18788.jar:na]
	at org.sonar.java.checks.verifier.JavaCheckVerifier.scanFile(JavaCheckVerifier.java:222) [java-checks-testkit-5.14.0.18788.jar:na]
	at org.sonar.java.checks.verifier.JavaCheckVerifier.verify(JavaCheckVerifier.java:106) [java-checks-testkit-5.14.0.18788.jar:na]
	at it.ding.sonar.check.WebDriverChecksTest.shouldAvoidXpathLocatorTiedToPageLayout(WebDriverChecksTest.java:40) [test-classes/:na]
	at sun.reflect.NativeMethodAccessorImpl.invoke0(Native Method) ~[na:1.8.0_262]
	at sun.reflect.NativeMethodAccessorImpl.invoke(NativeMethodAccessorImpl.java:62) ~[na:1.8.0_262]
	at sun.reflect.DelegatingMethodAccessorImpl.invoke(DelegatingMethodAccessorImpl.java:43) ~[na:1.8.0_262]
	at java.lang.reflect.Method.invoke(Method.java:498) ~[na:1.8.0_262]
	at org.junit.runners.model.FrameworkMethod$1.runReflectiveCall(FrameworkMethod.java:47) [junit-4.11.jar:na]
	at org.junit.internal.runners.model.ReflectiveCallable.run(ReflectiveCallable.java:12) [junit-4.11.jar:na]
	at org.junit.runners.model.FrameworkMethod.invokeExplosively(FrameworkMethod.java:44) [junit-4.11.jar:na]
	at org.junit.internal.runners.statements.InvokeMethod.evaluate(InvokeMethod.java:17) [junit-4.11.jar:na]
	at org.junit.runners.ParentRunner.runLeaf(ParentRunner.java:271) [junit-4.11.jar:na]
	at org.junit.runners.BlockJUnit4ClassRunner.runChild(BlockJUnit4ClassRunner.java:70) [junit-4.11.jar:na]
	at org.junit.runners.BlockJUnit4ClassRunner.runChild(BlockJUnit4ClassRunner.java:50) [junit-4.11.jar:na]
	at org.junit.runners.ParentRunner$3.run(ParentRunner.java:238) [junit-4.11.jar:na]
	at org.junit.runners.ParentRunner$1.schedule(ParentRunner.java:63) [junit-4.11.jar:na]
	at org.junit.runners.ParentRunner.runChildren(ParentRunner.java:236) [junit-4.11.jar:na]
	at org.junit.runners.ParentRunner.access$000(ParentRunner.java:53) [junit-4.11.jar:na]
	at org.junit.runners.ParentRunner$2.evaluate(ParentRunner.java:229) [junit-4.11.jar:na]
	at org.junit.runners.ParentRunner.run(ParentRunner.java:309) [junit-4.11.jar:na]
	at org.apache.maven.surefire.junit4.JUnit4Provider.execute(JUnit4Provider.java:367) [surefire-junit4-2.19.1.jar:2.19.1]
	at org.apache.maven.surefire.junit4.JUnit4Provider.executeWithRerun(JUnit4Provider.java:274) [surefire-junit4-2.19.1.jar:2.19.1]
	at org.apache.maven.surefire.junit4.JUnit4Provider.executeTestSet(JUnit4Provider.java:238) [surefire-junit4-2.19.1.jar:2.19.1]
	at org.apache.maven.surefire.junit4.JUnit4Provider.invoke(JUnit4Provider.java:161) [surefire-junit4-2.19.1.jar:2.19.1]
	at org.apache.maven.surefire.booter.ForkedBooter.invokeProviderInSameClassLoader(ForkedBooter.java:290) [surefire-booter-2.19.1.jar:2.19.1]
	at org.apache.maven.surefire.booter.ForkedBooter.runSuitesInProcess(ForkedBooter.java:242) [surefire-booter-2.19.1.jar:2.19.1]
	at org.apache.maven.surefire.booter.ForkedBooter.main(ForkedBooter.java:121) [surefire-booter-2.19.1.jar:2.19.1]
08:25:34.538 [Report about progress of Java AST analyzer] INFO  o.s.analyzer.commons.ProgressReport - 1/1 source files have been analyzed
08:25:34.540 [main] DEBUG o.s.java.bytecode.ClassLoaderBuilder - ----- Classpath analyzed by Squid:
08:25:34.540 [main] DEBUG o.s.java.bytecode.ClassLoaderBuilder - /tmp/tmpc_sp6l80/sonar-webdriver-plugin/target/test-jars/hamcrest-core-1.3.jar
08:25:34.540 [main] DEBUG o.s.java.bytecode.ClassLoaderBuilder - /tmp/tmpc_sp6l80/sonar-webdriver-plugin/target/test-jars/selenium-remote-driver-3.0.1.jar
08:25:34.540 [main] DEBUG o.s.java.bytecode.ClassLoaderBuilder - /tmp/tmpc_sp6l80/sonar-webdriver-plugin/target/test-jars/selenium-api-3.14.0.jar
08:25:34.540 [main] DEBUG o.s.java.bytecode.ClassLoaderBuilder - /tmp/tmpc_sp6l80/sonar-webdriver-plugin/target/test-jars/selenium-support-3.11.0.jar
08:25:34.540 [main] DEBUG o.s.java.bytecode.ClassLoaderBuilder - /tmp/tmpc_sp6l80/sonar-webdriver-plugin/target/test-jars/junit-4.11.jar
08:25:34.540 [main] DEBUG o.s.java.bytecode.ClassLoaderBuilder - /tmp/tmpc_sp6l80/sonar-webdriver-plugin/target/test-classes
08:25:34.540 [main] DEBUG o.s.java.bytecode.ClassLoaderBuilder - -----
08:25:34.545 [main] INFO  o.s.analyzer.commons.ProgressReport - 1 source files to be analyzed
08:25:34.602 [main] ERROR org.sonar.java.model.VisitorsBridge - Unable to create symbol table for : 'src/test/file/ExplicitWait.java'
java.lang.IllegalArgumentException: null
	at org.objectweb.asm.ClassVisitor.<init>(Unknown Source) ~[classes/:na]
	at org.objectweb.asm.ClassVisitor.<init>(Unknown Source) ~[classes/:na]
	at org.sonar.java.resolve.BytecodeVisitor.<init>(BytecodeVisitor.java:61) ~[sonar-java-plugin-5.14.0.18788.jar:na]
	at org.sonar.java.resolve.BytecodeCompleter.complete(BytecodeCompleter.java:88) ~[sonar-java-plugin-5.14.0.18788.jar:na]
	at org.sonar.java.resolve.JavaSymbol.complete(JavaSymbol.java:114) ~[sonar-java-plugin-5.14.0.18788.jar:na]
	at org.sonar.java.resolve.JavaSymbol$TypeJavaSymbol.members(JavaSymbol.java:379) ~[sonar-java-plugin-5.14.0.18788.jar:na]
	at org.sonar.java.resolve.Resolve.findMemberType(Resolve.java:214) ~[sonar-java-plugin-5.14.0.18788.jar:na]
	at org.sonar.java.resolve.Resolve.findMemberType(Resolve.java:222) ~[sonar-java-plugin-5.14.0.18788.jar:na]
	at org.sonar.java.resolve.Resolve.findType(Resolve.java:255) ~[sonar-java-plugin-5.14.0.18788.jar:na]
	at org.sonar.java.resolve.Resolve.findIdent(Resolve.java:315) ~[sonar-java-plugin-5.14.0.18788.jar:na]
	at org.sonar.java.resolve.TypeAndReferenceSolver.resolveAs(TypeAndReferenceSolver.java:399) ~[sonar-java-plugin-5.14.0.18788.jar:na]
	at org.sonar.java.resolve.TypeAndReferenceSolver.resolveAs(TypeAndReferenceSolver.java:373) ~[sonar-java-plugin-5.14.0.18788.jar:na]
	at org.sonar.java.resolve.SecondPass.resolveType(SecondPass.java:251) ~[sonar-java-plugin-5.14.0.18788.jar:na]
	at org.sonar.java.resolve.SecondPass.complete(SecondPass.java:240) ~[sonar-java-plugin-5.14.0.18788.jar:na]
	at org.sonar.java.resolve.SecondPass.complete(SecondPass.java:67) ~[sonar-java-plugin-5.14.0.18788.jar:na]
	at org.sonar.java.resolve.JavaSymbol.complete(JavaSymbol.java:114) ~[sonar-java-plugin-5.14.0.18788.jar:na]
	at org.sonar.java.resolve.FirstPass.completeSymbols(FirstPass.java:101) ~[sonar-java-plugin-5.14.0.18788.jar:na]
	at org.sonar.java.resolve.FirstPass.visitCompilationUnit(FirstPass.java:132) ~[sonar-java-plugin-5.14.0.18788.jar:na]
	at org.sonar.java.resolve.SemanticModel.createFor(SemanticModel.java:64) ~[sonar-java-plugin-5.14.0.18788.jar:na]
	at org.sonar.java.model.VisitorsBridge.visitFile(VisitorsBridge.java:122) ~[sonar-java-plugin-5.14.0.18788.jar:na]
	at org.sonar.java.ast.JavaAstScanner.simpleScan(JavaAstScanner.java:90) [sonar-java-plugin-5.14.0.18788.jar:na]
	at org.sonar.java.ast.JavaAstScanner.scan(JavaAstScanner.java:67) [sonar-java-plugin-5.14.0.18788.jar:na]
	at org.sonar.java.ast.JavaAstScanner.scanSingleFileForTests(JavaAstScanner.java:139) [sonar-java-plugin-5.14.0.18788.jar:na]
	at org.sonar.java.checks.verifier.JavaCheckVerifier.scanFile(JavaCheckVerifier.java:281) [java-checks-testkit-5.14.0.18788.jar:na]
	at org.sonar.java.checks.verifier.JavaCheckVerifier.scanFile(JavaCheckVerifier.java:268) [java-checks-testkit-5.14.0.18788.jar:na]
	at org.sonar.java.checks.verifier.JavaCheckVerifier.scanFile(JavaCheckVerifier.java:222) [java-checks-testkit-5.14.0.18788.jar:na]
	at org.sonar.java.checks.verifier.JavaCheckVerifier.verify(JavaCheckVerifier.java:106) [java-checks-testkit-5.14.0.18788.jar:na]
	at it.ding.sonar.check.WebDriverChecksTest.shouldAvoidExplicitWaitsInTest(WebDriverChecksTest.java:55) [test-classes/:na]
	at sun.reflect.NativeMethodAccessorImpl.invoke0(Native Method) ~[na:1.8.0_262]
	at sun.reflect.NativeMethodAccessorImpl.invoke(NativeMethodAccessorImpl.java:62) ~[na:1.8.0_262]
	at sun.reflect.DelegatingMethodAccessorImpl.invoke(DelegatingMethodAccessorImpl.java:43) ~[na:1.8.0_262]
	at java.lang.reflect.Method.invoke(Method.java:498) ~[na:1.8.0_262]
	at org.junit.runners.model.FrameworkMethod$1.runReflectiveCall(FrameworkMethod.java:47) [junit-4.11.jar:na]
	at org.junit.internal.runners.model.ReflectiveCallable.run(ReflectiveCallable.java:12) [junit-4.11.jar:na]
	at org.junit.runners.model.FrameworkMethod.invokeExplosively(FrameworkMethod.java:44) [junit-4.11.jar:na]
	at org.junit.internal.runners.statements.InvokeMethod.evaluate(InvokeMethod.java:17) [junit-4.11.jar:na]
	at org.junit.runners.ParentRunner.runLeaf(ParentRunner.java:271) [junit-4.11.jar:na]
	at org.junit.runners.BlockJUnit4ClassRunner.runChild(BlockJUnit4ClassRunner.java:70) [junit-4.11.jar:na]
	at org.junit.runners.BlockJUnit4ClassRunner.runChild(BlockJUnit4ClassRunner.java:50) [junit-4.11.jar:na]
	at org.junit.runners.ParentRunner$3.run(ParentRunner.java:238) [junit-4.11.jar:na]
	at org.junit.runners.ParentRunner$1.schedule(ParentRunner.java:63) [junit-4.11.jar:na]
	at org.junit.runners.ParentRunner.runChildren(ParentRunner.java:236) [junit-4.11.jar:na]
	at org.junit.runners.ParentRunner.access$000(ParentRunner.java:53) [junit-4.11.jar:na]
	at org.junit.runners.ParentRunner$2.evaluate(ParentRunner.java:229) [junit-4.11.jar:na]
	at org.junit.runners.ParentRunner.run(ParentRunner.java:309) [junit-4.11.jar:na]
	at org.apache.maven.surefire.junit4.JUnit4Provider.execute(JUnit4Provider.java:367) [surefire-junit4-2.19.1.jar:2.19.1]
	at org.apache.maven.surefire.junit4.JUnit4Provider.executeWithRerun(JUnit4Provider.java:274) [surefire-junit4-2.19.1.jar:2.19.1]
	at org.apache.maven.surefire.junit4.JUnit4Provider.executeTestSet(JUnit4Provider.java:238) [surefire-junit4-2.19.1.jar:2.19.1]
	at org.apache.maven.surefire.junit4.JUnit4Provider.invoke(JUnit4Provider.java:161) [surefire-junit4-2.19.1.jar:2.19.1]
	at org.apache.maven.surefire.booter.ForkedBooter.invokeProviderInSameClassLoader(ForkedBooter.java:290) [surefire-booter-2.19.1.jar:2.19.1]
	at org.apache.maven.surefire.booter.ForkedBooter.runSuitesInProcess(ForkedBooter.java:242) [surefire-booter-2.19.1.jar:2.19.1]
	at org.apache.maven.surefire.booter.ForkedBooter.main(ForkedBooter.java:121) [surefire-booter-2.19.1.jar:2.19.1]
08:25:34.603 [Report about progress of Java AST analyzer] INFO  o.s.analyzer.commons.ProgressReport - 1/1 source files have been analyzed
08:25:34.605 [main] DEBUG o.s.java.bytecode.ClassLoaderBuilder - ----- Classpath analyzed by Squid:
08:25:34.605 [main] DEBUG o.s.java.bytecode.ClassLoaderBuilder - /tmp/tmpc_sp6l80/sonar-webdriver-plugin/target/test-jars/hamcrest-core-1.3.jar
08:25:34.605 [main] DEBUG o.s.java.bytecode.ClassLoaderBuilder - /tmp/tmpc_sp6l80/sonar-webdriver-plugin/target/test-jars/selenium-remote-driver-3.0.1.jar
08:25:34.605 [main] DEBUG o.s.java.bytecode.ClassLoaderBuilder - /tmp/tmpc_sp6l80/sonar-webdriver-plugin/target/test-jars/selenium-api-3.14.0.jar
08:25:34.605 [main] DEBUG o.s.java.bytecode.ClassLoaderBuilder - /tmp/tmpc_sp6l80/sonar-webdriver-plugin/target/test-jars/selenium-support-3.11.0.jar
08:25:34.605 [main] DEBUG o.s.java.bytecode.ClassLoaderBuilder - /tmp/tmpc_sp6l80/sonar-webdriver-plugin/target/test-jars/junit-4.11.jar
08:25:34.605 [main] DEBUG o.s.java.bytecode.ClassLoaderBuilder - /tmp/tmpc_sp6l80/sonar-webdriver-plugin/target/test-classes
08:25:34.605 [main] DEBUG o.s.java.bytecode.ClassLoaderBuilder - -----
08:25:34.609 [main] INFO  o.s.analyzer.commons.ProgressReport - 1 source files to be analyzed
08:25:34.625 [main] ERROR org.sonar.java.model.VisitorsBridge - Unable to create symbol table for : 'src/test/file/LocatorStrategyByXpath.java'
java.lang.IllegalArgumentException: null
	at org.objectweb.asm.ClassVisitor.<init>(Unknown Source) ~[classes/:na]
	at org.objectweb.asm.ClassVisitor.<init>(Unknown Source) ~[classes/:na]
	at org.sonar.java.resolve.BytecodeVisitor.<init>(BytecodeVisitor.java:61) ~[sonar-java-plugin-5.14.0.18788.jar:na]
	at org.sonar.java.resolve.BytecodeCompleter.complete(BytecodeCompleter.java:88) ~[sonar-java-plugin-5.14.0.18788.jar:na]
	at org.sonar.java.resolve.JavaSymbol.complete(JavaSymbol.java:114) ~[sonar-java-plugin-5.14.0.18788.jar:na]
	at org.sonar.java.resolve.JavaType.getSymbol(JavaType.java:79) ~[sonar-java-plugin-5.14.0.18788.jar:na]
	at org.sonar.java.resolve.Resolve.findMethod(Resolve.java:492) ~[sonar-java-plugin-5.14.0.18788.jar:na]
	at org.sonar.java.resolve.Resolve.findMethod(Resolve.java:482) ~[sonar-java-plugin-5.14.0.18788.jar:na]
	at org.sonar.java.resolve.Resolve.findMethodByStrictThenLooseInvocation(Resolve.java:467) ~[sonar-java-plugin-5.14.0.18788.jar:na]
	at org.sonar.java.resolve.Resolve.findMethod(Resolve.java:452) ~[sonar-java-plugin-5.14.0.18788.jar:na]
	at org.sonar.java.resolve.Resolve.findMethod(Resolve.java:437) ~[sonar-java-plugin-5.14.0.18788.jar:na]
	at org.sonar.java.resolve.TypeAndReferenceSolver.resolveMethodSymbol(TypeAndReferenceSolver.java:349) ~[sonar-java-plugin-5.14.0.18788.jar:na]
	at org.sonar.java.resolve.TypeAndReferenceSolver.visitMethodInvocation(TypeAndReferenceSolver.java:238) ~[sonar-java-plugin-5.14.0.18788.jar:na]
	at org.sonar.java.model.expression.MethodInvocationTreeImpl.accept(MethodInvocationTreeImpl.java:97) ~[sonar-java-plugin-5.14.0.18788.jar:na]
	at org.sonar.java.resolve.TypeAndReferenceSolver.resolveAs(TypeAndReferenceSolver.java:418) ~[sonar-java-plugin-5.14.0.18788.jar:na]
	at org.sonar.java.resolve.TypeAndReferenceSolver.resolveAs(TypeAndReferenceSolver.java:373) ~[sonar-java-plugin-5.14.0.18788.jar:na]
	at org.sonar.java.resolve.TypeAndReferenceSolver.resolveAs(TypeAndReferenceSolver.java:366) ~[sonar-java-plugin-5.14.0.18788.jar:na]
	at org.sonar.java.resolve.TypeAndReferenceSolver.visitVariable(TypeAndReferenceSolver.java:926) ~[sonar-java-plugin-5.14.0.18788.jar:na]
	at org.sonar.java.model.declaration.VariableTreeImpl.accept(VariableTreeImpl.java:186) ~[sonar-java-plugin-5.14.0.18788.jar:na]
	at org.sonar.plugins.java.api.tree.BaseTreeVisitor.scan(BaseTreeVisitor.java:40) ~[sonar-java-plugin-5.14.0.18788.jar:na]
	at org.sonar.plugins.java.api.tree.BaseTreeVisitor.scan(BaseTreeVisitor.java:34) ~[sonar-java-plugin-5.14.0.18788.jar:na]
	at org.sonar.java.resolve.TypeAndReferenceSolver.visitClass(TypeAndReferenceSolver.java:146) ~[sonar-java-plugin-5.14.0.18788.jar:na]
	at org.sonar.java.model.declaration.ClassTreeImpl.accept(ClassTreeImpl.java:203) ~[sonar-java-plugin-5.14.0.18788.jar:na]
	at org.sonar.plugins.java.api.tree.BaseTreeVisitor.scan(BaseTreeVisitor.java:40) ~[sonar-java-plugin-5.14.0.18788.jar:na]
	at org.sonar.plugins.java.api.tree.BaseTreeVisitor.scan(BaseTreeVisitor.java:34) ~[sonar-java-plugin-5.14.0.18788.jar:na]
	at org.sonar.plugins.java.api.tree.BaseTreeVisitor.visitCompilationUnit(BaseTreeVisitor.java:52) ~[sonar-java-plugin-5.14.0.18788.jar:na]
	at org.sonar.java.resolve.SemanticModel.createFor(SemanticModel.java:65) ~[sonar-java-plugin-5.14.0.18788.jar:na]
	at org.sonar.java.model.VisitorsBridge.visitFile(VisitorsBridge.java:122) ~[sonar-java-plugin-5.14.0.18788.jar:na]
	at org.sonar.java.ast.JavaAstScanner.simpleScan(JavaAstScanner.java:90) [sonar-java-plugin-5.14.0.18788.jar:na]
	at org.sonar.java.ast.JavaAstScanner.scan(JavaAstScanner.java:67) [sonar-java-plugin-5.14.0.18788.jar:na]
	at org.sonar.java.ast.JavaAstScanner.scanSingleFileForTests(JavaAstScanner.java:139) [sonar-java-plugin-5.14.0.18788.jar:na]
	at org.sonar.java.checks.verifier.JavaCheckVerifier.scanFile(JavaCheckVerifier.java:281) [java-checks-testkit-5.14.0.18788.jar:na]
	at org.sonar.java.checks.verifier.JavaCheckVerifier.scanFile(JavaCheckVerifier.java:268) [java-checks-testkit-5.14.0.18788.jar:na]
	at org.sonar.java.checks.verifier.JavaCheckVerifier.scanFile(JavaCheckVerifier.java:222) [java-checks-testkit-5.14.0.18788.jar:na]
	at org.sonar.java.checks.verifier.JavaCheckVerifier.verify(JavaCheckVerifier.java:106) [java-checks-testkit-5.14.0.18788.jar:na]
	at it.ding.sonar.check.WebDriverChecksTest.shouldAvoidLocatorByXpath(WebDriverChecksTest.java:25) [test-classes/:na]
	at sun.reflect.NativeMethodAccessorImpl.invoke0(Native Method) ~[na:1.8.0_262]
	at sun.reflect.NativeMethodAccessorImpl.invoke(NativeMethodAccessorImpl.java:62) ~[na:1.8.0_262]
	at sun.reflect.DelegatingMethodAccessorImpl.invoke(DelegatingMethodAccessorImpl.java:43) ~[na:1.8.0_262]
	at java.lang.reflect.Method.invoke(Method.java:498) ~[na:1.8.0_262]
	at org.junit.runners.model.FrameworkMethod$1.runReflectiveCall(FrameworkMethod.java:47) [junit-4.11.jar:na]
	at org.junit.internal.runners.model.ReflectiveCallable.run(ReflectiveCallable.java:12) [junit-4.11.jar:na]
	at org.junit.runners.model.FrameworkMethod.invokeExplosively(FrameworkMethod.java:44) [junit-4.11.jar:na]
	at org.junit.internal.runners.statements.InvokeMethod.evaluate(InvokeMethod.java:17) [junit-4.11.jar:na]
	at org.junit.runners.ParentRunner.runLeaf(ParentRunner.java:271) [junit-4.11.jar:na]
	at org.junit.runners.BlockJUnit4ClassRunner.runChild(BlockJUnit4ClassRunner.java:70) [junit-4.11.jar:na]
	at org.junit.runners.BlockJUnit4ClassRunner.runChild(BlockJUnit4ClassRunner.java:50) [junit-4.11.jar:na]
	at org.junit.runners.ParentRunner$3.run(ParentRunner.java:238) [junit-4.11.jar:na]
	at org.junit.runners.ParentRunner$1.schedule(ParentRunner.java:63) [junit-4.11.jar:na]
	at org.junit.runners.ParentRunner.runChildren(ParentRunner.java:236) [junit-4.11.jar:na]
	at org.junit.runners.ParentRunner.access$000(ParentRunner.java:53) [junit-4.11.jar:na]
	at org.junit.runners.ParentRunner$2.evaluate(ParentRunner.java:229) [junit-4.11.jar:na]
	at org.junit.runners.ParentRunner.run(ParentRunner.java:309) [junit-4.11.jar:na]
	at org.apache.maven.surefire.junit4.JUnit4Provider.execute(JUnit4Provider.java:367) [surefire-junit4-2.19.1.jar:2.19.1]
	at org.apache.maven.surefire.junit4.JUnit4Provider.executeWithRerun(JUnit4Provider.java:274) [surefire-junit4-2.19.1.jar:2.19.1]
	at org.apache.maven.surefire.junit4.JUnit4Provider.executeTestSet(JUnit4Provider.java:238) [surefire-junit4-2.19.1.jar:2.19.1]
	at org.apache.maven.surefire.junit4.JUnit4Provider.invoke(JUnit4Provider.java:161) [surefire-junit4-2.19.1.jar:2.19.1]
	at org.apache.maven.surefire.booter.ForkedBooter.invokeProviderInSameClassLoader(ForkedBooter.java:290) [surefire-booter-2.19.1.jar:2.19.1]
	at org.apache.maven.surefire.booter.ForkedBooter.runSuitesInProcess(ForkedBooter.java:242) [surefire-booter-2.19.1.jar:2.19.1]
	at org.apache.maven.surefire.booter.ForkedBooter.main(ForkedBooter.java:121) [surefire-booter-2.19.1.jar:2.19.1]
08:25:34.625 [Report about progress of Java AST analyzer] INFO  o.s.analyzer.commons.ProgressReport - 1/1 source files have been analyzed
08:25:34.627 [main] DEBUG o.s.java.bytecode.ClassLoaderBuilder - ----- Classpath analyzed by Squid:
08:25:34.627 [main] DEBUG o.s.java.bytecode.ClassLoaderBuilder - /tmp/tmpc_sp6l80/sonar-webdriver-plugin/target/test-jars/hamcrest-core-1.3.jar
08:25:34.627 [main] DEBUG o.s.java.bytecode.ClassLoaderBuilder - /tmp/tmpc_sp6l80/sonar-webdriver-plugin/target/test-jars/selenium-remote-driver-3.0.1.jar
08:25:34.627 [main] DEBUG o.s.java.bytecode.ClassLoaderBuilder - /tmp/tmpc_sp6l80/sonar-webdriver-plugin/target/test-jars/selenium-api-3.14.0.jar
08:25:34.627 [main] DEBUG o.s.java.bytecode.ClassLoaderBuilder - /tmp/tmpc_sp6l80/sonar-webdriver-plugin/target/test-jars/selenium-support-3.11.0.jar
08:25:34.627 [main] DEBUG o.s.java.bytecode.ClassLoaderBuilder - /tmp/tmpc_sp6l80/sonar-webdriver-plugin/target/test-jars/junit-4.11.jar
08:25:34.627 [main] DEBUG o.s.java.bytecode.ClassLoaderBuilder - /tmp/tmpc_sp6l80/sonar-webdriver-plugin/target/test-classes
08:25:34.627 [main] DEBUG o.s.java.bytecode.ClassLoaderBuilder - -----
08:25:34.631 [main] INFO  o.s.analyzer.commons.ProgressReport - 1 source files to be analyzed
08:25:34.660 [main] ERROR org.sonar.java.model.VisitorsBridge - Unable to create symbol table for : 'src/test/file/ImplicitWait.java'
java.lang.IllegalArgumentException: null
	at org.objectweb.asm.ClassVisitor.<init>(Unknown Source) ~[classes/:na]
	at org.objectweb.asm.ClassVisitor.<init>(Unknown Source) ~[classes/:na]
	at org.sonar.java.resolve.BytecodeVisitor.<init>(BytecodeVisitor.java:61) ~[sonar-java-plugin-5.14.0.18788.jar:na]
	at org.sonar.java.resolve.BytecodeCompleter.complete(BytecodeCompleter.java:88) ~[sonar-java-plugin-5.14.0.18788.jar:na]
	at org.sonar.java.resolve.JavaSymbol.complete(JavaSymbol.java:114) ~[sonar-java-plugin-5.14.0.18788.jar:na]
	at org.sonar.java.resolve.JavaSymbol$TypeJavaSymbol.members(JavaSymbol.java:379) ~[sonar-java-plugin-5.14.0.18788.jar:na]
	at org.sonar.java.resolve.Resolve.findMemberType(Resolve.java:214) ~[sonar-java-plugin-5.14.0.18788.jar:na]
	at org.sonar.java.resolve.Resolve.findMemberType(Resolve.java:222) ~[sonar-java-plugin-5.14.0.18788.jar:na]
	at org.sonar.java.resolve.Resolve.findType(Resolve.java:255) ~[sonar-java-plugin-5.14.0.18788.jar:na]
	at org.sonar.java.resolve.Resolve.findIdent(Resolve.java:315) ~[sonar-java-plugin-5.14.0.18788.jar:na]
	at org.sonar.java.resolve.TypeAndReferenceSolver.resolveAs(TypeAndReferenceSolver.java:399) ~[sonar-java-plugin-5.14.0.18788.jar:na]
	at org.sonar.java.resolve.TypeAndReferenceSolver.resolveAs(TypeAndReferenceSolver.java:373) ~[sonar-java-plugin-5.14.0.18788.jar:na]
	at org.sonar.java.resolve.SecondPass.resolveType(SecondPass.java:251) ~[sonar-java-plugin-5.14.0.18788.jar:na]
	at org.sonar.java.resolve.SecondPass.complete(SecondPass.java:240) ~[sonar-java-plugin-5.14.0.18788.jar:na]
	at org.sonar.java.resolve.SecondPass.complete(SecondPass.java:67) ~[sonar-java-plugin-5.14.0.18788.jar:na]
	at org.sonar.java.resolve.JavaSymbol.complete(JavaSymbol.java:114) ~[sonar-java-plugin-5.14.0.18788.jar:na]
	at org.sonar.java.resolve.FirstPass.completeSymbols(FirstPass.java:101) ~[sonar-java-plugin-5.14.0.18788.jar:na]
	at org.sonar.java.resolve.FirstPass.visitCompilationUnit(FirstPass.java:132) ~[sonar-java-plugin-5.14.0.18788.jar:na]
	at org.sonar.java.resolve.SemanticModel.createFor(SemanticModel.java:64) ~[sonar-java-plugin-5.14.0.18788.jar:na]
	at org.sonar.java.model.VisitorsBridge.visitFile(VisitorsBridge.java:122) ~[sonar-java-plugin-5.14.0.18788.jar:na]
	at org.sonar.java.ast.JavaAstScanner.simpleScan(JavaAstScanner.java:90) [sonar-java-plugin-5.14.0.18788.jar:na]
	at org.sonar.java.ast.JavaAstScanner.scan(JavaAstScanner.java:67) [sonar-java-plugin-5.14.0.18788.jar:na]
	at org.sonar.java.ast.JavaAstScanner.scanSingleFileForTests(JavaAstScanner.java:139) [sonar-java-plugin-5.14.0.18788.jar:na]
	at org.sonar.java.checks.verifier.JavaCheckVerifier.scanFile(JavaCheckVerifier.java:281) [java-checks-testkit-5.14.0.18788.jar:na]
	at org.sonar.java.checks.verifier.JavaCheckVerifier.scanFile(JavaCheckVerifier.java:268) [java-checks-testkit-5.14.0.18788.jar:na]
	at org.sonar.java.checks.verifier.JavaCheckVerifier.scanFile(JavaCheckVerifier.java:222) [java-checks-testkit-5.14.0.18788.jar:na]
	at org.sonar.java.checks.verifier.JavaCheckVerifier.verify(JavaCheckVerifier.java:106) [java-checks-testkit-5.14.0.18788.jar:na]
	at it.ding.sonar.check.WebDriverChecksTest.shouldAvoidImplicitWaits(WebDriverChecksTest.java:60) [test-classes/:na]
	at sun.reflect.NativeMethodAccessorImpl.invoke0(Native Method) ~[na:1.8.0_262]
	at sun.reflect.NativeMethodAccessorImpl.invoke(NativeMethodAccessorImpl.java:62) ~[na:1.8.0_262]
	at sun.reflect.DelegatingMethodAccessorImpl.invoke(DelegatingMethodAccessorImpl.java:43) ~[na:1.8.0_262]
	at java.lang.reflect.Method.invoke(Method.java:498) ~[na:1.8.0_262]
	at org.junit.runners.model.FrameworkMethod$1.runReflectiveCall(FrameworkMethod.java:47) [junit-4.11.jar:na]
	at org.junit.internal.runners.model.ReflectiveCallable.run(ReflectiveCallable.java:12) [junit-4.11.jar:na]
	at org.junit.runners.model.FrameworkMethod.invokeExplosively(FrameworkMethod.java:44) [junit-4.11.jar:na]
	at org.junit.internal.runners.statements.InvokeMethod.evaluate(InvokeMethod.java:17) [junit-4.11.jar:na]
	at org.junit.runners.ParentRunner.runLeaf(ParentRunner.java:271) [junit-4.11.jar:na]
	at org.junit.runners.BlockJUnit4ClassRunner.runChild(BlockJUnit4ClassRunner.java:70) [junit-4.11.jar:na]
	at org.junit.runners.BlockJUnit4ClassRunner.runChild(BlockJUnit4ClassRunner.java:50) [junit-4.11.jar:na]
	at org.junit.runners.ParentRunner$3.run(ParentRunner.java:238) [junit-4.11.jar:na]
	at org.junit.runners.ParentRunner$1.schedule(ParentRunner.java:63) [junit-4.11.jar:na]
	at org.junit.runners.ParentRunner.runChildren(ParentRunner.java:236) [junit-4.11.jar:na]
	at org.junit.runners.ParentRunner.access$000(ParentRunner.java:53) [junit-4.11.jar:na]
	at org.junit.runners.ParentRunner$2.evaluate(ParentRunner.java:229) [junit-4.11.jar:na]
	at org.junit.runners.ParentRunner.run(ParentRunner.java:309) [junit-4.11.jar:na]
	at org.apache.maven.surefire.junit4.JUnit4Provider.execute(JUnit4Provider.java:367) [surefire-junit4-2.19.1.jar:2.19.1]
	at org.apache.maven.surefire.junit4.JUnit4Provider.executeWithRerun(JUnit4Provider.java:274) [surefire-junit4-2.19.1.jar:2.19.1]
	at org.apache.maven.surefire.junit4.JUnit4Provider.executeTestSet(JUnit4Provider.java:238) [surefire-junit4-2.19.1.jar:2.19.1]
	at org.apache.maven.surefire.junit4.JUnit4Provider.invoke(JUnit4Provider.java:161) [surefire-junit4-2.19.1.jar:2.19.1]
	at org.apache.maven.surefire.booter.ForkedBooter.invokeProviderInSameClassLoader(ForkedBooter.java:290) [surefire-booter-2.19.1.jar:2.19.1]
	at org.apache.maven.surefire.booter.ForkedBooter.runSuitesInProcess(ForkedBooter.java:242) [surefire-booter-2.19.1.jar:2.19.1]
	at org.apache.maven.surefire.booter.ForkedBooter.main(ForkedBooter.java:121) [surefire-booter-2.19.1.jar:2.19.1]
08:25:34.661 [Report about progress of Java AST analyzer] INFO  o.s.analyzer.commons.ProgressReport - 1/1 source files have been analyzed
Tests run: 11, Failures: 11, Errors: 0, Skipped: 0, Time elapsed: 1.548 sec <<< FAILURE! - in it.ding.sonar.check.WebDriverChecksTest
shouldAvoidLocatorsByLinkTextAndTagName(it.ding.sonar.check.WebDriverChecksTest)  Time elapsed: 0.997 sec  <<< FAILURE!
java.lang.AssertionError: Semantic was required but it was not possible to create it. Please checks the logs to find out the reason.
	at it.ding.sonar.check.WebDriverChecksTest.shouldAvoidLocatorsByLinkTextAndTagName(WebDriverChecksTest.java:50)

shouldAvoidHardCodedSleeps(it.ding.sonar.check.WebDriverChecksTest)  Time elapsed: 0.033 sec  <<< FAILURE!
java.lang.AssertionError: Semantic was required but it was not possible to create it. Please checks the logs to find out the reason.
	at it.ding.sonar.check.WebDriverChecksTest.shouldAvoidHardCodedSleeps(WebDriverChecksTest.java:65)

shouldAvoidInvalidIdLocator(it.ding.sonar.check.WebDriverChecksTest)  Time elapsed: 0.08 sec  <<< FAILURE!
java.lang.AssertionError: Semantic was required but it was not possible to create it. Please checks the logs to find out the reason.
	at it.ding.sonar.check.WebDriverChecksTest.shouldAvoidInvalidIdLocator(WebDriverChecksTest.java:30)

shouldAvoidCompoundClassNamesLocator(it.ding.sonar.check.WebDriverChecksTest)  Time elapsed: 0.087 sec  <<< FAILURE!
java.lang.AssertionError: Semantic was required but it was not possible to create it. Please checks the logs to find out the reason.
	at it.ding.sonar.check.WebDriverChecksTest.shouldAvoidCompoundClassNamesLocator(WebDriverChecksTest.java:35)

shouldAvoidCssLocatorTiedToPageLayout(it.ding.sonar.check.WebDriverChecksTest)  Time elapsed: 0.021 sec  <<< FAILURE!
java.lang.AssertionError: Semantic was required but it was not possible to create it. Please checks the logs to find out the reason.
	at it.ding.sonar.check.WebDriverChecksTest.shouldAvoidCssLocatorTiedToPageLayout(WebDriverChecksTest.java:45)

shouldAvoidWebDriverCommandsInTest(it.ding.sonar.check.WebDriverChecksTest)  Time elapsed: 0.014 sec  <<< FAILURE!
java.lang.AssertionError: Semantic was required but it was not possible to create it. Please checks the logs to find out the reason.
	at it.ding.sonar.check.WebDriverChecksTest.shouldAvoidWebDriverCommandsInTest(WebDriverChecksTest.java:19)

shouldAvoidAssertionsInNonTest(it.ding.sonar.check.WebDriverChecksTest)  Time elapsed: 0.084 sec  <<< FAILURE!
java.lang.AssertionError: Semantic was required but it was not possible to create it. Please checks the logs to find out the reason.
	at it.ding.sonar.check.WebDriverChecksTest.shouldAvoidAssertionsInNonTest(WebDriverChecksTest.java:70)

shouldAvoidXpathLocatorTiedToPageLayout(it.ding.sonar.check.WebDriverChecksTest)  Time elapsed: 0.022 sec  <<< FAILURE!
java.lang.AssertionError: Semantic was required but it was not possible to create it. Please checks the logs to find out the reason.
	at it.ding.sonar.check.WebDriverChecksTest.shouldAvoidXpathLocatorTiedToPageLayout(WebDriverChecksTest.java:40)

shouldAvoidExplicitWaitsInTest(it.ding.sonar.check.WebDriverChecksTest)  Time elapsed: 0.058 sec  <<< FAILURE!
java.lang.AssertionError: Semantic was required but it was not possible to create it. Please checks the logs to find out the reason.
	at it.ding.sonar.check.WebDriverChecksTest.shouldAvoidExplicitWaitsInTest(WebDriverChecksTest.java:55)

shouldAvoidLocatorByXpath(it.ding.sonar.check.WebDriverChecksTest)  Time elapsed: 0.027 sec  <<< FAILURE!
java.lang.AssertionError: Semantic was required but it was not possible to create it. Please checks the logs to find out the reason.
	at it.ding.sonar.check.WebDriverChecksTest.shouldAvoidLocatorByXpath(WebDriverChecksTest.java:25)

shouldAvoidImplicitWaits(it.ding.sonar.check.WebDriverChecksTest)  Time elapsed: 0.059 sec  <<< FAILURE!
java.lang.AssertionError: Semantic was required but it was not possible to create it. Please checks the logs to find out the reason.
	at it.ding.sonar.check.WebDriverChecksTest.shouldAvoidImplicitWaits(WebDriverChecksTest.java:60)


Results :

Failed tests: 
  WebDriverChecksTest.shouldAvoidAssertionsInNonTest:70 Semantic was required but it was not possible to create it. Please checks the logs to find out the reason.
  WebDriverChecksTest.shouldAvoidCompoundClassNamesLocator:35 Semantic was required but it was not possible to create it. Please checks the logs to find out the reason.
  WebDriverChecksTest.shouldAvoidCssLocatorTiedToPageLayout:45 Semantic was required but it was not possible to create it. Please checks the logs to find out the reason.
  WebDriverChecksTest.shouldAvoidExplicitWaitsInTest:55 Semantic was required but it was not possible to create it. Please checks the logs to find out the reason.
  WebDriverChecksTest.shouldAvoidHardCodedSleeps:65 Semantic was required but it was not possible to create it. Please checks the logs to find out the reason.
  WebDriverChecksTest.shouldAvoidImplicitWaits:60 Semantic was required but it was not possible to create it. Please checks the logs to find out the reason.
  WebDriverChecksTest.shouldAvoidInvalidIdLocator:30 Semantic was required but it was not possible to create it. Please checks the logs to find out the reason.
  WebDriverChecksTest.shouldAvoidLocatorByXpath:25 Semantic was required but it was not possible to create it. Please checks the logs to find out the reason.
  WebDriverChecksTest.shouldAvoidLocatorsByLinkTextAndTagName:50 Semantic was required but it was not possible to create it. Please checks the logs to find out the reason.
  WebDriverChecksTest.shouldAvoidWebDriverCommandsInTest:19 Semantic was required but it was not possible to create it. Please checks the logs to find out the reason.
  WebDriverChecksTest.shouldAvoidXpathLocatorTiedToPageLayout:40 Semantic was required but it was not possible to create it. Please checks the logs to find out the reason.

Tests run: 11, Failures: 11, Errors: 0, Skipped: 0

[ERROR] There are test failures.

Please refer to /tmp/tmpc_sp6l80/sonar-webdriver-plugin/target/surefire-reports for the individual test results.
[INFO] 
[INFO] --- jacoco-maven-plugin:0.8.5:report (report) @ sonar-webdriver-plugin ---
[INFO] Loading execution data file /tmp/tmpc_sp6l80/sonar-webdriver-plugin/target/jacoco.exec
[INFO] Analyzed bundle 'Sonar WebDriver Plugin' with 1014 classes
[INFO] ------------------------------------------------------------------------
[INFO] BUILD SUCCESS
[INFO] ------------------------------------------------------------------------
[INFO] Total time:  19.310 s
[INFO] Finished at: 2020-07-31T08:25:36Z
[INFO] ------------------------------------------------------------------------
