<?xml version="1.0" encoding="UTF-8"?>
<testsuite xmlns:xsi="http://www.w3.org/2001/XMLSchema-instance" xsi:schemaLocation="https://maven.apache.org/surefire/maven-surefire-plugin/xsd/surefire-test-report.xsd" name="com.github.webdriverextensions.InstallDriversOnMac32BitMachineMojoTest" time="842.406" tests="4" errors="1" skipped="0" failures="0">
  <properties>
    <property name="java.runtime.name" value="OpenJDK Runtime Environment"/>
    <property name="sun.boot.library.path" value="/usr/local/openjdk-8/jre/lib/amd64"/>
    <property name="java.vm.version" value="25.262-b10"/>
    <property name="animal.sniffer.skip" value="true"/>
    <property name="java.vm.vendor" value="Oracle Corporation"/>
    <property name="maven.multiModuleProjectDirectory" value="/tmp/tmpa50jizja/webdriverextensions-maven-plugin"/>
    <property name="maven.javadoc.skip" value="true"/>
    <property name="java.vendor.url" value="http://java.oracle.com/"/>
    <property name="path.separator" value=":"/>
    <property name="guice.disable.misplaced.annotation.check" value="true"/>
    <property name="java.vm.name" value="OpenJDK 64-Bit Server VM"/>
    <property name="file.encoding.pkg" value="sun.io"/>
    <property name="sun.java.launcher" value="SUN_STANDARD"/>
    <property name="sun.os.patch.level" value="unknown"/>
    <property name="source.skip" value="true"/>
    <property name="java.vm.specification.name" value="Java Virtual Machine Specification"/>
    <property name="user.dir" value="/tmp/tmpa50jizja/webdriverextensions-maven-plugin"/>
    <property name="java.runtime.version" value="1.8.0_262-b10"/>
    <property name="java.awt.graphicsenv" value="sun.awt.X11GraphicsEnvironment"/>
    <property name="java.endorsed.dirs" value="/usr/local/openjdk-8/jre/lib/endorsed"/>
    <property name="os.arch" value="amd64"/>
    <property name="java.io.tmpdir" value="/tmp"/>
    <property name="line.separator" value="&#10;"/>
    <property name="java.vm.specification.vendor" value="Oracle Corporation"/>
    <property name="os.name" value="Linux"/>
    <property name="classworlds.conf" value="/usr/share/maven/bin/m2.conf"/>
    <property name="sun.jnu.encoding" value="UTF-8"/>
    <property name="java.library.path" value="/usr/java/packages/lib/amd64:/usr/lib64:/lib64:/lib:/usr/lib"/>
    <property name="license.skip" value="true"/>
    <property name="maven.conf" value="/usr/share/maven/conf"/>
    <property name="java.specification.name" value="Java Platform API Specification"/>
    <property name="java.class.version" value="52.0"/>
    <property name="sun.management.compiler" value="HotSpot 64-Bit Tiered Compilers"/>
    <property name="maven.test.failure.ignore" value="true"/>
    <property name="os.version" value="4.15.0-109-generic"/>
    <property name="library.jansi.path" value="/usr/share/maven/lib/jansi-native"/>
    <property name="user.home" value="/home/jdbl"/>
    <property name="user.timezone" value="Etc/UTC"/>
    <property name="java.awt.printerjob" value="sun.print.PSPrinterJob"/>
    <property name="java.specification.version" value="1.8"/>
    <property name="file.encoding" value="UTF-8"/>
    <property name="user.name" value="jdbl"/>
    <property name="java.class.path" value="/usr/share/maven/boot/plexus-classworlds-2.6.0.jar"/>
    <property name="java.vm.specification.version" value="1.8"/>
    <property name="sun.arch.data.model" value="64"/>
    <property name="java.home" value="/usr/local/openjdk-8/jre"/>
    <property name="sun.java.command" value="org.codehaus.plexus.classworlds.launcher.Launcher test -e --fail-never -ntp -Dmaven.test.failure.ignore=true -B -Dmaven.javadoc.skip=true -Drat.skip=true -Danimal.sniffer.skip=true -Dmaven.javadoc.skip=true -Dlicense.skip=true -Dsource.skip=true"/>
    <property name="java.specification.vendor" value="Oracle Corporation"/>
    <property name="user.language" value="en"/>
    <property name="awt.toolkit" value="sun.awt.X11.XToolkit"/>
    <property name="java.vm.info" value="mixed mode"/>
    <property name="java.version" value="1.8.0_262"/>
    <property name="java.ext.dirs" value="/usr/local/openjdk-8/jre/lib/ext:/usr/java/packages/lib/ext"/>
    <property name="securerandom.source" value="file:/dev/./urandom"/>
    <property name="sun.boot.class.path" value="/usr/local/openjdk-8/jre/lib/resources.jar:/usr/local/openjdk-8/jre/lib/rt.jar:/usr/local/openjdk-8/jre/lib/sunrsasign.jar:/usr/local/openjdk-8/jre/lib/jsse.jar:/usr/local/openjdk-8/jre/lib/jce.jar:/usr/local/openjdk-8/jre/lib/charsets.jar:/usr/local/openjdk-8/jre/lib/jfr.jar:/usr/local/openjdk-8/jre/classes"/>
    <property name="java.vendor" value="Oracle Corporation"/>
    <property name="rat.skip" value="true"/>
    <property name="maven.home" value="/usr/share/maven"/>
    <property name="file.separator" value="/"/>
    <property name="java.vendor.url.bug" value="http://bugreport.sun.com/bugreport/"/>
    <property name="sun.cpu.endian" value="little"/>
    <property name="sun.io.unicode.encoding" value="UnicodeLittle"/>
    <property name="sun.font.fontmanager" value="sun.awt.X11FontManager"/>
    <property name="sun.cpu.isalist" value=""/>
  </properties>
  <testcase name="test_that_driver_configuration_with_no_version_downloads_latest_drivers" classname="com.github.webdriverextensions.InstallDriversOnMac32BitMachineMojoTest" time="495.693">
    <error message="Failed to download driver from &quot;https://github.com/operasoftware/operachromiumdriver/releases/download/v.2.30/operadriver_win32.zip&quot; to &quot;/tmp/webdriverextensions-maven-plugin7292868493116475971/downloads/operadriver-windows-32bit-2.30/operadriver_win32.zip&quot; cause of java.net.SocketTimeoutException: connect timed out&#10;&#10;driver: {&#10;  &quot;name&quot;: &quot;operadriver&quot;,&#10;  &quot;platform&quot;: &quot;windows&quot;,&#10;  &quot;bit&quot;: &quot;32&quot;,&#10;  &quot;version&quot;: &quot;2.30&quot;,&#10;  &quot;url&quot;: &quot;https://github.com/operasoftware/operachromiumdriver/releases/download/v.2.30/operadriver_win32.zip&quot;&#10;}&#10;&#10;downloadDirectory: &#10;/tmp/webdriverextensions-maven-plugin7292868493116475971/downloads&#10;├── phantomjs-mac-64bit-2.1.1/phantomjs-2.1.1-macosx.zip                               16.4 MB&#10;├── phantomjs-mac-64bit-2.1.1/download.completed                                   0&#10;├── chromedriver-linux-64bit-74.0.3729.6/chromedriver_linux64.zip                       4.8 MB&#10;├── chromedriver-linux-64bit-74.0.3729.6/download.completed                        0&#10;├── geckodriver-windows-64bit-0.24.0/download.completed                            0&#10;├── geckodriver-windows-64bit-0.24.0/geckodriver-v0.24.0-win64.zip                      4.5 MB&#10;├── geckodriver-linux-64bit-0.24.0/geckodriver-v0.24.0-linux64.tar.gz                   2.8 MB&#10;├── geckodriver-linux-64bit-0.24.0/download.completed                              0&#10;├── internetexplorerdriver-windows-64bit-3.141.59/download.completed               0&#10;├── internetexplorerdriver-windows-64bit-3.141.59/IEDriverServer_x64_3.141.59.zip       1.2 MB&#10;├── edgedriver-windows-64bit-6.17134/MicrosoftWebDriver.exe                           145.7 kB&#10;├── edgedriver-windows-64bit-6.17134/download.completed                            0&#10;├── phantomjs-linux-32bit-2.1.1/download.completed                                 0&#10;├── phantomjs-linux-32bit-2.1.1/phantomjs-2.1.1-linux-i686.tar.bz2                       23 MB&#10;├── chromedriver-mac-32bit-2.22.0/chromedriver_mac32.zip                                3.7 MB&#10;├── chromedriver-mac-32bit-2.22.0/download.completed                               0&#10;├── phantomjs-linux-64bit-2.1.1/phantomjs-2.1.1-linux-x86_64.tar.bz2                   22.3 MB&#10;├── phantomjs-linux-64bit-2.1.1/download.completed                                 0&#10;├── geckodriver-mac-64bit-0.24.0/geckodriver-v0.24.0-macos.tar.gz                         2 MB&#10;├── geckodriver-mac-64bit-0.24.0/download.completed                                0&#10;├── phantomjs-windows-64bit-2.1.1/phantomjs-2.1.1-windows.zip                          17.4 MB&#10;├── phantomjs-windows-64bit-2.1.1/download.completed                               0&#10;├── internetexplorerdriver-windows-32bit-3.141.59/IEDriverServer_Win32_3.141.59.zip       1 MB&#10;├── internetexplorerdriver-windows-32bit-3.141.59/download.completed               0&#10;├── chromedriver-windows-32bit-74.0.3729.6/chromedriver_win32.zip                       4.4 MB&#10;├── chromedriver-windows-32bit-74.0.3729.6/download.completed                      0&#10;├── chromedriver-linux-32bit-2.33.0/chromedriver_linux32.zip                            3.9 MB&#10;└── chromedriver-linux-32bit-2.33.0/download.completed                             0&#10;&#10;tempDirectory: &#10;/tmp/webdriverextensions-maven-plugin7292868493116475971/temp does not exist&#10;&#10;installationDirectory: &#10;/tmp/tmpa50jizja/webdriverextensions-maven-plugin/src/test/resources/drivers&#10;├── chromedriver-windows-32bit.exe                   8.2 MB&#10;├── internetexplorerdriver-windows-64bit.version     200 B&#10;├── internetexplorerdriver-windows-64bit.exe         3.2 MB&#10;├── geckodriver-linux-64bit                          8.3 MB&#10;├── edgedriver-windows-64bit.exe                   145.7 kB&#10;├── chromedriver-linux-32bit.version                 174 B&#10;├── phantomjs-mac-64bit                             42.9 MB&#10;├── phantomjs-linux-64bit                           64.8 MB&#10;├── phantomjs-linux-64bit.version                    224 B&#10;├── phantomjs-mac-64bit.version                      212 B&#10;├── phantomjs-linux-32bit.version                    222 B&#10;├── chromedriver-linux-64bit                        10.3 MB&#10;├── internetexplorerdriver-windows-32bit.version     202 B&#10;├── geckodriver-windows-64bit.version                197 B&#10;├── phantomjs-windows-64bit.exe                     17.7 MB&#10;├── chromedriver-mac-32bit                          11.6 MB&#10;├── chromedriver-linux-32bit                         8.6 MB&#10;├── geckodriver-mac-64bit                            5.8 MB&#10;├── chromedriver-windows-32bit.version               186 B&#10;├── internetexplorerdriver-windows-32bit.exe         2.9 MB&#10;├── chromedriver-mac-32bit.version                   170 B&#10;├── edgedriver-windows-64bit.version                 208 B&#10;├── geckodriver-linux-64bit.version                  200 B&#10;├── geckodriver-windows-64bit.exe                   13.8 MB&#10;├── phantomjs-windows-64bit.version                  216 B&#10;├── phantomjs-linux-32bit                           67.4 MB&#10;├── geckodriver-mac-64bit.version                    196 B&#10;└── chromedriver-linux-64bit.version                 186 B&#10;" type="com.github.webdriverextensions.InstallDriversMojoExecutionException">com.github.webdriverextensions.InstallDriversMojoExecutionException: 
Failed to download driver from "https://github.com/operasoftware/operachromiumdriver/releases/download/v.2.30/operadriver_win32.zip" to "/tmp/webdriverextensions-maven-plugin7292868493116475971/downloads/operadriver-windows-32bit-2.30/operadriver_win32.zip" cause of java.net.SocketTimeoutException: connect timed out

driver: {
  "name": "operadriver",
  "platform": "windows",
  "bit": "32",
  "version": "2.30",
  "url": "https://github.com/operasoftware/operachromiumdriver/releases/download/v.2.30/operadriver_win32.zip"
}

downloadDirectory: 
/tmp/webdriverextensions-maven-plugin7292868493116475971/downloads
├── phantomjs-mac-64bit-2.1.1/phantomjs-2.1.1-macosx.zip                               16.4 MB
├── phantomjs-mac-64bit-2.1.1/download.completed                                   0
├── chromedriver-linux-64bit-74.0.3729.6/chromedriver_linux64.zip                       4.8 MB
├── chromedriver-linux-64bit-74.0.3729.6/download.completed                        0
├── geckodriver-windows-64bit-0.24.0/download.completed                            0
├── geckodriver-windows-64bit-0.24.0/geckodriver-v0.24.0-win64.zip                      4.5 MB
├── geckodriver-linux-64bit-0.24.0/geckodriver-v0.24.0-linux64.tar.gz                   2.8 MB
├── geckodriver-linux-64bit-0.24.0/download.completed                              0
├── internetexplorerdriver-windows-64bit-3.141.59/download.completed               0
├── internetexplorerdriver-windows-64bit-3.141.59/IEDriverServer_x64_3.141.59.zip       1.2 MB
├── edgedriver-windows-64bit-6.17134/MicrosoftWebDriver.exe                           145.7 kB
├── edgedriver-windows-64bit-6.17134/download.completed                            0
├── phantomjs-linux-32bit-2.1.1/download.completed                                 0
├── phantomjs-linux-32bit-2.1.1/phantomjs-2.1.1-linux-i686.tar.bz2                       23 MB
├── chromedriver-mac-32bit-2.22.0/chromedriver_mac32.zip                                3.7 MB
├── chromedriver-mac-32bit-2.22.0/download.completed                               0
├── phantomjs-linux-64bit-2.1.1/phantomjs-2.1.1-linux-x86_64.tar.bz2                   22.3 MB
├── phantomjs-linux-64bit-2.1.1/download.completed                                 0
├── geckodriver-mac-64bit-0.24.0/geckodriver-v0.24.0-macos.tar.gz                         2 MB
├── geckodriver-mac-64bit-0.24.0/download.completed                                0
├── phantomjs-windows-64bit-2.1.1/phantomjs-2.1.1-windows.zip                          17.4 MB
├── phantomjs-windows-64bit-2.1.1/download.completed                               0
├── internetexplorerdriver-windows-32bit-3.141.59/IEDriverServer_Win32_3.141.59.zip       1 MB
├── internetexplorerdriver-windows-32bit-3.141.59/download.completed               0
├── chromedriver-windows-32bit-74.0.3729.6/chromedriver_win32.zip                       4.4 MB
├── chromedriver-windows-32bit-74.0.3729.6/download.completed                      0
├── chromedriver-linux-32bit-2.33.0/chromedriver_linux32.zip                            3.9 MB
└── chromedriver-linux-32bit-2.33.0/download.completed                             0

tempDirectory: 
/tmp/webdriverextensions-maven-plugin7292868493116475971/temp does not exist

installationDirectory: 
/tmp/tmpa50jizja/webdriverextensions-maven-plugin/src/test/resources/drivers
├── chromedriver-windows-32bit.exe                   8.2 MB
├── internetexplorerdriver-windows-64bit.version     200 B
├── internetexplorerdriver-windows-64bit.exe         3.2 MB
├── geckodriver-linux-64bit                          8.3 MB
├── edgedriver-windows-64bit.exe                   145.7 kB
├── chromedriver-linux-32bit.version                 174 B
├── phantomjs-mac-64bit                             42.9 MB
├── phantomjs-linux-64bit                           64.8 MB
├── phantomjs-linux-64bit.version                    224 B
├── phantomjs-mac-64bit.version                      212 B
├── phantomjs-linux-32bit.version                    222 B
├── chromedriver-linux-64bit                        10.3 MB
├── internetexplorerdriver-windows-32bit.version     202 B
├── geckodriver-windows-64bit.version                197 B
├── phantomjs-windows-64bit.exe                     17.7 MB
├── chromedriver-mac-32bit                          11.6 MB
├── chromedriver-linux-32bit                         8.6 MB
├── geckodriver-mac-64bit                            5.8 MB
├── chromedriver-windows-32bit.version               186 B
├── internetexplorerdriver-windows-32bit.exe         2.9 MB
├── chromedriver-mac-32bit.version                   170 B
├── edgedriver-windows-64bit.version                 208 B
├── geckodriver-linux-64bit.version                  200 B
├── geckodriver-windows-64bit.exe                   13.8 MB
├── phantomjs-windows-64bit.version                  216 B
├── phantomjs-linux-32bit                           67.4 MB
├── geckodriver-mac-64bit.version                    196 B
└── chromedriver-linux-64bit.version                 186 B

	at com.github.webdriverextensions.InstallDriversOnMac32BitMachineMojoTest.test_that_driver_configuration_with_no_version_downloads_latest_drivers(InstallDriversOnMac32BitMachineMojoTest.java:65)
Caused by: org.apache.http.conn.ConnectTimeoutException: Connect to github-production-release-asset-2e65be.s3.amazonaws.com:443 [github-production-release-asset-2e65be.s3.amazonaws.com/52.217.34.52] failed: connect timed out
	at com.github.webdriverextensions.InstallDriversOnMac32BitMachineMojoTest.test_that_driver_configuration_with_no_version_downloads_latest_drivers(InstallDriversOnMac32BitMachineMojoTest.java:65)
Caused by: java.net.SocketTimeoutException: connect timed out
	at com.github.webdriverextensions.InstallDriversOnMac32BitMachineMojoTest.test_that_driver_configuration_with_no_version_downloads_latest_drivers(InstallDriversOnMac32BitMachineMojoTest.java:65)
</error>
    <system-out><![CDATA[

[info] ## TEST: InstallDriversOnMac32BitMachineMojoTest.test_that_driver_configuration_with_no_version_downloads_latest_drivers on platform MAC 32BIT
[info] Installation directory "/tmp/tmpa50jizja/webdriverextensions-maven-plugin/src/test/resources/drivers"
[info] Installing drivers from configuration
[info] chromedriver-linux-32bit version 2.33.0
[info]   Downloading "http://chromedriver.storage.googleapis.com/2.33/chromedriver_linux32.zip" to "/tmp/webdriverextensions-maven-plugin7292868493116475971/downloads/chromedriver-linux-32bit-2.33.0/chromedriver_linux32.zip"
[info]   Extracting "/tmp/webdriverextensions-maven-plugin7292868493116475971/downloads/chromedriver-linux-32bit-2.33.0/chromedriver_linux32.zip" to temp folder
[info] start installing : chromedriver from /tmp/webdriverextensions-maven-plugin7292868493116475971/temp
[info]   Moving (one File) "/tmp/webdriverextensions-maven-plugin7292868493116475971/temp/chromedriver" to "/tmp/tmpa50jizja/webdriverextensions-maven-plugin/src/test/resources/drivers/chromedriver-linux-32bit"
[info] chromedriver-linux-64bit version 74.0.3729.6
[info]   Downloading "http://chromedriver.storage.googleapis.com/74.0.3729.6/chromedriver_linux64.zip" to "/tmp/webdriverextensions-maven-plugin7292868493116475971/downloads/chromedriver-linux-64bit-74.0.3729.6/chromedriver_linux64.zip"
[info]   Extracting "/tmp/webdriverextensions-maven-plugin7292868493116475971/downloads/chromedriver-linux-64bit-74.0.3729.6/chromedriver_linux64.zip" to temp folder
[info] start installing : chromedriver from /tmp/webdriverextensions-maven-plugin7292868493116475971/temp
[info]   Moving (one File) "/tmp/webdriverextensions-maven-plugin7292868493116475971/temp/chromedriver" to "/tmp/tmpa50jizja/webdriverextensions-maven-plugin/src/test/resources/drivers/chromedriver-linux-64bit"
[info] chromedriver-mac-32bit version 2.22.0
[info]   Downloading "http://chromedriver.storage.googleapis.com/2.22/chromedriver_mac32.zip" to "/tmp/webdriverextensions-maven-plugin7292868493116475971/downloads/chromedriver-mac-32bit-2.22.0/chromedriver_mac32.zip"
[info]   Extracting "/tmp/webdriverextensions-maven-plugin7292868493116475971/downloads/chromedriver-mac-32bit-2.22.0/chromedriver_mac32.zip" to temp folder
[info] start installing : chromedriver from /tmp/webdriverextensions-maven-plugin7292868493116475971/temp
[info]   Moving (one File) "/tmp/webdriverextensions-maven-plugin7292868493116475971/temp/chromedriver" to "/tmp/tmpa50jizja/webdriverextensions-maven-plugin/src/test/resources/drivers/chromedriver-mac-32bit"
[info] chromedriver-windows-32bit version 74.0.3729.6
[info]   Downloading "http://chromedriver.storage.googleapis.com/74.0.3729.6/chromedriver_win32.zip" to "/tmp/webdriverextensions-maven-plugin7292868493116475971/downloads/chromedriver-windows-32bit-74.0.3729.6/chromedriver_win32.zip"
[info]   Extracting "/tmp/webdriverextensions-maven-plugin7292868493116475971/downloads/chromedriver-windows-32bit-74.0.3729.6/chromedriver_win32.zip" to temp folder
[info] start installing : chromedriver from /tmp/webdriverextensions-maven-plugin7292868493116475971/temp
[info]   Moving (one File) "/tmp/webdriverextensions-maven-plugin7292868493116475971/temp/chromedriver.exe" to "/tmp/tmpa50jizja/webdriverextensions-maven-plugin/src/test/resources/drivers/chromedriver-windows-32bit.exe"
[info] internetexplorerdriver-windows-32bit version 3.141.59
[info]   Downloading "http://selenium-release.storage.googleapis.com/3.141/IEDriverServer_Win32_3.141.59.zip" to "/tmp/webdriverextensions-maven-plugin7292868493116475971/downloads/internetexplorerdriver-windows-32bit-3.141.59/IEDriverServer_Win32_3.141.59.zip"
[info]   Extracting "/tmp/webdriverextensions-maven-plugin7292868493116475971/downloads/internetexplorerdriver-windows-32bit-3.141.59/IEDriverServer_Win32_3.141.59.zip" to temp folder
[info] start installing : internetexplorerdriver from /tmp/webdriverextensions-maven-plugin7292868493116475971/temp
[info]   Moving (one File) "/tmp/webdriverextensions-maven-plugin7292868493116475971/temp/IEDriverServer.exe" to "/tmp/tmpa50jizja/webdriverextensions-maven-plugin/src/test/resources/drivers/internetexplorerdriver-windows-32bit.exe"
[info] internetexplorerdriver-windows-64bit version 3.141.59
[info]   Downloading "http://selenium-release.storage.googleapis.com/3.141/IEDriverServer_x64_3.141.59.zip" to "/tmp/webdriverextensions-maven-plugin7292868493116475971/downloads/internetexplorerdriver-windows-64bit-3.141.59/IEDriverServer_x64_3.141.59.zip"
[info]   Extracting "/tmp/webdriverextensions-maven-plugin7292868493116475971/downloads/internetexplorerdriver-windows-64bit-3.141.59/IEDriverServer_x64_3.141.59.zip" to temp folder
[info] start installing : internetexplorerdriver from /tmp/webdriverextensions-maven-plugin7292868493116475971/temp
[info]   Moving (one File) "/tmp/webdriverextensions-maven-plugin7292868493116475971/temp/IEDriverServer.exe" to "/tmp/tmpa50jizja/webdriverextensions-maven-plugin/src/test/resources/drivers/internetexplorerdriver-windows-64bit.exe"
[info] phantomjs-linux-32bit version 2.1.1
[info]   Downloading "https://bitbucket.org/ariya/phantomjs/downloads/phantomjs-2.1.1-linux-i686.tar.bz2" to "/tmp/webdriverextensions-maven-plugin7292868493116475971/downloads/phantomjs-linux-32bit-2.1.1/phantomjs-2.1.1-linux-i686.tar.bz2"
[info]   Extracting "/tmp/webdriverextensions-maven-plugin7292868493116475971/downloads/phantomjs-linux-32bit-2.1.1/phantomjs-2.1.1-linux-i686.tar.bz2" to temp folder
[info] start installing : phantomjs from /tmp/webdriverextensions-maven-plugin7292868493116475971/temp
[info]   Moving (one File) "/tmp/webdriverextensions-maven-plugin7292868493116475971/temp/phantomjs" to "/tmp/tmpa50jizja/webdriverextensions-maven-plugin/src/test/resources/drivers/phantomjs-linux-32bit"
[info] phantomjs-linux-64bit version 2.1.1
[info]   Downloading "https://bitbucket.org/ariya/phantomjs/downloads/phantomjs-2.1.1-linux-x86_64.tar.bz2" to "/tmp/webdriverextensions-maven-plugin7292868493116475971/downloads/phantomjs-linux-64bit-2.1.1/phantomjs-2.1.1-linux-x86_64.tar.bz2"
[info]   Extracting "/tmp/webdriverextensions-maven-plugin7292868493116475971/downloads/phantomjs-linux-64bit-2.1.1/phantomjs-2.1.1-linux-x86_64.tar.bz2" to temp folder
[info] start installing : phantomjs from /tmp/webdriverextensions-maven-plugin7292868493116475971/temp
[info]   Moving (one File) "/tmp/webdriverextensions-maven-plugin7292868493116475971/temp/phantomjs" to "/tmp/tmpa50jizja/webdriverextensions-maven-plugin/src/test/resources/drivers/phantomjs-linux-64bit"
[info] phantomjs-mac-64bit version 2.1.1
[info]   Downloading "https://bitbucket.org/ariya/phantomjs/downloads/phantomjs-2.1.1-macosx.zip" to "/tmp/webdriverextensions-maven-plugin7292868493116475971/downloads/phantomjs-mac-64bit-2.1.1/phantomjs-2.1.1-macosx.zip"
[info]   Extracting "/tmp/webdriverextensions-maven-plugin7292868493116475971/downloads/phantomjs-mac-64bit-2.1.1/phantomjs-2.1.1-macosx.zip" to temp folder
[info] start installing : phantomjs from /tmp/webdriverextensions-maven-plugin7292868493116475971/temp
[info]   Moving (one File) "/tmp/webdriverextensions-maven-plugin7292868493116475971/temp/phantomjs" to "/tmp/tmpa50jizja/webdriverextensions-maven-plugin/src/test/resources/drivers/phantomjs-mac-64bit"
[info] phantomjs-windows-64bit version 2.1.1
[info]   Downloading "https://bitbucket.org/ariya/phantomjs/downloads/phantomjs-2.1.1-windows.zip" to "/tmp/webdriverextensions-maven-plugin7292868493116475971/downloads/phantomjs-windows-64bit-2.1.1/phantomjs-2.1.1-windows.zip"
[info]   Extracting "/tmp/webdriverextensions-maven-plugin7292868493116475971/downloads/phantomjs-windows-64bit-2.1.1/phantomjs-2.1.1-windows.zip" to temp folder
[info] start installing : phantomjs from /tmp/webdriverextensions-maven-plugin7292868493116475971/temp
[info]   Moving (one File) "/tmp/webdriverextensions-maven-plugin7292868493116475971/temp/phantomjs.exe" to "/tmp/tmpa50jizja/webdriverextensions-maven-plugin/src/test/resources/drivers/phantomjs-windows-64bit.exe"
[info] geckodriver-windows-64bit version 0.24.0
[info]   Downloading "https://github.com/mozilla/geckodriver/releases/download/v0.24.0/geckodriver-v0.24.0-win64.zip" to "/tmp/webdriverextensions-maven-plugin7292868493116475971/downloads/geckodriver-windows-64bit-0.24.0/geckodriver-v0.24.0-win64.zip"
[info]   Extracting "/tmp/webdriverextensions-maven-plugin7292868493116475971/downloads/geckodriver-windows-64bit-0.24.0/geckodriver-v0.24.0-win64.zip" to temp folder
[info] start installing : geckodriver from /tmp/webdriverextensions-maven-plugin7292868493116475971/temp
[info]   Moving (one File) "/tmp/webdriverextensions-maven-plugin7292868493116475971/temp/geckodriver.exe" to "/tmp/tmpa50jizja/webdriverextensions-maven-plugin/src/test/resources/drivers/geckodriver-windows-64bit.exe"
[info] geckodriver-linux-64bit version 0.24.0
[info]   Downloading "https://github.com/mozilla/geckodriver/releases/download/v0.24.0/geckodriver-v0.24.0-linux64.tar.gz" to "/tmp/webdriverextensions-maven-plugin7292868493116475971/downloads/geckodriver-linux-64bit-0.24.0/geckodriver-v0.24.0-linux64.tar.gz"
[info]   Extracting "/tmp/webdriverextensions-maven-plugin7292868493116475971/downloads/geckodriver-linux-64bit-0.24.0/geckodriver-v0.24.0-linux64.tar.gz" to temp folder
[info] start installing : geckodriver from /tmp/webdriverextensions-maven-plugin7292868493116475971/temp
[info]   Moving (one File) "/tmp/webdriverextensions-maven-plugin7292868493116475971/temp/geckodriver" to "/tmp/tmpa50jizja/webdriverextensions-maven-plugin/src/test/resources/drivers/geckodriver-linux-64bit"
[info] geckodriver-mac-64bit version 0.24.0
[info]   Downloading "https://github.com/mozilla/geckodriver/releases/download/v0.24.0/geckodriver-v0.24.0-macos.tar.gz" to "/tmp/webdriverextensions-maven-plugin7292868493116475971/downloads/geckodriver-mac-64bit-0.24.0/geckodriver-v0.24.0-macos.tar.gz"
[info]   Extracting "/tmp/webdriverextensions-maven-plugin7292868493116475971/downloads/geckodriver-mac-64bit-0.24.0/geckodriver-v0.24.0-macos.tar.gz" to temp folder
[info] start installing : geckodriver from /tmp/webdriverextensions-maven-plugin7292868493116475971/temp
[info]   Moving (one File) "/tmp/webdriverextensions-maven-plugin7292868493116475971/temp/geckodriver" to "/tmp/tmpa50jizja/webdriverextensions-maven-plugin/src/test/resources/drivers/geckodriver-mac-64bit"
[info] edgedriver-windows-64bit version 6.17134
[info]   Downloading "https://download.microsoft.com/download/F/8/A/F8AF50AB-3C3A-4BC4-8773-DC27B32988DD/MicrosoftWebDriver.exe" to "/tmp/webdriverextensions-maven-plugin7292868493116475971/downloads/edgedriver-windows-64bit-6.17134/MicrosoftWebDriver.exe"
[info]   Copying "/tmp/webdriverextensions-maven-plugin7292868493116475971/downloads/edgedriver-windows-64bit-6.17134/MicrosoftWebDriver.exe" to temp folder
[info] start installing : edgedriver from /tmp/webdriverextensions-maven-plugin7292868493116475971/temp
[info]   Moving (one File) "/tmp/webdriverextensions-maven-plugin7292868493116475971/temp/MicrosoftWebDriver.exe" to "/tmp/tmpa50jizja/webdriverextensions-maven-plugin/src/test/resources/drivers/edgedriver-windows-64bit.exe"
[info] operadriver-windows-32bit version 2.30
[info]   Downloading "https://github.com/operasoftware/operachromiumdriver/releases/download/v.2.30/operadriver_win32.zip" to "/tmp/webdriverextensions-maven-plugin7292868493116475971/downloads/operadriver-windows-32bit-2.30/operadriver_win32.zip"
]]></system-out>
  </testcase>
  <testcase name="test_that_driver_configuration_with_no_bit_downloads_the_driver_only_for_the_current_bit" classname="com.github.webdriverextensions.InstallDriversOnMac32BitMachineMojoTest" time="247.367"/>
  <testcase name="test_that_driver_configuration_with_no_platform_downloads_the_driver_only_for_the_current_platform" classname="com.github.webdriverextensions.InstallDriversOnMac32BitMachineMojoTest" time="97.392"/>
  <testcase name="test_that_no_configuration_downloads_the_latest_driver_for_the_current_platform" classname="com.github.webdriverextensions.InstallDriversOnMac32BitMachineMojoTest" time="1.952"/>
</testsuite>