[INFO] Error stacktraces are turned on.
[INFO] Scanning for projects...
[INFO] 
[INFO] -------------------------< net.contargo:iris >--------------------------
[INFO] Building net.contargo:iris 1.15-SNAPSHOT
[INFO] --------------------------------[ war ]---------------------------------
[INFO] 
[INFO] --- jacoco-maven-plugin:0.8.5:prepare-agent (default) @ iris ---
[INFO] argLine set to -javaagent:/home/jdbl/.m2/repository/org/jacoco/org.jacoco.agent/0.8.5/org.jacoco.agent-0.8.5-runtime.jar=destfile=/tmp/tmpzjmdwvq7/iris/target/jacoco.exec
[INFO] 
[INFO] --- maven-resources-plugin:2.6:resources (default-resources) @ iris ---
[INFO] Using 'UTF-8' encoding to copy filtered resources.
[INFO] Copying 52 resources
[INFO] Copying 1 resource
[INFO] 
[INFO] --- maven-compiler-plugin:3.8.0:compile (default-compile) @ iris ---
[INFO] Changes detected - recompiling the module!
[INFO] Compiling 350 source files to /tmp/tmpzjmdwvq7/iris/target/classes
[INFO] /tmp/tmpzjmdwvq7/iris/src/main/java/net/contargo/iris/security/SecurityConfig.java: Some input files use or override a deprecated API.
[INFO] /tmp/tmpzjmdwvq7/iris/src/main/java/net/contargo/iris/security/SecurityConfig.java: Recompile with -Xlint:deprecation for details.
[INFO] 
[INFO] --- maven-resources-plugin:2.6:testResources (default-testResources) @ iris ---
[INFO] Using 'UTF-8' encoding to copy filtered resources.
[INFO] Copying 8 resources
[INFO] 
[INFO] --- maven-compiler-plugin:3.8.0:testCompile (default-testCompile) @ iris ---
[INFO] Changes detected - recompiling the module!
[INFO] Compiling 214 source files to /tmp/tmpzjmdwvq7/iris/target/test-classes
[INFO] /tmp/tmpzjmdwvq7/iris/src/test/java/net/contargo/iris/address/AddressUnitTest.java: Some input files use or override a deprecated API.
[INFO] /tmp/tmpzjmdwvq7/iris/src/test/java/net/contargo/iris/address/AddressUnitTest.java: Recompile with -Xlint:deprecation for details.
[INFO] /tmp/tmpzjmdwvq7/iris/src/test/java/net/contargo/iris/address/api/AddressApiControllerMvcUnitTest.java: /tmp/tmpzjmdwvq7/iris/src/test/java/net/contargo/iris/address/api/AddressApiControllerMvcUnitTest.java uses unchecked or unsafe operations.
[INFO] /tmp/tmpzjmdwvq7/iris/src/test/java/net/contargo/iris/address/api/AddressApiControllerMvcUnitTest.java: Recompile with -Xlint:unchecked for details.
[INFO] 
[INFO] --- maven-surefire-plugin:2.19.1:test (default-test) @ iris ---
[INFO] Surefire report directory: /tmp/tmpzjmdwvq7/iris/target/surefire-reports

-------------------------------------------------------
 T E S T S
-------------------------------------------------------
Running net.contargo.iris.distance.service.ConnectionDistanceServiceImplUnitTest
Tests run: 6, Failures: 0, Errors: 0, Skipped: 0, Time elapsed: 0.304 sec - in net.contargo.iris.distance.service.ConnectionDistanceServiceImplUnitTest
Running net.contargo.iris.distance.service.DistanceServiceImplUnitTest
Tests run: 2, Failures: 0, Errors: 0, Skipped: 0, Time elapsed: 0.001 sec - in net.contargo.iris.distance.service.DistanceServiceImplUnitTest
Running net.contargo.iris.gis.service.GisServiceImplUnitTest
Tests run: 1, Failures: 0, Errors: 0, Skipped: 0, Time elapsed: 0.086 sec - in net.contargo.iris.gis.service.GisServiceImplUnitTest
Running net.contargo.iris.gis.api.AirlineDistanceApiControllerMvcUnitTest
2020-08-03 11:34:42,225 | ERROR  | main | net.contargo.iris.api.PublicAPIExceptionHandler         | REST-API Exception by null:  
java.lang.IllegalArgumentException: null
	at net.contargo.iris.gis.api.AirlineDistanceApiController.validateLatitude(AirlineDistanceApiController.java:93)
	at net.contargo.iris.gis.api.AirlineDistanceApiController.validateGeoCoordinates(AirlineDistanceApiController.java:80)
	at net.contargo.iris.gis.api.AirlineDistanceApiController.airlineDistance(AirlineDistanceApiController.java:68)
	at sun.reflect.NativeMethodAccessorImpl.invoke0(Native Method)
	at sun.reflect.NativeMethodAccessorImpl.invoke(NativeMethodAccessorImpl.java:62)
	at sun.reflect.DelegatingMethodAccessorImpl.invoke(DelegatingMethodAccessorImpl.java:43)
	at java.lang.reflect.Method.invoke(Method.java:498)
	at org.springframework.web.method.support.InvocableHandlerMethod.doInvoke(InvocableHandlerMethod.java:205)
	at org.springframework.web.method.support.InvocableHandlerMethod.invokeForRequest(InvocableHandlerMethod.java:133)
	at org.springframework.web.servlet.mvc.method.annotation.ServletInvocableHandlerMethod.invokeAndHandle(ServletInvocableHandlerMethod.java:97)
	at org.springframework.web.servlet.mvc.method.annotation.RequestMappingHandlerAdapter.invokeHandlerMethod(RequestMappingHandlerAdapter.java:849)
	at org.springframework.web.servlet.mvc.method.annotation.RequestMappingHandlerAdapter.handleInternal(RequestMappingHandlerAdapter.java:760)
	at org.springframework.web.servlet.mvc.method.AbstractHandlerMethodAdapter.handle(AbstractHandlerMethodAdapter.java:85)
	at org.springframework.web.servlet.DispatcherServlet.doDispatch(DispatcherServlet.java:967)
	at org.springframework.web.servlet.DispatcherServlet.doService(DispatcherServlet.java:901)
	at org.springframework.web.servlet.FrameworkServlet.processRequest(FrameworkServlet.java:970)
	at org.springframework.web.servlet.FrameworkServlet.doGet(FrameworkServlet.java:861)
	at javax.servlet.http.HttpServlet.service(HttpServlet.java:687)
	at org.springframework.web.servlet.FrameworkServlet.service(FrameworkServlet.java:846)
	at org.springframework.test.web.servlet.TestDispatcherServlet.service(TestDispatcherServlet.java:71)
	at javax.servlet.http.HttpServlet.service(HttpServlet.java:790)
	at org.springframework.mock.web.MockFilterChain$ServletFilterProxy.doFilter(MockFilterChain.java:160)
	at org.springframework.mock.web.MockFilterChain.doFilter(MockFilterChain.java:127)
	at org.springframework.test.web.servlet.MockMvc.perform(MockMvc.java:151)
	at net.contargo.iris.gis.api.AirlineDistanceApiControllerMvcUnitTest.badRequestOnInvalidGeoCoordinates(AirlineDistanceApiControllerMvcUnitTest.java:83)
	at sun.reflect.NativeMethodAccessorImpl.invoke0(Native Method)
	at sun.reflect.NativeMethodAccessorImpl.invoke(NativeMethodAccessorImpl.java:62)
	at sun.reflect.DelegatingMethodAccessorImpl.invoke(DelegatingMethodAccessorImpl.java:43)
	at java.lang.reflect.Method.invoke(Method.java:498)
	at org.junit.runners.model.FrameworkMethod$1.runReflectiveCall(FrameworkMethod.java:50)
	at org.junit.internal.runners.model.ReflectiveCallable.run(ReflectiveCallable.java:12)
	at org.junit.runners.model.FrameworkMethod.invokeExplosively(FrameworkMethod.java:47)
	at org.junit.internal.runners.statements.InvokeMethod.evaluate(InvokeMethod.java:17)
	at org.junit.internal.runners.statements.RunBefores.evaluate(RunBefores.java:26)
	at org.springframework.test.context.junit4.statements.RunBeforeTestMethodCallbacks.evaluate(RunBeforeTestMethodCallbacks.java:75)
	at org.springframework.test.context.junit4.statements.RunAfterTestMethodCallbacks.evaluate(RunAfterTestMethodCallbacks.java:86)
	at org.springframework.test.context.junit4.statements.SpringRepeat.evaluate(SpringRepeat.java:84)
	at org.junit.runners.ParentRunner.runLeaf(ParentRunner.java:325)
	at org.springframework.test.context.junit4.SpringJUnit4ClassRunner.runChild(SpringJUnit4ClassRunner.java:252)
	at org.springframework.test.context.junit4.SpringJUnit4ClassRunner.runChild(SpringJUnit4ClassRunner.java:94)
	at org.junit.runners.ParentRunner$3.run(ParentRunner.java:290)
	at org.junit.runners.ParentRunner$1.schedule(ParentRunner.java:71)
	at org.junit.runners.ParentRunner.runChildren(ParentRunner.java:288)
	at org.junit.runners.ParentRunner.access$000(ParentRunner.java:58)
	at org.junit.runners.ParentRunner$2.evaluate(ParentRunner.java:268)
	at org.springframework.test.context.junit4.statements.RunBeforeTestClassCallbacks.evaluate(RunBeforeTestClassCallbacks.java:61)
	at org.springframework.test.context.junit4.statements.RunAfterTestClassCallbacks.evaluate(RunAfterTestClassCallbacks.java:70)
	at org.junit.runners.ParentRunner.run(ParentRunner.java:363)
	at org.springframework.test.context.junit4.SpringJUnit4ClassRunner.run(SpringJUnit4ClassRunner.java:191)
	at org.apache.maven.surefire.junit4.JUnit4Provider.execute(JUnit4Provider.java:367)
	at org.apache.maven.surefire.junit4.JUnit4Provider.executeWithRerun(JUnit4Provider.java:274)
	at org.apache.maven.surefire.junit4.JUnit4Provider.executeTestSet(JUnit4Provider.java:238)
	at org.apache.maven.surefire.junit4.JUnit4Provider.invoke(JUnit4Provider.java:161)
	at org.apache.maven.surefire.booter.ForkedBooter.invokeProviderInSameClassLoader(ForkedBooter.java:290)
	at org.apache.maven.surefire.booter.ForkedBooter.runSuitesInProcess(ForkedBooter.java:242)
	at org.apache.maven.surefire.booter.ForkedBooter.main(ForkedBooter.java:121)
2020-08-03 11:34:42,230 | ERROR  | main | net.contargo.iris.api.PublicAPIExceptionHandler         | REST-API Exception by null:  
java.lang.IllegalArgumentException: null
	at net.contargo.iris.gis.api.AirlineDistanceApiController.validateLatitude(AirlineDistanceApiController.java:93)
	at net.contargo.iris.gis.api.AirlineDistanceApiController.validateGeoCoordinates(AirlineDistanceApiController.java:82)
	at net.contargo.iris.gis.api.AirlineDistanceApiController.airlineDistance(AirlineDistanceApiController.java:68)
	at sun.reflect.NativeMethodAccessorImpl.invoke0(Native Method)
	at sun.reflect.NativeMethodAccessorImpl.invoke(NativeMethodAccessorImpl.java:62)
	at sun.reflect.DelegatingMethodAccessorImpl.invoke(DelegatingMethodAccessorImpl.java:43)
	at java.lang.reflect.Method.invoke(Method.java:498)
	at org.springframework.web.method.support.InvocableHandlerMethod.doInvoke(InvocableHandlerMethod.java:205)
	at org.springframework.web.method.support.InvocableHandlerMethod.invokeForRequest(InvocableHandlerMethod.java:133)
	at org.springframework.web.servlet.mvc.method.annotation.ServletInvocableHandlerMethod.invokeAndHandle(ServletInvocableHandlerMethod.java:97)
	at org.springframework.web.servlet.mvc.method.annotation.RequestMappingHandlerAdapter.invokeHandlerMethod(RequestMappingHandlerAdapter.java:849)
	at org.springframework.web.servlet.mvc.method.annotation.RequestMappingHandlerAdapter.handleInternal(RequestMappingHandlerAdapter.java:760)
	at org.springframework.web.servlet.mvc.method.AbstractHandlerMethodAdapter.handle(AbstractHandlerMethodAdapter.java:85)
	at org.springframework.web.servlet.DispatcherServlet.doDispatch(DispatcherServlet.java:967)
	at org.springframework.web.servlet.DispatcherServlet.doService(DispatcherServlet.java:901)
	at org.springframework.web.servlet.FrameworkServlet.processRequest(FrameworkServlet.java:970)
	at org.springframework.web.servlet.FrameworkServlet.doGet(FrameworkServlet.java:861)
	at javax.servlet.http.HttpServlet.service(HttpServlet.java:687)
	at org.springframework.web.servlet.FrameworkServlet.service(FrameworkServlet.java:846)
	at org.springframework.test.web.servlet.TestDispatcherServlet.service(TestDispatcherServlet.java:71)
	at javax.servlet.http.HttpServlet.service(HttpServlet.java:790)
	at org.springframework.mock.web.MockFilterChain$ServletFilterProxy.doFilter(MockFilterChain.java:160)
	at org.springframework.mock.web.MockFilterChain.doFilter(MockFilterChain.java:127)
	at org.springframework.test.web.servlet.MockMvc.perform(MockMvc.java:151)
	at net.contargo.iris.gis.api.AirlineDistanceApiControllerMvcUnitTest.badRequestOnInvalidGeoCoordinates(AirlineDistanceApiControllerMvcUnitTest.java:85)
	at sun.reflect.NativeMethodAccessorImpl.invoke0(Native Method)
	at sun.reflect.NativeMethodAccessorImpl.invoke(NativeMethodAccessorImpl.java:62)
	at sun.reflect.DelegatingMethodAccessorImpl.invoke(DelegatingMethodAccessorImpl.java:43)
	at java.lang.reflect.Method.invoke(Method.java:498)
	at org.junit.runners.model.FrameworkMethod$1.runReflectiveCall(FrameworkMethod.java:50)
	at org.junit.internal.runners.model.ReflectiveCallable.run(ReflectiveCallable.java:12)
	at org.junit.runners.model.FrameworkMethod.invokeExplosively(FrameworkMethod.java:47)
	at org.junit.internal.runners.statements.InvokeMethod.evaluate(InvokeMethod.java:17)
	at org.junit.internal.runners.statements.RunBefores.evaluate(RunBefores.java:26)
	at org.springframework.test.context.junit4.statements.RunBeforeTestMethodCallbacks.evaluate(RunBeforeTestMethodCallbacks.java:75)
	at org.springframework.test.context.junit4.statements.RunAfterTestMethodCallbacks.evaluate(RunAfterTestMethodCallbacks.java:86)
	at org.springframework.test.context.junit4.statements.SpringRepeat.evaluate(SpringRepeat.java:84)
	at org.junit.runners.ParentRunner.runLeaf(ParentRunner.java:325)
	at org.springframework.test.context.junit4.SpringJUnit4ClassRunner.runChild(SpringJUnit4ClassRunner.java:252)
	at org.springframework.test.context.junit4.SpringJUnit4ClassRunner.runChild(SpringJUnit4ClassRunner.java:94)
	at org.junit.runners.ParentRunner$3.run(ParentRunner.java:290)
	at org.junit.runners.ParentRunner$1.schedule(ParentRunner.java:71)
	at org.junit.runners.ParentRunner.runChildren(ParentRunner.java:288)
	at org.junit.runners.ParentRunner.access$000(ParentRunner.java:58)
	at org.junit.runners.ParentRunner$2.evaluate(ParentRunner.java:268)
	at org.springframework.test.context.junit4.statements.RunBeforeTestClassCallbacks.evaluate(RunBeforeTestClassCallbacks.java:61)
	at org.springframework.test.context.junit4.statements.RunAfterTestClassCallbacks.evaluate(RunAfterTestClassCallbacks.java:70)
	at org.junit.runners.ParentRunner.run(ParentRunner.java:363)
	at org.springframework.test.context.junit4.SpringJUnit4ClassRunner.run(SpringJUnit4ClassRunner.java:191)
	at org.apache.maven.surefire.junit4.JUnit4Provider.execute(JUnit4Provider.java:367)
	at org.apache.maven.surefire.junit4.JUnit4Provider.executeWithRerun(JUnit4Provider.java:274)
	at org.apache.maven.surefire.junit4.JUnit4Provider.executeTestSet(JUnit4Provider.java:238)
	at org.apache.maven.surefire.junit4.JUnit4Provider.invoke(JUnit4Provider.java:161)
	at org.apache.maven.surefire.booter.ForkedBooter.invokeProviderInSameClassLoader(ForkedBooter.java:290)
	at org.apache.maven.surefire.booter.ForkedBooter.runSuitesInProcess(ForkedBooter.java:242)
	at org.apache.maven.surefire.booter.ForkedBooter.main(ForkedBooter.java:121)
2020-08-03 11:34:42,232 | ERROR  | main | net.contargo.iris.api.PublicAPIExceptionHandler         | REST-API Exception by null:  
java.lang.IllegalArgumentException: null
	at net.contargo.iris.gis.api.AirlineDistanceApiController.validateLongitude(AirlineDistanceApiController.java:104)
	at net.contargo.iris.gis.api.AirlineDistanceApiController.validateGeoCoordinates(AirlineDistanceApiController.java:81)
	at net.contargo.iris.gis.api.AirlineDistanceApiController.airlineDistance(AirlineDistanceApiController.java:68)
	at sun.reflect.NativeMethodAccessorImpl.invoke0(Native Method)
	at sun.reflect.NativeMethodAccessorImpl.invoke(NativeMethodAccessorImpl.java:62)
	at sun.reflect.DelegatingMethodAccessorImpl.invoke(DelegatingMethodAccessorImpl.java:43)
	at java.lang.reflect.Method.invoke(Method.java:498)
	at org.springframework.web.method.support.InvocableHandlerMethod.doInvoke(InvocableHandlerMethod.java:205)
	at org.springframework.web.method.support.InvocableHandlerMethod.invokeForRequest(InvocableHandlerMethod.java:133)
	at org.springframework.web.servlet.mvc.method.annotation.ServletInvocableHandlerMethod.invokeAndHandle(ServletInvocableHandlerMethod.java:97)
	at org.springframework.web.servlet.mvc.method.annotation.RequestMappingHandlerAdapter.invokeHandlerMethod(RequestMappingHandlerAdapter.java:849)
	at org.springframework.web.servlet.mvc.method.annotation.RequestMappingHandlerAdapter.handleInternal(RequestMappingHandlerAdapter.java:760)
	at org.springframework.web.servlet.mvc.method.AbstractHandlerMethodAdapter.handle(AbstractHandlerMethodAdapter.java:85)
	at org.springframework.web.servlet.DispatcherServlet.doDispatch(DispatcherServlet.java:967)
	at org.springframework.web.servlet.DispatcherServlet.doService(DispatcherServlet.java:901)
	at org.springframework.web.servlet.FrameworkServlet.processRequest(FrameworkServlet.java:970)
	at org.springframework.web.servlet.FrameworkServlet.doGet(FrameworkServlet.java:861)
	at javax.servlet.http.HttpServlet.service(HttpServlet.java:687)
	at org.springframework.web.servlet.FrameworkServlet.service(FrameworkServlet.java:846)
	at org.springframework.test.web.servlet.TestDispatcherServlet.service(TestDispatcherServlet.java:71)
	at javax.servlet.http.HttpServlet.service(HttpServlet.java:790)
	at org.springframework.mock.web.MockFilterChain$ServletFilterProxy.doFilter(MockFilterChain.java:160)
	at org.springframework.mock.web.MockFilterChain.doFilter(MockFilterChain.java:127)
	at org.springframework.test.web.servlet.MockMvc.perform(MockMvc.java:151)
	at net.contargo.iris.gis.api.AirlineDistanceApiControllerMvcUnitTest.badRequestOnInvalidGeoCoordinates(AirlineDistanceApiControllerMvcUnitTest.java:89)
	at sun.reflect.NativeMethodAccessorImpl.invoke0(Native Method)
	at sun.reflect.NativeMethodAccessorImpl.invoke(NativeMethodAccessorImpl.java:62)
	at sun.reflect.DelegatingMethodAccessorImpl.invoke(DelegatingMethodAccessorImpl.java:43)
	at java.lang.reflect.Method.invoke(Method.java:498)
	at org.junit.runners.model.FrameworkMethod$1.runReflectiveCall(FrameworkMethod.java:50)
	at org.junit.internal.runners.model.ReflectiveCallable.run(ReflectiveCallable.java:12)
	at org.junit.runners.model.FrameworkMethod.invokeExplosively(FrameworkMethod.java:47)
	at org.junit.internal.runners.statements.InvokeMethod.evaluate(InvokeMethod.java:17)
	at org.junit.internal.runners.statements.RunBefores.evaluate(RunBefores.java:26)
	at org.springframework.test.context.junit4.statements.RunBeforeTestMethodCallbacks.evaluate(RunBeforeTestMethodCallbacks.java:75)
	at org.springframework.test.context.junit4.statements.RunAfterTestMethodCallbacks.evaluate(RunAfterTestMethodCallbacks.java:86)
	at org.springframework.test.context.junit4.statements.SpringRepeat.evaluate(SpringRepeat.java:84)
	at org.junit.runners.ParentRunner.runLeaf(ParentRunner.java:325)
	at org.springframework.test.context.junit4.SpringJUnit4ClassRunner.runChild(SpringJUnit4ClassRunner.java:252)
	at org.springframework.test.context.junit4.SpringJUnit4ClassRunner.runChild(SpringJUnit4ClassRunner.java:94)
	at org.junit.runners.ParentRunner$3.run(ParentRunner.java:290)
	at org.junit.runners.ParentRunner$1.schedule(ParentRunner.java:71)
	at org.junit.runners.ParentRunner.runChildren(ParentRunner.java:288)
	at org.junit.runners.ParentRunner.access$000(ParentRunner.java:58)
	at org.junit.runners.ParentRunner$2.evaluate(ParentRunner.java:268)
	at org.springframework.test.context.junit4.statements.RunBeforeTestClassCallbacks.evaluate(RunBeforeTestClassCallbacks.java:61)
	at org.springframework.test.context.junit4.statements.RunAfterTestClassCallbacks.evaluate(RunAfterTestClassCallbacks.java:70)
	at org.junit.runners.ParentRunner.run(ParentRunner.java:363)
	at org.springframework.test.context.junit4.SpringJUnit4ClassRunner.run(SpringJUnit4ClassRunner.java:191)
	at org.apache.maven.surefire.junit4.JUnit4Provider.execute(JUnit4Provider.java:367)
	at org.apache.maven.surefire.junit4.JUnit4Provider.executeWithRerun(JUnit4Provider.java:274)
	at org.apache.maven.surefire.junit4.JUnit4Provider.executeTestSet(JUnit4Provider.java:238)
	at org.apache.maven.surefire.junit4.JUnit4Provider.invoke(JUnit4Provider.java:161)
	at org.apache.maven.surefire.booter.ForkedBooter.invokeProviderInSameClassLoader(ForkedBooter.java:290)
	at org.apache.maven.surefire.booter.ForkedBooter.runSuitesInProcess(ForkedBooter.java:242)
	at org.apache.maven.surefire.booter.ForkedBooter.main(ForkedBooter.java:121)
2020-08-03 11:34:42,233 | ERROR  | main | net.contargo.iris.api.PublicAPIExceptionHandler         | REST-API Exception by null:  
java.lang.IllegalArgumentException: null
	at net.contargo.iris.gis.api.AirlineDistanceApiController.validateLongitude(AirlineDistanceApiController.java:104)
	at net.contargo.iris.gis.api.AirlineDistanceApiController.validateGeoCoordinates(AirlineDistanceApiController.java:83)
	at net.contargo.iris.gis.api.AirlineDistanceApiController.airlineDistance(AirlineDistanceApiController.java:68)
	at sun.reflect.NativeMethodAccessorImpl.invoke0(Native Method)
	at sun.reflect.NativeMethodAccessorImpl.invoke(NativeMethodAccessorImpl.java:62)
	at sun.reflect.DelegatingMethodAccessorImpl.invoke(DelegatingMethodAccessorImpl.java:43)
	at java.lang.reflect.Method.invoke(Method.java:498)
	at org.springframework.web.method.support.InvocableHandlerMethod.doInvoke(InvocableHandlerMethod.java:205)
	at org.springframework.web.method.support.InvocableHandlerMethod.invokeForRequest(InvocableHandlerMethod.java:133)
	at org.springframework.web.servlet.mvc.method.annotation.ServletInvocableHandlerMethod.invokeAndHandle(ServletInvocableHandlerMethod.java:97)
	at org.springframework.web.servlet.mvc.method.annotation.RequestMappingHandlerAdapter.invokeHandlerMethod(RequestMappingHandlerAdapter.java:849)
	at org.springframework.web.servlet.mvc.method.annotation.RequestMappingHandlerAdapter.handleInternal(RequestMappingHandlerAdapter.java:760)
	at org.springframework.web.servlet.mvc.method.AbstractHandlerMethodAdapter.handle(AbstractHandlerMethodAdapter.java:85)
	at org.springframework.web.servlet.DispatcherServlet.doDispatch(DispatcherServlet.java:967)
	at org.springframework.web.servlet.DispatcherServlet.doService(DispatcherServlet.java:901)
	at org.springframework.web.servlet.FrameworkServlet.processRequest(FrameworkServlet.java:970)
	at org.springframework.web.servlet.FrameworkServlet.doGet(FrameworkServlet.java:861)
	at javax.servlet.http.HttpServlet.service(HttpServlet.java:687)
	at org.springframework.web.servlet.FrameworkServlet.service(FrameworkServlet.java:846)
	at org.springframework.test.web.servlet.TestDispatcherServlet.service(TestDispatcherServlet.java:71)
	at javax.servlet.http.HttpServlet.service(HttpServlet.java:790)
	at org.springframework.mock.web.MockFilterChain$ServletFilterProxy.doFilter(MockFilterChain.java:160)
	at org.springframework.mock.web.MockFilterChain.doFilter(MockFilterChain.java:127)
	at org.springframework.test.web.servlet.MockMvc.perform(MockMvc.java:151)
	at net.contargo.iris.gis.api.AirlineDistanceApiControllerMvcUnitTest.badRequestOnInvalidGeoCoordinates(AirlineDistanceApiControllerMvcUnitTest.java:91)
	at sun.reflect.NativeMethodAccessorImpl.invoke0(Native Method)
	at sun.reflect.NativeMethodAccessorImpl.invoke(NativeMethodAccessorImpl.java:62)
	at sun.reflect.DelegatingMethodAccessorImpl.invoke(DelegatingMethodAccessorImpl.java:43)
	at java.lang.reflect.Method.invoke(Method.java:498)
	at org.junit.runners.model.FrameworkMethod$1.runReflectiveCall(FrameworkMethod.java:50)
	at org.junit.internal.runners.model.ReflectiveCallable.run(ReflectiveCallable.java:12)
	at org.junit.runners.model.FrameworkMethod.invokeExplosively(FrameworkMethod.java:47)
	at org.junit.internal.runners.statements.InvokeMethod.evaluate(InvokeMethod.java:17)
	at org.junit.internal.runners.statements.RunBefores.evaluate(RunBefores.java:26)
	at org.springframework.test.context.junit4.statements.RunBeforeTestMethodCallbacks.evaluate(RunBeforeTestMethodCallbacks.java:75)
	at org.springframework.test.context.junit4.statements.RunAfterTestMethodCallbacks.evaluate(RunAfterTestMethodCallbacks.java:86)
	at org.springframework.test.context.junit4.statements.SpringRepeat.evaluate(SpringRepeat.java:84)
	at org.junit.runners.ParentRunner.runLeaf(ParentRunner.java:325)
	at org.springframework.test.context.junit4.SpringJUnit4ClassRunner.runChild(SpringJUnit4ClassRunner.java:252)
	at org.springframework.test.context.junit4.SpringJUnit4ClassRunner.runChild(SpringJUnit4ClassRunner.java:94)
	at org.junit.runners.ParentRunner$3.run(ParentRunner.java:290)
	at org.junit.runners.ParentRunner$1.schedule(ParentRunner.java:71)
	at org.junit.runners.ParentRunner.runChildren(ParentRunner.java:288)
	at org.junit.runners.ParentRunner.access$000(ParentRunner.java:58)
	at org.junit.runners.ParentRunner$2.evaluate(ParentRunner.java:268)
	at org.springframework.test.context.junit4.statements.RunBeforeTestClassCallbacks.evaluate(RunBeforeTestClassCallbacks.java:61)
	at org.springframework.test.context.junit4.statements.RunAfterTestClassCallbacks.evaluate(RunAfterTestClassCallbacks.java:70)
	at org.junit.runners.ParentRunner.run(ParentRunner.java:363)
	at org.springframework.test.context.junit4.SpringJUnit4ClassRunner.run(SpringJUnit4ClassRunner.java:191)
	at org.apache.maven.surefire.junit4.JUnit4Provider.execute(JUnit4Provider.java:367)
	at org.apache.maven.surefire.junit4.JUnit4Provider.executeWithRerun(JUnit4Provider.java:274)
	at org.apache.maven.surefire.junit4.JUnit4Provider.executeTestSet(JUnit4Provider.java:238)
	at org.apache.maven.surefire.junit4.JUnit4Provider.invoke(JUnit4Provider.java:161)
	at org.apache.maven.surefire.booter.ForkedBooter.invokeProviderInSameClassLoader(ForkedBooter.java:290)
	at org.apache.maven.surefire.booter.ForkedBooter.runSuitesInProcess(ForkedBooter.java:242)
	at org.apache.maven.surefire.booter.ForkedBooter.main(ForkedBooter.java:121)
2020-08-03 11:34:42,234 |  WARN  | main | o.s.w.s.mvc.support.DefaultHandlerExceptionResolver     | Resolved [org.springframework.web.bind.MissingServletRequestParameterException: Required String parameter 'alat' is not present] 
Tests run: 2, Failures: 0, Errors: 0, Skipped: 0, Time elapsed: 4.176 sec - in net.contargo.iris.gis.api.AirlineDistanceApiControllerMvcUnitTest
Running net.contargo.iris.gis.api.AirlineDistanceResponseUnitTest
Tests run: 1, Failures: 0, Errors: 0, Skipped: 0, Time elapsed: 0 sec - in net.contargo.iris.gis.api.AirlineDistanceResponseUnitTest
Running net.contargo.iris.gis.dto.AirlineDistanceDtoServiceImplUnitTest
Tests run: 1, Failures: 0, Errors: 0, Skipped: 0, Time elapsed: 0 sec - in net.contargo.iris.gis.dto.AirlineDistanceDtoServiceImplUnitTest
Running net.contargo.iris.co2.service.Co2ServiceImplUnitTest
Tests run: 6, Failures: 0, Errors: 0, Skipped: 0, Time elapsed: 0.001 sec - in net.contargo.iris.co2.service.Co2ServiceImplUnitTest
Running net.contargo.iris.co2.Co2CalculatorUnitTest
Tests run: 4, Failures: 0, Errors: 0, Skipped: 0, Time elapsed: 0 sec - in net.contargo.iris.co2.Co2CalculatorUnitTest
Running net.contargo.iris.co2.advice.Co2PartBargeStrategyUnitTest
Tests run: 2, Failures: 0, Errors: 0, Skipped: 0, Time elapsed: 0 sec - in net.contargo.iris.co2.advice.Co2PartBargeStrategyUnitTest
Running net.contargo.iris.co2.advice.Co2PartRailStrategyUnitTest
Tests run: 2, Failures: 0, Errors: 0, Skipped: 0, Time elapsed: 0 sec - in net.contargo.iris.co2.advice.Co2PartRailStrategyUnitTest
Running net.contargo.iris.co2.advice.Co2PartStrategyAdvisorUnitTest
Tests run: 4, Failures: 0, Errors: 0, Skipped: 0, Time elapsed: 0 sec - in net.contargo.iris.co2.advice.Co2PartStrategyAdvisorUnitTest
Running net.contargo.iris.co2.advice.Co2PartTruckStrategyUnitTest
Tests run: 2, Failures: 0, Errors: 0, Skipped: 0, Time elapsed: 0 sec - in net.contargo.iris.co2.advice.Co2PartTruckStrategyUnitTest
Running net.contargo.iris.co2.advice.Co2PartDtruckStrategyUnitTest
Tests run: 2, Failures: 0, Errors: 0, Skipped: 0, Time elapsed: 0 sec - in net.contargo.iris.co2.advice.Co2PartDtruckStrategyUnitTest
Running net.contargo.iris.normalizer.NormalizerServiceImplUnitTest
Tests run: 8, Failures: 0, Errors: 0, Skipped: 0, Time elapsed: 0 sec - in net.contargo.iris.normalizer.NormalizerServiceImplUnitTest
Running net.contargo.iris.web.RootControllerMvcUnitTest
Tests run: 2, Failures: 0, Errors: 0, Skipped: 0, Time elapsed: 0.349 sec - in net.contargo.iris.web.RootControllerMvcUnitTest
Running net.contargo.iris.connection.web.MainRunConnectionControllerMvcUnitTest
Tests run: 3, Failures: 0, Errors: 0, Skipped: 0, Time elapsed: 0.013 sec - in net.contargo.iris.connection.web.MainRunConnectionControllerMvcUnitTest
Running net.contargo.iris.connection.service.SeaportTerminalConnectionServiceImplUnitTest
Tests run: 4, Failures: 0, Errors: 0, Skipped: 0, Time elapsed: 0.009 sec - in net.contargo.iris.connection.service.SeaportTerminalConnectionServiceImplUnitTest
Running net.contargo.iris.connection.service.MainRunConnectionServiceImplUnitTest
Tests run: 10, Failures: 0, Errors: 0, Skipped: 0, Time elapsed: 0.004 sec - in net.contargo.iris.connection.service.MainRunConnectionServiceImplUnitTest
Running net.contargo.iris.connection.service.SeaportConnectionRoutesServiceImplUnitTest
Tests run: 7, Failures: 0, Errors: 0, Skipped: 0, Time elapsed: 0.02 sec - in net.contargo.iris.connection.service.SeaportConnectionRoutesServiceImplUnitTest
Running net.contargo.iris.connection.MainRunConnectionUnitTest
Tests run: 8, Failures: 0, Errors: 0, Skipped: 0, Time elapsed: 0.001 sec - in net.contargo.iris.connection.MainRunConnectionUnitTest
Running net.contargo.iris.connection.api.MainRunConnectionApiControllerMvcUnitTest
2020-08-03 11:34:42,916 |  WARN  | main | o.s.w.s.m.m.a.ExceptionHandlerExceptionResolver         | Resolved [net.contargo.iris.connection.service.DuplicateMainRunConnectionException: Mainrun connection with given seaport, terminal and route type exists] 
2020-08-03 11:34:42,938 |  WARN  | main | o.s.w.s.m.m.a.ExceptionHandlerExceptionResolver         | Resolved [net.contargo.iris.connection.api.ValidationException] 
2020-08-03 11:34:42,943 |  WARN  | main | o.s.w.s.m.m.a.ExceptionHandlerExceptionResolver         | Resolved [net.contargo.iris.connection.api.ValidationException] 
Tests run: 8, Failures: 0, Errors: 0, Skipped: 0, Time elapsed: 0.217 sec - in net.contargo.iris.connection.api.MainRunConnectionApiControllerMvcUnitTest
Running net.contargo.iris.connection.api.SeaportConnectionApiControllerMvcUnitTest
2020-08-03 11:34:42,958 |  WARN  | main | o.s.w.s.mvc.support.DefaultHandlerExceptionResolver     | Resolved [org.springframework.web.method.annotation.MethodArgumentTypeMismatchException: Failed to convert value of type 'java.lang.String' to required type 'net.contargo.iris.route.RouteCombo'; nested exception is org.springframework.core.convert.ConversionFailedException: Failed to convert from type [java.lang.String] to type [@org.springframework.web.bind.annotation.RequestParam net.contargo.iris.route.RouteCombo] for value 'FOO'; nested exception is java.lang.IllegalArgumentException: No enum constant net.contargo.iris.route.RouteCombo.FOO] 
Tests run: 3, Failures: 0, Errors: 0, Skipped: 0, Time elapsed: 0.046 sec - in net.contargo.iris.connection.api.SeaportConnectionApiControllerMvcUnitTest
Running net.contargo.iris.connection.dto.GeolocationDtoFactoryUnitTest
Tests run: 4, Failures: 0, Errors: 0, Skipped: 0, Time elapsed: 0.001 sec - in net.contargo.iris.connection.dto.GeolocationDtoFactoryUnitTest
Running net.contargo.iris.connection.dto.RoutePartDtoUnitTest
Tests run: 3, Failures: 0, Errors: 0, Skipped: 0, Time elapsed: 0 sec - in net.contargo.iris.connection.dto.RoutePartDtoUnitTest
Running net.contargo.iris.connection.dto.SeaportConnectionRoutesDtoServiceImplUnitTest
Tests run: 2, Failures: 0, Errors: 0, Skipped: 0, Time elapsed: 0.012 sec - in net.contargo.iris.connection.dto.SeaportConnectionRoutesDtoServiceImplUnitTest
Running net.contargo.iris.connection.dto.MainRunConnectionDtoUnitTest
Tests run: 1, Failures: 0, Errors: 0, Skipped: 0, Time elapsed: 0 sec - in net.contargo.iris.connection.dto.MainRunConnectionDtoUnitTest
Running net.contargo.iris.connection.dto.SeaportTerminalConnectionDtoServiceImplUnitTest
Tests run: 2, Failures: 0, Errors: 0, Skipped: 0, Time elapsed: 0 sec - in net.contargo.iris.connection.dto.SeaportTerminalConnectionDtoServiceImplUnitTest
Running net.contargo.iris.connection.dto.MainRunConnectionDtoServiceImplUnitTest
Tests run: 3, Failures: 0, Errors: 0, Skipped: 0, Time elapsed: 0 sec - in net.contargo.iris.connection.dto.MainRunConnectionDtoServiceImplUnitTest
Running net.contargo.iris.connection.advice.MainRunOneWayExportStrategyUnitTest
Tests run: 1, Failures: 0, Errors: 0, Skipped: 0, Time elapsed: 0.003 sec - in net.contargo.iris.connection.advice.MainRunOneWayExportStrategyUnitTest
Running net.contargo.iris.connection.advice.MainRunRoundTripExportStrategyUnitTest
Tests run: 1, Failures: 0, Errors: 0, Skipped: 0, Time elapsed: 0 sec - in net.contargo.iris.connection.advice.MainRunRoundTripExportStrategyUnitTest
Running net.contargo.iris.connection.advice.MainRunOneWayImportStrategyUnitTest
Tests run: 1, Failures: 0, Errors: 0, Skipped: 0, Time elapsed: 0 sec - in net.contargo.iris.connection.advice.MainRunOneWayImportStrategyUnitTest
Running net.contargo.iris.connection.advice.MainRunAdvisorUnitTest
Tests run: 4, Failures: 0, Errors: 0, Skipped: 0, Time elapsed: 0.001 sec - in net.contargo.iris.connection.advice.MainRunAdvisorUnitTest
Running net.contargo.iris.connection.advice.MainRunRoundTripImportStrategyUnitTest
Tests run: 1, Failures: 0, Errors: 0, Skipped: 0, Time elapsed: 0 sec - in net.contargo.iris.connection.advice.MainRunRoundTripImportStrategyUnitTest
Running net.contargo.iris.routing.osrm.OSRMTruckRouteServiceUnitTest
Tests run: 4, Failures: 0, Errors: 0, Skipped: 0, Time elapsed: 0.007 sec - in net.contargo.iris.routing.osrm.OSRMTruckRouteServiceUnitTest
Running net.contargo.iris.routing.osrm.Osrm5QueryStrategyUnitTest
Tests run: 2, Failures: 0, Errors: 0, Skipped: 0, Time elapsed: 0.046 sec - in net.contargo.iris.routing.osrm.Osrm5QueryStrategyUnitTest
Running net.contargo.iris.routing.osrm.Osrm4QueryStrategyUnitTest
Tests run: 3, Failures: 0, Errors: 0, Skipped: 0, Time elapsed: 0.006 sec - in net.contargo.iris.routing.osrm.Osrm4QueryStrategyUnitTest
Running net.contargo.iris.routing.osrm.RoutingQueryStrategyProviderUnitTest
Tests run: 3, Failures: 0, Errors: 0, Skipped: 0, Time elapsed: 0 sec - in net.contargo.iris.routing.osrm.RoutingQueryStrategyProviderUnitTest
Running net.contargo.iris.routing.osrm.OSRM4ResponseUnitTest
Tests run: 3, Failures: 0, Errors: 0, Skipped: 0, Time elapsed: 0 sec - in net.contargo.iris.routing.osrm.OSRM4ResponseUnitTest
Running net.contargo.iris.terminal.RegionUnitTest
Tests run: 4, Failures: 0, Errors: 0, Skipped: 0, Time elapsed: 0.001 sec - in net.contargo.iris.terminal.RegionUnitTest
Running net.contargo.iris.terminal.web.TerminalControllerMvcUnitTest
Tests run: 6, Failures: 0, Errors: 0, Skipped: 0, Time elapsed: 0.088 sec - in net.contargo.iris.terminal.web.TerminalControllerMvcUnitTest
Running net.contargo.iris.terminal.service.TerminalServiceImplUnitTest
2020-08-03 11:34:43,203 |  WARN  | main | net.contargo.iris.terminal.service.TerminalServiceImpl  | Terminal uniqueId 1 already assigned - trying next uniqueId 
Tests run: 15, Failures: 0, Errors: 0, Skipped: 0, Time elapsed: 0.022 sec - in net.contargo.iris.terminal.service.TerminalServiceImplUnitTest
Running net.contargo.iris.terminal.api.TerminalApiControllerMvcUnitTest
2020-08-03 11:34:43,250 | ERROR  | main | net.contargo.iris.api.PublicAPIExceptionHandler         | REST-API Exception by null:  
net.contargo.iris.api.NotFoundException: Cannot find Terminal for UID 314
	at net.contargo.iris.terminal.api.TerminalApiController.getTerminalByUid(TerminalApiController.java:149)
	at sun.reflect.NativeMethodAccessorImpl.invoke0(Native Method)
	at sun.reflect.NativeMethodAccessorImpl.invoke(NativeMethodAccessorImpl.java:62)
	at sun.reflect.DelegatingMethodAccessorImpl.invoke(DelegatingMethodAccessorImpl.java:43)
	at java.lang.reflect.Method.invoke(Method.java:498)
	at org.springframework.web.method.support.InvocableHandlerMethod.doInvoke(InvocableHandlerMethod.java:205)
	at org.springframework.web.method.support.InvocableHandlerMethod.invokeForRequest(InvocableHandlerMethod.java:133)
	at org.springframework.web.servlet.mvc.method.annotation.ServletInvocableHandlerMethod.invokeAndHandle(ServletInvocableHandlerMethod.java:97)
	at org.springframework.web.servlet.mvc.method.annotation.RequestMappingHandlerAdapter.invokeHandlerMethod(RequestMappingHandlerAdapter.java:849)
	at org.springframework.web.servlet.mvc.method.annotation.RequestMappingHandlerAdapter.handleInternal(RequestMappingHandlerAdapter.java:760)
	at org.springframework.web.servlet.mvc.method.AbstractHandlerMethodAdapter.handle(AbstractHandlerMethodAdapter.java:85)
	at org.springframework.web.servlet.DispatcherServlet.doDispatch(DispatcherServlet.java:967)
	at org.springframework.web.servlet.DispatcherServlet.doService(DispatcherServlet.java:901)
	at org.springframework.web.servlet.FrameworkServlet.processRequest(FrameworkServlet.java:970)
	at org.springframework.web.servlet.FrameworkServlet.doGet(FrameworkServlet.java:861)
	at javax.servlet.http.HttpServlet.service(HttpServlet.java:687)
	at org.springframework.web.servlet.FrameworkServlet.service(FrameworkServlet.java:846)
	at org.springframework.test.web.servlet.TestDispatcherServlet.service(TestDispatcherServlet.java:71)
	at javax.servlet.http.HttpServlet.service(HttpServlet.java:790)
	at org.springframework.mock.web.MockFilterChain$ServletFilterProxy.doFilter(MockFilterChain.java:160)
	at org.springframework.mock.web.MockFilterChain.doFilter(MockFilterChain.java:127)
	at org.springframework.test.web.servlet.MockMvc.perform(MockMvc.java:151)
	at net.contargo.iris.terminal.api.TerminalApiControllerMvcUnitTest.getTerminalWithInvalidId(TerminalApiControllerMvcUnitTest.java:244)
	at sun.reflect.NativeMethodAccessorImpl.invoke0(Native Method)
	at sun.reflect.NativeMethodAccessorImpl.invoke(NativeMethodAccessorImpl.java:62)
	at sun.reflect.DelegatingMethodAccessorImpl.invoke(DelegatingMethodAccessorImpl.java:43)
	at java.lang.reflect.Method.invoke(Method.java:498)
	at org.junit.runners.model.FrameworkMethod$1.runReflectiveCall(FrameworkMethod.java:50)
	at org.junit.internal.runners.model.ReflectiveCallable.run(ReflectiveCallable.java:12)
	at org.junit.runners.model.FrameworkMethod.invokeExplosively(FrameworkMethod.java:47)
	at org.junit.internal.runners.statements.InvokeMethod.evaluate(InvokeMethod.java:17)
	at org.junit.internal.runners.statements.RunBefores.evaluate(RunBefores.java:26)
	at org.springframework.test.context.junit4.statements.RunBeforeTestMethodCallbacks.evaluate(RunBeforeTestMethodCallbacks.java:75)
	at org.springframework.test.context.junit4.statements.RunAfterTestMethodCallbacks.evaluate(RunAfterTestMethodCallbacks.java:86)
	at org.springframework.test.context.junit4.statements.SpringRepeat.evaluate(SpringRepeat.java:84)
	at org.junit.runners.ParentRunner.runLeaf(ParentRunner.java:325)
	at org.springframework.test.context.junit4.SpringJUnit4ClassRunner.runChild(SpringJUnit4ClassRunner.java:252)
	at org.springframework.test.context.junit4.SpringJUnit4ClassRunner.runChild(SpringJUnit4ClassRunner.java:94)
	at org.junit.runners.ParentRunner$3.run(ParentRunner.java:290)
	at org.junit.runners.ParentRunner$1.schedule(ParentRunner.java:71)
	at org.junit.runners.ParentRunner.runChildren(ParentRunner.java:288)
	at org.junit.runners.ParentRunner.access$000(ParentRunner.java:58)
	at org.junit.runners.ParentRunner$2.evaluate(ParentRunner.java:268)
	at org.springframework.test.context.junit4.statements.RunBeforeTestClassCallbacks.evaluate(RunBeforeTestClassCallbacks.java:61)
	at org.springframework.test.context.junit4.statements.RunAfterTestClassCallbacks.evaluate(RunAfterTestClassCallbacks.java:70)
	at org.junit.runners.ParentRunner.run(ParentRunner.java:363)
	at org.springframework.test.context.junit4.SpringJUnit4ClassRunner.run(SpringJUnit4ClassRunner.java:191)
	at org.apache.maven.surefire.junit4.JUnit4Provider.execute(JUnit4Provider.java:367)
	at org.apache.maven.surefire.junit4.JUnit4Provider.executeWithRerun(JUnit4Provider.java:274)
	at org.apache.maven.surefire.junit4.JUnit4Provider.executeTestSet(JUnit4Provider.java:238)
	at org.apache.maven.surefire.junit4.JUnit4Provider.invoke(JUnit4Provider.java:161)
	at org.apache.maven.surefire.booter.ForkedBooter.invokeProviderInSameClassLoader(ForkedBooter.java:290)
	at org.apache.maven.surefire.booter.ForkedBooter.runSuitesInProcess(ForkedBooter.java:242)
	at org.apache.maven.surefire.booter.ForkedBooter.main(ForkedBooter.java:121)
Tests run: 8, Failures: 0, Errors: 0, Skipped: 0, Time elapsed: 0.094 sec - in net.contargo.iris.terminal.api.TerminalApiControllerMvcUnitTest
Running net.contargo.iris.terminal.TerminalUnitTest
Tests run: 1, Failures: 0, Errors: 0, Skipped: 0, Time elapsed: 0 sec - in net.contargo.iris.terminal.TerminalUnitTest
Running net.contargo.iris.terminal.dto.TerminalDtoServiceImplUnitTest
Tests run: 8, Failures: 0, Errors: 0, Skipped: 0, Time elapsed: 0.002 sec - in net.contargo.iris.terminal.dto.TerminalDtoServiceImplUnitTest
Running net.contargo.iris.startup.IrisStartupWatcherUnitTest
Tests run: 1, Failures: 0, Errors: 0, Skipped: 0, Time elapsed: 0 sec - in net.contargo.iris.startup.IrisStartupWatcherUnitTest
Running net.contargo.iris.mainrun.service.MainRunDurationServiceImplUnitTest
Tests run: 4, Failures: 0, Errors: 0, Skipped: 0, Time elapsed: 0.001 sec - in net.contargo.iris.mainrun.service.MainRunDurationServiceImplUnitTest
Running net.contargo.iris.api.PublicAPIExceptionHandlerUnitTest
2020-08-03 11:34:43,317 | ERROR  | main | net.contargo.iris.api.PublicAPIExceptionHandler         | REST-API Exception by null:  
java.lang.RuntimeException: This should never happen
	at net.contargo.iris.api.PublicAPIExceptionHandlerUnitTest.resolveRuntimeException(PublicAPIExceptionHandlerUnitTest.java:125)
	at sun.reflect.NativeMethodAccessorImpl.invoke0(Native Method)
	at sun.reflect.NativeMethodAccessorImpl.invoke(NativeMethodAccessorImpl.java:62)
	at sun.reflect.DelegatingMethodAccessorImpl.invoke(DelegatingMethodAccessorImpl.java:43)
	at java.lang.reflect.Method.invoke(Method.java:498)
	at org.junit.runners.model.FrameworkMethod$1.runReflectiveCall(FrameworkMethod.java:50)
	at org.junit.internal.runners.model.ReflectiveCallable.run(ReflectiveCallable.java:12)
	at org.junit.runners.model.FrameworkMethod.invokeExplosively(FrameworkMethod.java:47)
	at org.junit.internal.runners.statements.InvokeMethod.evaluate(InvokeMethod.java:17)
	at org.junit.internal.runners.statements.RunBefores.evaluate(RunBefores.java:26)
	at org.junit.runners.ParentRunner.runLeaf(ParentRunner.java:325)
	at org.junit.runners.BlockJUnit4ClassRunner.runChild(BlockJUnit4ClassRunner.java:78)
	at org.junit.runners.BlockJUnit4ClassRunner.runChild(BlockJUnit4ClassRunner.java:57)
	at org.junit.runners.ParentRunner$3.run(ParentRunner.java:290)
	at org.junit.runners.ParentRunner$1.schedule(ParentRunner.java:71)
	at org.junit.runners.ParentRunner.runChildren(ParentRunner.java:288)
	at org.junit.runners.ParentRunner.access$000(ParentRunner.java:58)
	at org.junit.runners.ParentRunner$2.evaluate(ParentRunner.java:268)
	at org.junit.runners.ParentRunner.run(ParentRunner.java:363)
	at org.mockito.internal.runners.JUnit45AndHigherRunnerImpl.run(JUnit45AndHigherRunnerImpl.java:37)
	at org.mockito.runners.MockitoJUnitRunner.run(MockitoJUnitRunner.java:62)
	at org.apache.maven.surefire.junit4.JUnit4Provider.execute(JUnit4Provider.java:367)
	at org.apache.maven.surefire.junit4.JUnit4Provider.executeWithRerun(JUnit4Provider.java:274)
	at org.apache.maven.surefire.junit4.JUnit4Provider.executeTestSet(JUnit4Provider.java:238)
	at org.apache.maven.surefire.junit4.JUnit4Provider.invoke(JUnit4Provider.java:161)
	at org.apache.maven.surefire.booter.ForkedBooter.invokeProviderInSameClassLoader(ForkedBooter.java:290)
	at org.apache.maven.surefire.booter.ForkedBooter.runSuitesInProcess(ForkedBooter.java:242)
	at org.apache.maven.surefire.booter.ForkedBooter.main(ForkedBooter.java:121)
2020-08-03 11:34:43,318 | ERROR  | main | net.contargo.iris.api.PublicAPIExceptionHandler         | REST-API Exception by null:  
org.springframework.web.client.HttpClientErrorException: 503 Nominatim down
	at net.contargo.iris.api.PublicAPIExceptionHandlerUnitTest.resolveHttpClientErrorException(PublicAPIExceptionHandlerUnitTest.java:98)
	at sun.reflect.NativeMethodAccessorImpl.invoke0(Native Method)
	at sun.reflect.NativeMethodAccessorImpl.invoke(NativeMethodAccessorImpl.java:62)
	at sun.reflect.DelegatingMethodAccessorImpl.invoke(DelegatingMethodAccessorImpl.java:43)
	at java.lang.reflect.Method.invoke(Method.java:498)
	at org.junit.runners.model.FrameworkMethod$1.runReflectiveCall(FrameworkMethod.java:50)
	at org.junit.internal.runners.model.ReflectiveCallable.run(ReflectiveCallable.java:12)
	at org.junit.runners.model.FrameworkMethod.invokeExplosively(FrameworkMethod.java:47)
	at org.junit.internal.runners.statements.InvokeMethod.evaluate(InvokeMethod.java:17)
	at org.junit.internal.runners.statements.RunBefores.evaluate(RunBefores.java:26)
	at org.junit.runners.ParentRunner.runLeaf(ParentRunner.java:325)
	at org.junit.runners.BlockJUnit4ClassRunner.runChild(BlockJUnit4ClassRunner.java:78)
	at org.junit.runners.BlockJUnit4ClassRunner.runChild(BlockJUnit4ClassRunner.java:57)
	at org.junit.runners.ParentRunner$3.run(ParentRunner.java:290)
	at org.junit.runners.ParentRunner$1.schedule(ParentRunner.java:71)
	at org.junit.runners.ParentRunner.runChildren(ParentRunner.java:288)
	at org.junit.runners.ParentRunner.access$000(ParentRunner.java:58)
	at org.junit.runners.ParentRunner$2.evaluate(ParentRunner.java:268)
	at org.junit.runners.ParentRunner.run(ParentRunner.java:363)
	at org.mockito.internal.runners.JUnit45AndHigherRunnerImpl.run(JUnit45AndHigherRunnerImpl.java:37)
	at org.mockito.runners.MockitoJUnitRunner.run(MockitoJUnitRunner.java:62)
	at org.apache.maven.surefire.junit4.JUnit4Provider.execute(JUnit4Provider.java:367)
	at org.apache.maven.surefire.junit4.JUnit4Provider.executeWithRerun(JUnit4Provider.java:274)
	at org.apache.maven.surefire.junit4.JUnit4Provider.executeTestSet(JUnit4Provider.java:238)
	at org.apache.maven.surefire.junit4.JUnit4Provider.invoke(JUnit4Provider.java:161)
	at org.apache.maven.surefire.booter.ForkedBooter.invokeProviderInSameClassLoader(ForkedBooter.java:290)
	at org.apache.maven.surefire.booter.ForkedBooter.runSuitesInProcess(ForkedBooter.java:242)
	at org.apache.maven.surefire.booter.ForkedBooter.main(ForkedBooter.java:121)
2020-08-03 11:34:43,322 | ERROR  | main | net.contargo.iris.api.PublicAPIExceptionHandler         | REST-API Exception by null:  
java.lang.IllegalStateException: Invalid application state
	at net.contargo.iris.api.PublicAPIExceptionHandlerUnitTest.exceptionWhileResolvingGetsCaught(PublicAPIExceptionHandlerUnitTest.java:140)
	at sun.reflect.NativeMethodAccessorImpl.invoke0(Native Method)
	at sun.reflect.NativeMethodAccessorImpl.invoke(NativeMethodAccessorImpl.java:62)
	at sun.reflect.DelegatingMethodAccessorImpl.invoke(DelegatingMethodAccessorImpl.java:43)
	at java.lang.reflect.Method.invoke(Method.java:498)
	at org.junit.runners.model.FrameworkMethod$1.runReflectiveCall(FrameworkMethod.java:50)
	at org.junit.internal.runners.model.ReflectiveCallable.run(ReflectiveCallable.java:12)
	at org.junit.runners.model.FrameworkMethod.invokeExplosively(FrameworkMethod.java:47)
	at org.junit.internal.runners.statements.InvokeMethod.evaluate(InvokeMethod.java:17)
	at org.junit.internal.runners.statements.RunBefores.evaluate(RunBefores.java:26)
	at org.junit.runners.ParentRunner.runLeaf(ParentRunner.java:325)
	at org.junit.runners.BlockJUnit4ClassRunner.runChild(BlockJUnit4ClassRunner.java:78)
	at org.junit.runners.BlockJUnit4ClassRunner.runChild(BlockJUnit4ClassRunner.java:57)
	at org.junit.runners.ParentRunner$3.run(ParentRunner.java:290)
	at org.junit.runners.ParentRunner$1.schedule(ParentRunner.java:71)
	at org.junit.runners.ParentRunner.runChildren(ParentRunner.java:288)
	at org.junit.runners.ParentRunner.access$000(ParentRunner.java:58)
	at org.junit.runners.ParentRunner$2.evaluate(ParentRunner.java:268)
	at org.junit.runners.ParentRunner.run(ParentRunner.java:363)
	at org.mockito.internal.runners.JUnit45AndHigherRunnerImpl.run(JUnit45AndHigherRunnerImpl.java:37)
	at org.mockito.runners.MockitoJUnitRunner.run(MockitoJUnitRunner.java:62)
	at org.apache.maven.surefire.junit4.JUnit4Provider.execute(JUnit4Provider.java:367)
	at org.apache.maven.surefire.junit4.JUnit4Provider.executeWithRerun(JUnit4Provider.java:274)
	at org.apache.maven.surefire.junit4.JUnit4Provider.executeTestSet(JUnit4Provider.java:238)
	at org.apache.maven.surefire.junit4.JUnit4Provider.invoke(JUnit4Provider.java:161)
	at org.apache.maven.surefire.booter.ForkedBooter.invokeProviderInSameClassLoader(ForkedBooter.java:290)
	at org.apache.maven.surefire.booter.ForkedBooter.runSuitesInProcess(ForkedBooter.java:242)
	at org.apache.maven.surefire.booter.ForkedBooter.main(ForkedBooter.java:121)
2020-08-03 11:34:43,323 | ERROR  | main | net.contargo.iris.api.PublicAPIExceptionHandler         | REST-API Exception by null:  
java.lang.IllegalStateException: Invalid application state
	at net.contargo.iris.api.PublicAPIExceptionHandlerUnitTest.resolveIllegalStateException(PublicAPIExceptionHandlerUnitTest.java:86)
	at sun.reflect.NativeMethodAccessorImpl.invoke0(Native Method)
	at sun.reflect.NativeMethodAccessorImpl.invoke(NativeMethodAccessorImpl.java:62)
	at sun.reflect.DelegatingMethodAccessorImpl.invoke(DelegatingMethodAccessorImpl.java:43)
	at java.lang.reflect.Method.invoke(Method.java:498)
	at org.junit.runners.model.FrameworkMethod$1.runReflectiveCall(FrameworkMethod.java:50)
	at org.junit.internal.runners.model.ReflectiveCallable.run(ReflectiveCallable.java:12)
	at org.junit.runners.model.FrameworkMethod.invokeExplosively(FrameworkMethod.java:47)
	at org.junit.internal.runners.statements.InvokeMethod.evaluate(InvokeMethod.java:17)
	at org.junit.internal.runners.statements.RunBefores.evaluate(RunBefores.java:26)
	at org.junit.runners.ParentRunner.runLeaf(ParentRunner.java:325)
	at org.junit.runners.BlockJUnit4ClassRunner.runChild(BlockJUnit4ClassRunner.java:78)
	at org.junit.runners.BlockJUnit4ClassRunner.runChild(BlockJUnit4ClassRunner.java:57)
	at org.junit.runners.ParentRunner$3.run(ParentRunner.java:290)
	at org.junit.runners.ParentRunner$1.schedule(ParentRunner.java:71)
	at org.junit.runners.ParentRunner.runChildren(ParentRunner.java:288)
	at org.junit.runners.ParentRunner.access$000(ParentRunner.java:58)
	at org.junit.runners.ParentRunner$2.evaluate(ParentRunner.java:268)
	at org.junit.runners.ParentRunner.run(ParentRunner.java:363)
	at org.mockito.internal.runners.JUnit45AndHigherRunnerImpl.run(JUnit45AndHigherRunnerImpl.java:37)
	at org.mockito.runners.MockitoJUnitRunner.run(MockitoJUnitRunner.java:62)
	at org.apache.maven.surefire.junit4.JUnit4Provider.execute(JUnit4Provider.java:367)
	at org.apache.maven.surefire.junit4.JUnit4Provider.executeWithRerun(JUnit4Provider.java:274)
	at org.apache.maven.surefire.junit4.JUnit4Provider.executeTestSet(JUnit4Provider.java:238)
	at org.apache.maven.surefire.junit4.JUnit4Provider.invoke(JUnit4Provider.java:161)
	at org.apache.maven.surefire.booter.ForkedBooter.invokeProviderInSameClassLoader(ForkedBooter.java:290)
	at org.apache.maven.surefire.booter.ForkedBooter.runSuitesInProcess(ForkedBooter.java:242)
	at org.apache.maven.surefire.booter.ForkedBooter.main(ForkedBooter.java:121)
2020-08-03 11:34:43,324 | ERROR  | main | net.contargo.iris.api.PublicAPIExceptionHandler         | REST-API Exception by null:  
java.lang.IllegalArgumentException: Invalid ID for terminal
	at net.contargo.iris.api.PublicAPIExceptionHandlerUnitTest.resolveIllegalArgumentException(PublicAPIExceptionHandlerUnitTest.java:74)
	at sun.reflect.NativeMethodAccessorImpl.invoke0(Native Method)
	at sun.reflect.NativeMethodAccessorImpl.invoke(NativeMethodAccessorImpl.java:62)
	at sun.reflect.DelegatingMethodAccessorImpl.invoke(DelegatingMethodAccessorImpl.java:43)
	at java.lang.reflect.Method.invoke(Method.java:498)
	at org.junit.runners.model.FrameworkMethod$1.runReflectiveCall(FrameworkMethod.java:50)
	at org.junit.internal.runners.model.ReflectiveCallable.run(ReflectiveCallable.java:12)
	at org.junit.runners.model.FrameworkMethod.invokeExplosively(FrameworkMethod.java:47)
	at org.junit.internal.runners.statements.InvokeMethod.evaluate(InvokeMethod.java:17)
	at org.junit.internal.runners.statements.RunBefores.evaluate(RunBefores.java:26)
	at org.junit.runners.ParentRunner.runLeaf(ParentRunner.java:325)
	at org.junit.runners.BlockJUnit4ClassRunner.runChild(BlockJUnit4ClassRunner.java:78)
	at org.junit.runners.BlockJUnit4ClassRunner.runChild(BlockJUnit4ClassRunner.java:57)
	at org.junit.runners.ParentRunner$3.run(ParentRunner.java:290)
	at org.junit.runners.ParentRunner$1.schedule(ParentRunner.java:71)
	at org.junit.runners.ParentRunner.runChildren(ParentRunner.java:288)
	at org.junit.runners.ParentRunner.access$000(ParentRunner.java:58)
	at org.junit.runners.ParentRunner$2.evaluate(ParentRunner.java:268)
	at org.junit.runners.ParentRunner.run(ParentRunner.java:363)
	at org.mockito.internal.runners.JUnit45AndHigherRunnerImpl.run(JUnit45AndHigherRunnerImpl.java:37)
	at org.mockito.runners.MockitoJUnitRunner.run(MockitoJUnitRunner.java:62)
	at org.apache.maven.surefire.junit4.JUnit4Provider.execute(JUnit4Provider.java:367)
	at org.apache.maven.surefire.junit4.JUnit4Provider.executeWithRerun(JUnit4Provider.java:274)
	at org.apache.maven.surefire.junit4.JUnit4Provider.executeTestSet(JUnit4Provider.java:238)
	at org.apache.maven.surefire.junit4.JUnit4Provider.invoke(JUnit4Provider.java:161)
	at org.apache.maven.surefire.booter.ForkedBooter.invokeProviderInSameClassLoader(ForkedBooter.java:290)
	at org.apache.maven.surefire.booter.ForkedBooter.runSuitesInProcess(ForkedBooter.java:242)
	at org.apache.maven.surefire.booter.ForkedBooter.main(ForkedBooter.java:121)
2020-08-03 11:34:43,324 | ERROR  | main | net.contargo.iris.api.PublicAPIExceptionHandler         | REST-API Exception by null:  
java.lang.NullPointerException: This should never happen
	at net.contargo.iris.api.PublicAPIExceptionHandlerUnitTest.resolveNullPointerException(PublicAPIExceptionHandlerUnitTest.java:113)
	at sun.reflect.NativeMethodAccessorImpl.invoke0(Native Method)
	at sun.reflect.NativeMethodAccessorImpl.invoke(NativeMethodAccessorImpl.java:62)
	at sun.reflect.DelegatingMethodAccessorImpl.invoke(DelegatingMethodAccessorImpl.java:43)
	at java.lang.reflect.Method.invoke(Method.java:498)
	at org.junit.runners.model.FrameworkMethod$1.runReflectiveCall(FrameworkMethod.java:50)
	at org.junit.internal.runners.model.ReflectiveCallable.run(ReflectiveCallable.java:12)
	at org.junit.runners.model.FrameworkMethod.invokeExplosively(FrameworkMethod.java:47)
	at org.junit.internal.runners.statements.InvokeMethod.evaluate(InvokeMethod.java:17)
	at org.junit.internal.runners.statements.RunBefores.evaluate(RunBefores.java:26)
	at org.junit.runners.ParentRunner.runLeaf(ParentRunner.java:325)
	at org.junit.runners.BlockJUnit4ClassRunner.runChild(BlockJUnit4ClassRunner.java:78)
	at org.junit.runners.BlockJUnit4ClassRunner.runChild(BlockJUnit4ClassRunner.java:57)
	at org.junit.runners.ParentRunner$3.run(ParentRunner.java:290)
	at org.junit.runners.ParentRunner$1.schedule(ParentRunner.java:71)
	at org.junit.runners.ParentRunner.runChildren(ParentRunner.java:288)
	at org.junit.runners.ParentRunner.access$000(ParentRunner.java:58)
	at org.junit.runners.ParentRunner$2.evaluate(ParentRunner.java:268)
	at org.junit.runners.ParentRunner.run(ParentRunner.java:363)
	at org.mockito.internal.runners.JUnit45AndHigherRunnerImpl.run(JUnit45AndHigherRunnerImpl.java:37)
	at org.mockito.runners.MockitoJUnitRunner.run(MockitoJUnitRunner.java:62)
	at org.apache.maven.surefire.junit4.JUnit4Provider.execute(JUnit4Provider.java:367)
	at org.apache.maven.surefire.junit4.JUnit4Provider.executeWithRerun(JUnit4Provider.java:274)
	at org.apache.maven.surefire.junit4.JUnit4Provider.executeTestSet(JUnit4Provider.java:238)
	at org.apache.maven.surefire.junit4.JUnit4Provider.invoke(JUnit4Provider.java:161)
	at org.apache.maven.surefire.booter.ForkedBooter.invokeProviderInSameClassLoader(ForkedBooter.java:290)
	at org.apache.maven.surefire.booter.ForkedBooter.runSuitesInProcess(ForkedBooter.java:242)
	at org.apache.maven.surefire.booter.ForkedBooter.main(ForkedBooter.java:121)
Tests run: 6, Failures: 0, Errors: 0, Skipped: 0, Time elapsed: 0.084 sec - in net.contargo.iris.api.PublicAPIExceptionHandlerUnitTest
Running net.contargo.iris.api.discover.TestExplainViewUnitTest
Tests run: 7, Failures: 0, Errors: 0, Skipped: 0, Time elapsed: 0 sec - in net.contargo.iris.api.discover.TestExplainViewUnitTest
Running net.contargo.iris.api.discover.DiscoverPublicApiControllerMvcUnitTest
Tests run: 1, Failures: 0, Errors: 0, Skipped: 0, Time elapsed: 0.039 sec - in net.contargo.iris.api.discover.DiscoverPublicApiControllerMvcUnitTest
Running net.contargo.iris.security.SpringUserAuthenticationServiceUnitTest
Tests run: 2, Failures: 0, Errors: 0, Skipped: 0, Time elapsed: 0.003 sec - in net.contargo.iris.security.SpringUserAuthenticationServiceUnitTest
Running net.contargo.iris.util.DateUtilUnitTest
Tests run: 2, Failures: 0, Errors: 0, Skipped: 0, Time elapsed: 0.003 sec - in net.contargo.iris.util.DateUtilUnitTest
Running net.contargo.iris.address.nominatim.service.NominatimJsonResponseParserUnitTest
Tests run: 6, Failures: 0, Errors: 0, Skipped: 0, Time elapsed: 0.002 sec - in net.contargo.iris.address.nominatim.service.NominatimJsonResponseParserUnitTest
Running net.contargo.iris.address.nominatim.service.AddressValidatorUnitTest
Tests run: 3, Failures: 0, Errors: 0, Skipped: 0, Time elapsed: 0 sec - in net.contargo.iris.address.nominatim.service.AddressValidatorUnitTest
Running net.contargo.iris.address.nominatim.service.NominatimUrlBuilderUnitTest
Tests run: 12, Failures: 0, Errors: 0, Skipped: 0, Time elapsed: 0 sec - in net.contargo.iris.address.nominatim.service.NominatimUrlBuilderUnitTest
Running net.contargo.iris.address.nominatim.service.AddressSorterUnitTest
Tests run: 1, Failures: 0, Errors: 0, Skipped: 0, Time elapsed: 0.001 sec - in net.contargo.iris.address.nominatim.service.AddressSorterUnitTest
Running net.contargo.iris.address.nominatim.service.AddressServiceHelperUnitTest
Tests run: 1, Failures: 0, Errors: 0, Skipped: 0, Time elapsed: 0.001 sec - in net.contargo.iris.address.nominatim.service.AddressServiceHelperUnitTest
Running net.contargo.iris.address.nominatim.service.NominatimAddressServiceUnitTest
Tests run: 13, Failures: 0, Errors: 0, Skipped: 0, Time elapsed: 0.023 sec - in net.contargo.iris.address.nominatim.service.NominatimAddressServiceUnitTest
Running net.contargo.iris.address.service.AddressListFilterImplUnitTest
Tests run: 9, Failures: 0, Errors: 0, Skipped: 0, Time elapsed: 0.001 sec - in net.contargo.iris.address.service.AddressListFilterImplUnitTest
Running net.contargo.iris.address.service.BestMatchServiceImplUnitTest
Tests run: 3, Failures: 0, Errors: 0, Skipped: 0, Time elapsed: 0.01 sec - in net.contargo.iris.address.service.BestMatchServiceImplUnitTest
Running net.contargo.iris.address.service.AddressCacheUnitTest
Tests run: 2, Failures: 0, Errors: 0, Skipped: 0, Time elapsed: 0.001 sec - in net.contargo.iris.address.service.AddressCacheUnitTest
Running net.contargo.iris.address.service.AddressServiceWrapperUnitTest
Tests run: 21, Failures: 0, Errors: 0, Skipped: 0, Time elapsed: 0.017 sec - in net.contargo.iris.address.service.AddressServiceWrapperUnitTest
Running net.contargo.iris.address.service.AddressServiceWrapperCachingUnitTest
Tests run: 3, Failures: 0, Errors: 0, Skipped: 0, Time elapsed: 0.004 sec - in net.contargo.iris.address.service.AddressServiceWrapperCachingUnitTest
Running net.contargo.iris.address.api.AddressApiControllerMvcUnitTest
Tests run: 8, Failures: 0, Errors: 0, Skipped: 0, Time elapsed: 0.144 sec - in net.contargo.iris.address.api.AddressApiControllerMvcUnitTest
Running net.contargo.iris.address.api.BestMatchApiControllerMvcUnitTest
Tests run: 2, Failures: 0, Errors: 0, Skipped: 0, Time elapsed: 0.017 sec - in net.contargo.iris.address.api.BestMatchApiControllerMvcUnitTest
Running net.contargo.iris.address.AddressUnitTest
Tests run: 14, Failures: 0, Errors: 0, Skipped: 0, Time elapsed: 0.003 sec - in net.contargo.iris.address.AddressUnitTest
Running net.contargo.iris.address.dto.AddressDtoServiceImplUnitTest
Tests run: 11, Failures: 0, Errors: 0, Skipped: 0, Time elapsed: 0.004 sec - in net.contargo.iris.address.dto.AddressDtoServiceImplUnitTest
Running net.contargo.iris.address.staticsearch.web.StaticAddressRequestUnitTest
Tests run: 3, Failures: 0, Errors: 0, Skipped: 0, Time elapsed: 0 sec - in net.contargo.iris.address.staticsearch.web.StaticAddressRequestUnitTest
Running net.contargo.iris.address.staticsearch.web.StaticAddressControllerMvcUnitTest
2020-08-03 11:34:43,823 | ERROR  | main | n.c.i.address.staticsearch.web.StaticAddressController  | StaticAddress file upload failed 
net.contargo.iris.address.staticsearch.upload.file.StaticAddressFileStorageException: null
Tests run: 13, Failures: 0, Errors: 0, Skipped: 0, Time elapsed: 0.093 sec - in net.contargo.iris.address.staticsearch.web.StaticAddressControllerMvcUnitTest
Running net.contargo.iris.address.staticsearch.service.PostcodeStaticAddressMappingProcessorUnitTest
Tests run: 1, Failures: 0, Errors: 0, Skipped: 0, Time elapsed: 0 sec - in net.contargo.iris.address.staticsearch.service.PostcodeStaticAddressMappingProcessorUnitTest
Running net.contargo.iris.address.staticsearch.service.StaticAddressServiceImplUnitTest
2020-08-03 11:34:43,852 |  WARN  | main | n.c.i.a.staticsearch.service.StaticAddressServiceImpl   | StaticAddress uniqueId 1 already assigned - trying next uniqueId 
Tests run: 38, Failures: 0, Errors: 0, Skipped: 0, Time elapsed: 0.06 sec - in net.contargo.iris.address.staticsearch.service.StaticAddressServiceImplUnitTest
Running net.contargo.iris.address.staticsearch.service.StaticAddressMappingProcessorUnitTest
Tests run: 3, Failures: 0, Errors: 0, Skipped: 0, Time elapsed: 0.001 sec - in net.contargo.iris.address.staticsearch.service.StaticAddressMappingProcessorUnitTest
Running net.contargo.iris.address.staticsearch.service.PostcodeCityStaticAddressMappingProcessorUnitTest
Tests run: 1, Failures: 0, Errors: 0, Skipped: 0, Time elapsed: 0.002 sec - in net.contargo.iris.address.staticsearch.service.PostcodeCityStaticAddressMappingProcessorUnitTest
Running net.contargo.iris.address.staticsearch.service.PostcodeCitySuburbStaticAddressMappingProcessorUnitTest
Tests run: 1, Failures: 0, Errors: 0, Skipped: 0, Time elapsed: 0 sec - in net.contargo.iris.address.staticsearch.service.PostcodeCitySuburbStaticAddressMappingProcessorUnitTest
Running net.contargo.iris.address.staticsearch.service.StaticAddressSelectorImplUnitTest
Tests run: 1, Failures: 0, Errors: 0, Skipped: 0, Time elapsed: 0.001 sec - in net.contargo.iris.address.staticsearch.service.StaticAddressSelectorImplUnitTest
Running net.contargo.iris.address.staticsearch.service.NominatimToStaticAddressMapperImplUnitTest
Tests run: 3, Failures: 0, Errors: 0, Skipped: 0, Time elapsed: 0.002 sec - in net.contargo.iris.address.staticsearch.service.NominatimToStaticAddressMapperImplUnitTest
Running net.contargo.iris.address.staticsearch.validator.HashKeyValidatorUnitTest
Tests run: 2, Failures: 0, Errors: 0, Skipped: 0, Time elapsed: 0 sec - in net.contargo.iris.address.staticsearch.validator.HashKeyValidatorUnitTest
Running net.contargo.iris.address.staticsearch.api.StaticAddressApiControllerMvcUnitTest
Tests run: 2, Failures: 0, Errors: 0, Skipped: 0, Time elapsed: 0.012 sec - in net.contargo.iris.address.staticsearch.api.StaticAddressApiControllerMvcUnitTest
Running net.contargo.iris.address.staticsearch.dto.StaticAddressDtoServiceImplUnitTest
Tests run: 3, Failures: 0, Errors: 0, Skipped: 0, Time elapsed: 0.002 sec - in net.contargo.iris.address.staticsearch.dto.StaticAddressDtoServiceImplUnitTest
Running net.contargo.iris.address.staticsearch.upload.csv.StaticAddressCsvServiceUnitTest
Tests run: 2, Failures: 0, Errors: 0, Skipped: 0, Time elapsed: 0.018 sec - in net.contargo.iris.address.staticsearch.upload.csv.StaticAddressCsvServiceUnitTest
Running net.contargo.iris.address.staticsearch.upload.StaticAddressImportTaskUnitTest
2020-08-03 11:34:43,948 | ERROR  | main | n.c.i.a.staticsearch.upload.StaticAddressImportTask     | Something went wrong during static address import 
net.contargo.iris.address.staticsearch.upload.service.StaticAddressImportException: null
Tests run: 3, Failures: 0, Errors: 0, Skipped: 0, Time elapsed: 0.006 sec - in net.contargo.iris.address.staticsearch.upload.StaticAddressImportTaskUnitTest
Running net.contargo.iris.address.staticsearch.upload.service.StaticAddressResolverServiceImplUnitTest
Tests run: 5, Failures: 0, Errors: 0, Skipped: 0, Time elapsed: 0.006 sec - in net.contargo.iris.address.staticsearch.upload.service.StaticAddressResolverServiceImplUnitTest
Running net.contargo.iris.address.staticsearch.upload.service.AddressMailServiceUnitTest
Tests run: 1, Failures: 0, Errors: 0, Skipped: 0, Time elapsed: 0.006 sec - in net.contargo.iris.address.staticsearch.upload.service.AddressMailServiceUnitTest
Running net.contargo.iris.address.staticsearch.upload.service.StaticAddressImportServiceImplUnitTest
Tests run: 1, Failures: 0, Errors: 0, Skipped: 0, Time elapsed: 0 sec - in net.contargo.iris.address.staticsearch.upload.service.StaticAddressImportServiceImplUnitTest
Running net.contargo.iris.address.staticsearch.upload.service.StaticAddressImportJobServiceImplUnitTest
Tests run: 3, Failures: 0, Errors: 0, Skipped: 0, Time elapsed: 0.001 sec - in net.contargo.iris.address.staticsearch.upload.service.StaticAddressImportJobServiceImplUnitTest
Running net.contargo.iris.address.staticsearch.StaticAddressUnitTest
Fail at 1301000001048578
Tests run: 12, Failures: 0, Errors: 0, Skipped: 0, Time elapsed: 1.679 sec - in net.contargo.iris.address.staticsearch.StaticAddressUnitTest
Running net.contargo.iris.login.web.LoginControllerMvcUnitTest
Tests run: 1, Failures: 0, Errors: 0, Skipped: 0, Time elapsed: 0.005 sec - in net.contargo.iris.login.web.LoginControllerMvcUnitTest
Running net.contargo.iris.container.ContainerTypeUnitTest
Tests run: 2, Failures: 0, Errors: 0, Skipped: 0, Time elapsed: 0 sec - in net.contargo.iris.container.ContainerTypeUnitTest
Running net.contargo.iris.routedatarevision.RouteRevisionRequestUnitTest
Tests run: 8, Failures: 0, Errors: 0, Skipped: 0, Time elapsed: 0.002 sec - in net.contargo.iris.routedatarevision.RouteRevisionRequestUnitTest
Running net.contargo.iris.routedatarevision.RouteDataRevisionUnitTest
Tests run: 12, Failures: 0, Errors: 0, Skipped: 0, Time elapsed: 0.003 sec - in net.contargo.iris.routedatarevision.RouteDataRevisionUnitTest
Running net.contargo.iris.routedatarevision.web.RouteDataRevisionControllerMvcUnitTest
2020-08-03 11:34:45,740 |  WARN  | main | org.springframework.validation.DataBinder               | Skipping URI variable 'id' since the request contains a bind value with the same name. 
Tests run: 12, Failures: 0, Errors: 0, Skipped: 0, Time elapsed: 0.055 sec - in net.contargo.iris.routedatarevision.web.RouteDataRevisionControllerMvcUnitTest
Running net.contargo.iris.routedatarevision.service.RouteDataRevisionServiceImplUnitTest
Tests run: 15, Failures: 0, Errors: 0, Skipped: 0, Time elapsed: 0.072 sec - in net.contargo.iris.routedatarevision.service.RouteDataRevisionServiceImplUnitTest
Running net.contargo.iris.routedatarevision.service.ValidityRangeUnitTest
Tests run: 13, Failures: 0, Errors: 0, Skipped: 0, Time elapsed: 0 sec - in net.contargo.iris.routedatarevision.service.ValidityRangeUnitTest
Running net.contargo.iris.routedatarevision.service.cleanup.RouteDataRevisionCsvServiceUnitTest
Tests run: 1, Failures: 0, Errors: 0, Skipped: 0, Time elapsed: 0.001 sec - in net.contargo.iris.routedatarevision.service.cleanup.RouteDataRevisionCsvServiceUnitTest
Running net.contargo.iris.routedatarevision.service.cleanup.RouteDataRevisionCleanupServiceUnitTest
Tests run: 8, Failures: 0, Errors: 0, Skipped: 0, Time elapsed: 0.009 sec - in net.contargo.iris.routedatarevision.service.cleanup.RouteDataRevisionCleanupServiceUnitTest
Running net.contargo.iris.routedatarevision.api.RouteDataRevisionApiControllerMvcUnitTest
2020-08-03 11:34:45,863 |  WARN  | main | o.s.w.s.m.m.a.ExceptionHandlerExceptionResolver         | Resolved [net.contargo.iris.api.RestApiException: foo] 
2020-08-03 11:34:45,891 |  WARN  | main | o.s.w.s.m.m.a.ExceptionHandlerExceptionResolver         | Resolved [net.contargo.iris.api.RestApiException: foo] 
2020-08-03 11:34:45,905 |  WARN  | main | o.s.w.s.m.m.a.ExceptionHandlerExceptionResolver         | Resolved [net.contargo.iris.routedatarevision.service.RevisionDoesNotExistException: foo] 
2020-08-03 11:34:45,910 |  WARN  | main | o.s.w.s.m.m.a.ExceptionHandlerExceptionResolver         | Resolved [org.springframework.web.bind.MethodArgumentNotValidException: Validation failed for argument at index 0 in method: public org.springframework.http.ResponseEntity<net.contargo.iris.routedatarevision.dto.RouteDataRevisionDto> net.contargo.iris.routedatarevision.api.RouteDataRevisionApiController.create(net.contargo.iris.routedatarevision.dto.RouteDataRevisionDto), with 7 error(s): [Field error in object 'routeDataRevisionDto' on field 'airlineDistanceInKilometer': rejected value [null]; codes [NotNull.routeDataRevisionDto.airlineDistanceInKilometer,NotNull.airlineDistanceInKilometer,NotNull.java.math.BigDecimal,NotNull]; arguments [org.springframework.context.support.DefaultMessageSourceResolvable: codes [routeDataRevisionDto.airlineDistanceInKilometer,airlineDistanceInKilometer]; arguments []; default message [airlineDistanceInKilometer]]; default message [may not be null]] [Field error in object 'routeDataRevisionDto' on field 'truckDistanceOneWayInKilometer': rejected value [null]; codes [NotNull.routeDataRevisionDto.truckDistanceOneWayInKilometer,NotNull.truckDistanceOneWayInKilometer,NotNull.java.math.BigDecimal,NotNull]; arguments [org.springframework.context.support.DefaultMessageSourceResolvable: codes [routeDataRevisionDto.truckDistanceOneWayInKilometer,truckDistanceOneWayInKilometer]; arguments []; default message [truckDistanceOneWayInKilometer]]; default message [may not be null]] [Field error in object 'routeDataRevisionDto' on field 'longitude': rejected value [null]; codes [NotNull.routeDataRevisionDto.longitude,NotNull.longitude,NotNull.java.math.BigDecimal,NotNull]; arguments [org.springframework.context.support.DefaultMessageSourceResolvable: codes [routeDataRevisionDto.longitude,longitude]; arguments []; default message [longitude]]; default message [may not be null]] [Field error in object 'routeDataRevisionDto' on field 'latitude': rejected value [null]; codes [NotNull.routeDataRevisionDto.latitude,NotNull.latitude,NotNull.java.math.BigDecimal,NotNull]; arguments [org.springframework.context.support.DefaultMessageSourceResolvable: codes [routeDataRevisionDto.latitude,latitude]; arguments []; default message [latitude]]; default message [may not be null]] [Field error in object 'routeDataRevisionDto' on field 'tollDistanceOneWayInKilometer': rejected value [null]; codes [NotNull.routeDataRevisionDto.tollDistanceOneWayInKilometer,NotNull.tollDistanceOneWayInKilometer,NotNull.java.math.BigDecimal,NotNull]; arguments [org.springframework.context.support.DefaultMessageSourceResolvable: codes [routeDataRevisionDto.tollDistanceOneWayInKilometer,tollDistanceOneWayInKilometer]; arguments []; default message [tollDistanceOneWayInKilometer]]; default message [may not be null]] [Field error in object 'routeDataRevisionDto' on field 'radiusInMeter': rejected value [null]; codes [NotNull.routeDataRevisionDto.radiusInMeter,NotNull.radiusInMeter,NotNull.java.math.BigDecimal,NotNull]; arguments [org.springframework.context.support.DefaultMessageSourceResolvable: codes [routeDataRevisionDto.radiusInMeter,radiusInMeter]; arguments []; default message [radiusInMeter]]; default message [may not be null]] [Field error in object 'routeDataRevisionDto' on field 'validFrom': rejected value [null]; codes [NotNull.routeDataRevisionDto.validFrom,NotNull.validFrom,NotNull.java.util.Date,NotNull]; arguments [org.springframework.context.support.DefaultMessageSourceResolvable: codes [routeDataRevisionDto.validFrom,validFrom]; arguments []; default message [validFrom]]; default message [may not be null]] ] 
Tests run: 7, Failures: 0, Errors: 0, Skipped: 0, Time elapsed: 0.082 sec - in net.contargo.iris.routedatarevision.api.RouteDataRevisionApiControllerMvcUnitTest
Running net.contargo.iris.routedatarevision.dto.RouteDataRevisionDtoUnitTest
Tests run: 2, Failures: 0, Errors: 0, Skipped: 0, Time elapsed: 0 sec - in net.contargo.iris.routedatarevision.dto.RouteDataRevisionDtoUnitTest
Running net.contargo.iris.routedatarevision.dto.RouteDataRevisionDtoServiceImplUnitTest
Tests run: 5, Failures: 0, Errors: 0, Skipped: 0, Time elapsed: 0 sec - in net.contargo.iris.routedatarevision.dto.RouteDataRevisionDtoServiceImplUnitTest
Running net.contargo.iris.transport.api.TransportApiControllerUnitTest
2020-08-03 11:34:45,944 | ERROR  | main | net.contargo.iris.api.PublicAPIExceptionHandler         | REST-API Exception by null:  
java.lang.IllegalArgumentException: A transport template's terminal UUID must be null, but was: 1300000000000025
	at net.contargo.iris.transport.api.TransportTemplateDtoValidator.noTerminalSpecified(TransportTemplateDtoValidator.java:27)
	at java.util.ArrayList.forEach(ArrayList.java:1259)
	at net.contargo.iris.transport.api.TransportTemplateDtoValidator.validate(TransportTemplateDtoValidator.java:20)
	at net.contargo.iris.transport.api.TransportApiController.transportDescriptionsFromTemplate(TransportApiController.java:57)
	at sun.reflect.NativeMethodAccessorImpl.invoke0(Native Method)
	at sun.reflect.NativeMethodAccessorImpl.invoke(NativeMethodAccessorImpl.java:62)
	at sun.reflect.DelegatingMethodAccessorImpl.invoke(DelegatingMethodAccessorImpl.java:43)
	at java.lang.reflect.Method.invoke(Method.java:498)
	at org.springframework.web.method.support.InvocableHandlerMethod.doInvoke(InvocableHandlerMethod.java:205)
	at org.springframework.web.method.support.InvocableHandlerMethod.invokeForRequest(InvocableHandlerMethod.java:133)
	at org.springframework.web.servlet.mvc.method.annotation.ServletInvocableHandlerMethod.invokeAndHandle(ServletInvocableHandlerMethod.java:97)
	at org.springframework.web.servlet.mvc.method.annotation.RequestMappingHandlerAdapter.invokeHandlerMethod(RequestMappingHandlerAdapter.java:849)
	at org.springframework.web.servlet.mvc.method.annotation.RequestMappingHandlerAdapter.handleInternal(RequestMappingHandlerAdapter.java:760)
	at org.springframework.web.servlet.mvc.method.AbstractHandlerMethodAdapter.handle(AbstractHandlerMethodAdapter.java:85)
	at org.springframework.web.servlet.DispatcherServlet.doDispatch(DispatcherServlet.java:967)
	at org.springframework.web.servlet.DispatcherServlet.doService(DispatcherServlet.java:901)
	at org.springframework.web.servlet.FrameworkServlet.processRequest(FrameworkServlet.java:970)
	at org.springframework.web.servlet.FrameworkServlet.doPost(FrameworkServlet.java:872)
	at javax.servlet.http.HttpServlet.service(HttpServlet.java:707)
	at org.springframework.web.servlet.FrameworkServlet.service(FrameworkServlet.java:846)
	at org.springframework.test.web.servlet.TestDispatcherServlet.service(TestDispatcherServlet.java:71)
	at javax.servlet.http.HttpServlet.service(HttpServlet.java:790)
	at org.springframework.mock.web.MockFilterChain$ServletFilterProxy.doFilter(MockFilterChain.java:160)
	at org.springframework.mock.web.MockFilterChain.doFilter(MockFilterChain.java:127)
	at org.springframework.test.web.servlet.MockMvc.perform(MockMvc.java:151)
	at net.contargo.iris.transport.api.TransportApiControllerUnitTest.transportsBadRequestInvalidTemplate(TransportApiControllerUnitTest.java:98)
	at sun.reflect.NativeMethodAccessorImpl.invoke0(Native Method)
	at sun.reflect.NativeMethodAccessorImpl.invoke(NativeMethodAccessorImpl.java:62)
	at sun.reflect.DelegatingMethodAccessorImpl.invoke(DelegatingMethodAccessorImpl.java:43)
	at java.lang.reflect.Method.invoke(Method.java:498)
	at org.junit.runners.model.FrameworkMethod$1.runReflectiveCall(FrameworkMethod.java:50)
	at org.junit.internal.runners.model.ReflectiveCallable.run(ReflectiveCallable.java:12)
	at org.junit.runners.model.FrameworkMethod.invokeExplosively(FrameworkMethod.java:47)
	at org.junit.internal.runners.statements.InvokeMethod.evaluate(InvokeMethod.java:17)
	at org.junit.internal.runners.statements.RunBefores.evaluate(RunBefores.java:26)
	at org.springframework.test.context.junit4.statements.RunBeforeTestMethodCallbacks.evaluate(RunBeforeTestMethodCallbacks.java:75)
	at org.springframework.test.context.junit4.statements.RunAfterTestMethodCallbacks.evaluate(RunAfterTestMethodCallbacks.java:86)
	at org.springframework.test.context.junit4.statements.SpringRepeat.evaluate(SpringRepeat.java:84)
	at org.junit.runners.ParentRunner.runLeaf(ParentRunner.java:325)
	at org.springframework.test.context.junit4.SpringJUnit4ClassRunner.runChild(SpringJUnit4ClassRunner.java:252)
	at org.springframework.test.context.junit4.SpringJUnit4ClassRunner.runChild(SpringJUnit4ClassRunner.java:94)
	at org.junit.runners.ParentRunner$3.run(ParentRunner.java:290)
	at org.junit.runners.ParentRunner$1.schedule(ParentRunner.java:71)
	at org.junit.runners.ParentRunner.runChildren(ParentRunner.java:288)
	at org.junit.runners.ParentRunner.access$000(ParentRunner.java:58)
	at org.junit.runners.ParentRunner$2.evaluate(ParentRunner.java:268)
	at org.springframework.test.context.junit4.statements.RunBeforeTestClassCallbacks.evaluate(RunBeforeTestClassCallbacks.java:61)
	at org.springframework.test.context.junit4.statements.RunAfterTestClassCallbacks.evaluate(RunAfterTestClassCallbacks.java:70)
	at org.junit.runners.ParentRunner.run(ParentRunner.java:363)
	at org.springframework.test.context.junit4.SpringJUnit4ClassRunner.run(SpringJUnit4ClassRunner.java:191)
	at org.apache.maven.surefire.junit4.JUnit4Provider.execute(JUnit4Provider.java:367)
	at org.apache.maven.surefire.junit4.JUnit4Provider.executeWithRerun(JUnit4Provider.java:274)
	at org.apache.maven.surefire.junit4.JUnit4Provider.executeTestSet(JUnit4Provider.java:238)
	at org.apache.maven.surefire.junit4.JUnit4Provider.invoke(JUnit4Provider.java:161)
	at org.apache.maven.surefire.booter.ForkedBooter.invokeProviderInSameClassLoader(ForkedBooter.java:290)
	at org.apache.maven.surefire.booter.ForkedBooter.runSuitesInProcess(ForkedBooter.java:242)
	at org.apache.maven.surefire.booter.ForkedBooter.main(ForkedBooter.java:121)
Tests run: 3, Failures: 0, Errors: 0, Skipped: 0, Time elapsed: 0.069 sec - in net.contargo.iris.transport.api.TransportApiControllerUnitTest
Running net.contargo.iris.transport.api.TransportTemplateDtoValidatorUnitTest
Tests run: 2, Failures: 0, Errors: 0, Skipped: 0, Time elapsed: 0 sec - in net.contargo.iris.transport.api.TransportTemplateDtoValidatorUnitTest
Running net.contargo.iris.transport.TransportStopToGeoLocationConverterUnitTest
Tests run: 5, Failures: 0, Errors: 0, Skipped: 0, Time elapsed: 0 sec - in net.contargo.iris.transport.TransportStopToGeoLocationConverterUnitTest
Running net.contargo.iris.transport.TransportDescriptionRoadExtenderUnitTest
Tests run: 2, Failures: 0, Errors: 0, Skipped: 0, Time elapsed: 0 sec - in net.contargo.iris.transport.TransportDescriptionRoadExtenderUnitTest
Running net.contargo.iris.transport.elevation.client.osrm.OsrmRoutingClientUnitTest
Tests run: 1, Failures: 0, Errors: 0, Skipped: 0, Time elapsed: 0 sec - in net.contargo.iris.transport.elevation.client.osrm.OsrmRoutingClientUnitTest
Running net.contargo.iris.transport.elevation.client.contargo.ElevationServiceClientUnitTest
Tests run: 1, Failures: 0, Errors: 0, Skipped: 0, Time elapsed: 0 sec - in net.contargo.iris.transport.elevation.client.contargo.ElevationServiceClientUnitTest
Running net.contargo.iris.transport.AddressOnlyTransportChainGeneratorUnitTest
Tests run: 1, Failures: 0, Errors: 0, Skipped: 0, Time elapsed: 0 sec - in net.contargo.iris.transport.AddressOnlyTransportChainGeneratorUnitTest
Running net.contargo.iris.transport.TransportDescriptionMainRunExtenderUnitTest
Tests run: 5, Failures: 0, Errors: 0, Skipped: 0, Time elapsed: 0.002 sec - in net.contargo.iris.transport.TransportDescriptionMainRunExtenderUnitTest
Running net.contargo.iris.transport.TransportChainGeneratorStrategyAdvisorUnitTest
Tests run: 2, Failures: 0, Errors: 0, Skipped: 0, Time elapsed: 0.004 sec - in net.contargo.iris.transport.TransportChainGeneratorStrategyAdvisorUnitTest
Running net.contargo.iris.transport.TransportDescriptionExtenderUnitTest
Tests run: 2, Failures: 0, Errors: 0, Skipped: 0, Time elapsed: 0.007 sec - in net.contargo.iris.transport.TransportDescriptionExtenderUnitTest
Running net.contargo.iris.transport.TerminalTransportChainGeneratorUnitTest
Tests run: 5, Failures: 0, Errors: 0, Skipped: 0, Time elapsed: 0.011 sec - in net.contargo.iris.transport.TerminalTransportChainGeneratorUnitTest
Running net.contargo.iris.transport.route.RouteServiceUnitTest
Tests run: 2, Failures: 0, Errors: 0, Skipped: 0, Time elapsed: 0 sec - in net.contargo.iris.transport.route.RouteServiceUnitTest
Running net.contargo.iris.seaport.web.SeaportControllerMvcUnitTest
Tests run: 6, Failures: 0, Errors: 0, Skipped: 0, Time elapsed: 0.069 sec - in net.contargo.iris.seaport.web.SeaportControllerMvcUnitTest
Running net.contargo.iris.seaport.service.SeaportServiceImplUnitTest
2020-08-03 11:34:46,114 |  WARN  | main | net.contargo.iris.seaport.service.SeaportServiceImpl    | Terminal uniqueId 1 already assigned - trying next uniqueId 
Tests run: 15, Failures: 0, Errors: 0, Skipped: 0, Time elapsed: 0.017 sec - in net.contargo.iris.seaport.service.SeaportServiceImplUnitTest
Running net.contargo.iris.seaport.api.SeaportApiControllerMvcUnitTest
2020-08-03 11:34:46,141 | ERROR  | main | net.contargo.iris.api.PublicAPIExceptionHandler         | REST-API Exception by null:  
net.contargo.iris.api.NotFoundException: Cannot find Seaport for UID 314
	at net.contargo.iris.seaport.api.SeaportApiController.getSeaportById(SeaportApiController.java:100)
	at sun.reflect.NativeMethodAccessorImpl.invoke0(Native Method)
	at sun.reflect.NativeMethodAccessorImpl.invoke(NativeMethodAccessorImpl.java:62)
	at sun.reflect.DelegatingMethodAccessorImpl.invoke(DelegatingMethodAccessorImpl.java:43)
	at java.lang.reflect.Method.invoke(Method.java:498)
	at org.springframework.web.method.support.InvocableHandlerMethod.doInvoke(InvocableHandlerMethod.java:205)
	at org.springframework.web.method.support.InvocableHandlerMethod.invokeForRequest(InvocableHandlerMethod.java:133)
	at org.springframework.web.servlet.mvc.method.annotation.ServletInvocableHandlerMethod.invokeAndHandle(ServletInvocableHandlerMethod.java:97)
	at org.springframework.web.servlet.mvc.method.annotation.RequestMappingHandlerAdapter.invokeHandlerMethod(RequestMappingHandlerAdapter.java:849)
	at org.springframework.web.servlet.mvc.method.annotation.RequestMappingHandlerAdapter.handleInternal(RequestMappingHandlerAdapter.java:760)
	at org.springframework.web.servlet.mvc.method.AbstractHandlerMethodAdapter.handle(AbstractHandlerMethodAdapter.java:85)
	at org.springframework.web.servlet.DispatcherServlet.doDispatch(DispatcherServlet.java:967)
	at org.springframework.web.servlet.DispatcherServlet.doService(DispatcherServlet.java:901)
	at org.springframework.web.servlet.FrameworkServlet.processRequest(FrameworkServlet.java:970)
	at org.springframework.web.servlet.FrameworkServlet.doGet(FrameworkServlet.java:861)
	at javax.servlet.http.HttpServlet.service(HttpServlet.java:687)
	at org.springframework.web.servlet.FrameworkServlet.service(FrameworkServlet.java:846)
	at org.springframework.test.web.servlet.TestDispatcherServlet.service(TestDispatcherServlet.java:71)
	at javax.servlet.http.HttpServlet.service(HttpServlet.java:790)
	at org.springframework.mock.web.MockFilterChain$ServletFilterProxy.doFilter(MockFilterChain.java:160)
	at org.springframework.mock.web.MockFilterChain.doFilter(MockFilterChain.java:127)
	at org.springframework.test.web.servlet.MockMvc.perform(MockMvc.java:151)
	at net.contargo.iris.seaport.api.SeaportApiControllerMvcUnitTest.perform(SeaportApiControllerMvcUnitTest.java:205)
	at net.contargo.iris.seaport.api.SeaportApiControllerMvcUnitTest.getSeaportWithInvalidUid(SeaportApiControllerMvcUnitTest.java:153)
	at sun.reflect.NativeMethodAccessorImpl.invoke0(Native Method)
	at sun.reflect.NativeMethodAccessorImpl.invoke(NativeMethodAccessorImpl.java:62)
	at sun.reflect.DelegatingMethodAccessorImpl.invoke(DelegatingMethodAccessorImpl.java:43)
	at java.lang.reflect.Method.invoke(Method.java:498)
	at org.junit.runners.model.FrameworkMethod$1.runReflectiveCall(FrameworkMethod.java:50)
	at org.junit.internal.runners.model.ReflectiveCallable.run(ReflectiveCallable.java:12)
	at org.junit.runners.model.FrameworkMethod.invokeExplosively(FrameworkMethod.java:47)
	at org.junit.internal.runners.statements.InvokeMethod.evaluate(InvokeMethod.java:17)
	at org.junit.internal.runners.statements.RunBefores.evaluate(RunBefores.java:26)
	at org.springframework.test.context.junit4.statements.RunBeforeTestMethodCallbacks.evaluate(RunBeforeTestMethodCallbacks.java:75)
	at org.springframework.test.context.junit4.statements.RunAfterTestMethodCallbacks.evaluate(RunAfterTestMethodCallbacks.java:86)
	at org.springframework.test.context.junit4.statements.SpringRepeat.evaluate(SpringRepeat.java:84)
	at org.junit.runners.ParentRunner.runLeaf(ParentRunner.java:325)
	at org.springframework.test.context.junit4.SpringJUnit4ClassRunner.runChild(SpringJUnit4ClassRunner.java:252)
	at org.springframework.test.context.junit4.SpringJUnit4ClassRunner.runChild(SpringJUnit4ClassRunner.java:94)
	at org.junit.runners.ParentRunner$3.run(ParentRunner.java:290)
	at org.junit.runners.ParentRunner$1.schedule(ParentRunner.java:71)
	at org.junit.runners.ParentRunner.runChildren(ParentRunner.java:288)
	at org.junit.runners.ParentRunner.access$000(ParentRunner.java:58)
	at org.junit.runners.ParentRunner$2.evaluate(ParentRunner.java:268)
	at org.springframework.test.context.junit4.statements.RunBeforeTestClassCallbacks.evaluate(RunBeforeTestClassCallbacks.java:61)
	at org.springframework.test.context.junit4.statements.RunAfterTestClassCallbacks.evaluate(RunAfterTestClassCallbacks.java:70)
	at org.junit.runners.ParentRunner.run(ParentRunner.java:363)
	at org.springframework.test.context.junit4.SpringJUnit4ClassRunner.run(SpringJUnit4ClassRunner.java:191)
	at org.apache.maven.surefire.junit4.JUnit4Provider.execute(JUnit4Provider.java:367)
	at org.apache.maven.surefire.junit4.JUnit4Provider.executeWithRerun(JUnit4Provider.java:274)
	at org.apache.maven.surefire.junit4.JUnit4Provider.executeTestSet(JUnit4Provider.java:238)
	at org.apache.maven.surefire.junit4.JUnit4Provider.invoke(JUnit4Provider.java:161)
	at org.apache.maven.surefire.booter.ForkedBooter.invokeProviderInSameClassLoader(ForkedBooter.java:290)
	at org.apache.maven.surefire.booter.ForkedBooter.runSuitesInProcess(ForkedBooter.java:242)
	at org.apache.maven.surefire.booter.ForkedBooter.main(ForkedBooter.java:121)
Tests run: 6, Failures: 0, Errors: 0, Skipped: 0, Time elapsed: 0.068 sec - in net.contargo.iris.seaport.api.SeaportApiControllerMvcUnitTest
Running net.contargo.iris.seaport.SeaportUnitTest
Tests run: 1, Failures: 0, Errors: 0, Skipped: 0, Time elapsed: 0 sec - in net.contargo.iris.seaport.SeaportUnitTest
Running net.contargo.iris.seaport.dto.SeaportDtoServiceImplUnitTest
Tests run: 10, Failures: 0, Errors: 0, Skipped: 0, Time elapsed: 0 sec - in net.contargo.iris.seaport.dto.SeaportDtoServiceImplUnitTest
Running net.contargo.iris.countries.service.CountryCodeCountryServiceUnitTest
Tests run: 2, Failures: 0, Errors: 0, Skipped: 0, Time elapsed: 0 sec - in net.contargo.iris.countries.service.CountryCodeCountryServiceUnitTest
Running net.contargo.iris.countries.service.CountryCodeCountryDtoServiceUnitTest
Tests run: 2, Failures: 0, Errors: 0, Skipped: 0, Time elapsed: 0 sec - in net.contargo.iris.countries.service.CountryCodeCountryDtoServiceUnitTest
Running net.contargo.iris.countries.api.CountriesApiControllerMvcUnitTest
Tests run: 1, Failures: 0, Errors: 0, Skipped: 0, Time elapsed: 0.01 sec - in net.contargo.iris.countries.api.CountriesApiControllerMvcUnitTest
Running net.contargo.iris.location.GeoLocationServiceImplUnitTest
2020-08-03 11:34:46,203 |  WARN  | main | net.contargo.iris.location.GeoLocationServiceImpl       | Couldn't resolve address for GeoLocationImpl [latitude=10, longitude=10] 
Tests run: 4, Failures: 0, Errors: 0, Skipped: 0, Time elapsed: 0.002 sec - in net.contargo.iris.location.GeoLocationServiceImplUnitTest
Running net.contargo.iris.duration.service.DurationServiceImplUnitTest
Tests run: 1, Failures: 0, Errors: 0, Skipped: 0, Time elapsed: 0 sec - in net.contargo.iris.duration.service.DurationServiceImplUnitTest
Running net.contargo.iris.rounding.RoundingServiceImplUnitTest
Tests run: 2, Failures: 0, Errors: 0, Skipped: 0, Time elapsed: 0 sec - in net.contargo.iris.rounding.RoundingServiceImplUnitTest
Running net.contargo.iris.sequence.UniqueIdSequenceUnitTest
Tests run: 1, Failures: 0, Errors: 0, Skipped: 0, Time elapsed: 0 sec - in net.contargo.iris.sequence.UniqueIdSequenceUnitTest
Running net.contargo.iris.sequence.service.UniqueIdSequenceServiceImplUnitTest
Tests run: 6, Failures: 0, Errors: 0, Skipped: 0, Time elapsed: 0.005 sec - in net.contargo.iris.sequence.service.UniqueIdSequenceServiceImplUnitTest
Running net.contargo.iris.route.RouteUnitTest
Tests run: 10, Failures: 0, Errors: 0, Skipped: 0, Time elapsed: 0.015 sec - in net.contargo.iris.route.RouteUnitTest
Running net.contargo.iris.route.RoutePartUnitTest
Tests run: 12, Failures: 0, Errors: 0, Skipped: 0, Time elapsed: 0.001 sec - in net.contargo.iris.route.RoutePartUnitTest
Running net.contargo.iris.route.TruckRoutePartsUnitTest
Tests run: 5, Failures: 0, Errors: 0, Skipped: 0, Time elapsed: 0.008 sec - in net.contargo.iris.route.TruckRoutePartsUnitTest
Running net.contargo.iris.route.RouteDirectionUnitTest
Tests run: 2, Failures: 0, Errors: 0, Skipped: 0, Time elapsed: 0 sec - in net.contargo.iris.route.RouteDirectionUnitTest
Running net.contargo.iris.route.RouteComboUnitTest
Tests run: 3, Failures: 0, Errors: 0, Skipped: 0, Time elapsed: 0 sec - in net.contargo.iris.route.RouteComboUnitTest
Running net.contargo.iris.route.service.TruckRoutingPartEnricherUnitTest
Tests run: 3, Failures: 0, Errors: 0, Skipped: 0, Time elapsed: 0 sec - in net.contargo.iris.route.service.TruckRoutingPartEnricherUnitTest
Running net.contargo.iris.route.service.TotalEnricherUnitTest
Tests run: 2, Failures: 0, Errors: 0, Skipped: 0, Time elapsed: 0.001 sec - in net.contargo.iris.route.service.TotalEnricherUnitTest
Running net.contargo.iris.route.service.SwissPartEnricherUnitTest
2020-08-03 11:34:46,251 |  WARN  | main | net.contargo.iris.route.service.SwissPartEnricher       | Failed to map from nominatim address to static address: Address [displayName=null, osmId=0, placeId=0, shortName=null, address={}, osmType=null] 
2020-08-03 11:34:46,252 |  WARN  | main | net.contargo.iris.route.service.SwissPartEnricher       | Failed to map from nominatim address to static address: Address [displayName=null, osmId=0, placeId=0, shortName=null, address={}, osmType=null] 
Tests run: 7, Failures: 0, Errors: 0, Skipped: 0, Time elapsed: 0.003 sec - in net.contargo.iris.route.service.SwissPartEnricherUnitTest
Running net.contargo.iris.route.service.GeoLocationPartEnricherUnitTest
Tests run: 2, Failures: 0, Errors: 0, Skipped: 0, Time elapsed: 0.001 sec - in net.contargo.iris.route.service.GeoLocationPartEnricherUnitTest
Running net.contargo.iris.route.service.TruckingTotalEnricherUnitTest
Tests run: 2, Failures: 0, Errors: 0, Skipped: 0, Time elapsed: 0.001 sec - in net.contargo.iris.route.service.TruckingTotalEnricherUnitTest
Running net.contargo.iris.route.service.EnricherServiceImplUnitTest
Tests run: 3, Failures: 0, Errors: 0, Skipped: 0, Time elapsed: 0.004 sec - in net.contargo.iris.route.service.EnricherServiceImplUnitTest
Running net.contargo.iris.route.service.Co2TotalEnricherUnitTest
Tests run: 3, Failures: 0, Errors: 0, Skipped: 0, Time elapsed: 0.003 sec - in net.contargo.iris.route.service.Co2TotalEnricherUnitTest
Running net.contargo.iris.route.service.RouteDataRevisionEnricherUnitTest
Tests run: 2, Failures: 0, Errors: 0, Skipped: 0, Time elapsed: 0.001 sec - in net.contargo.iris.route.service.RouteDataRevisionEnricherUnitTest
Running net.contargo.iris.route.service.Co2PartEnricherUnitTest
Tests run: 2, Failures: 0, Errors: 0, Skipped: 0, Time elapsed: 0.001 sec - in net.contargo.iris.route.service.Co2PartEnricherUnitTest
Running net.contargo.iris.route.service.MainRunPartEnricherUnitTest
Tests run: 5, Failures: 0, Errors: 0, Skipped: 0, Time elapsed: 0.022 sec - in net.contargo.iris.route.service.MainRunPartEnricherUnitTest
Running net.contargo.iris.route.service.RouteDataRevisionPartEnricherUnitTest
Tests run: 7, Failures: 0, Errors: 0, Skipped: 0, Time elapsed: 0.005 sec - in net.contargo.iris.route.service.RouteDataRevisionPartEnricherUnitTest
Running net.contargo.iris.route.service.RouteUrlSerializationServiceImplUnitTest
Tests run: 1, Failures: 0, Errors: 0, Skipped: 0, Time elapsed: 0.002 sec - in net.contargo.iris.route.service.RouteUrlSerializationServiceImplUnitTest
Running net.contargo.iris.route.service.EnricherContextUnitTest
Tests run: 2, Failures: 0, Errors: 0, Skipped: 0, Time elapsed: 0.001 sec - in net.contargo.iris.route.service.EnricherContextUnitTest
Running net.contargo.iris.route.service.AirLineDistancePartEnricherUnitTest
Tests run: 1, Failures: 0, Errors: 0, Skipped: 0, Time elapsed: 0.001 sec - in net.contargo.iris.route.service.AirLineDistancePartEnricherUnitTest
Running net.contargo.iris.route.api.RoutesApiControllerMvcUnitTest
Tests run: 3, Failures: 0, Errors: 0, Skipped: 0, Time elapsed: 0.027 sec - in net.contargo.iris.route.api.RoutesApiControllerMvcUnitTest
Running net.contargo.iris.route.api.RouteEnricherApiControllerMvcUnitTest
Tests run: 1, Failures: 0, Errors: 0, Skipped: 0, Time elapsed: 0.016 sec - in net.contargo.iris.route.api.RouteEnricherApiControllerMvcUnitTest
Running net.contargo.iris.route.RouteBuilderUnitTest
Tests run: 3, Failures: 0, Errors: 0, Skipped: 0, Time elapsed: 0 sec - in net.contargo.iris.route.RouteBuilderUnitTest
Running net.contargo.iris.route.RouteDataUnitTest
Tests run: 1, Failures: 0, Errors: 0, Skipped: 0, Time elapsed: 0 sec - in net.contargo.iris.route.RouteDataUnitTest
Running net.contargo.iris.route.DirectTruckRouteBuilderUnitTest
Tests run: 3, Failures: 0, Errors: 0, Skipped: 0, Time elapsed: 0.003 sec - in net.contargo.iris.route.DirectTruckRouteBuilderUnitTest
Running net.contargo.iris.route.dto.EnricherDtoServiceImplUnitTest
Tests run: 1, Failures: 0, Errors: 0, Skipped: 0, Time elapsed: 0.001 sec - in net.contargo.iris.route.dto.EnricherDtoServiceImplUnitTest
Running net.contargo.iris.route.RouteProductUnitTest
Tests run: 2, Failures: 0, Errors: 0, Skipped: 0, Time elapsed: 0 sec - in net.contargo.iris.route.RouteProductUnitTest
Running net.contargo.iris.MessageUnitTest
Tests run: 4, Failures: 0, Errors: 0, Skipped: 0, Time elapsed: 0.006 sec - in net.contargo.iris.MessageUnitTest
Running net.contargo.iris.BoundingBoxUnitTest
Tests run: 2, Failures: 0, Errors: 0, Skipped: 0, Time elapsed: 0 sec - in net.contargo.iris.BoundingBoxUnitTest

Results :

Tests run: 666, Failures: 0, Errors: 0, Skipped: 0

[INFO] 
[INFO] --- jasmine-maven-plugin:2.2:test (default) @ iris ---
[INFO] jetty-8.2.0.v20160908
[INFO] Started SelectChannelConnector@0.0.0.0:44797
[INFO] Executing Jasmine Specs
[INFO] Resolved artifact /home/jdbl/.m2/repository/com/github/klieber/phantomjs/2.1.1/phantomjs-2.1.1-linux-x86_64.tar.bz2 from central (https://repo.maven.apache.org/maven2, default, releases)
[INFO] Extracting /home/jdbl/.m2/repository/com/github/klieber/phantomjs/2.1.1/phantomjs-2.1.1-linux-x86_64.tar.bz2/phantomjs-2.1.1-linux-x86_64/bin/phantomjs to /tmp/tmpzjmdwvq7/iris/target/phantomjs/phantomjs-2.1.1-linux-x86_64/bin/phantomjs
Aug 03, 2020 11:35:11 AM org.openqa.selenium.phantomjs.PhantomJSDriverService <init>
INFO: executable: /tmp/tmpzjmdwvq7/iris/target/phantomjs/phantomjs-2.1.1-linux-x86_64/bin/phantomjs
Aug 03, 2020 11:35:11 AM org.openqa.selenium.phantomjs.PhantomJSDriverService <init>
INFO: port: 10155
Aug 03, 2020 11:35:11 AM org.openqa.selenium.phantomjs.PhantomJSDriverService <init>
INFO: arguments: [--webdriver=10155, --webdriver-logfile=/tmp/tmpzjmdwvq7/iris/phantomjsdriver.log]
Aug 03, 2020 11:35:11 AM org.openqa.selenium.phantomjs.PhantomJSDriverService <init>
INFO: environment: {}
Auto configuration failed
140485803724416:error:25066067:DSO support routines:DLFCN_LOAD:could not load the shared library:dso_dlfcn.c:185:filename(libssl_conf.so): libssl_conf.so: cannot open shared object file: No such file or directory
140485803724416:error:25070067:DSO support routines:DSO_load:could not load the shared library:dso_lib.c:244:
140485803724416:error:0E07506E:configuration file routines:MODULE_LOAD_DSO:error loading dso:conf_mod.c:285:module=ssl_conf, path=ssl_conf
140485803724416:error:0E076071:configuration file routines:MODULE_RUN:unknown module name:conf_mod.c:222:module=ssl_conf
Aug 03, 2020 11:35:31 AM org.openqa.selenium.os.UnixProcess checkForError
SEVERE: org.apache.commons.exec.ExecuteException: Process exited with an error: 1 (Exit value: 1)
[INFO] ------------------------------------------------------------------------
[INFO] BUILD FAILURE
[INFO] ------------------------------------------------------------------------
[INFO] Total time:  08:53 min
[INFO] Finished at: 2020-08-03T11:35:31Z
[INFO] ------------------------------------------------------------------------
[ERROR] Failed to execute goal com.github.searls:jasmine-maven-plugin:2.2:test (default) on project iris: The jasmine-maven-plugin encountered an exception: 
[ERROR] org.openqa.selenium.remote.UnreachableBrowserException: Could not start a new session. Possible causes are invalid address of the remote server or browser start-up failure.
[ERROR] Build info: version: '2.53.1', revision: 'a36b8b1cd5757287168e54b817830adce9b0158d', time: '2016-06-30 19:26:09'
[ERROR] System info: host: '4fd2cf8ce0c0', ip: '172.17.0.36', os.name: 'Linux', os.arch: 'amd64', os.version: '4.15.0-109-generic', java.version: '1.8.0_262'
[ERROR] Driver info: driver.version: PhantomJSDriver
[ERROR] 	at org.openqa.selenium.remote.RemoteWebDriver.execute(RemoteWebDriver.java:665)
[ERROR] 	at org.openqa.selenium.remote.RemoteWebDriver.startSession(RemoteWebDriver.java:249)
[ERROR] 	at org.openqa.selenium.remote.RemoteWebDriver.<init>(RemoteWebDriver.java:131)
[ERROR] 	at org.openqa.selenium.remote.RemoteWebDriver.<init>(RemoteWebDriver.java:144)
[ERROR] 	at org.openqa.selenium.phantomjs.PhantomJSDriver.<init>(PhantomJSDriver.java:115)
[ERROR] 	at org.openqa.selenium.phantomjs.PhantomJSDriver.<init>(PhantomJSDriver.java:104)
[ERROR] 	at com.github.searls.jasmine.driver.WebDriverFactory.createPhantomJsWebDriver(WebDriverFactory.java:149)
[ERROR] 	at com.github.searls.jasmine.driver.WebDriverFactory.createWebDriver(WebDriverFactory.java:68)
[ERROR] 	at com.github.searls.jasmine.mojo.TestMojo.createDriver(TestMojo.java:258)
[ERROR] 	at com.github.searls.jasmine.mojo.TestMojo.executeSpecs(TestMojo.java:228)
[ERROR] 	at com.github.searls.jasmine.mojo.TestMojo.run(TestMojo.java:196)
[ERROR] 	at com.github.searls.jasmine.mojo.AbstractJasmineMojo.execute(AbstractJasmineMojo.java:423)
[ERROR] 	at com.github.searls.jasmine.mojo.TestMojo.execute(TestMojo.java:183)
[ERROR] 	at org.apache.maven.plugin.DefaultBuildPluginManager.executeMojo(DefaultBuildPluginManager.java:137)
[ERROR] 	at org.apache.maven.lifecycle.internal.MojoExecutor.execute(MojoExecutor.java:210)
[ERROR] 	at org.apache.maven.lifecycle.internal.MojoExecutor.execute(MojoExecutor.java:156)
[ERROR] 	at org.apache.maven.lifecycle.internal.MojoExecutor.execute(MojoExecutor.java:148)
[ERROR] 	at org.apache.maven.lifecycle.internal.LifecycleModuleBuilder.buildProject(LifecycleModuleBuilder.java:117)
[ERROR] 	at org.apache.maven.lifecycle.internal.LifecycleModuleBuilder.buildProject(LifecycleModuleBuilder.java:81)
[ERROR] 	at org.apache.maven.lifecycle.internal.builder.singlethreaded.SingleThreadedBuilder.build(SingleThreadedBuilder.java:56)
[ERROR] 	at org.apache.maven.lifecycle.internal.LifecycleStarter.execute(LifecycleStarter.java:128)
[ERROR] 	at org.apache.maven.DefaultMaven.doExecute(DefaultMaven.java:305)
[ERROR] 	at org.apache.maven.DefaultMaven.doExecute(DefaultMaven.java:192)
[ERROR] 	at org.apache.maven.DefaultMaven.execute(DefaultMaven.java:105)
[ERROR] 	at org.apache.maven.cli.MavenCli.execute(MavenCli.java:957)
[ERROR] 	at org.apache.maven.cli.MavenCli.doMain(MavenCli.java:289)
[ERROR] 	at org.apache.maven.cli.MavenCli.main(MavenCli.java:193)
[ERROR] 	at sun.reflect.NativeMethodAccessorImpl.invoke0(Native Method)
[ERROR] 	at sun.reflect.NativeMethodAccessorImpl.invoke(NativeMethodAccessorImpl.java:62)
[ERROR] 	at sun.reflect.DelegatingMethodAccessorImpl.invoke(DelegatingMethodAccessorImpl.java:43)
[ERROR] 	at java.lang.reflect.Method.invoke(Method.java:498)
[ERROR] 	at org.codehaus.plexus.classworlds.launcher.Launcher.launchEnhanced(Launcher.java:282)
[ERROR] 	at org.codehaus.plexus.classworlds.launcher.Launcher.launch(Launcher.java:225)
[ERROR] 	at org.codehaus.plexus.classworlds.launcher.Launcher.mainWithExitCode(Launcher.java:406)
[ERROR] 	at org.codehaus.plexus.classworlds.launcher.Launcher.main(Launcher.java:347)
[ERROR] Caused by: org.openqa.selenium.WebDriverException: Timed out waiting for driver server to start.
[ERROR] Build info: version: '2.53.1', revision: 'a36b8b1cd5757287168e54b817830adce9b0158d', time: '2016-06-30 19:26:09'
[ERROR] System info: host: '4fd2cf8ce0c0', ip: '172.17.0.36', os.name: 'Linux', os.arch: 'amd64', os.version: '4.15.0-109-generic', java.version: '1.8.0_262'
[ERROR] Driver info: driver.version: PhantomJSDriver
[ERROR] 	at org.openqa.selenium.remote.service.DriverService.waitUntilAvailable(DriverService.java:178)
[ERROR] 	at org.openqa.selenium.remote.service.DriverService.start(DriverService.java:166)
[ERROR] 	at org.openqa.selenium.phantomjs.PhantomJSCommandExecutor.execute(PhantomJSCommandExecutor.java:78)
[ERROR] 	at org.openqa.selenium.remote.RemoteWebDriver.execute(RemoteWebDriver.java:644)
[ERROR] 	... 34 more
[ERROR] Caused by: org.openqa.selenium.net.UrlChecker$TimeoutException: Timed out waiting for [http://localhost:10155/status] to be available after 20000 ms
[ERROR] 	at org.openqa.selenium.net.UrlChecker.waitUntilAvailable(UrlChecker.java:107)
[ERROR] 	at org.openqa.selenium.remote.service.DriverService.waitUntilAvailable(DriverService.java:175)
[ERROR] 	... 37 more
[ERROR] Caused by: com.google.common.util.concurrent.UncheckedTimeoutException: java.util.concurrent.TimeoutException
[ERROR] 	at com.google.common.util.concurrent.SimpleTimeLimiter.callWithTimeout(SimpleTimeLimiter.java:143)
[ERROR] 	at org.openqa.selenium.net.UrlChecker.waitUntilAvailable(UrlChecker.java:80)
[ERROR] 	... 38 more
[ERROR] Caused by: java.util.concurrent.TimeoutException
[ERROR] 	at java.util.concurrent.FutureTask.get(FutureTask.java:205)
[ERROR] 	at com.google.common.util.concurrent.SimpleTimeLimiter.callWithTimeout(SimpleTimeLimiter.java:130)
[ERROR] 	... 39 more
[ERROR] -> [Help 1]
org.apache.maven.lifecycle.LifecycleExecutionException: Failed to execute goal com.github.searls:jasmine-maven-plugin:2.2:test (default) on project iris: The jasmine-maven-plugin encountered an exception: 
org.openqa.selenium.remote.UnreachableBrowserException: Could not start a new session. Possible causes are invalid address of the remote server or browser start-up failure.
Build info: version: '2.53.1', revision: 'a36b8b1cd5757287168e54b817830adce9b0158d', time: '2016-06-30 19:26:09'
System info: host: '4fd2cf8ce0c0', ip: '172.17.0.36', os.name: 'Linux', os.arch: 'amd64', os.version: '4.15.0-109-generic', java.version: '1.8.0_262'
Driver info: driver.version: PhantomJSDriver
	at org.openqa.selenium.remote.RemoteWebDriver.execute(RemoteWebDriver.java:665)
	at org.openqa.selenium.remote.RemoteWebDriver.startSession(RemoteWebDriver.java:249)
	at org.openqa.selenium.remote.RemoteWebDriver.<init>(RemoteWebDriver.java:131)
	at org.openqa.selenium.remote.RemoteWebDriver.<init>(RemoteWebDriver.java:144)
	at org.openqa.selenium.phantomjs.PhantomJSDriver.<init>(PhantomJSDriver.java:115)
	at org.openqa.selenium.phantomjs.PhantomJSDriver.<init>(PhantomJSDriver.java:104)
	at com.github.searls.jasmine.driver.WebDriverFactory.createPhantomJsWebDriver(WebDriverFactory.java:149)
	at com.github.searls.jasmine.driver.WebDriverFactory.createWebDriver(WebDriverFactory.java:68)
	at com.github.searls.jasmine.mojo.TestMojo.createDriver(TestMojo.java:258)
	at com.github.searls.jasmine.mojo.TestMojo.executeSpecs(TestMojo.java:228)
	at com.github.searls.jasmine.mojo.TestMojo.run(TestMojo.java:196)
	at com.github.searls.jasmine.mojo.AbstractJasmineMojo.execute(AbstractJasmineMojo.java:423)
	at com.github.searls.jasmine.mojo.TestMojo.execute(TestMojo.java:183)
	at org.apache.maven.plugin.DefaultBuildPluginManager.executeMojo(DefaultBuildPluginManager.java:137)
	at org.apache.maven.lifecycle.internal.MojoExecutor.execute(MojoExecutor.java:210)
	at org.apache.maven.lifecycle.internal.MojoExecutor.execute(MojoExecutor.java:156)
	at org.apache.maven.lifecycle.internal.MojoExecutor.execute(MojoExecutor.java:148)
	at org.apache.maven.lifecycle.internal.LifecycleModuleBuilder.buildProject(LifecycleModuleBuilder.java:117)
	at org.apache.maven.lifecycle.internal.LifecycleModuleBuilder.buildProject(LifecycleModuleBuilder.java:81)
	at org.apache.maven.lifecycle.internal.builder.singlethreaded.SingleThreadedBuilder.build(SingleThreadedBuilder.java:56)
	at org.apache.maven.lifecycle.internal.LifecycleStarter.execute(LifecycleStarter.java:128)
	at org.apache.maven.DefaultMaven.doExecute(DefaultMaven.java:305)
	at org.apache.maven.DefaultMaven.doExecute(DefaultMaven.java:192)
	at org.apache.maven.DefaultMaven.execute(DefaultMaven.java:105)
	at org.apache.maven.cli.MavenCli.execute(MavenCli.java:957)
	at org.apache.maven.cli.MavenCli.doMain(MavenCli.java:289)
	at org.apache.maven.cli.MavenCli.main(MavenCli.java:193)
	at sun.reflect.NativeMethodAccessorImpl.invoke0(Native Method)
	at sun.reflect.NativeMethodAccessorImpl.invoke(NativeMethodAccessorImpl.java:62)
	at sun.reflect.DelegatingMethodAccessorImpl.invoke(DelegatingMethodAccessorImpl.java:43)
	at java.lang.reflect.Method.invoke(Method.java:498)
	at org.codehaus.plexus.classworlds.launcher.Launcher.launchEnhanced(Launcher.java:282)
	at org.codehaus.plexus.classworlds.launcher.Launcher.launch(Launcher.java:225)
	at org.codehaus.plexus.classworlds.launcher.Launcher.mainWithExitCode(Launcher.java:406)
	at org.codehaus.plexus.classworlds.launcher.Launcher.main(Launcher.java:347)
Caused by: org.openqa.selenium.WebDriverException: Timed out waiting for driver server to start.
Build info: version: '2.53.1', revision: 'a36b8b1cd5757287168e54b817830adce9b0158d', time: '2016-06-30 19:26:09'
System info: host: '4fd2cf8ce0c0', ip: '172.17.0.36', os.name: 'Linux', os.arch: 'amd64', os.version: '4.15.0-109-generic', java.version: '1.8.0_262'
Driver info: driver.version: PhantomJSDriver
	at org.openqa.selenium.remote.service.DriverService.waitUntilAvailable(DriverService.java:178)
	at org.openqa.selenium.remote.service.DriverService.start(DriverService.java:166)
	at org.openqa.selenium.phantomjs.PhantomJSCommandExecutor.execute(PhantomJSCommandExecutor.java:78)
	at org.openqa.selenium.remote.RemoteWebDriver.execute(RemoteWebDriver.java:644)
	... 34 more
Caused by: org.openqa.selenium.net.UrlChecker$TimeoutException: Timed out waiting for [http://localhost:10155/status] to be available after 20000 ms
	at org.openqa.selenium.net.UrlChecker.waitUntilAvailable(UrlChecker.java:107)
	at org.openqa.selenium.remote.service.DriverService.waitUntilAvailable(DriverService.java:175)
	... 37 more
Caused by: com.google.common.util.concurrent.UncheckedTimeoutException: java.util.concurrent.TimeoutException
	at com.google.common.util.concurrent.SimpleTimeLimiter.callWithTimeout(SimpleTimeLimiter.java:143)
	at org.openqa.selenium.net.UrlChecker.waitUntilAvailable(UrlChecker.java:80)
	... 38 more
Caused by: java.util.concurrent.TimeoutException
	at java.util.concurrent.FutureTask.get(FutureTask.java:205)
	at com.google.common.util.concurrent.SimpleTimeLimiter.callWithTimeout(SimpleTimeLimiter.java:130)
	... 39 more

    at org.apache.maven.lifecycle.internal.MojoExecutor.execute (MojoExecutor.java:215)
    at org.apache.maven.lifecycle.internal.MojoExecutor.execute (MojoExecutor.java:156)
    at org.apache.maven.lifecycle.internal.MojoExecutor.execute (MojoExecutor.java:148)
    at org.apache.maven.lifecycle.internal.LifecycleModuleBuilder.buildProject (LifecycleModuleBuilder.java:117)
    at org.apache.maven.lifecycle.internal.LifecycleModuleBuilder.buildProject (LifecycleModuleBuilder.java:81)
    at org.apache.maven.lifecycle.internal.builder.singlethreaded.SingleThreadedBuilder.build (SingleThreadedBuilder.java:56)
    at org.apache.maven.lifecycle.internal.LifecycleStarter.execute (LifecycleStarter.java:128)
    at org.apache.maven.DefaultMaven.doExecute (DefaultMaven.java:305)
    at org.apache.maven.DefaultMaven.doExecute (DefaultMaven.java:192)
    at org.apache.maven.DefaultMaven.execute (DefaultMaven.java:105)
    at org.apache.maven.cli.MavenCli.execute (MavenCli.java:957)
    at org.apache.maven.cli.MavenCli.doMain (MavenCli.java:289)
    at org.apache.maven.cli.MavenCli.main (MavenCli.java:193)
    at sun.reflect.NativeMethodAccessorImpl.invoke0 (Native Method)
    at sun.reflect.NativeMethodAccessorImpl.invoke (NativeMethodAccessorImpl.java:62)
    at sun.reflect.DelegatingMethodAccessorImpl.invoke (DelegatingMethodAccessorImpl.java:43)
    at java.lang.reflect.Method.invoke (Method.java:498)
    at org.codehaus.plexus.classworlds.launcher.Launcher.launchEnhanced (Launcher.java:282)
    at org.codehaus.plexus.classworlds.launcher.Launcher.launch (Launcher.java:225)
    at org.codehaus.plexus.classworlds.launcher.Launcher.mainWithExitCode (Launcher.java:406)
    at org.codehaus.plexus.classworlds.launcher.Launcher.main (Launcher.java:347)
Caused by: org.apache.maven.plugin.MojoExecutionException: The jasmine-maven-plugin encountered an exception: 
org.openqa.selenium.remote.UnreachableBrowserException: Could not start a new session. Possible causes are invalid address of the remote server or browser start-up failure.
Build info: version: '2.53.1', revision: 'a36b8b1cd5757287168e54b817830adce9b0158d', time: '2016-06-30 19:26:09'
System info: host: '4fd2cf8ce0c0', ip: '172.17.0.36', os.name: 'Linux', os.arch: 'amd64', os.version: '4.15.0-109-generic', java.version: '1.8.0_262'
Driver info: driver.version: PhantomJSDriver
	at org.openqa.selenium.remote.RemoteWebDriver.execute(RemoteWebDriver.java:665)
	at org.openqa.selenium.remote.RemoteWebDriver.startSession(RemoteWebDriver.java:249)
	at org.openqa.selenium.remote.RemoteWebDriver.<init>(RemoteWebDriver.java:131)
	at org.openqa.selenium.remote.RemoteWebDriver.<init>(RemoteWebDriver.java:144)
	at org.openqa.selenium.phantomjs.PhantomJSDriver.<init>(PhantomJSDriver.java:115)
	at org.openqa.selenium.phantomjs.PhantomJSDriver.<init>(PhantomJSDriver.java:104)
	at com.github.searls.jasmine.driver.WebDriverFactory.createPhantomJsWebDriver(WebDriverFactory.java:149)
	at com.github.searls.jasmine.driver.WebDriverFactory.createWebDriver(WebDriverFactory.java:68)
	at com.github.searls.jasmine.mojo.TestMojo.createDriver(TestMojo.java:258)
	at com.github.searls.jasmine.mojo.TestMojo.executeSpecs(TestMojo.java:228)
	at com.github.searls.jasmine.mojo.TestMojo.run(TestMojo.java:196)
	at com.github.searls.jasmine.mojo.AbstractJasmineMojo.execute(AbstractJasmineMojo.java:423)
	at com.github.searls.jasmine.mojo.TestMojo.execute(TestMojo.java:183)
	at org.apache.maven.plugin.DefaultBuildPluginManager.executeMojo(DefaultBuildPluginManager.java:137)
	at org.apache.maven.lifecycle.internal.MojoExecutor.execute(MojoExecutor.java:210)
	at org.apache.maven.lifecycle.internal.MojoExecutor.execute(MojoExecutor.java:156)
	at org.apache.maven.lifecycle.internal.MojoExecutor.execute(MojoExecutor.java:148)
	at org.apache.maven.lifecycle.internal.LifecycleModuleBuilder.buildProject(LifecycleModuleBuilder.java:117)
	at org.apache.maven.lifecycle.internal.LifecycleModuleBuilder.buildProject(LifecycleModuleBuilder.java:81)
	at org.apache.maven.lifecycle.internal.builder.singlethreaded.SingleThreadedBuilder.build(SingleThreadedBuilder.java:56)
	at org.apache.maven.lifecycle.internal.LifecycleStarter.execute(LifecycleStarter.java:128)
	at org.apache.maven.DefaultMaven.doExecute(DefaultMaven.java:305)
	at org.apache.maven.DefaultMaven.doExecute(DefaultMaven.java:192)
	at org.apache.maven.DefaultMaven.execute(DefaultMaven.java:105)
	at org.apache.maven.cli.MavenCli.execute(MavenCli.java:957)
	at org.apache.maven.cli.MavenCli.doMain(MavenCli.java:289)
	at org.apache.maven.cli.MavenCli.main(MavenCli.java:193)
	at sun.reflect.NativeMethodAccessorImpl.invoke0(Native Method)
	at sun.reflect.NativeMethodAccessorImpl.invoke(NativeMethodAccessorImpl.java:62)
	at sun.reflect.DelegatingMethodAccessorImpl.invoke(DelegatingMethodAccessorImpl.java:43)
	at java.lang.reflect.Method.invoke(Method.java:498)
	at org.codehaus.plexus.classworlds.launcher.Launcher.launchEnhanced(Launcher.java:282)
	at org.codehaus.plexus.classworlds.launcher.Launcher.launch(Launcher.java:225)
	at org.codehaus.plexus.classworlds.launcher.Launcher.mainWithExitCode(Launcher.java:406)
	at org.codehaus.plexus.classworlds.launcher.Launcher.main(Launcher.java:347)
Caused by: org.openqa.selenium.WebDriverException: Timed out waiting for driver server to start.
Build info: version: '2.53.1', revision: 'a36b8b1cd5757287168e54b817830adce9b0158d', time: '2016-06-30 19:26:09'
System info: host: '4fd2cf8ce0c0', ip: '172.17.0.36', os.name: 'Linux', os.arch: 'amd64', os.version: '4.15.0-109-generic', java.version: '1.8.0_262'
Driver info: driver.version: PhantomJSDriver
	at org.openqa.selenium.remote.service.DriverService.waitUntilAvailable(DriverService.java:178)
	at org.openqa.selenium.remote.service.DriverService.start(DriverService.java:166)
	at org.openqa.selenium.phantomjs.PhantomJSCommandExecutor.execute(PhantomJSCommandExecutor.java:78)
	at org.openqa.selenium.remote.RemoteWebDriver.execute(RemoteWebDriver.java:644)
	... 34 more
Caused by: org.openqa.selenium.net.UrlChecker$TimeoutException: Timed out waiting for [http://localhost:10155/status] to be available after 20000 ms
	at org.openqa.selenium.net.UrlChecker.waitUntilAvailable(UrlChecker.java:107)
	at org.openqa.selenium.remote.service.DriverService.waitUntilAvailable(DriverService.java:175)
	... 37 more
Caused by: com.google.common.util.concurrent.UncheckedTimeoutException: java.util.concurrent.TimeoutException
	at com.google.common.util.concurrent.SimpleTimeLimiter.callWithTimeout(SimpleTimeLimiter.java:143)
	at org.openqa.selenium.net.UrlChecker.waitUntilAvailable(UrlChecker.java:80)
	... 38 more
Caused by: java.util.concurrent.TimeoutException
	at java.util.concurrent.FutureTask.get(FutureTask.java:205)
	at com.google.common.util.concurrent.SimpleTimeLimiter.callWithTimeout(SimpleTimeLimiter.java:130)
	... 39 more

    at com.github.searls.jasmine.mojo.AbstractJasmineMojo.execute (AbstractJasmineMojo.java:427)
    at com.github.searls.jasmine.mojo.TestMojo.execute (TestMojo.java:183)
    at org.apache.maven.plugin.DefaultBuildPluginManager.executeMojo (DefaultBuildPluginManager.java:137)
    at org.apache.maven.lifecycle.internal.MojoExecutor.execute (MojoExecutor.java:210)
    at org.apache.maven.lifecycle.internal.MojoExecutor.execute (MojoExecutor.java:156)
    at org.apache.maven.lifecycle.internal.MojoExecutor.execute (MojoExecutor.java:148)
    at org.apache.maven.lifecycle.internal.LifecycleModuleBuilder.buildProject (LifecycleModuleBuilder.java:117)
    at org.apache.maven.lifecycle.internal.LifecycleModuleBuilder.buildProject (LifecycleModuleBuilder.java:81)
    at org.apache.maven.lifecycle.internal.builder.singlethreaded.SingleThreadedBuilder.build (SingleThreadedBuilder.java:56)
    at org.apache.maven.lifecycle.internal.LifecycleStarter.execute (LifecycleStarter.java:128)
    at org.apache.maven.DefaultMaven.doExecute (DefaultMaven.java:305)
    at org.apache.maven.DefaultMaven.doExecute (DefaultMaven.java:192)
    at org.apache.maven.DefaultMaven.execute (DefaultMaven.java:105)
    at org.apache.maven.cli.MavenCli.execute (MavenCli.java:957)
    at org.apache.maven.cli.MavenCli.doMain (MavenCli.java:289)
    at org.apache.maven.cli.MavenCli.main (MavenCli.java:193)
    at sun.reflect.NativeMethodAccessorImpl.invoke0 (Native Method)
    at sun.reflect.NativeMethodAccessorImpl.invoke (NativeMethodAccessorImpl.java:62)
    at sun.reflect.DelegatingMethodAccessorImpl.invoke (DelegatingMethodAccessorImpl.java:43)
    at java.lang.reflect.Method.invoke (Method.java:498)
    at org.codehaus.plexus.classworlds.launcher.Launcher.launchEnhanced (Launcher.java:282)
    at org.codehaus.plexus.classworlds.launcher.Launcher.launch (Launcher.java:225)
    at org.codehaus.plexus.classworlds.launcher.Launcher.mainWithExitCode (Launcher.java:406)
    at org.codehaus.plexus.classworlds.launcher.Launcher.main (Launcher.java:347)
Caused by: org.openqa.selenium.remote.UnreachableBrowserException: Could not start a new session. Possible causes are invalid address of the remote server or browser start-up failure.
Build info: version: '2.53.1', revision: 'a36b8b1cd5757287168e54b817830adce9b0158d', time: '2016-06-30 19:26:09'
System info: host: '4fd2cf8ce0c0', ip: '172.17.0.36', os.name: 'Linux', os.arch: 'amd64', os.version: '4.15.0-109-generic', java.version: '1.8.0_262'
Driver info: driver.version: PhantomJSDriver
    at org.openqa.selenium.remote.RemoteWebDriver.execute (RemoteWebDriver.java:665)
    at org.openqa.selenium.remote.RemoteWebDriver.startSession (RemoteWebDriver.java:249)
    at org.openqa.selenium.remote.RemoteWebDriver.<init> (RemoteWebDriver.java:131)
    at org.openqa.selenium.remote.RemoteWebDriver.<init> (RemoteWebDriver.java:144)
    at org.openqa.selenium.phantomjs.PhantomJSDriver.<init> (PhantomJSDriver.java:115)
    at org.openqa.selenium.phantomjs.PhantomJSDriver.<init> (PhantomJSDriver.java:104)
    at com.github.searls.jasmine.driver.WebDriverFactory.createPhantomJsWebDriver (WebDriverFactory.java:149)
    at com.github.searls.jasmine.driver.WebDriverFactory.createWebDriver (WebDriverFactory.java:68)
    at com.github.searls.jasmine.mojo.TestMojo.createDriver (TestMojo.java:258)
    at com.github.searls.jasmine.mojo.TestMojo.executeSpecs (TestMojo.java:228)
    at com.github.searls.jasmine.mojo.TestMojo.run (TestMojo.java:196)
    at com.github.searls.jasmine.mojo.AbstractJasmineMojo.execute (AbstractJasmineMojo.java:423)
    at com.github.searls.jasmine.mojo.TestMojo.execute (TestMojo.java:183)
    at org.apache.maven.plugin.DefaultBuildPluginManager.executeMojo (DefaultBuildPluginManager.java:137)
    at org.apache.maven.lifecycle.internal.MojoExecutor.execute (MojoExecutor.java:210)
    at org.apache.maven.lifecycle.internal.MojoExecutor.execute (MojoExecutor.java:156)
    at org.apache.maven.lifecycle.internal.MojoExecutor.execute (MojoExecutor.java:148)
    at org.apache.maven.lifecycle.internal.LifecycleModuleBuilder.buildProject (LifecycleModuleBuilder.java:117)
    at org.apache.maven.lifecycle.internal.LifecycleModuleBuilder.buildProject (LifecycleModuleBuilder.java:81)
    at org.apache.maven.lifecycle.internal.builder.singlethreaded.SingleThreadedBuilder.build (SingleThreadedBuilder.java:56)
    at org.apache.maven.lifecycle.internal.LifecycleStarter.execute (LifecycleStarter.java:128)
    at org.apache.maven.DefaultMaven.doExecute (DefaultMaven.java:305)
    at org.apache.maven.DefaultMaven.doExecute (DefaultMaven.java:192)
    at org.apache.maven.DefaultMaven.execute (DefaultMaven.java:105)
    at org.apache.maven.cli.MavenCli.execute (MavenCli.java:957)
    at org.apache.maven.cli.MavenCli.doMain (MavenCli.java:289)
    at org.apache.maven.cli.MavenCli.main (MavenCli.java:193)
    at sun.reflect.NativeMethodAccessorImpl.invoke0 (Native Method)
    at sun.reflect.NativeMethodAccessorImpl.invoke (NativeMethodAccessorImpl.java:62)
    at sun.reflect.DelegatingMethodAccessorImpl.invoke (DelegatingMethodAccessorImpl.java:43)
    at java.lang.reflect.Method.invoke (Method.java:498)
    at org.codehaus.plexus.classworlds.launcher.Launcher.launchEnhanced (Launcher.java:282)
    at org.codehaus.plexus.classworlds.launcher.Launcher.launch (Launcher.java:225)
    at org.codehaus.plexus.classworlds.launcher.Launcher.mainWithExitCode (Launcher.java:406)
    at org.codehaus.plexus.classworlds.launcher.Launcher.main (Launcher.java:347)
Caused by: org.openqa.selenium.WebDriverException: Timed out waiting for driver server to start.
Build info: version: '2.53.1', revision: 'a36b8b1cd5757287168e54b817830adce9b0158d', time: '2016-06-30 19:26:09'
System info: host: '4fd2cf8ce0c0', ip: '172.17.0.36', os.name: 'Linux', os.arch: 'amd64', os.version: '4.15.0-109-generic', java.version: '1.8.0_262'
Driver info: driver.version: PhantomJSDriver
    at org.openqa.selenium.remote.service.DriverService.waitUntilAvailable (DriverService.java:178)
    at org.openqa.selenium.remote.service.DriverService.start (DriverService.java:166)
    at org.openqa.selenium.phantomjs.PhantomJSCommandExecutor.execute (PhantomJSCommandExecutor.java:78)
    at org.openqa.selenium.remote.RemoteWebDriver.execute (RemoteWebDriver.java:644)
    at org.openqa.selenium.remote.RemoteWebDriver.startSession (RemoteWebDriver.java:249)
    at org.openqa.selenium.remote.RemoteWebDriver.<init> (RemoteWebDriver.java:131)
    at org.openqa.selenium.remote.RemoteWebDriver.<init> (RemoteWebDriver.java:144)
    at org.openqa.selenium.phantomjs.PhantomJSDriver.<init> (PhantomJSDriver.java:115)
    at org.openqa.selenium.phantomjs.PhantomJSDriver.<init> (PhantomJSDriver.java:104)
    at com.github.searls.jasmine.driver.WebDriverFactory.createPhantomJsWebDriver (WebDriverFactory.java:149)
    at com.github.searls.jasmine.driver.WebDriverFactory.createWebDriver (WebDriverFactory.java:68)
    at com.github.searls.jasmine.mojo.TestMojo.createDriver (TestMojo.java:258)
    at com.github.searls.jasmine.mojo.TestMojo.executeSpecs (TestMojo.java:228)
    at com.github.searls.jasmine.mojo.TestMojo.run (TestMojo.java:196)
    at com.github.searls.jasmine.mojo.AbstractJasmineMojo.execute (AbstractJasmineMojo.java:423)
    at com.github.searls.jasmine.mojo.TestMojo.execute (TestMojo.java:183)
    at org.apache.maven.plugin.DefaultBuildPluginManager.executeMojo (DefaultBuildPluginManager.java:137)
    at org.apache.maven.lifecycle.internal.MojoExecutor.execute (MojoExecutor.java:210)
    at org.apache.maven.lifecycle.internal.MojoExecutor.execute (MojoExecutor.java:156)
    at org.apache.maven.lifecycle.internal.MojoExecutor.execute (MojoExecutor.java:148)
    at org.apache.maven.lifecycle.internal.LifecycleModuleBuilder.buildProject (LifecycleModuleBuilder.java:117)
    at org.apache.maven.lifecycle.internal.LifecycleModuleBuilder.buildProject (LifecycleModuleBuilder.java:81)
    at org.apache.maven.lifecycle.internal.builder.singlethreaded.SingleThreadedBuilder.build (SingleThreadedBuilder.java:56)
    at org.apache.maven.lifecycle.internal.LifecycleStarter.execute (LifecycleStarter.java:128)
    at org.apache.maven.DefaultMaven.doExecute (DefaultMaven.java:305)
    at org.apache.maven.DefaultMaven.doExecute (DefaultMaven.java:192)
    at org.apache.maven.DefaultMaven.execute (DefaultMaven.java:105)
    at org.apache.maven.cli.MavenCli.execute (MavenCli.java:957)
    at org.apache.maven.cli.MavenCli.doMain (MavenCli.java:289)
    at org.apache.maven.cli.MavenCli.main (MavenCli.java:193)
    at sun.reflect.NativeMethodAccessorImpl.invoke0 (Native Method)
    at sun.reflect.NativeMethodAccessorImpl.invoke (NativeMethodAccessorImpl.java:62)
    at sun.reflect.DelegatingMethodAccessorImpl.invoke (DelegatingMethodAccessorImpl.java:43)
    at java.lang.reflect.Method.invoke (Method.java:498)
    at org.codehaus.plexus.classworlds.launcher.Launcher.launchEnhanced (Launcher.java:282)
    at org.codehaus.plexus.classworlds.launcher.Launcher.launch (Launcher.java:225)
    at org.codehaus.plexus.classworlds.launcher.Launcher.mainWithExitCode (Launcher.java:406)
    at org.codehaus.plexus.classworlds.launcher.Launcher.main (Launcher.java:347)
Caused by: org.openqa.selenium.net.UrlChecker$TimeoutException: Timed out waiting for [http://localhost:10155/status] to be available after 20000 ms
    at org.openqa.selenium.net.UrlChecker.waitUntilAvailable (UrlChecker.java:107)
    at org.openqa.selenium.remote.service.DriverService.waitUntilAvailable (DriverService.java:175)
    at org.openqa.selenium.remote.service.DriverService.start (DriverService.java:166)
    at org.openqa.selenium.phantomjs.PhantomJSCommandExecutor.execute (PhantomJSCommandExecutor.java:78)
    at org.openqa.selenium.remote.RemoteWebDriver.execute (RemoteWebDriver.java:644)
    at org.openqa.selenium.remote.RemoteWebDriver.startSession (RemoteWebDriver.java:249)
    at org.openqa.selenium.remote.RemoteWebDriver.<init> (RemoteWebDriver.java:131)
    at org.openqa.selenium.remote.RemoteWebDriver.<init> (RemoteWebDriver.java:144)
    at org.openqa.selenium.phantomjs.PhantomJSDriver.<init> (PhantomJSDriver.java:115)
    at org.openqa.selenium.phantomjs.PhantomJSDriver.<init> (PhantomJSDriver.java:104)
    at com.github.searls.jasmine.driver.WebDriverFactory.createPhantomJsWebDriver (WebDriverFactory.java:149)
    at com.github.searls.jasmine.driver.WebDriverFactory.createWebDriver (WebDriverFactory.java:68)
    at com.github.searls.jasmine.mojo.TestMojo.createDriver (TestMojo.java:258)
    at com.github.searls.jasmine.mojo.TestMojo.executeSpecs (TestMojo.java:228)
    at com.github.searls.jasmine.mojo.TestMojo.run (TestMojo.java:196)
    at com.github.searls.jasmine.mojo.AbstractJasmineMojo.execute (AbstractJasmineMojo.java:423)
    at com.github.searls.jasmine.mojo.TestMojo.execute (TestMojo.java:183)
    at org.apache.maven.plugin.DefaultBuildPluginManager.executeMojo (DefaultBuildPluginManager.java:137)
    at org.apache.maven.lifecycle.internal.MojoExecutor.execute (MojoExecutor.java:210)
    at org.apache.maven.lifecycle.internal.MojoExecutor.execute (MojoExecutor.java:156)
    at org.apache.maven.lifecycle.internal.MojoExecutor.execute (MojoExecutor.java:148)
    at org.apache.maven.lifecycle.internal.LifecycleModuleBuilder.buildProject (LifecycleModuleBuilder.java:117)
    at org.apache.maven.lifecycle.internal.LifecycleModuleBuilder.buildProject (LifecycleModuleBuilder.java:81)
    at org.apache.maven.lifecycle.internal.builder.singlethreaded.SingleThreadedBuilder.build (SingleThreadedBuilder.java:56)
    at org.apache.maven.lifecycle.internal.LifecycleStarter.execute (LifecycleStarter.java:128)
    at org.apache.maven.DefaultMaven.doExecute (DefaultMaven.java:305)
    at org.apache.maven.DefaultMaven.doExecute (DefaultMaven.java:192)
    at org.apache.maven.DefaultMaven.execute (DefaultMaven.java:105)
    at org.apache.maven.cli.MavenCli.execute (MavenCli.java:957)
    at org.apache.maven.cli.MavenCli.doMain (MavenCli.java:289)
    at org.apache.maven.cli.MavenCli.main (MavenCli.java:193)
    at sun.reflect.NativeMethodAccessorImpl.invoke0 (Native Method)
    at sun.reflect.NativeMethodAccessorImpl.invoke (NativeMethodAccessorImpl.java:62)
    at sun.reflect.DelegatingMethodAccessorImpl.invoke (DelegatingMethodAccessorImpl.java:43)
    at java.lang.reflect.Method.invoke (Method.java:498)
    at org.codehaus.plexus.classworlds.launcher.Launcher.launchEnhanced (Launcher.java:282)
    at org.codehaus.plexus.classworlds.launcher.Launcher.launch (Launcher.java:225)
    at org.codehaus.plexus.classworlds.launcher.Launcher.mainWithExitCode (Launcher.java:406)
    at org.codehaus.plexus.classworlds.launcher.Launcher.main (Launcher.java:347)
Caused by: com.google.common.util.concurrent.UncheckedTimeoutException: java.util.concurrent.TimeoutException
    at com.google.common.util.concurrent.SimpleTimeLimiter.callWithTimeout (SimpleTimeLimiter.java:143)
    at org.openqa.selenium.net.UrlChecker.waitUntilAvailable (UrlChecker.java:80)
    at org.openqa.selenium.remote.service.DriverService.waitUntilAvailable (DriverService.java:175)
    at org.openqa.selenium.remote.service.DriverService.start (DriverService.java:166)
    at org.openqa.selenium.phantomjs.PhantomJSCommandExecutor.execute (PhantomJSCommandExecutor.java:78)
    at org.openqa.selenium.remote.RemoteWebDriver.execute (RemoteWebDriver.java:644)
    at org.openqa.selenium.remote.RemoteWebDriver.startSession (RemoteWebDriver.java:249)
    at org.openqa.selenium.remote.RemoteWebDriver.<init> (RemoteWebDriver.java:131)
    at org.openqa.selenium.remote.RemoteWebDriver.<init> (RemoteWebDriver.java:144)
    at org.openqa.selenium.phantomjs.PhantomJSDriver.<init> (PhantomJSDriver.java:115)
    at org.openqa.selenium.phantomjs.PhantomJSDriver.<init> (PhantomJSDriver.java:104)
    at com.github.searls.jasmine.driver.WebDriverFactory.createPhantomJsWebDriver (WebDriverFactory.java:149)
    at com.github.searls.jasmine.driver.WebDriverFactory.createWebDriver (WebDriverFactory.java:68)
    at com.github.searls.jasmine.mojo.TestMojo.createDriver (TestMojo.java:258)
    at com.github.searls.jasmine.mojo.TestMojo.executeSpecs (TestMojo.java:228)
    at com.github.searls.jasmine.mojo.TestMojo.run (TestMojo.java:196)
    at com.github.searls.jasmine.mojo.AbstractJasmineMojo.execute (AbstractJasmineMojo.java:423)
    at com.github.searls.jasmine.mojo.TestMojo.execute (TestMojo.java:183)
    at org.apache.maven.plugin.DefaultBuildPluginManager.executeMojo (DefaultBuildPluginManager.java:137)
    at org.apache.maven.lifecycle.internal.MojoExecutor.execute (MojoExecutor.java:210)
    at org.apache.maven.lifecycle.internal.MojoExecutor.execute (MojoExecutor.java:156)
    at org.apache.maven.lifecycle.internal.MojoExecutor.execute (MojoExecutor.java:148)
    at org.apache.maven.lifecycle.internal.LifecycleModuleBuilder.buildProject (LifecycleModuleBuilder.java:117)
    at org.apache.maven.lifecycle.internal.LifecycleModuleBuilder.buildProject (LifecycleModuleBuilder.java:81)
    at org.apache.maven.lifecycle.internal.builder.singlethreaded.SingleThreadedBuilder.build (SingleThreadedBuilder.java:56)
    at org.apache.maven.lifecycle.internal.LifecycleStarter.execute (LifecycleStarter.java:128)
    at org.apache.maven.DefaultMaven.doExecute (DefaultMaven.java:305)
    at org.apache.maven.DefaultMaven.doExecute (DefaultMaven.java:192)
    at org.apache.maven.DefaultMaven.execute (DefaultMaven.java:105)
    at org.apache.maven.cli.MavenCli.execute (MavenCli.java:957)
    at org.apache.maven.cli.MavenCli.doMain (MavenCli.java:289)
    at org.apache.maven.cli.MavenCli.main (MavenCli.java:193)
    at sun.reflect.NativeMethodAccessorImpl.invoke0 (Native Method)
    at sun.reflect.NativeMethodAccessorImpl.invoke (NativeMethodAccessorImpl.java:62)
    at sun.reflect.DelegatingMethodAccessorImpl.invoke (DelegatingMethodAccessorImpl.java:43)
    at java.lang.reflect.Method.invoke (Method.java:498)
    at org.codehaus.plexus.classworlds.launcher.Launcher.launchEnhanced (Launcher.java:282)
    at org.codehaus.plexus.classworlds.launcher.Launcher.launch (Launcher.java:225)
    at org.codehaus.plexus.classworlds.launcher.Launcher.mainWithExitCode (Launcher.java:406)
    at org.codehaus.plexus.classworlds.launcher.Launcher.main (Launcher.java:347)
Caused by: java.util.concurrent.TimeoutException
    at java.util.concurrent.FutureTask.get (FutureTask.java:205)
    at com.google.common.util.concurrent.SimpleTimeLimiter.callWithTimeout (SimpleTimeLimiter.java:130)
    at org.openqa.selenium.net.UrlChecker.waitUntilAvailable (UrlChecker.java:80)
    at org.openqa.selenium.remote.service.DriverService.waitUntilAvailable (DriverService.java:175)
    at org.openqa.selenium.remote.service.DriverService.start (DriverService.java:166)
    at org.openqa.selenium.phantomjs.PhantomJSCommandExecutor.execute (PhantomJSCommandExecutor.java:78)
    at org.openqa.selenium.remote.RemoteWebDriver.execute (RemoteWebDriver.java:644)
    at org.openqa.selenium.remote.RemoteWebDriver.startSession (RemoteWebDriver.java:249)
    at org.openqa.selenium.remote.RemoteWebDriver.<init> (RemoteWebDriver.java:131)
    at org.openqa.selenium.remote.RemoteWebDriver.<init> (RemoteWebDriver.java:144)
    at org.openqa.selenium.phantomjs.PhantomJSDriver.<init> (PhantomJSDriver.java:115)
    at org.openqa.selenium.phantomjs.PhantomJSDriver.<init> (PhantomJSDriver.java:104)
    at com.github.searls.jasmine.driver.WebDriverFactory.createPhantomJsWebDriver (WebDriverFactory.java:149)
    at com.github.searls.jasmine.driver.WebDriverFactory.createWebDriver (WebDriverFactory.java:68)
    at com.github.searls.jasmine.mojo.TestMojo.createDriver (TestMojo.java:258)
    at com.github.searls.jasmine.mojo.TestMojo.executeSpecs (TestMojo.java:228)
    at com.github.searls.jasmine.mojo.TestMojo.run (TestMojo.java:196)
    at com.github.searls.jasmine.mojo.AbstractJasmineMojo.execute (AbstractJasmineMojo.java:423)
    at com.github.searls.jasmine.mojo.TestMojo.execute (TestMojo.java:183)
    at org.apache.maven.plugin.DefaultBuildPluginManager.executeMojo (DefaultBuildPluginManager.java:137)
    at org.apache.maven.lifecycle.internal.MojoExecutor.execute (MojoExecutor.java:210)
    at org.apache.maven.lifecycle.internal.MojoExecutor.execute (MojoExecutor.java:156)
    at org.apache.maven.lifecycle.internal.MojoExecutor.execute (MojoExecutor.java:148)
    at org.apache.maven.lifecycle.internal.LifecycleModuleBuilder.buildProject (LifecycleModuleBuilder.java:117)
    at org.apache.maven.lifecycle.internal.LifecycleModuleBuilder.buildProject (LifecycleModuleBuilder.java:81)
    at org.apache.maven.lifecycle.internal.builder.singlethreaded.SingleThreadedBuilder.build (SingleThreadedBuilder.java:56)
    at org.apache.maven.lifecycle.internal.LifecycleStarter.execute (LifecycleStarter.java:128)
    at org.apache.maven.DefaultMaven.doExecute (DefaultMaven.java:305)
    at org.apache.maven.DefaultMaven.doExecute (DefaultMaven.java:192)
    at org.apache.maven.DefaultMaven.execute (DefaultMaven.java:105)
    at org.apache.maven.cli.MavenCli.execute (MavenCli.java:957)
    at org.apache.maven.cli.MavenCli.doMain (MavenCli.java:289)
    at org.apache.maven.cli.MavenCli.main (MavenCli.java:193)
    at sun.reflect.NativeMethodAccessorImpl.invoke0 (Native Method)
    at sun.reflect.NativeMethodAccessorImpl.invoke (NativeMethodAccessorImpl.java:62)
    at sun.reflect.DelegatingMethodAccessorImpl.invoke (DelegatingMethodAccessorImpl.java:43)
    at java.lang.reflect.Method.invoke (Method.java:498)
    at org.codehaus.plexus.classworlds.launcher.Launcher.launchEnhanced (Launcher.java:282)
    at org.codehaus.plexus.classworlds.launcher.Launcher.launch (Launcher.java:225)
    at org.codehaus.plexus.classworlds.launcher.Launcher.mainWithExitCode (Launcher.java:406)
    at org.codehaus.plexus.classworlds.launcher.Launcher.main (Launcher.java:347)
[ERROR] 
[ERROR] Re-run Maven using the -X switch to enable full debug logging.
[ERROR] 
[ERROR] For more information about the errors and possible solutions, please read the following articles:
[ERROR] [Help 1] http://cwiki.apache.org/confluence/display/MAVEN/MojoExecutionException
[INFO] Build failures were ignored.
