<?xml version="1.0" encoding="UTF-8"?>
<testsuite xmlns:xsi="http://www.w3.org/2001/XMLSchema-instance" xsi:schemaLocation="https://maven.apache.org/surefire/maven-surefire-plugin/xsd/surefire-test-report.xsd" name="it.ding.sonar.check.WebDriverChecksTest" time="1.548" tests="11" errors="0" skipped="0" failures="11">
  <properties>
    <property name="java.runtime.name" value="OpenJDK Runtime Environment"/>
    <property name="sun.boot.library.path" value="/usr/local/openjdk-8/jre/lib/amd64"/>
    <property name="java.vm.version" value="25.262-b10"/>
    <property name="animal.sniffer.skip" value="true"/>
    <property name="java.vm.vendor" value="Oracle Corporation"/>
    <property name="maven.multiModuleProjectDirectory" value="/tmp/tmpc_sp6l80/sonar-webdriver-plugin"/>
    <property name="maven.javadoc.skip" value="true"/>
    <property name="java.vendor.url" value="http://java.oracle.com/"/>
    <property name="path.separator" value=":"/>
    <property name="guice.disable.misplaced.annotation.check" value="true"/>
    <property name="java.vm.name" value="OpenJDK 64-Bit Server VM"/>
    <property name="file.encoding.pkg" value="sun.io"/>
    <property name="sun.java.launcher" value="SUN_STANDARD"/>
    <property name="sun.os.patch.level" value="unknown"/>
    <property name="source.skip" value="true"/>
    <property name="java.vm.specification.name" value="Java Virtual Machine Specification"/>
    <property name="user.dir" value="/tmp/tmpc_sp6l80/sonar-webdriver-plugin"/>
    <property name="java.runtime.version" value="1.8.0_262-b10"/>
    <property name="java.awt.graphicsenv" value="sun.awt.X11GraphicsEnvironment"/>
    <property name="java.endorsed.dirs" value="/usr/local/openjdk-8/jre/lib/endorsed"/>
    <property name="os.arch" value="amd64"/>
    <property name="java.io.tmpdir" value="/tmp"/>
    <property name="line.separator" value="&#10;"/>
    <property name="java.vm.specification.vendor" value="Oracle Corporation"/>
    <property name="os.name" value="Linux"/>
    <property name="classworlds.conf" value="/usr/share/maven/bin/m2.conf"/>
    <property name="sun.jnu.encoding" value="UTF-8"/>
    <property name="java.library.path" value="/usr/java/packages/lib/amd64:/usr/lib64:/lib64:/lib:/usr/lib"/>
    <property name="license.skip" value="true"/>
    <property name="maven.conf" value="/usr/share/maven/conf"/>
    <property name="java.specification.name" value="Java Platform API Specification"/>
    <property name="java.class.version" value="52.0"/>
    <property name="sun.management.compiler" value="HotSpot 64-Bit Tiered Compilers"/>
    <property name="maven.test.failure.ignore" value="true"/>
    <property name="os.version" value="4.15.0-109-generic"/>
    <property name="library.jansi.path" value="/usr/share/maven/lib/jansi-native"/>
    <property name="user.home" value="/home/jdbl"/>
    <property name="user.timezone" value="Etc/UTC"/>
    <property name="java.awt.printerjob" value="sun.print.PSPrinterJob"/>
    <property name="java.specification.version" value="1.8"/>
    <property name="file.encoding" value="UTF-8"/>
    <property name="user.name" value="jdbl"/>
    <property name="java.class.path" value="/usr/share/maven/boot/plexus-classworlds-2.6.0.jar"/>
    <property name="java.vm.specification.version" value="1.8"/>
    <property name="sun.arch.data.model" value="64"/>
    <property name="java.home" value="/usr/local/openjdk-8/jre"/>
    <property name="sun.java.command" value="org.codehaus.plexus.classworlds.launcher.Launcher test -e --fail-never -ntp -Dmaven.test.failure.ignore=true -B -Dmaven.javadoc.skip=true -Drat.skip=true -Danimal.sniffer.skip=true -Dmaven.javadoc.skip=true -Dlicense.skip=true -Dsource.skip=true"/>
    <property name="java.specification.vendor" value="Oracle Corporation"/>
    <property name="user.language" value="en"/>
    <property name="awt.toolkit" value="sun.awt.X11.XToolkit"/>
    <property name="java.vm.info" value="mixed mode"/>
    <property name="java.version" value="1.8.0_262"/>
    <property name="java.ext.dirs" value="/usr/local/openjdk-8/jre/lib/ext:/usr/java/packages/lib/ext"/>
    <property name="securerandom.source" value="file:/dev/./urandom"/>
    <property name="sun.boot.class.path" value="/usr/local/openjdk-8/jre/lib/resources.jar:/usr/local/openjdk-8/jre/lib/rt.jar:/usr/local/openjdk-8/jre/lib/sunrsasign.jar:/usr/local/openjdk-8/jre/lib/jsse.jar:/usr/local/openjdk-8/jre/lib/jce.jar:/usr/local/openjdk-8/jre/lib/charsets.jar:/usr/local/openjdk-8/jre/lib/jfr.jar:/usr/local/openjdk-8/jre/classes"/>
    <property name="java.vendor" value="Oracle Corporation"/>
    <property name="rat.skip" value="true"/>
    <property name="maven.home" value="/usr/share/maven"/>
    <property name="file.separator" value="/"/>
    <property name="java.vendor.url.bug" value="http://bugreport.sun.com/bugreport/"/>
    <property name="sun.cpu.endian" value="little"/>
    <property name="sun.io.unicode.encoding" value="UnicodeLittle"/>
    <property name="sun.cpu.isalist" value=""/>
  </properties>
  <testcase name="shouldAvoidLocatorsByLinkTextAndTagName" classname="it.ding.sonar.check.WebDriverChecksTest" time="0.997">
    <failure message="Semantic was required but it was not possible to create it. Please checks the logs to find out the reason." type="java.lang.AssertionError">java.lang.AssertionError: Semantic was required but it was not possible to create it. Please checks the logs to find out the reason.
	at it.ding.sonar.check.WebDriverChecksTest.shouldAvoidLocatorsByLinkTextAndTagName(WebDriverChecksTest.java:50)
</failure>
    <system-out><![CDATA[08:25:33.555 [main] DEBUG o.s.java.bytecode.ClassLoaderBuilder - ----- Classpath analyzed by Squid:
08:25:33.558 [main] DEBUG o.s.java.bytecode.ClassLoaderBuilder - /tmp/tmpc_sp6l80/sonar-webdriver-plugin/target/test-jars/hamcrest-core-1.3.jar
08:25:33.558 [main] DEBUG o.s.java.bytecode.ClassLoaderBuilder - /tmp/tmpc_sp6l80/sonar-webdriver-plugin/target/test-jars/selenium-remote-driver-3.0.1.jar
08:25:33.558 [main] DEBUG o.s.java.bytecode.ClassLoaderBuilder - /tmp/tmpc_sp6l80/sonar-webdriver-plugin/target/test-jars/selenium-api-3.14.0.jar
08:25:33.558 [main] DEBUG o.s.java.bytecode.ClassLoaderBuilder - /tmp/tmpc_sp6l80/sonar-webdriver-plugin/target/test-jars/selenium-support-3.11.0.jar
08:25:33.558 [main] DEBUG o.s.java.bytecode.ClassLoaderBuilder - /tmp/tmpc_sp6l80/sonar-webdriver-plugin/target/test-jars/junit-4.11.jar
08:25:33.558 [main] DEBUG o.s.java.bytecode.ClassLoaderBuilder - /tmp/tmpc_sp6l80/sonar-webdriver-plugin/target/test-classes
08:25:33.558 [main] DEBUG o.s.java.bytecode.ClassLoaderBuilder - -----
08:25:34.005 [main] INFO  o.s.analyzer.commons.ProgressReport - 1 source files to be analyzed
08:25:34.179 [main] ERROR org.sonar.java.model.VisitorsBridge - Unable to create symbol table for : 'src/test/file/LocatorStrategyByLinkTextAndTagName.java'
java.lang.IllegalArgumentException: null
	at org.objectweb.asm.ClassVisitor.<init>(Unknown Source) ~[classes/:na]
	at org.objectweb.asm.ClassVisitor.<init>(Unknown Source) ~[classes/:na]
	at org.sonar.java.resolve.BytecodeVisitor.<init>(BytecodeVisitor.java:61) ~[sonar-java-plugin-5.14.0.18788.jar:na]
	at org.sonar.java.resolve.BytecodeCompleter.complete(BytecodeCompleter.java:88) ~[sonar-java-plugin-5.14.0.18788.jar:na]
	at org.sonar.java.resolve.JavaSymbol.complete(JavaSymbol.java:114) ~[sonar-java-plugin-5.14.0.18788.jar:na]
	at org.sonar.java.resolve.JavaType.getSymbol(JavaType.java:79) ~[sonar-java-plugin-5.14.0.18788.jar:na]
	at org.sonar.java.resolve.Resolve.findMethod(Resolve.java:492) ~[sonar-java-plugin-5.14.0.18788.jar:na]
	at org.sonar.java.resolve.Resolve.findMethod(Resolve.java:482) ~[sonar-java-plugin-5.14.0.18788.jar:na]
	at org.sonar.java.resolve.Resolve.findMethodByStrictThenLooseInvocation(Resolve.java:467) ~[sonar-java-plugin-5.14.0.18788.jar:na]
	at org.sonar.java.resolve.Resolve.findMethod(Resolve.java:452) ~[sonar-java-plugin-5.14.0.18788.jar:na]
	at org.sonar.java.resolve.Resolve.findMethod(Resolve.java:437) ~[sonar-java-plugin-5.14.0.18788.jar:na]
	at org.sonar.java.resolve.TypeAndReferenceSolver.resolveMethodSymbol(TypeAndReferenceSolver.java:349) ~[sonar-java-plugin-5.14.0.18788.jar:na]
	at org.sonar.java.resolve.TypeAndReferenceSolver.visitMethodInvocation(TypeAndReferenceSolver.java:238) ~[sonar-java-plugin-5.14.0.18788.jar:na]
	at org.sonar.java.model.expression.MethodInvocationTreeImpl.accept(MethodInvocationTreeImpl.java:97) ~[sonar-java-plugin-5.14.0.18788.jar:na]
	at org.sonar.java.resolve.TypeAndReferenceSolver.resolveAs(TypeAndReferenceSolver.java:418) ~[sonar-java-plugin-5.14.0.18788.jar:na]
	at org.sonar.java.resolve.TypeAndReferenceSolver.resolveAs(TypeAndReferenceSolver.java:373) ~[sonar-java-plugin-5.14.0.18788.jar:na]
	at org.sonar.java.resolve.TypeAndReferenceSolver.resolveAs(TypeAndReferenceSolver.java:366) ~[sonar-java-plugin-5.14.0.18788.jar:na]
	at org.sonar.java.resolve.TypeAndReferenceSolver.visitVariable(TypeAndReferenceSolver.java:926) ~[sonar-java-plugin-5.14.0.18788.jar:na]
	at org.sonar.java.model.declaration.VariableTreeImpl.accept(VariableTreeImpl.java:186) ~[sonar-java-plugin-5.14.0.18788.jar:na]
	at org.sonar.plugins.java.api.tree.BaseTreeVisitor.scan(BaseTreeVisitor.java:40) ~[sonar-java-plugin-5.14.0.18788.jar:na]
	at org.sonar.plugins.java.api.tree.BaseTreeVisitor.scan(BaseTreeVisitor.java:34) ~[sonar-java-plugin-5.14.0.18788.jar:na]
	at org.sonar.java.resolve.TypeAndReferenceSolver.visitClass(TypeAndReferenceSolver.java:146) ~[sonar-java-plugin-5.14.0.18788.jar:na]
	at org.sonar.java.model.declaration.ClassTreeImpl.accept(ClassTreeImpl.java:203) ~[sonar-java-plugin-5.14.0.18788.jar:na]
	at org.sonar.plugins.java.api.tree.BaseTreeVisitor.scan(BaseTreeVisitor.java:40) ~[sonar-java-plugin-5.14.0.18788.jar:na]
	at org.sonar.plugins.java.api.tree.BaseTreeVisitor.scan(BaseTreeVisitor.java:34) ~[sonar-java-plugin-5.14.0.18788.jar:na]
	at org.sonar.plugins.java.api.tree.BaseTreeVisitor.visitCompilationUnit(BaseTreeVisitor.java:52) ~[sonar-java-plugin-5.14.0.18788.jar:na]
	at org.sonar.java.resolve.SemanticModel.createFor(SemanticModel.java:65) ~[sonar-java-plugin-5.14.0.18788.jar:na]
	at org.sonar.java.model.VisitorsBridge.visitFile(VisitorsBridge.java:122) ~[sonar-java-plugin-5.14.0.18788.jar:na]
	at org.sonar.java.ast.JavaAstScanner.simpleScan(JavaAstScanner.java:90) [sonar-java-plugin-5.14.0.18788.jar:na]
	at org.sonar.java.ast.JavaAstScanner.scan(JavaAstScanner.java:67) [sonar-java-plugin-5.14.0.18788.jar:na]
	at org.sonar.java.ast.JavaAstScanner.scanSingleFileForTests(JavaAstScanner.java:139) [sonar-java-plugin-5.14.0.18788.jar:na]
	at org.sonar.java.checks.verifier.JavaCheckVerifier.scanFile(JavaCheckVerifier.java:281) [java-checks-testkit-5.14.0.18788.jar:na]
	at org.sonar.java.checks.verifier.JavaCheckVerifier.scanFile(JavaCheckVerifier.java:268) [java-checks-testkit-5.14.0.18788.jar:na]
	at org.sonar.java.checks.verifier.JavaCheckVerifier.scanFile(JavaCheckVerifier.java:222) [java-checks-testkit-5.14.0.18788.jar:na]
	at org.sonar.java.checks.verifier.JavaCheckVerifier.verify(JavaCheckVerifier.java:106) [java-checks-testkit-5.14.0.18788.jar:na]
	at it.ding.sonar.check.WebDriverChecksTest.shouldAvoidLocatorsByLinkTextAndTagName(WebDriverChecksTest.java:50) [test-classes/:na]
	at sun.reflect.NativeMethodAccessorImpl.invoke0(Native Method) ~[na:1.8.0_262]
	at sun.reflect.NativeMethodAccessorImpl.invoke(NativeMethodAccessorImpl.java:62) ~[na:1.8.0_262]
	at sun.reflect.DelegatingMethodAccessorImpl.invoke(DelegatingMethodAccessorImpl.java:43) ~[na:1.8.0_262]
	at java.lang.reflect.Method.invoke(Method.java:498) ~[na:1.8.0_262]
	at org.junit.runners.model.FrameworkMethod$1.runReflectiveCall(FrameworkMethod.java:47) [junit-4.11.jar:na]
	at org.junit.internal.runners.model.ReflectiveCallable.run(ReflectiveCallable.java:12) [junit-4.11.jar:na]
	at org.junit.runners.model.FrameworkMethod.invokeExplosively(FrameworkMethod.java:44) [junit-4.11.jar:na]
	at org.junit.internal.runners.statements.InvokeMethod.evaluate(InvokeMethod.java:17) [junit-4.11.jar:na]
	at org.junit.runners.ParentRunner.runLeaf(ParentRunner.java:271) [junit-4.11.jar:na]
	at org.junit.runners.BlockJUnit4ClassRunner.runChild(BlockJUnit4ClassRunner.java:70) [junit-4.11.jar:na]
	at org.junit.runners.BlockJUnit4ClassRunner.runChild(BlockJUnit4ClassRunner.java:50) [junit-4.11.jar:na]
	at org.junit.runners.ParentRunner$3.run(ParentRunner.java:238) [junit-4.11.jar:na]
	at org.junit.runners.ParentRunner$1.schedule(ParentRunner.java:63) [junit-4.11.jar:na]
	at org.junit.runners.ParentRunner.runChildren(ParentRunner.java:236) [junit-4.11.jar:na]
	at org.junit.runners.ParentRunner.access$000(ParentRunner.java:53) [junit-4.11.jar:na]
	at org.junit.runners.ParentRunner$2.evaluate(ParentRunner.java:229) [junit-4.11.jar:na]
	at org.junit.runners.ParentRunner.run(ParentRunner.java:309) [junit-4.11.jar:na]
	at org.apache.maven.surefire.junit4.JUnit4Provider.execute(JUnit4Provider.java:367) [surefire-junit4-2.19.1.jar:2.19.1]
	at org.apache.maven.surefire.junit4.JUnit4Provider.executeWithRerun(JUnit4Provider.java:274) [surefire-junit4-2.19.1.jar:2.19.1]
	at org.apache.maven.surefire.junit4.JUnit4Provider.executeTestSet(JUnit4Provider.java:238) [surefire-junit4-2.19.1.jar:2.19.1]
	at org.apache.maven.surefire.junit4.JUnit4Provider.invoke(JUnit4Provider.java:161) [surefire-junit4-2.19.1.jar:2.19.1]
	at org.apache.maven.surefire.booter.ForkedBooter.invokeProviderInSameClassLoader(ForkedBooter.java:290) [surefire-booter-2.19.1.jar:2.19.1]
	at org.apache.maven.surefire.booter.ForkedBooter.runSuitesInProcess(ForkedBooter.java:242) [surefire-booter-2.19.1.jar:2.19.1]
	at org.apache.maven.surefire.booter.ForkedBooter.main(ForkedBooter.java:121) [surefire-booter-2.19.1.jar:2.19.1]
08:25:34.182 [Report about progress of Java AST analyzer] INFO  o.s.analyzer.commons.ProgressReport - 1/1 source files have been analyzed
]]></system-out>
  </testcase>
  <testcase name="shouldAvoidHardCodedSleeps" classname="it.ding.sonar.check.WebDriverChecksTest" time="0.033">
    <failure message="Semantic was required but it was not possible to create it. Please checks the logs to find out the reason." type="java.lang.AssertionError">java.lang.AssertionError: Semantic was required but it was not possible to create it. Please checks the logs to find out the reason.
	at it.ding.sonar.check.WebDriverChecksTest.shouldAvoidHardCodedSleeps(WebDriverChecksTest.java:65)
</failure>
    <system-out><![CDATA[08:25:34.197 [main] DEBUG o.s.java.bytecode.ClassLoaderBuilder - ----- Classpath analyzed by Squid:
08:25:34.197 [main] DEBUG o.s.java.bytecode.ClassLoaderBuilder - /tmp/tmpc_sp6l80/sonar-webdriver-plugin/target/test-jars/hamcrest-core-1.3.jar
08:25:34.198 [main] DEBUG o.s.java.bytecode.ClassLoaderBuilder - /tmp/tmpc_sp6l80/sonar-webdriver-plugin/target/test-jars/selenium-remote-driver-3.0.1.jar
08:25:34.198 [main] DEBUG o.s.java.bytecode.ClassLoaderBuilder - /tmp/tmpc_sp6l80/sonar-webdriver-plugin/target/test-jars/selenium-api-3.14.0.jar
08:25:34.198 [main] DEBUG o.s.java.bytecode.ClassLoaderBuilder - /tmp/tmpc_sp6l80/sonar-webdriver-plugin/target/test-jars/selenium-support-3.11.0.jar
08:25:34.198 [main] DEBUG o.s.java.bytecode.ClassLoaderBuilder - /tmp/tmpc_sp6l80/sonar-webdriver-plugin/target/test-jars/junit-4.11.jar
08:25:34.198 [main] DEBUG o.s.java.bytecode.ClassLoaderBuilder - /tmp/tmpc_sp6l80/sonar-webdriver-plugin/target/test-classes
08:25:34.198 [main] DEBUG o.s.java.bytecode.ClassLoaderBuilder - -----
08:25:34.203 [main] INFO  o.s.analyzer.commons.ProgressReport - 1 source files to be analyzed
08:25:34.223 [main] ERROR org.sonar.java.model.VisitorsBridge - Unable to create symbol table for : 'src/test/file/HardCodedSleep.java'
java.lang.IllegalArgumentException: null
	at org.objectweb.asm.ClassVisitor.<init>(Unknown Source) ~[classes/:na]
	at org.objectweb.asm.ClassVisitor.<init>(Unknown Source) ~[classes/:na]
	at org.sonar.java.resolve.BytecodeVisitor.<init>(BytecodeVisitor.java:61) ~[sonar-java-plugin-5.14.0.18788.jar:na]
	at org.sonar.java.resolve.BytecodeCompleter.complete(BytecodeCompleter.java:88) ~[sonar-java-plugin-5.14.0.18788.jar:na]
	at org.sonar.java.resolve.JavaSymbol.complete(JavaSymbol.java:114) ~[sonar-java-plugin-5.14.0.18788.jar:na]
	at org.sonar.java.resolve.JavaSymbol$TypeJavaSymbol.members(JavaSymbol.java:379) ~[sonar-java-plugin-5.14.0.18788.jar:na]
	at org.sonar.java.resolve.Resolve.findMemberType(Resolve.java:214) ~[sonar-java-plugin-5.14.0.18788.jar:na]
	at org.sonar.java.resolve.Resolve.findMemberType(Resolve.java:222) ~[sonar-java-plugin-5.14.0.18788.jar:na]
	at org.sonar.java.resolve.Resolve.findType(Resolve.java:255) ~[sonar-java-plugin-5.14.0.18788.jar:na]
	at org.sonar.java.resolve.Resolve.findIdent(Resolve.java:315) ~[sonar-java-plugin-5.14.0.18788.jar:na]
	at org.sonar.java.resolve.TypeAndReferenceSolver.resolveAs(TypeAndReferenceSolver.java:399) ~[sonar-java-plugin-5.14.0.18788.jar:na]
	at org.sonar.java.resolve.TypeAndReferenceSolver.resolveAs(TypeAndReferenceSolver.java:373) ~[sonar-java-plugin-5.14.0.18788.jar:na]
	at org.sonar.java.resolve.SecondPass.resolveType(SecondPass.java:251) ~[sonar-java-plugin-5.14.0.18788.jar:na]
	at org.sonar.java.resolve.SecondPass.complete(SecondPass.java:240) ~[sonar-java-plugin-5.14.0.18788.jar:na]
	at org.sonar.java.resolve.SecondPass.complete(SecondPass.java:67) ~[sonar-java-plugin-5.14.0.18788.jar:na]
	at org.sonar.java.resolve.JavaSymbol.complete(JavaSymbol.java:114) ~[sonar-java-plugin-5.14.0.18788.jar:na]
	at org.sonar.java.resolve.FirstPass.completeSymbols(FirstPass.java:101) ~[sonar-java-plugin-5.14.0.18788.jar:na]
	at org.sonar.java.resolve.FirstPass.visitCompilationUnit(FirstPass.java:132) ~[sonar-java-plugin-5.14.0.18788.jar:na]
	at org.sonar.java.resolve.SemanticModel.createFor(SemanticModel.java:64) ~[sonar-java-plugin-5.14.0.18788.jar:na]
	at org.sonar.java.model.VisitorsBridge.visitFile(VisitorsBridge.java:122) ~[sonar-java-plugin-5.14.0.18788.jar:na]
	at org.sonar.java.ast.JavaAstScanner.simpleScan(JavaAstScanner.java:90) [sonar-java-plugin-5.14.0.18788.jar:na]
	at org.sonar.java.ast.JavaAstScanner.scan(JavaAstScanner.java:67) [sonar-java-plugin-5.14.0.18788.jar:na]
	at org.sonar.java.ast.JavaAstScanner.scanSingleFileForTests(JavaAstScanner.java:139) [sonar-java-plugin-5.14.0.18788.jar:na]
	at org.sonar.java.checks.verifier.JavaCheckVerifier.scanFile(JavaCheckVerifier.java:281) [java-checks-testkit-5.14.0.18788.jar:na]
	at org.sonar.java.checks.verifier.JavaCheckVerifier.scanFile(JavaCheckVerifier.java:268) [java-checks-testkit-5.14.0.18788.jar:na]
	at org.sonar.java.checks.verifier.JavaCheckVerifier.scanFile(JavaCheckVerifier.java:222) [java-checks-testkit-5.14.0.18788.jar:na]
	at org.sonar.java.checks.verifier.JavaCheckVerifier.verify(JavaCheckVerifier.java:106) [java-checks-testkit-5.14.0.18788.jar:na]
	at it.ding.sonar.check.WebDriverChecksTest.shouldAvoidHardCodedSleeps(WebDriverChecksTest.java:65) [test-classes/:na]
	at sun.reflect.NativeMethodAccessorImpl.invoke0(Native Method) ~[na:1.8.0_262]
	at sun.reflect.NativeMethodAccessorImpl.invoke(NativeMethodAccessorImpl.java:62) ~[na:1.8.0_262]
	at sun.reflect.DelegatingMethodAccessorImpl.invoke(DelegatingMethodAccessorImpl.java:43) ~[na:1.8.0_262]
	at java.lang.reflect.Method.invoke(Method.java:498) ~[na:1.8.0_262]
	at org.junit.runners.model.FrameworkMethod$1.runReflectiveCall(FrameworkMethod.java:47) [junit-4.11.jar:na]
	at org.junit.internal.runners.model.ReflectiveCallable.run(ReflectiveCallable.java:12) [junit-4.11.jar:na]
	at org.junit.runners.model.FrameworkMethod.invokeExplosively(FrameworkMethod.java:44) [junit-4.11.jar:na]
	at org.junit.internal.runners.statements.InvokeMethod.evaluate(InvokeMethod.java:17) [junit-4.11.jar:na]
	at org.junit.runners.ParentRunner.runLeaf(ParentRunner.java:271) [junit-4.11.jar:na]
	at org.junit.runners.BlockJUnit4ClassRunner.runChild(BlockJUnit4ClassRunner.java:70) [junit-4.11.jar:na]
	at org.junit.runners.BlockJUnit4ClassRunner.runChild(BlockJUnit4ClassRunner.java:50) [junit-4.11.jar:na]
	at org.junit.runners.ParentRunner$3.run(ParentRunner.java:238) [junit-4.11.jar:na]
	at org.junit.runners.ParentRunner$1.schedule(ParentRunner.java:63) [junit-4.11.jar:na]
	at org.junit.runners.ParentRunner.runChildren(ParentRunner.java:236) [junit-4.11.jar:na]
	at org.junit.runners.ParentRunner.access$000(ParentRunner.java:53) [junit-4.11.jar:na]
	at org.junit.runners.ParentRunner$2.evaluate(ParentRunner.java:229) [junit-4.11.jar:na]
	at org.junit.runners.ParentRunner.run(ParentRunner.java:309) [junit-4.11.jar:na]
	at org.apache.maven.surefire.junit4.JUnit4Provider.execute(JUnit4Provider.java:367) [surefire-junit4-2.19.1.jar:2.19.1]
	at org.apache.maven.surefire.junit4.JUnit4Provider.executeWithRerun(JUnit4Provider.java:274) [surefire-junit4-2.19.1.jar:2.19.1]
	at org.apache.maven.surefire.junit4.JUnit4Provider.executeTestSet(JUnit4Provider.java:238) [surefire-junit4-2.19.1.jar:2.19.1]
	at org.apache.maven.surefire.junit4.JUnit4Provider.invoke(JUnit4Provider.java:161) [surefire-junit4-2.19.1.jar:2.19.1]
	at org.apache.maven.surefire.booter.ForkedBooter.invokeProviderInSameClassLoader(ForkedBooter.java:290) [surefire-booter-2.19.1.jar:2.19.1]
	at org.apache.maven.surefire.booter.ForkedBooter.runSuitesInProcess(ForkedBooter.java:242) [surefire-booter-2.19.1.jar:2.19.1]
	at org.apache.maven.surefire.booter.ForkedBooter.main(ForkedBooter.java:121) [surefire-booter-2.19.1.jar:2.19.1]
08:25:34.224 [Report about progress of Java AST analyzer] INFO  o.s.analyzer.commons.ProgressReport - 1/1 source files have been analyzed
]]></system-out>
  </testcase>
  <testcase name="shouldAvoidInvalidIdLocator" classname="it.ding.sonar.check.WebDriverChecksTest" time="0.08">
    <failure message="Semantic was required but it was not possible to create it. Please checks the logs to find out the reason." type="java.lang.AssertionError">java.lang.AssertionError: Semantic was required but it was not possible to create it. Please checks the logs to find out the reason.
	at it.ding.sonar.check.WebDriverChecksTest.shouldAvoidInvalidIdLocator(WebDriverChecksTest.java:30)
</failure>
    <system-out><![CDATA[08:25:34.226 [main] DEBUG o.s.java.bytecode.ClassLoaderBuilder - ----- Classpath analyzed by Squid:
08:25:34.226 [main] DEBUG o.s.java.bytecode.ClassLoaderBuilder - /tmp/tmpc_sp6l80/sonar-webdriver-plugin/target/test-jars/hamcrest-core-1.3.jar
08:25:34.226 [main] DEBUG o.s.java.bytecode.ClassLoaderBuilder - /tmp/tmpc_sp6l80/sonar-webdriver-plugin/target/test-jars/selenium-remote-driver-3.0.1.jar
08:25:34.226 [main] DEBUG o.s.java.bytecode.ClassLoaderBuilder - /tmp/tmpc_sp6l80/sonar-webdriver-plugin/target/test-jars/selenium-api-3.14.0.jar
08:25:34.226 [main] DEBUG o.s.java.bytecode.ClassLoaderBuilder - /tmp/tmpc_sp6l80/sonar-webdriver-plugin/target/test-jars/selenium-support-3.11.0.jar
08:25:34.226 [main] DEBUG o.s.java.bytecode.ClassLoaderBuilder - /tmp/tmpc_sp6l80/sonar-webdriver-plugin/target/test-jars/junit-4.11.jar
08:25:34.226 [main] DEBUG o.s.java.bytecode.ClassLoaderBuilder - /tmp/tmpc_sp6l80/sonar-webdriver-plugin/target/test-classes
08:25:34.226 [main] DEBUG o.s.java.bytecode.ClassLoaderBuilder - -----
08:25:34.231 [main] INFO  o.s.analyzer.commons.ProgressReport - 1 source files to be analyzed
08:25:34.310 [main] ERROR org.sonar.java.model.VisitorsBridge - Unable to create symbol table for : 'src/test/file/LocatorIdValue.java'
java.lang.IllegalArgumentException: null
	at org.objectweb.asm.ClassVisitor.<init>(Unknown Source) ~[classes/:na]
	at org.objectweb.asm.ClassVisitor.<init>(Unknown Source) ~[classes/:na]
	at org.sonar.java.resolve.BytecodeVisitor.<init>(BytecodeVisitor.java:61) ~[sonar-java-plugin-5.14.0.18788.jar:na]
	at org.sonar.java.resolve.BytecodeCompleter.complete(BytecodeCompleter.java:88) ~[sonar-java-plugin-5.14.0.18788.jar:na]
	at org.sonar.java.resolve.JavaSymbol.complete(JavaSymbol.java:114) ~[sonar-java-plugin-5.14.0.18788.jar:na]
	at org.sonar.java.resolve.JavaType.getSymbol(JavaType.java:79) ~[sonar-java-plugin-5.14.0.18788.jar:na]
	at org.sonar.java.resolve.Resolve.findMethod(Resolve.java:492) ~[sonar-java-plugin-5.14.0.18788.jar:na]
	at org.sonar.java.resolve.Resolve.findMethod(Resolve.java:482) ~[sonar-java-plugin-5.14.0.18788.jar:na]
	at org.sonar.java.resolve.Resolve.findMethodByStrictThenLooseInvocation(Resolve.java:467) ~[sonar-java-plugin-5.14.0.18788.jar:na]
	at org.sonar.java.resolve.Resolve.findMethod(Resolve.java:452) ~[sonar-java-plugin-5.14.0.18788.jar:na]
	at org.sonar.java.resolve.Resolve.findMethod(Resolve.java:437) ~[sonar-java-plugin-5.14.0.18788.jar:na]
	at org.sonar.java.resolve.TypeAndReferenceSolver.resolveMethodSymbol(TypeAndReferenceSolver.java:349) ~[sonar-java-plugin-5.14.0.18788.jar:na]
	at org.sonar.java.resolve.TypeAndReferenceSolver.visitMethodInvocation(TypeAndReferenceSolver.java:238) ~[sonar-java-plugin-5.14.0.18788.jar:na]
	at org.sonar.java.model.expression.MethodInvocationTreeImpl.accept(MethodInvocationTreeImpl.java:97) ~[sonar-java-plugin-5.14.0.18788.jar:na]
	at org.sonar.java.resolve.TypeAndReferenceSolver.resolveAs(TypeAndReferenceSolver.java:418) ~[sonar-java-plugin-5.14.0.18788.jar:na]
	at org.sonar.java.resolve.TypeAndReferenceSolver.resolveAs(TypeAndReferenceSolver.java:373) ~[sonar-java-plugin-5.14.0.18788.jar:na]
	at org.sonar.java.resolve.TypeAndReferenceSolver.resolveAs(TypeAndReferenceSolver.java:366) ~[sonar-java-plugin-5.14.0.18788.jar:na]
	at org.sonar.java.resolve.TypeAndReferenceSolver.visitVariable(TypeAndReferenceSolver.java:926) ~[sonar-java-plugin-5.14.0.18788.jar:na]
	at org.sonar.java.model.declaration.VariableTreeImpl.accept(VariableTreeImpl.java:186) ~[sonar-java-plugin-5.14.0.18788.jar:na]
	at org.sonar.plugins.java.api.tree.BaseTreeVisitor.scan(BaseTreeVisitor.java:40) ~[sonar-java-plugin-5.14.0.18788.jar:na]
	at org.sonar.plugins.java.api.tree.BaseTreeVisitor.scan(BaseTreeVisitor.java:34) ~[sonar-java-plugin-5.14.0.18788.jar:na]
	at org.sonar.java.resolve.TypeAndReferenceSolver.visitClass(TypeAndReferenceSolver.java:146) ~[sonar-java-plugin-5.14.0.18788.jar:na]
	at org.sonar.java.model.declaration.ClassTreeImpl.accept(ClassTreeImpl.java:203) ~[sonar-java-plugin-5.14.0.18788.jar:na]
	at org.sonar.plugins.java.api.tree.BaseTreeVisitor.scan(BaseTreeVisitor.java:40) ~[sonar-java-plugin-5.14.0.18788.jar:na]
	at org.sonar.plugins.java.api.tree.BaseTreeVisitor.scan(BaseTreeVisitor.java:34) ~[sonar-java-plugin-5.14.0.18788.jar:na]
	at org.sonar.plugins.java.api.tree.BaseTreeVisitor.visitCompilationUnit(BaseTreeVisitor.java:52) ~[sonar-java-plugin-5.14.0.18788.jar:na]
	at org.sonar.java.resolve.SemanticModel.createFor(SemanticModel.java:65) ~[sonar-java-plugin-5.14.0.18788.jar:na]
	at org.sonar.java.model.VisitorsBridge.visitFile(VisitorsBridge.java:122) ~[sonar-java-plugin-5.14.0.18788.jar:na]
	at org.sonar.java.ast.JavaAstScanner.simpleScan(JavaAstScanner.java:90) [sonar-java-plugin-5.14.0.18788.jar:na]
	at org.sonar.java.ast.JavaAstScanner.scan(JavaAstScanner.java:67) [sonar-java-plugin-5.14.0.18788.jar:na]
	at org.sonar.java.ast.JavaAstScanner.scanSingleFileForTests(JavaAstScanner.java:139) [sonar-java-plugin-5.14.0.18788.jar:na]
	at org.sonar.java.checks.verifier.JavaCheckVerifier.scanFile(JavaCheckVerifier.java:281) [java-checks-testkit-5.14.0.18788.jar:na]
	at org.sonar.java.checks.verifier.JavaCheckVerifier.scanFile(JavaCheckVerifier.java:268) [java-checks-testkit-5.14.0.18788.jar:na]
	at org.sonar.java.checks.verifier.JavaCheckVerifier.scanFile(JavaCheckVerifier.java:222) [java-checks-testkit-5.14.0.18788.jar:na]
	at org.sonar.java.checks.verifier.JavaCheckVerifier.verify(JavaCheckVerifier.java:106) [java-checks-testkit-5.14.0.18788.jar:na]
	at it.ding.sonar.check.WebDriverChecksTest.shouldAvoidInvalidIdLocator(WebDriverChecksTest.java:30) [test-classes/:na]
	at sun.reflect.NativeMethodAccessorImpl.invoke0(Native Method) ~[na:1.8.0_262]
	at sun.reflect.NativeMethodAccessorImpl.invoke(NativeMethodAccessorImpl.java:62) ~[na:1.8.0_262]
	at sun.reflect.DelegatingMethodAccessorImpl.invoke(DelegatingMethodAccessorImpl.java:43) ~[na:1.8.0_262]
	at java.lang.reflect.Method.invoke(Method.java:498) ~[na:1.8.0_262]
	at org.junit.runners.model.FrameworkMethod$1.runReflectiveCall(FrameworkMethod.java:47) [junit-4.11.jar:na]
	at org.junit.internal.runners.model.ReflectiveCallable.run(ReflectiveCallable.java:12) [junit-4.11.jar:na]
	at org.junit.runners.model.FrameworkMethod.invokeExplosively(FrameworkMethod.java:44) [junit-4.11.jar:na]
	at org.junit.internal.runners.statements.InvokeMethod.evaluate(InvokeMethod.java:17) [junit-4.11.jar:na]
	at org.junit.runners.ParentRunner.runLeaf(ParentRunner.java:271) [junit-4.11.jar:na]
	at org.junit.runners.BlockJUnit4ClassRunner.runChild(BlockJUnit4ClassRunner.java:70) [junit-4.11.jar:na]
	at org.junit.runners.BlockJUnit4ClassRunner.runChild(BlockJUnit4ClassRunner.java:50) [junit-4.11.jar:na]
	at org.junit.runners.ParentRunner$3.run(ParentRunner.java:238) [junit-4.11.jar:na]
	at org.junit.runners.ParentRunner$1.schedule(ParentRunner.java:63) [junit-4.11.jar:na]
	at org.junit.runners.ParentRunner.runChildren(ParentRunner.java:236) [junit-4.11.jar:na]
	at org.junit.runners.ParentRunner.access$000(ParentRunner.java:53) [junit-4.11.jar:na]
	at org.junit.runners.ParentRunner$2.evaluate(ParentRunner.java:229) [junit-4.11.jar:na]
	at org.junit.runners.ParentRunner.run(ParentRunner.java:309) [junit-4.11.jar:na]
	at org.apache.maven.surefire.junit4.JUnit4Provider.execute(JUnit4Provider.java:367) [surefire-junit4-2.19.1.jar:2.19.1]
	at org.apache.maven.surefire.junit4.JUnit4Provider.executeWithRerun(JUnit4Provider.java:274) [surefire-junit4-2.19.1.jar:2.19.1]
	at org.apache.maven.surefire.junit4.JUnit4Provider.executeTestSet(JUnit4Provider.java:238) [surefire-junit4-2.19.1.jar:2.19.1]
	at org.apache.maven.surefire.junit4.JUnit4Provider.invoke(JUnit4Provider.java:161) [surefire-junit4-2.19.1.jar:2.19.1]
	at org.apache.maven.surefire.booter.ForkedBooter.invokeProviderInSameClassLoader(ForkedBooter.java:290) [surefire-booter-2.19.1.jar:2.19.1]
	at org.apache.maven.surefire.booter.ForkedBooter.runSuitesInProcess(ForkedBooter.java:242) [surefire-booter-2.19.1.jar:2.19.1]
	at org.apache.maven.surefire.booter.ForkedBooter.main(ForkedBooter.java:121) [surefire-booter-2.19.1.jar:2.19.1]
08:25:34.311 [Report about progress of Java AST analyzer] INFO  o.s.analyzer.commons.ProgressReport - 1/1 source files have been analyzed
]]></system-out>
  </testcase>
  <testcase name="shouldAvoidCompoundClassNamesLocator" classname="it.ding.sonar.check.WebDriverChecksTest" time="0.087">
    <failure message="Semantic was required but it was not possible to create it. Please checks the logs to find out the reason." type="java.lang.AssertionError">java.lang.AssertionError: Semantic was required but it was not possible to create it. Please checks the logs to find out the reason.
	at it.ding.sonar.check.WebDriverChecksTest.shouldAvoidCompoundClassNamesLocator(WebDriverChecksTest.java:35)
</failure>
    <system-out><![CDATA[08:25:34.314 [main] DEBUG o.s.java.bytecode.ClassLoaderBuilder - ----- Classpath analyzed by Squid:
08:25:34.314 [main] DEBUG o.s.java.bytecode.ClassLoaderBuilder - /tmp/tmpc_sp6l80/sonar-webdriver-plugin/target/test-jars/hamcrest-core-1.3.jar
08:25:34.314 [main] DEBUG o.s.java.bytecode.ClassLoaderBuilder - /tmp/tmpc_sp6l80/sonar-webdriver-plugin/target/test-jars/selenium-remote-driver-3.0.1.jar
08:25:34.314 [main] DEBUG o.s.java.bytecode.ClassLoaderBuilder - /tmp/tmpc_sp6l80/sonar-webdriver-plugin/target/test-jars/selenium-api-3.14.0.jar
08:25:34.314 [main] DEBUG o.s.java.bytecode.ClassLoaderBuilder - /tmp/tmpc_sp6l80/sonar-webdriver-plugin/target/test-jars/selenium-support-3.11.0.jar
08:25:34.314 [main] DEBUG o.s.java.bytecode.ClassLoaderBuilder - /tmp/tmpc_sp6l80/sonar-webdriver-plugin/target/test-jars/junit-4.11.jar
08:25:34.314 [main] DEBUG o.s.java.bytecode.ClassLoaderBuilder - /tmp/tmpc_sp6l80/sonar-webdriver-plugin/target/test-classes
08:25:34.314 [main] DEBUG o.s.java.bytecode.ClassLoaderBuilder - -----
08:25:34.320 [main] INFO  o.s.analyzer.commons.ProgressReport - 1 source files to be analyzed
08:25:34.388 [main] ERROR org.sonar.java.model.VisitorsBridge - Unable to create symbol table for : 'src/test/file/ClassNameValue.java'
java.lang.IllegalArgumentException: null
	at org.objectweb.asm.ClassVisitor.<init>(Unknown Source) ~[classes/:na]
	at org.objectweb.asm.ClassVisitor.<init>(Unknown Source) ~[classes/:na]
	at org.sonar.java.resolve.BytecodeVisitor.<init>(BytecodeVisitor.java:61) ~[sonar-java-plugin-5.14.0.18788.jar:na]
	at org.sonar.java.resolve.BytecodeCompleter.complete(BytecodeCompleter.java:88) ~[sonar-java-plugin-5.14.0.18788.jar:na]
	at org.sonar.java.resolve.JavaSymbol.complete(JavaSymbol.java:114) ~[sonar-java-plugin-5.14.0.18788.jar:na]
	at org.sonar.java.resolve.JavaType.getSymbol(JavaType.java:79) ~[sonar-java-plugin-5.14.0.18788.jar:na]
	at org.sonar.java.resolve.Resolve.findMethod(Resolve.java:492) ~[sonar-java-plugin-5.14.0.18788.jar:na]
	at org.sonar.java.resolve.Resolve.findMethod(Resolve.java:482) ~[sonar-java-plugin-5.14.0.18788.jar:na]
	at org.sonar.java.resolve.Resolve.findMethodByStrictThenLooseInvocation(Resolve.java:467) ~[sonar-java-plugin-5.14.0.18788.jar:na]
	at org.sonar.java.resolve.Resolve.findMethod(Resolve.java:452) ~[sonar-java-plugin-5.14.0.18788.jar:na]
	at org.sonar.java.resolve.Resolve.findMethod(Resolve.java:437) ~[sonar-java-plugin-5.14.0.18788.jar:na]
	at org.sonar.java.resolve.TypeAndReferenceSolver.resolveMethodSymbol(TypeAndReferenceSolver.java:349) ~[sonar-java-plugin-5.14.0.18788.jar:na]
	at org.sonar.java.resolve.TypeAndReferenceSolver.visitMethodInvocation(TypeAndReferenceSolver.java:238) ~[sonar-java-plugin-5.14.0.18788.jar:na]
	at org.sonar.java.model.expression.MethodInvocationTreeImpl.accept(MethodInvocationTreeImpl.java:97) ~[sonar-java-plugin-5.14.0.18788.jar:na]
	at org.sonar.java.resolve.TypeAndReferenceSolver.resolveAs(TypeAndReferenceSolver.java:418) ~[sonar-java-plugin-5.14.0.18788.jar:na]
	at org.sonar.java.resolve.TypeAndReferenceSolver.resolveAs(TypeAndReferenceSolver.java:373) ~[sonar-java-plugin-5.14.0.18788.jar:na]
	at org.sonar.java.resolve.TypeAndReferenceSolver.resolveAs(TypeAndReferenceSolver.java:366) ~[sonar-java-plugin-5.14.0.18788.jar:na]
	at org.sonar.java.resolve.TypeAndReferenceSolver.visitVariable(TypeAndReferenceSolver.java:926) ~[sonar-java-plugin-5.14.0.18788.jar:na]
	at org.sonar.java.model.declaration.VariableTreeImpl.accept(VariableTreeImpl.java:186) ~[sonar-java-plugin-5.14.0.18788.jar:na]
	at org.sonar.plugins.java.api.tree.BaseTreeVisitor.scan(BaseTreeVisitor.java:40) ~[sonar-java-plugin-5.14.0.18788.jar:na]
	at org.sonar.plugins.java.api.tree.BaseTreeVisitor.scan(BaseTreeVisitor.java:34) ~[sonar-java-plugin-5.14.0.18788.jar:na]
	at org.sonar.java.resolve.TypeAndReferenceSolver.visitClass(TypeAndReferenceSolver.java:146) ~[sonar-java-plugin-5.14.0.18788.jar:na]
	at org.sonar.java.model.declaration.ClassTreeImpl.accept(ClassTreeImpl.java:203) ~[sonar-java-plugin-5.14.0.18788.jar:na]
	at org.sonar.plugins.java.api.tree.BaseTreeVisitor.scan(BaseTreeVisitor.java:40) ~[sonar-java-plugin-5.14.0.18788.jar:na]
	at org.sonar.plugins.java.api.tree.BaseTreeVisitor.scan(BaseTreeVisitor.java:34) ~[sonar-java-plugin-5.14.0.18788.jar:na]
	at org.sonar.plugins.java.api.tree.BaseTreeVisitor.visitCompilationUnit(BaseTreeVisitor.java:52) ~[sonar-java-plugin-5.14.0.18788.jar:na]
	at org.sonar.java.resolve.SemanticModel.createFor(SemanticModel.java:65) ~[sonar-java-plugin-5.14.0.18788.jar:na]
	at org.sonar.java.model.VisitorsBridge.visitFile(VisitorsBridge.java:122) ~[sonar-java-plugin-5.14.0.18788.jar:na]
	at org.sonar.java.ast.JavaAstScanner.simpleScan(JavaAstScanner.java:90) [sonar-java-plugin-5.14.0.18788.jar:na]
	at org.sonar.java.ast.JavaAstScanner.scan(JavaAstScanner.java:67) [sonar-java-plugin-5.14.0.18788.jar:na]
	at org.sonar.java.ast.JavaAstScanner.scanSingleFileForTests(JavaAstScanner.java:139) [sonar-java-plugin-5.14.0.18788.jar:na]
	at org.sonar.java.checks.verifier.JavaCheckVerifier.scanFile(JavaCheckVerifier.java:281) [java-checks-testkit-5.14.0.18788.jar:na]
	at org.sonar.java.checks.verifier.JavaCheckVerifier.scanFile(JavaCheckVerifier.java:268) [java-checks-testkit-5.14.0.18788.jar:na]
	at org.sonar.java.checks.verifier.JavaCheckVerifier.scanFile(JavaCheckVerifier.java:222) [java-checks-testkit-5.14.0.18788.jar:na]
	at org.sonar.java.checks.verifier.JavaCheckVerifier.verify(JavaCheckVerifier.java:106) [java-checks-testkit-5.14.0.18788.jar:na]
	at it.ding.sonar.check.WebDriverChecksTest.shouldAvoidCompoundClassNamesLocator(WebDriverChecksTest.java:35) [test-classes/:na]
	at sun.reflect.NativeMethodAccessorImpl.invoke0(Native Method) ~[na:1.8.0_262]
	at sun.reflect.NativeMethodAccessorImpl.invoke(NativeMethodAccessorImpl.java:62) ~[na:1.8.0_262]
	at sun.reflect.DelegatingMethodAccessorImpl.invoke(DelegatingMethodAccessorImpl.java:43) ~[na:1.8.0_262]
	at java.lang.reflect.Method.invoke(Method.java:498) ~[na:1.8.0_262]
	at org.junit.runners.model.FrameworkMethod$1.runReflectiveCall(FrameworkMethod.java:47) [junit-4.11.jar:na]
	at org.junit.internal.runners.model.ReflectiveCallable.run(ReflectiveCallable.java:12) [junit-4.11.jar:na]
	at org.junit.runners.model.FrameworkMethod.invokeExplosively(FrameworkMethod.java:44) [junit-4.11.jar:na]
	at org.junit.internal.runners.statements.InvokeMethod.evaluate(InvokeMethod.java:17) [junit-4.11.jar:na]
	at org.junit.runners.ParentRunner.runLeaf(ParentRunner.java:271) [junit-4.11.jar:na]
	at org.junit.runners.BlockJUnit4ClassRunner.runChild(BlockJUnit4ClassRunner.java:70) [junit-4.11.jar:na]
	at org.junit.runners.BlockJUnit4ClassRunner.runChild(BlockJUnit4ClassRunner.java:50) [junit-4.11.jar:na]
	at org.junit.runners.ParentRunner$3.run(ParentRunner.java:238) [junit-4.11.jar:na]
	at org.junit.runners.ParentRunner$1.schedule(ParentRunner.java:63) [junit-4.11.jar:na]
	at org.junit.runners.ParentRunner.runChildren(ParentRunner.java:236) [junit-4.11.jar:na]
	at org.junit.runners.ParentRunner.access$000(ParentRunner.java:53) [junit-4.11.jar:na]
	at org.junit.runners.ParentRunner$2.evaluate(ParentRunner.java:229) [junit-4.11.jar:na]
	at org.junit.runners.ParentRunner.run(ParentRunner.java:309) [junit-4.11.jar:na]
	at org.apache.maven.surefire.junit4.JUnit4Provider.execute(JUnit4Provider.java:367) [surefire-junit4-2.19.1.jar:2.19.1]
	at org.apache.maven.surefire.junit4.JUnit4Provider.executeWithRerun(JUnit4Provider.java:274) [surefire-junit4-2.19.1.jar:2.19.1]
	at org.apache.maven.surefire.junit4.JUnit4Provider.executeTestSet(JUnit4Provider.java:238) [surefire-junit4-2.19.1.jar:2.19.1]
	at org.apache.maven.surefire.junit4.JUnit4Provider.invoke(JUnit4Provider.java:161) [surefire-junit4-2.19.1.jar:2.19.1]
	at org.apache.maven.surefire.booter.ForkedBooter.invokeProviderInSameClassLoader(ForkedBooter.java:290) [surefire-booter-2.19.1.jar:2.19.1]
	at org.apache.maven.surefire.booter.ForkedBooter.runSuitesInProcess(ForkedBooter.java:242) [surefire-booter-2.19.1.jar:2.19.1]
	at org.apache.maven.surefire.booter.ForkedBooter.main(ForkedBooter.java:121) [surefire-booter-2.19.1.jar:2.19.1]
]]></system-out>
  </testcase>
  <testcase name="shouldAvoidCssLocatorTiedToPageLayout" classname="it.ding.sonar.check.WebDriverChecksTest" time="0.021">
    <failure message="Semantic was required but it was not possible to create it. Please checks the logs to find out the reason." type="java.lang.AssertionError">java.lang.AssertionError: Semantic was required but it was not possible to create it. Please checks the logs to find out the reason.
	at it.ding.sonar.check.WebDriverChecksTest.shouldAvoidCssLocatorTiedToPageLayout(WebDriverChecksTest.java:45)
</failure>
    <system-out><![CDATA[08:25:34.393 [Report about progress of Java AST analyzer] INFO  o.s.analyzer.commons.ProgressReport - 1/1 source files have been analyzed
08:25:34.394 [main] DEBUG o.s.java.bytecode.ClassLoaderBuilder - ----- Classpath analyzed by Squid:
08:25:34.394 [main] DEBUG o.s.java.bytecode.ClassLoaderBuilder - /tmp/tmpc_sp6l80/sonar-webdriver-plugin/target/test-jars/hamcrest-core-1.3.jar
08:25:34.395 [main] DEBUG o.s.java.bytecode.ClassLoaderBuilder - /tmp/tmpc_sp6l80/sonar-webdriver-plugin/target/test-jars/selenium-remote-driver-3.0.1.jar
08:25:34.395 [main] DEBUG o.s.java.bytecode.ClassLoaderBuilder - /tmp/tmpc_sp6l80/sonar-webdriver-plugin/target/test-jars/selenium-api-3.14.0.jar
08:25:34.395 [main] DEBUG o.s.java.bytecode.ClassLoaderBuilder - /tmp/tmpc_sp6l80/sonar-webdriver-plugin/target/test-jars/selenium-support-3.11.0.jar
08:25:34.395 [main] DEBUG o.s.java.bytecode.ClassLoaderBuilder - /tmp/tmpc_sp6l80/sonar-webdriver-plugin/target/test-jars/junit-4.11.jar
08:25:34.395 [main] DEBUG o.s.java.bytecode.ClassLoaderBuilder - /tmp/tmpc_sp6l80/sonar-webdriver-plugin/target/test-classes
08:25:34.395 [main] DEBUG o.s.java.bytecode.ClassLoaderBuilder - -----
08:25:34.401 [main] INFO  o.s.analyzer.commons.ProgressReport - 1 source files to be analyzed
08:25:34.420 [main] ERROR org.sonar.java.model.VisitorsBridge - Unable to create symbol table for : 'src/test/file/LocatorCssValue.java'
java.lang.IllegalArgumentException: null
	at org.objectweb.asm.ClassVisitor.<init>(Unknown Source) ~[classes/:na]
	at org.objectweb.asm.ClassVisitor.<init>(Unknown Source) ~[classes/:na]
	at org.sonar.java.resolve.BytecodeVisitor.<init>(BytecodeVisitor.java:61) ~[sonar-java-plugin-5.14.0.18788.jar:na]
	at org.sonar.java.resolve.BytecodeCompleter.complete(BytecodeCompleter.java:88) ~[sonar-java-plugin-5.14.0.18788.jar:na]
	at org.sonar.java.resolve.JavaSymbol.complete(JavaSymbol.java:114) ~[sonar-java-plugin-5.14.0.18788.jar:na]
	at org.sonar.java.resolve.JavaType.getSymbol(JavaType.java:79) ~[sonar-java-plugin-5.14.0.18788.jar:na]
	at org.sonar.java.resolve.Resolve.findMethod(Resolve.java:492) ~[sonar-java-plugin-5.14.0.18788.jar:na]
	at org.sonar.java.resolve.Resolve.findMethod(Resolve.java:482) ~[sonar-java-plugin-5.14.0.18788.jar:na]
	at org.sonar.java.resolve.Resolve.findMethodByStrictThenLooseInvocation(Resolve.java:467) ~[sonar-java-plugin-5.14.0.18788.jar:na]
	at org.sonar.java.resolve.Resolve.findMethod(Resolve.java:452) ~[sonar-java-plugin-5.14.0.18788.jar:na]
	at org.sonar.java.resolve.Resolve.findMethod(Resolve.java:437) ~[sonar-java-plugin-5.14.0.18788.jar:na]
	at org.sonar.java.resolve.TypeAndReferenceSolver.resolveMethodSymbol(TypeAndReferenceSolver.java:349) ~[sonar-java-plugin-5.14.0.18788.jar:na]
	at org.sonar.java.resolve.TypeAndReferenceSolver.visitMethodInvocation(TypeAndReferenceSolver.java:238) ~[sonar-java-plugin-5.14.0.18788.jar:na]
	at org.sonar.java.model.expression.MethodInvocationTreeImpl.accept(MethodInvocationTreeImpl.java:97) ~[sonar-java-plugin-5.14.0.18788.jar:na]
	at org.sonar.java.resolve.TypeAndReferenceSolver.resolveAs(TypeAndReferenceSolver.java:418) ~[sonar-java-plugin-5.14.0.18788.jar:na]
	at org.sonar.java.resolve.TypeAndReferenceSolver.resolveAs(TypeAndReferenceSolver.java:373) ~[sonar-java-plugin-5.14.0.18788.jar:na]
	at org.sonar.java.resolve.TypeAndReferenceSolver.resolveAs(TypeAndReferenceSolver.java:366) ~[sonar-java-plugin-5.14.0.18788.jar:na]
	at org.sonar.java.resolve.TypeAndReferenceSolver.visitVariable(TypeAndReferenceSolver.java:926) ~[sonar-java-plugin-5.14.0.18788.jar:na]
	at org.sonar.java.model.declaration.VariableTreeImpl.accept(VariableTreeImpl.java:186) ~[sonar-java-plugin-5.14.0.18788.jar:na]
	at org.sonar.plugins.java.api.tree.BaseTreeVisitor.scan(BaseTreeVisitor.java:40) ~[sonar-java-plugin-5.14.0.18788.jar:na]
	at org.sonar.plugins.java.api.tree.BaseTreeVisitor.scan(BaseTreeVisitor.java:34) ~[sonar-java-plugin-5.14.0.18788.jar:na]
	at org.sonar.java.resolve.TypeAndReferenceSolver.visitClass(TypeAndReferenceSolver.java:146) ~[sonar-java-plugin-5.14.0.18788.jar:na]
	at org.sonar.java.model.declaration.ClassTreeImpl.accept(ClassTreeImpl.java:203) ~[sonar-java-plugin-5.14.0.18788.jar:na]
	at org.sonar.plugins.java.api.tree.BaseTreeVisitor.scan(BaseTreeVisitor.java:40) ~[sonar-java-plugin-5.14.0.18788.jar:na]
	at org.sonar.plugins.java.api.tree.BaseTreeVisitor.scan(BaseTreeVisitor.java:34) ~[sonar-java-plugin-5.14.0.18788.jar:na]
	at org.sonar.plugins.java.api.tree.BaseTreeVisitor.visitCompilationUnit(BaseTreeVisitor.java:52) ~[sonar-java-plugin-5.14.0.18788.jar:na]
	at org.sonar.java.resolve.SemanticModel.createFor(SemanticModel.java:65) ~[sonar-java-plugin-5.14.0.18788.jar:na]
	at org.sonar.java.model.VisitorsBridge.visitFile(VisitorsBridge.java:122) ~[sonar-java-plugin-5.14.0.18788.jar:na]
	at org.sonar.java.ast.JavaAstScanner.simpleScan(JavaAstScanner.java:90) [sonar-java-plugin-5.14.0.18788.jar:na]
	at org.sonar.java.ast.JavaAstScanner.scan(JavaAstScanner.java:67) [sonar-java-plugin-5.14.0.18788.jar:na]
	at org.sonar.java.ast.JavaAstScanner.scanSingleFileForTests(JavaAstScanner.java:139) [sonar-java-plugin-5.14.0.18788.jar:na]
	at org.sonar.java.checks.verifier.JavaCheckVerifier.scanFile(JavaCheckVerifier.java:281) [java-checks-testkit-5.14.0.18788.jar:na]
	at org.sonar.java.checks.verifier.JavaCheckVerifier.scanFile(JavaCheckVerifier.java:268) [java-checks-testkit-5.14.0.18788.jar:na]
	at org.sonar.java.checks.verifier.JavaCheckVerifier.scanFile(JavaCheckVerifier.java:222) [java-checks-testkit-5.14.0.18788.jar:na]
	at org.sonar.java.checks.verifier.JavaCheckVerifier.verify(JavaCheckVerifier.java:106) [java-checks-testkit-5.14.0.18788.jar:na]
	at it.ding.sonar.check.WebDriverChecksTest.shouldAvoidCssLocatorTiedToPageLayout(WebDriverChecksTest.java:45) [test-classes/:na]
	at sun.reflect.NativeMethodAccessorImpl.invoke0(Native Method) ~[na:1.8.0_262]
	at sun.reflect.NativeMethodAccessorImpl.invoke(NativeMethodAccessorImpl.java:62) ~[na:1.8.0_262]
	at sun.reflect.DelegatingMethodAccessorImpl.invoke(DelegatingMethodAccessorImpl.java:43) ~[na:1.8.0_262]
	at java.lang.reflect.Method.invoke(Method.java:498) ~[na:1.8.0_262]
	at org.junit.runners.model.FrameworkMethod$1.runReflectiveCall(FrameworkMethod.java:47) [junit-4.11.jar:na]
	at org.junit.internal.runners.model.ReflectiveCallable.run(ReflectiveCallable.java:12) [junit-4.11.jar:na]
	at org.junit.runners.model.FrameworkMethod.invokeExplosively(FrameworkMethod.java:44) [junit-4.11.jar:na]
	at org.junit.internal.runners.statements.InvokeMethod.evaluate(InvokeMethod.java:17) [junit-4.11.jar:na]
	at org.junit.runners.ParentRunner.runLeaf(ParentRunner.java:271) [junit-4.11.jar:na]
	at org.junit.runners.BlockJUnit4ClassRunner.runChild(BlockJUnit4ClassRunner.java:70) [junit-4.11.jar:na]
	at org.junit.runners.BlockJUnit4ClassRunner.runChild(BlockJUnit4ClassRunner.java:50) [junit-4.11.jar:na]
	at org.junit.runners.ParentRunner$3.run(ParentRunner.java:238) [junit-4.11.jar:na]
	at org.junit.runners.ParentRunner$1.schedule(ParentRunner.java:63) [junit-4.11.jar:na]
	at org.junit.runners.ParentRunner.runChildren(ParentRunner.java:236) [junit-4.11.jar:na]
	at org.junit.runners.ParentRunner.access$000(ParentRunner.java:53) [junit-4.11.jar:na]
	at org.junit.runners.ParentRunner$2.evaluate(ParentRunner.java:229) [junit-4.11.jar:na]
	at org.junit.runners.ParentRunner.run(ParentRunner.java:309) [junit-4.11.jar:na]
	at org.apache.maven.surefire.junit4.JUnit4Provider.execute(JUnit4Provider.java:367) [surefire-junit4-2.19.1.jar:2.19.1]
	at org.apache.maven.surefire.junit4.JUnit4Provider.executeWithRerun(JUnit4Provider.java:274) [surefire-junit4-2.19.1.jar:2.19.1]
	at org.apache.maven.surefire.junit4.JUnit4Provider.executeTestSet(JUnit4Provider.java:238) [surefire-junit4-2.19.1.jar:2.19.1]
	at org.apache.maven.surefire.junit4.JUnit4Provider.invoke(JUnit4Provider.java:161) [surefire-junit4-2.19.1.jar:2.19.1]
	at org.apache.maven.surefire.booter.ForkedBooter.invokeProviderInSameClassLoader(ForkedBooter.java:290) [surefire-booter-2.19.1.jar:2.19.1]
	at org.apache.maven.surefire.booter.ForkedBooter.runSuitesInProcess(ForkedBooter.java:242) [surefire-booter-2.19.1.jar:2.19.1]
	at org.apache.maven.surefire.booter.ForkedBooter.main(ForkedBooter.java:121) [surefire-booter-2.19.1.jar:2.19.1]
08:25:34.420 [Report about progress of Java AST analyzer] INFO  o.s.analyzer.commons.ProgressReport - 1/1 source files have been analyzed
]]></system-out>
  </testcase>
  <testcase name="shouldAvoidWebDriverCommandsInTest" classname="it.ding.sonar.check.WebDriverChecksTest" time="0.014">
    <failure message="Semantic was required but it was not possible to create it. Please checks the logs to find out the reason." type="java.lang.AssertionError">java.lang.AssertionError: Semantic was required but it was not possible to create it. Please checks the logs to find out the reason.
	at it.ding.sonar.check.WebDriverChecksTest.shouldAvoidWebDriverCommandsInTest(WebDriverChecksTest.java:19)
</failure>
    <system-out><![CDATA[08:25:34.423 [main] DEBUG o.s.java.bytecode.ClassLoaderBuilder - ----- Classpath analyzed by Squid:
08:25:34.424 [main] DEBUG o.s.java.bytecode.ClassLoaderBuilder - /tmp/tmpc_sp6l80/sonar-webdriver-plugin/target/test-jars/hamcrest-core-1.3.jar
08:25:34.424 [main] DEBUG o.s.java.bytecode.ClassLoaderBuilder - /tmp/tmpc_sp6l80/sonar-webdriver-plugin/target/test-jars/selenium-remote-driver-3.0.1.jar
08:25:34.424 [main] DEBUG o.s.java.bytecode.ClassLoaderBuilder - /tmp/tmpc_sp6l80/sonar-webdriver-plugin/target/test-jars/selenium-api-3.14.0.jar
08:25:34.424 [main] DEBUG o.s.java.bytecode.ClassLoaderBuilder - /tmp/tmpc_sp6l80/sonar-webdriver-plugin/target/test-jars/selenium-support-3.11.0.jar
08:25:34.424 [main] DEBUG o.s.java.bytecode.ClassLoaderBuilder - /tmp/tmpc_sp6l80/sonar-webdriver-plugin/target/test-jars/junit-4.11.jar
08:25:34.424 [main] DEBUG o.s.java.bytecode.ClassLoaderBuilder - /tmp/tmpc_sp6l80/sonar-webdriver-plugin/target/test-classes
08:25:34.424 [main] DEBUG o.s.java.bytecode.ClassLoaderBuilder - -----
08:25:34.428 [main] INFO  o.s.analyzer.commons.ProgressReport - 1 source files to be analyzed
08:25:34.438 [main] ERROR org.sonar.java.model.VisitorsBridge - Unable to create symbol table for : 'src/test/file/AvoidWebDriverCommandWithoutTestAnnotation.java'
java.lang.IllegalArgumentException: null
	at org.objectweb.asm.ClassVisitor.<init>(Unknown Source) ~[classes/:na]
	at org.objectweb.asm.ClassVisitor.<init>(Unknown Source) ~[classes/:na]
	at org.sonar.java.resolve.BytecodeVisitor.<init>(BytecodeVisitor.java:61) ~[sonar-java-plugin-5.14.0.18788.jar:na]
	at org.sonar.java.resolve.BytecodeCompleter.complete(BytecodeCompleter.java:88) ~[sonar-java-plugin-5.14.0.18788.jar:na]
	at org.sonar.java.resolve.JavaSymbol.complete(JavaSymbol.java:114) ~[sonar-java-plugin-5.14.0.18788.jar:na]
	at org.sonar.java.resolve.JavaSymbol$TypeJavaSymbol.members(JavaSymbol.java:379) ~[sonar-java-plugin-5.14.0.18788.jar:na]
	at org.sonar.java.resolve.Resolve.findMemberType(Resolve.java:214) ~[sonar-java-plugin-5.14.0.18788.jar:na]
	at org.sonar.java.resolve.Resolve.findMemberType(Resolve.java:222) ~[sonar-java-plugin-5.14.0.18788.jar:na]
	at org.sonar.java.resolve.Resolve.findType(Resolve.java:255) ~[sonar-java-plugin-5.14.0.18788.jar:na]
	at org.sonar.java.resolve.Resolve.findIdent(Resolve.java:315) ~[sonar-java-plugin-5.14.0.18788.jar:na]
	at org.sonar.java.resolve.TypeAndReferenceSolver.resolveAs(TypeAndReferenceSolver.java:399) ~[sonar-java-plugin-5.14.0.18788.jar:na]
	at org.sonar.java.resolve.TypeAndReferenceSolver.resolveAs(TypeAndReferenceSolver.java:373) ~[sonar-java-plugin-5.14.0.18788.jar:na]
	at org.sonar.java.resolve.SecondPass.resolveType(SecondPass.java:251) ~[sonar-java-plugin-5.14.0.18788.jar:na]
	at org.sonar.java.resolve.SecondPass.complete(SecondPass.java:240) ~[sonar-java-plugin-5.14.0.18788.jar:na]
	at org.sonar.java.resolve.SecondPass.complete(SecondPass.java:67) ~[sonar-java-plugin-5.14.0.18788.jar:na]
	at org.sonar.java.resolve.JavaSymbol.complete(JavaSymbol.java:114) ~[sonar-java-plugin-5.14.0.18788.jar:na]
	at org.sonar.java.resolve.FirstPass.completeSymbols(FirstPass.java:101) ~[sonar-java-plugin-5.14.0.18788.jar:na]
	at org.sonar.java.resolve.FirstPass.visitCompilationUnit(FirstPass.java:132) ~[sonar-java-plugin-5.14.0.18788.jar:na]
	at org.sonar.java.resolve.SemanticModel.createFor(SemanticModel.java:64) ~[sonar-java-plugin-5.14.0.18788.jar:na]
	at org.sonar.java.model.VisitorsBridge.visitFile(VisitorsBridge.java:122) ~[sonar-java-plugin-5.14.0.18788.jar:na]
	at org.sonar.java.ast.JavaAstScanner.simpleScan(JavaAstScanner.java:90) [sonar-java-plugin-5.14.0.18788.jar:na]
	at org.sonar.java.ast.JavaAstScanner.scan(JavaAstScanner.java:67) [sonar-java-plugin-5.14.0.18788.jar:na]
	at org.sonar.java.ast.JavaAstScanner.scanSingleFileForTests(JavaAstScanner.java:139) [sonar-java-plugin-5.14.0.18788.jar:na]
	at org.sonar.java.checks.verifier.JavaCheckVerifier.scanFile(JavaCheckVerifier.java:281) [java-checks-testkit-5.14.0.18788.jar:na]
	at org.sonar.java.checks.verifier.JavaCheckVerifier.scanFile(JavaCheckVerifier.java:268) [java-checks-testkit-5.14.0.18788.jar:na]
	at org.sonar.java.checks.verifier.JavaCheckVerifier.scanFile(JavaCheckVerifier.java:222) [java-checks-testkit-5.14.0.18788.jar:na]
	at org.sonar.java.checks.verifier.JavaCheckVerifier.verifyNoIssue(JavaCheckVerifier.java:159) [java-checks-testkit-5.14.0.18788.jar:na]
	at it.ding.sonar.check.WebDriverChecksTest.shouldAvoidWebDriverCommandsInTest(WebDriverChecksTest.java:19) [test-classes/:na]
	at sun.reflect.NativeMethodAccessorImpl.invoke0(Native Method) ~[na:1.8.0_262]
	at sun.reflect.NativeMethodAccessorImpl.invoke(NativeMethodAccessorImpl.java:62) ~[na:1.8.0_262]
	at sun.reflect.DelegatingMethodAccessorImpl.invoke(DelegatingMethodAccessorImpl.java:43) ~[na:1.8.0_262]
	at java.lang.reflect.Method.invoke(Method.java:498) ~[na:1.8.0_262]
	at org.junit.runners.model.FrameworkMethod$1.runReflectiveCall(FrameworkMethod.java:47) [junit-4.11.jar:na]
	at org.junit.internal.runners.model.ReflectiveCallable.run(ReflectiveCallable.java:12) [junit-4.11.jar:na]
	at org.junit.runners.model.FrameworkMethod.invokeExplosively(FrameworkMethod.java:44) [junit-4.11.jar:na]
	at org.junit.internal.runners.statements.InvokeMethod.evaluate(InvokeMethod.java:17) [junit-4.11.jar:na]
	at org.junit.runners.ParentRunner.runLeaf(ParentRunner.java:271) [junit-4.11.jar:na]
	at org.junit.runners.BlockJUnit4ClassRunner.runChild(BlockJUnit4ClassRunner.java:70) [junit-4.11.jar:na]
	at org.junit.runners.BlockJUnit4ClassRunner.runChild(BlockJUnit4ClassRunner.java:50) [junit-4.11.jar:na]
	at org.junit.runners.ParentRunner$3.run(ParentRunner.java:238) [junit-4.11.jar:na]
	at org.junit.runners.ParentRunner$1.schedule(ParentRunner.java:63) [junit-4.11.jar:na]
	at org.junit.runners.ParentRunner.runChildren(ParentRunner.java:236) [junit-4.11.jar:na]
	at org.junit.runners.ParentRunner.access$000(ParentRunner.java:53) [junit-4.11.jar:na]
	at org.junit.runners.ParentRunner$2.evaluate(ParentRunner.java:229) [junit-4.11.jar:na]
	at org.junit.runners.ParentRunner.run(ParentRunner.java:309) [junit-4.11.jar:na]
	at org.apache.maven.surefire.junit4.JUnit4Provider.execute(JUnit4Provider.java:367) [surefire-junit4-2.19.1.jar:2.19.1]
	at org.apache.maven.surefire.junit4.JUnit4Provider.executeWithRerun(JUnit4Provider.java:274) [surefire-junit4-2.19.1.jar:2.19.1]
	at org.apache.maven.surefire.junit4.JUnit4Provider.executeTestSet(JUnit4Provider.java:238) [surefire-junit4-2.19.1.jar:2.19.1]
	at org.apache.maven.surefire.junit4.JUnit4Provider.invoke(JUnit4Provider.java:161) [surefire-junit4-2.19.1.jar:2.19.1]
	at org.apache.maven.surefire.booter.ForkedBooter.invokeProviderInSameClassLoader(ForkedBooter.java:290) [surefire-booter-2.19.1.jar:2.19.1]
	at org.apache.maven.surefire.booter.ForkedBooter.runSuitesInProcess(ForkedBooter.java:242) [surefire-booter-2.19.1.jar:2.19.1]
	at org.apache.maven.surefire.booter.ForkedBooter.main(ForkedBooter.java:121) [surefire-booter-2.19.1.jar:2.19.1]
08:25:34.447 [Report about progress of Java AST analyzer] INFO  o.s.analyzer.commons.ProgressReport - 1/1 source files have been analyzed
]]></system-out>
  </testcase>
  <testcase name="shouldAvoidAssertionsInNonTest" classname="it.ding.sonar.check.WebDriverChecksTest" time="0.084">
    <failure message="Semantic was required but it was not possible to create it. Please checks the logs to find out the reason." type="java.lang.AssertionError">java.lang.AssertionError: Semantic was required but it was not possible to create it. Please checks the logs to find out the reason.
	at it.ding.sonar.check.WebDriverChecksTest.shouldAvoidAssertionsInNonTest(WebDriverChecksTest.java:70)
</failure>
    <system-out><![CDATA[08:25:34.450 [main] DEBUG o.s.java.bytecode.ClassLoaderBuilder - ----- Classpath analyzed by Squid:
08:25:34.450 [main] DEBUG o.s.java.bytecode.ClassLoaderBuilder - /tmp/tmpc_sp6l80/sonar-webdriver-plugin/target/test-jars/hamcrest-core-1.3.jar
08:25:34.450 [main] DEBUG o.s.java.bytecode.ClassLoaderBuilder - /tmp/tmpc_sp6l80/sonar-webdriver-plugin/target/test-jars/selenium-remote-driver-3.0.1.jar
08:25:34.450 [main] DEBUG o.s.java.bytecode.ClassLoaderBuilder - /tmp/tmpc_sp6l80/sonar-webdriver-plugin/target/test-jars/selenium-api-3.14.0.jar
08:25:34.450 [main] DEBUG o.s.java.bytecode.ClassLoaderBuilder - /tmp/tmpc_sp6l80/sonar-webdriver-plugin/target/test-jars/selenium-support-3.11.0.jar
08:25:34.450 [main] DEBUG o.s.java.bytecode.ClassLoaderBuilder - /tmp/tmpc_sp6l80/sonar-webdriver-plugin/target/test-jars/junit-4.11.jar
08:25:34.450 [main] DEBUG o.s.java.bytecode.ClassLoaderBuilder - /tmp/tmpc_sp6l80/sonar-webdriver-plugin/target/test-classes
08:25:34.450 [main] DEBUG o.s.java.bytecode.ClassLoaderBuilder - -----
08:25:34.454 [main] INFO  o.s.analyzer.commons.ProgressReport - 1 source files to be analyzed
08:25:34.516 [main] ERROR org.sonar.java.model.VisitorsBridge - Unable to create symbol table for : 'src/test/file/AssertionInTest.java'
java.lang.IllegalArgumentException: null
	at org.objectweb.asm.ClassVisitor.<init>(Unknown Source) ~[classes/:na]
	at org.objectweb.asm.ClassVisitor.<init>(Unknown Source) ~[classes/:na]
	at org.sonar.java.resolve.BytecodeVisitor.<init>(BytecodeVisitor.java:61) ~[sonar-java-plugin-5.14.0.18788.jar:na]
	at org.sonar.java.resolve.BytecodeCompleter.complete(BytecodeCompleter.java:88) ~[sonar-java-plugin-5.14.0.18788.jar:na]
	at org.sonar.java.resolve.JavaSymbol.complete(JavaSymbol.java:114) ~[sonar-java-plugin-5.14.0.18788.jar:na]
	at org.sonar.java.resolve.JavaSymbol$TypeJavaSymbol.members(JavaSymbol.java:379) ~[sonar-java-plugin-5.14.0.18788.jar:na]
	at org.sonar.java.resolve.FirstPass$ImportResolverVisitor.visitIdentifier(FirstPass.java:209) ~[sonar-java-plugin-5.14.0.18788.jar:na]
	at org.sonar.java.model.expression.IdentifierTreeImpl.accept(IdentifierTreeImpl.java:81) ~[sonar-java-plugin-5.14.0.18788.jar:na]
	at org.sonar.plugins.java.api.tree.BaseTreeVisitor.scan(BaseTreeVisitor.java:40) ~[sonar-java-plugin-5.14.0.18788.jar:na]
	at org.sonar.plugins.java.api.tree.BaseTreeVisitor.visitMemberSelectExpression(BaseTreeVisitor.java:234) ~[sonar-java-plugin-5.14.0.18788.jar:na]
	at org.sonar.java.model.expression.MemberSelectExpressionTreeImpl.accept(MemberSelectExpressionTreeImpl.java:117) ~[sonar-java-plugin-5.14.0.18788.jar:na]
	at org.sonar.java.resolve.FirstPass$ImportResolverVisitor.visitImport(FirstPass.java:168) ~[sonar-java-plugin-5.14.0.18788.jar:na]
	at org.sonar.java.model.JavaTree$ImportTreeImpl.accept(JavaTree.java:352) ~[sonar-java-plugin-5.14.0.18788.jar:na]
	at org.sonar.java.resolve.FirstPass.resolveImports(FirstPass.java:154) ~[sonar-java-plugin-5.14.0.18788.jar:na]
	at org.sonar.java.resolve.FirstPass.visitCompilationUnit(FirstPass.java:131) ~[sonar-java-plugin-5.14.0.18788.jar:na]
	at org.sonar.java.resolve.SemanticModel.createFor(SemanticModel.java:64) ~[sonar-java-plugin-5.14.0.18788.jar:na]
	at org.sonar.java.model.VisitorsBridge.visitFile(VisitorsBridge.java:122) ~[sonar-java-plugin-5.14.0.18788.jar:na]
	at org.sonar.java.ast.JavaAstScanner.simpleScan(JavaAstScanner.java:90) [sonar-java-plugin-5.14.0.18788.jar:na]
	at org.sonar.java.ast.JavaAstScanner.scan(JavaAstScanner.java:67) [sonar-java-plugin-5.14.0.18788.jar:na]
	at org.sonar.java.ast.JavaAstScanner.scanSingleFileForTests(JavaAstScanner.java:139) [sonar-java-plugin-5.14.0.18788.jar:na]
	at org.sonar.java.checks.verifier.JavaCheckVerifier.scanFile(JavaCheckVerifier.java:281) [java-checks-testkit-5.14.0.18788.jar:na]
	at org.sonar.java.checks.verifier.JavaCheckVerifier.scanFile(JavaCheckVerifier.java:268) [java-checks-testkit-5.14.0.18788.jar:na]
	at org.sonar.java.checks.verifier.JavaCheckVerifier.scanFile(JavaCheckVerifier.java:222) [java-checks-testkit-5.14.0.18788.jar:na]
	at org.sonar.java.checks.verifier.JavaCheckVerifier.verifyNoIssue(JavaCheckVerifier.java:159) [java-checks-testkit-5.14.0.18788.jar:na]
	at it.ding.sonar.check.WebDriverChecksTest.shouldAvoidAssertionsInNonTest(WebDriverChecksTest.java:70) [test-classes/:na]
	at sun.reflect.NativeMethodAccessorImpl.invoke0(Native Method) ~[na:1.8.0_262]
	at sun.reflect.NativeMethodAccessorImpl.invoke(NativeMethodAccessorImpl.java:62) ~[na:1.8.0_262]
	at sun.reflect.DelegatingMethodAccessorImpl.invoke(DelegatingMethodAccessorImpl.java:43) ~[na:1.8.0_262]
	at java.lang.reflect.Method.invoke(Method.java:498) ~[na:1.8.0_262]
	at org.junit.runners.model.FrameworkMethod$1.runReflectiveCall(FrameworkMethod.java:47) [junit-4.11.jar:na]
	at org.junit.internal.runners.model.ReflectiveCallable.run(ReflectiveCallable.java:12) [junit-4.11.jar:na]
	at org.junit.runners.model.FrameworkMethod.invokeExplosively(FrameworkMethod.java:44) [junit-4.11.jar:na]
	at org.junit.internal.runners.statements.InvokeMethod.evaluate(InvokeMethod.java:17) [junit-4.11.jar:na]
	at org.junit.runners.ParentRunner.runLeaf(ParentRunner.java:271) [junit-4.11.jar:na]
	at org.junit.runners.BlockJUnit4ClassRunner.runChild(BlockJUnit4ClassRunner.java:70) [junit-4.11.jar:na]
	at org.junit.runners.BlockJUnit4ClassRunner.runChild(BlockJUnit4ClassRunner.java:50) [junit-4.11.jar:na]
	at org.junit.runners.ParentRunner$3.run(ParentRunner.java:238) [junit-4.11.jar:na]
	at org.junit.runners.ParentRunner$1.schedule(ParentRunner.java:63) [junit-4.11.jar:na]
	at org.junit.runners.ParentRunner.runChildren(ParentRunner.java:236) [junit-4.11.jar:na]
	at org.junit.runners.ParentRunner.access$000(ParentRunner.java:53) [junit-4.11.jar:na]
	at org.junit.runners.ParentRunner$2.evaluate(ParentRunner.java:229) [junit-4.11.jar:na]
	at org.junit.runners.ParentRunner.run(ParentRunner.java:309) [junit-4.11.jar:na]
	at org.apache.maven.surefire.junit4.JUnit4Provider.execute(JUnit4Provider.java:367) [surefire-junit4-2.19.1.jar:2.19.1]
	at org.apache.maven.surefire.junit4.JUnit4Provider.executeWithRerun(JUnit4Provider.java:274) [surefire-junit4-2.19.1.jar:2.19.1]
	at org.apache.maven.surefire.junit4.JUnit4Provider.executeTestSet(JUnit4Provider.java:238) [surefire-junit4-2.19.1.jar:2.19.1]
	at org.apache.maven.surefire.junit4.JUnit4Provider.invoke(JUnit4Provider.java:161) [surefire-junit4-2.19.1.jar:2.19.1]
	at org.apache.maven.surefire.booter.ForkedBooter.invokeProviderInSameClassLoader(ForkedBooter.java:290) [surefire-booter-2.19.1.jar:2.19.1]
	at org.apache.maven.surefire.booter.ForkedBooter.runSuitesInProcess(ForkedBooter.java:242) [surefire-booter-2.19.1.jar:2.19.1]
	at org.apache.maven.surefire.booter.ForkedBooter.main(ForkedBooter.java:121) [surefire-booter-2.19.1.jar:2.19.1]
08:25:34.517 [Report about progress of Java AST analyzer] INFO  o.s.analyzer.commons.ProgressReport - 1/1 source files have been analyzed
]]></system-out>
  </testcase>
  <testcase name="shouldAvoidXpathLocatorTiedToPageLayout" classname="it.ding.sonar.check.WebDriverChecksTest" time="0.022">
    <failure message="Semantic was required but it was not possible to create it. Please checks the logs to find out the reason." type="java.lang.AssertionError">java.lang.AssertionError: Semantic was required but it was not possible to create it. Please checks the logs to find out the reason.
	at it.ding.sonar.check.WebDriverChecksTest.shouldAvoidXpathLocatorTiedToPageLayout(WebDriverChecksTest.java:40)
</failure>
    <system-out><![CDATA[08:25:34.519 [main] DEBUG o.s.java.bytecode.ClassLoaderBuilder - ----- Classpath analyzed by Squid:
08:25:34.519 [main] DEBUG o.s.java.bytecode.ClassLoaderBuilder - /tmp/tmpc_sp6l80/sonar-webdriver-plugin/target/test-jars/hamcrest-core-1.3.jar
08:25:34.519 [main] DEBUG o.s.java.bytecode.ClassLoaderBuilder - /tmp/tmpc_sp6l80/sonar-webdriver-plugin/target/test-jars/selenium-remote-driver-3.0.1.jar
08:25:34.519 [main] DEBUG o.s.java.bytecode.ClassLoaderBuilder - /tmp/tmpc_sp6l80/sonar-webdriver-plugin/target/test-jars/selenium-api-3.14.0.jar
08:25:34.519 [main] DEBUG o.s.java.bytecode.ClassLoaderBuilder - /tmp/tmpc_sp6l80/sonar-webdriver-plugin/target/test-jars/selenium-support-3.11.0.jar
08:25:34.519 [main] DEBUG o.s.java.bytecode.ClassLoaderBuilder - /tmp/tmpc_sp6l80/sonar-webdriver-plugin/target/test-jars/junit-4.11.jar
08:25:34.519 [main] DEBUG o.s.java.bytecode.ClassLoaderBuilder - /tmp/tmpc_sp6l80/sonar-webdriver-plugin/target/test-classes
08:25:34.519 [main] DEBUG o.s.java.bytecode.ClassLoaderBuilder - -----
08:25:34.523 [main] INFO  o.s.analyzer.commons.ProgressReport - 1 source files to be analyzed
08:25:34.538 [main] ERROR org.sonar.java.model.VisitorsBridge - Unable to create symbol table for : 'src/test/file/LocatorXpathValue.java'
java.lang.IllegalArgumentException: null
	at org.objectweb.asm.ClassVisitor.<init>(Unknown Source) ~[classes/:na]
	at org.objectweb.asm.ClassVisitor.<init>(Unknown Source) ~[classes/:na]
	at org.sonar.java.resolve.BytecodeVisitor.<init>(BytecodeVisitor.java:61) ~[sonar-java-plugin-5.14.0.18788.jar:na]
	at org.sonar.java.resolve.BytecodeCompleter.complete(BytecodeCompleter.java:88) ~[sonar-java-plugin-5.14.0.18788.jar:na]
	at org.sonar.java.resolve.JavaSymbol.complete(JavaSymbol.java:114) ~[sonar-java-plugin-5.14.0.18788.jar:na]
	at org.sonar.java.resolve.JavaType.getSymbol(JavaType.java:79) ~[sonar-java-plugin-5.14.0.18788.jar:na]
	at org.sonar.java.resolve.Resolve.findMethod(Resolve.java:492) ~[sonar-java-plugin-5.14.0.18788.jar:na]
	at org.sonar.java.resolve.Resolve.findMethod(Resolve.java:482) ~[sonar-java-plugin-5.14.0.18788.jar:na]
	at org.sonar.java.resolve.Resolve.findMethodByStrictThenLooseInvocation(Resolve.java:467) ~[sonar-java-plugin-5.14.0.18788.jar:na]
	at org.sonar.java.resolve.Resolve.findMethod(Resolve.java:452) ~[sonar-java-plugin-5.14.0.18788.jar:na]
	at org.sonar.java.resolve.Resolve.findMethod(Resolve.java:437) ~[sonar-java-plugin-5.14.0.18788.jar:na]
	at org.sonar.java.resolve.TypeAndReferenceSolver.resolveMethodSymbol(TypeAndReferenceSolver.java:349) ~[sonar-java-plugin-5.14.0.18788.jar:na]
	at org.sonar.java.resolve.TypeAndReferenceSolver.visitMethodInvocation(TypeAndReferenceSolver.java:238) ~[sonar-java-plugin-5.14.0.18788.jar:na]
	at org.sonar.java.model.expression.MethodInvocationTreeImpl.accept(MethodInvocationTreeImpl.java:97) ~[sonar-java-plugin-5.14.0.18788.jar:na]
	at org.sonar.java.resolve.TypeAndReferenceSolver.resolveAs(TypeAndReferenceSolver.java:418) ~[sonar-java-plugin-5.14.0.18788.jar:na]
	at org.sonar.java.resolve.TypeAndReferenceSolver.resolveAs(TypeAndReferenceSolver.java:373) ~[sonar-java-plugin-5.14.0.18788.jar:na]
	at org.sonar.java.resolve.TypeAndReferenceSolver.resolveAs(TypeAndReferenceSolver.java:366) ~[sonar-java-plugin-5.14.0.18788.jar:na]
	at org.sonar.java.resolve.TypeAndReferenceSolver.visitVariable(TypeAndReferenceSolver.java:926) ~[sonar-java-plugin-5.14.0.18788.jar:na]
	at org.sonar.java.model.declaration.VariableTreeImpl.accept(VariableTreeImpl.java:186) ~[sonar-java-plugin-5.14.0.18788.jar:na]
	at org.sonar.plugins.java.api.tree.BaseTreeVisitor.scan(BaseTreeVisitor.java:40) ~[sonar-java-plugin-5.14.0.18788.jar:na]
	at org.sonar.plugins.java.api.tree.BaseTreeVisitor.scan(BaseTreeVisitor.java:34) ~[sonar-java-plugin-5.14.0.18788.jar:na]
	at org.sonar.java.resolve.TypeAndReferenceSolver.visitClass(TypeAndReferenceSolver.java:146) ~[sonar-java-plugin-5.14.0.18788.jar:na]
	at org.sonar.java.model.declaration.ClassTreeImpl.accept(ClassTreeImpl.java:203) ~[sonar-java-plugin-5.14.0.18788.jar:na]
	at org.sonar.plugins.java.api.tree.BaseTreeVisitor.scan(BaseTreeVisitor.java:40) ~[sonar-java-plugin-5.14.0.18788.jar:na]
	at org.sonar.plugins.java.api.tree.BaseTreeVisitor.scan(BaseTreeVisitor.java:34) ~[sonar-java-plugin-5.14.0.18788.jar:na]
	at org.sonar.plugins.java.api.tree.BaseTreeVisitor.visitCompilationUnit(BaseTreeVisitor.java:52) ~[sonar-java-plugin-5.14.0.18788.jar:na]
	at org.sonar.java.resolve.SemanticModel.createFor(SemanticModel.java:65) ~[sonar-java-plugin-5.14.0.18788.jar:na]
	at org.sonar.java.model.VisitorsBridge.visitFile(VisitorsBridge.java:122) ~[sonar-java-plugin-5.14.0.18788.jar:na]
	at org.sonar.java.ast.JavaAstScanner.simpleScan(JavaAstScanner.java:90) [sonar-java-plugin-5.14.0.18788.jar:na]
	at org.sonar.java.ast.JavaAstScanner.scan(JavaAstScanner.java:67) [sonar-java-plugin-5.14.0.18788.jar:na]
	at org.sonar.java.ast.JavaAstScanner.scanSingleFileForTests(JavaAstScanner.java:139) [sonar-java-plugin-5.14.0.18788.jar:na]
	at org.sonar.java.checks.verifier.JavaCheckVerifier.scanFile(JavaCheckVerifier.java:281) [java-checks-testkit-5.14.0.18788.jar:na]
	at org.sonar.java.checks.verifier.JavaCheckVerifier.scanFile(JavaCheckVerifier.java:268) [java-checks-testkit-5.14.0.18788.jar:na]
	at org.sonar.java.checks.verifier.JavaCheckVerifier.scanFile(JavaCheckVerifier.java:222) [java-checks-testkit-5.14.0.18788.jar:na]
	at org.sonar.java.checks.verifier.JavaCheckVerifier.verify(JavaCheckVerifier.java:106) [java-checks-testkit-5.14.0.18788.jar:na]
	at it.ding.sonar.check.WebDriverChecksTest.shouldAvoidXpathLocatorTiedToPageLayout(WebDriverChecksTest.java:40) [test-classes/:na]
	at sun.reflect.NativeMethodAccessorImpl.invoke0(Native Method) ~[na:1.8.0_262]
	at sun.reflect.NativeMethodAccessorImpl.invoke(NativeMethodAccessorImpl.java:62) ~[na:1.8.0_262]
	at sun.reflect.DelegatingMethodAccessorImpl.invoke(DelegatingMethodAccessorImpl.java:43) ~[na:1.8.0_262]
	at java.lang.reflect.Method.invoke(Method.java:498) ~[na:1.8.0_262]
	at org.junit.runners.model.FrameworkMethod$1.runReflectiveCall(FrameworkMethod.java:47) [junit-4.11.jar:na]
	at org.junit.internal.runners.model.ReflectiveCallable.run(ReflectiveCallable.java:12) [junit-4.11.jar:na]
	at org.junit.runners.model.FrameworkMethod.invokeExplosively(FrameworkMethod.java:44) [junit-4.11.jar:na]
	at org.junit.internal.runners.statements.InvokeMethod.evaluate(InvokeMethod.java:17) [junit-4.11.jar:na]
	at org.junit.runners.ParentRunner.runLeaf(ParentRunner.java:271) [junit-4.11.jar:na]
	at org.junit.runners.BlockJUnit4ClassRunner.runChild(BlockJUnit4ClassRunner.java:70) [junit-4.11.jar:na]
	at org.junit.runners.BlockJUnit4ClassRunner.runChild(BlockJUnit4ClassRunner.java:50) [junit-4.11.jar:na]
	at org.junit.runners.ParentRunner$3.run(ParentRunner.java:238) [junit-4.11.jar:na]
	at org.junit.runners.ParentRunner$1.schedule(ParentRunner.java:63) [junit-4.11.jar:na]
	at org.junit.runners.ParentRunner.runChildren(ParentRunner.java:236) [junit-4.11.jar:na]
	at org.junit.runners.ParentRunner.access$000(ParentRunner.java:53) [junit-4.11.jar:na]
	at org.junit.runners.ParentRunner$2.evaluate(ParentRunner.java:229) [junit-4.11.jar:na]
	at org.junit.runners.ParentRunner.run(ParentRunner.java:309) [junit-4.11.jar:na]
	at org.apache.maven.surefire.junit4.JUnit4Provider.execute(JUnit4Provider.java:367) [surefire-junit4-2.19.1.jar:2.19.1]
	at org.apache.maven.surefire.junit4.JUnit4Provider.executeWithRerun(JUnit4Provider.java:274) [surefire-junit4-2.19.1.jar:2.19.1]
	at org.apache.maven.surefire.junit4.JUnit4Provider.executeTestSet(JUnit4Provider.java:238) [surefire-junit4-2.19.1.jar:2.19.1]
	at org.apache.maven.surefire.junit4.JUnit4Provider.invoke(JUnit4Provider.java:161) [surefire-junit4-2.19.1.jar:2.19.1]
	at org.apache.maven.surefire.booter.ForkedBooter.invokeProviderInSameClassLoader(ForkedBooter.java:290) [surefire-booter-2.19.1.jar:2.19.1]
	at org.apache.maven.surefire.booter.ForkedBooter.runSuitesInProcess(ForkedBooter.java:242) [surefire-booter-2.19.1.jar:2.19.1]
	at org.apache.maven.surefire.booter.ForkedBooter.main(ForkedBooter.java:121) [surefire-booter-2.19.1.jar:2.19.1]
08:25:34.538 [Report about progress of Java AST analyzer] INFO  o.s.analyzer.commons.ProgressReport - 1/1 source files have been analyzed
]]></system-out>
  </testcase>
  <testcase name="shouldAvoidExplicitWaitsInTest" classname="it.ding.sonar.check.WebDriverChecksTest" time="0.058">
    <failure message="Semantic was required but it was not possible to create it. Please checks the logs to find out the reason." type="java.lang.AssertionError">java.lang.AssertionError: Semantic was required but it was not possible to create it. Please checks the logs to find out the reason.
	at it.ding.sonar.check.WebDriverChecksTest.shouldAvoidExplicitWaitsInTest(WebDriverChecksTest.java:55)
</failure>
    <system-out><![CDATA[08:25:34.540 [main] DEBUG o.s.java.bytecode.ClassLoaderBuilder - ----- Classpath analyzed by Squid:
08:25:34.540 [main] DEBUG o.s.java.bytecode.ClassLoaderBuilder - /tmp/tmpc_sp6l80/sonar-webdriver-plugin/target/test-jars/hamcrest-core-1.3.jar
08:25:34.540 [main] DEBUG o.s.java.bytecode.ClassLoaderBuilder - /tmp/tmpc_sp6l80/sonar-webdriver-plugin/target/test-jars/selenium-remote-driver-3.0.1.jar
08:25:34.540 [main] DEBUG o.s.java.bytecode.ClassLoaderBuilder - /tmp/tmpc_sp6l80/sonar-webdriver-plugin/target/test-jars/selenium-api-3.14.0.jar
08:25:34.540 [main] DEBUG o.s.java.bytecode.ClassLoaderBuilder - /tmp/tmpc_sp6l80/sonar-webdriver-plugin/target/test-jars/selenium-support-3.11.0.jar
08:25:34.540 [main] DEBUG o.s.java.bytecode.ClassLoaderBuilder - /tmp/tmpc_sp6l80/sonar-webdriver-plugin/target/test-jars/junit-4.11.jar
08:25:34.540 [main] DEBUG o.s.java.bytecode.ClassLoaderBuilder - /tmp/tmpc_sp6l80/sonar-webdriver-plugin/target/test-classes
08:25:34.540 [main] DEBUG o.s.java.bytecode.ClassLoaderBuilder - -----
08:25:34.545 [main] INFO  o.s.analyzer.commons.ProgressReport - 1 source files to be analyzed
08:25:34.602 [main] ERROR org.sonar.java.model.VisitorsBridge - Unable to create symbol table for : 'src/test/file/ExplicitWait.java'
java.lang.IllegalArgumentException: null
	at org.objectweb.asm.ClassVisitor.<init>(Unknown Source) ~[classes/:na]
	at org.objectweb.asm.ClassVisitor.<init>(Unknown Source) ~[classes/:na]
	at org.sonar.java.resolve.BytecodeVisitor.<init>(BytecodeVisitor.java:61) ~[sonar-java-plugin-5.14.0.18788.jar:na]
	at org.sonar.java.resolve.BytecodeCompleter.complete(BytecodeCompleter.java:88) ~[sonar-java-plugin-5.14.0.18788.jar:na]
	at org.sonar.java.resolve.JavaSymbol.complete(JavaSymbol.java:114) ~[sonar-java-plugin-5.14.0.18788.jar:na]
	at org.sonar.java.resolve.JavaSymbol$TypeJavaSymbol.members(JavaSymbol.java:379) ~[sonar-java-plugin-5.14.0.18788.jar:na]
	at org.sonar.java.resolve.Resolve.findMemberType(Resolve.java:214) ~[sonar-java-plugin-5.14.0.18788.jar:na]
	at org.sonar.java.resolve.Resolve.findMemberType(Resolve.java:222) ~[sonar-java-plugin-5.14.0.18788.jar:na]
	at org.sonar.java.resolve.Resolve.findType(Resolve.java:255) ~[sonar-java-plugin-5.14.0.18788.jar:na]
	at org.sonar.java.resolve.Resolve.findIdent(Resolve.java:315) ~[sonar-java-plugin-5.14.0.18788.jar:na]
	at org.sonar.java.resolve.TypeAndReferenceSolver.resolveAs(TypeAndReferenceSolver.java:399) ~[sonar-java-plugin-5.14.0.18788.jar:na]
	at org.sonar.java.resolve.TypeAndReferenceSolver.resolveAs(TypeAndReferenceSolver.java:373) ~[sonar-java-plugin-5.14.0.18788.jar:na]
	at org.sonar.java.resolve.SecondPass.resolveType(SecondPass.java:251) ~[sonar-java-plugin-5.14.0.18788.jar:na]
	at org.sonar.java.resolve.SecondPass.complete(SecondPass.java:240) ~[sonar-java-plugin-5.14.0.18788.jar:na]
	at org.sonar.java.resolve.SecondPass.complete(SecondPass.java:67) ~[sonar-java-plugin-5.14.0.18788.jar:na]
	at org.sonar.java.resolve.JavaSymbol.complete(JavaSymbol.java:114) ~[sonar-java-plugin-5.14.0.18788.jar:na]
	at org.sonar.java.resolve.FirstPass.completeSymbols(FirstPass.java:101) ~[sonar-java-plugin-5.14.0.18788.jar:na]
	at org.sonar.java.resolve.FirstPass.visitCompilationUnit(FirstPass.java:132) ~[sonar-java-plugin-5.14.0.18788.jar:na]
	at org.sonar.java.resolve.SemanticModel.createFor(SemanticModel.java:64) ~[sonar-java-plugin-5.14.0.18788.jar:na]
	at org.sonar.java.model.VisitorsBridge.visitFile(VisitorsBridge.java:122) ~[sonar-java-plugin-5.14.0.18788.jar:na]
	at org.sonar.java.ast.JavaAstScanner.simpleScan(JavaAstScanner.java:90) [sonar-java-plugin-5.14.0.18788.jar:na]
	at org.sonar.java.ast.JavaAstScanner.scan(JavaAstScanner.java:67) [sonar-java-plugin-5.14.0.18788.jar:na]
	at org.sonar.java.ast.JavaAstScanner.scanSingleFileForTests(JavaAstScanner.java:139) [sonar-java-plugin-5.14.0.18788.jar:na]
	at org.sonar.java.checks.verifier.JavaCheckVerifier.scanFile(JavaCheckVerifier.java:281) [java-checks-testkit-5.14.0.18788.jar:na]
	at org.sonar.java.checks.verifier.JavaCheckVerifier.scanFile(JavaCheckVerifier.java:268) [java-checks-testkit-5.14.0.18788.jar:na]
	at org.sonar.java.checks.verifier.JavaCheckVerifier.scanFile(JavaCheckVerifier.java:222) [java-checks-testkit-5.14.0.18788.jar:na]
	at org.sonar.java.checks.verifier.JavaCheckVerifier.verify(JavaCheckVerifier.java:106) [java-checks-testkit-5.14.0.18788.jar:na]
	at it.ding.sonar.check.WebDriverChecksTest.shouldAvoidExplicitWaitsInTest(WebDriverChecksTest.java:55) [test-classes/:na]
	at sun.reflect.NativeMethodAccessorImpl.invoke0(Native Method) ~[na:1.8.0_262]
	at sun.reflect.NativeMethodAccessorImpl.invoke(NativeMethodAccessorImpl.java:62) ~[na:1.8.0_262]
	at sun.reflect.DelegatingMethodAccessorImpl.invoke(DelegatingMethodAccessorImpl.java:43) ~[na:1.8.0_262]
	at java.lang.reflect.Method.invoke(Method.java:498) ~[na:1.8.0_262]
	at org.junit.runners.model.FrameworkMethod$1.runReflectiveCall(FrameworkMethod.java:47) [junit-4.11.jar:na]
	at org.junit.internal.runners.model.ReflectiveCallable.run(ReflectiveCallable.java:12) [junit-4.11.jar:na]
	at org.junit.runners.model.FrameworkMethod.invokeExplosively(FrameworkMethod.java:44) [junit-4.11.jar:na]
	at org.junit.internal.runners.statements.InvokeMethod.evaluate(InvokeMethod.java:17) [junit-4.11.jar:na]
	at org.junit.runners.ParentRunner.runLeaf(ParentRunner.java:271) [junit-4.11.jar:na]
	at org.junit.runners.BlockJUnit4ClassRunner.runChild(BlockJUnit4ClassRunner.java:70) [junit-4.11.jar:na]
	at org.junit.runners.BlockJUnit4ClassRunner.runChild(BlockJUnit4ClassRunner.java:50) [junit-4.11.jar:na]
	at org.junit.runners.ParentRunner$3.run(ParentRunner.java:238) [junit-4.11.jar:na]
	at org.junit.runners.ParentRunner$1.schedule(ParentRunner.java:63) [junit-4.11.jar:na]
	at org.junit.runners.ParentRunner.runChildren(ParentRunner.java:236) [junit-4.11.jar:na]
	at org.junit.runners.ParentRunner.access$000(ParentRunner.java:53) [junit-4.11.jar:na]
	at org.junit.runners.ParentRunner$2.evaluate(ParentRunner.java:229) [junit-4.11.jar:na]
	at org.junit.runners.ParentRunner.run(ParentRunner.java:309) [junit-4.11.jar:na]
	at org.apache.maven.surefire.junit4.JUnit4Provider.execute(JUnit4Provider.java:367) [surefire-junit4-2.19.1.jar:2.19.1]
	at org.apache.maven.surefire.junit4.JUnit4Provider.executeWithRerun(JUnit4Provider.java:274) [surefire-junit4-2.19.1.jar:2.19.1]
	at org.apache.maven.surefire.junit4.JUnit4Provider.executeTestSet(JUnit4Provider.java:238) [surefire-junit4-2.19.1.jar:2.19.1]
	at org.apache.maven.surefire.junit4.JUnit4Provider.invoke(JUnit4Provider.java:161) [surefire-junit4-2.19.1.jar:2.19.1]
	at org.apache.maven.surefire.booter.ForkedBooter.invokeProviderInSameClassLoader(ForkedBooter.java:290) [surefire-booter-2.19.1.jar:2.19.1]
	at org.apache.maven.surefire.booter.ForkedBooter.runSuitesInProcess(ForkedBooter.java:242) [surefire-booter-2.19.1.jar:2.19.1]
	at org.apache.maven.surefire.booter.ForkedBooter.main(ForkedBooter.java:121) [surefire-booter-2.19.1.jar:2.19.1]
08:25:34.603 [Report about progress of Java AST analyzer] INFO  o.s.analyzer.commons.ProgressReport - 1/1 source files have been analyzed
]]></system-out>
  </testcase>
  <testcase name="shouldAvoidLocatorByXpath" classname="it.ding.sonar.check.WebDriverChecksTest" time="0.027">
    <failure message="Semantic was required but it was not possible to create it. Please checks the logs to find out the reason." type="java.lang.AssertionError">java.lang.AssertionError: Semantic was required but it was not possible to create it. Please checks the logs to find out the reason.
	at it.ding.sonar.check.WebDriverChecksTest.shouldAvoidLocatorByXpath(WebDriverChecksTest.java:25)
</failure>
    <system-out><![CDATA[08:25:34.605 [main] DEBUG o.s.java.bytecode.ClassLoaderBuilder - ----- Classpath analyzed by Squid:
08:25:34.605 [main] DEBUG o.s.java.bytecode.ClassLoaderBuilder - /tmp/tmpc_sp6l80/sonar-webdriver-plugin/target/test-jars/hamcrest-core-1.3.jar
08:25:34.605 [main] DEBUG o.s.java.bytecode.ClassLoaderBuilder - /tmp/tmpc_sp6l80/sonar-webdriver-plugin/target/test-jars/selenium-remote-driver-3.0.1.jar
08:25:34.605 [main] DEBUG o.s.java.bytecode.ClassLoaderBuilder - /tmp/tmpc_sp6l80/sonar-webdriver-plugin/target/test-jars/selenium-api-3.14.0.jar
08:25:34.605 [main] DEBUG o.s.java.bytecode.ClassLoaderBuilder - /tmp/tmpc_sp6l80/sonar-webdriver-plugin/target/test-jars/selenium-support-3.11.0.jar
08:25:34.605 [main] DEBUG o.s.java.bytecode.ClassLoaderBuilder - /tmp/tmpc_sp6l80/sonar-webdriver-plugin/target/test-jars/junit-4.11.jar
08:25:34.605 [main] DEBUG o.s.java.bytecode.ClassLoaderBuilder - /tmp/tmpc_sp6l80/sonar-webdriver-plugin/target/test-classes
08:25:34.605 [main] DEBUG o.s.java.bytecode.ClassLoaderBuilder - -----
08:25:34.609 [main] INFO  o.s.analyzer.commons.ProgressReport - 1 source files to be analyzed
08:25:34.625 [main] ERROR org.sonar.java.model.VisitorsBridge - Unable to create symbol table for : 'src/test/file/LocatorStrategyByXpath.java'
java.lang.IllegalArgumentException: null
	at org.objectweb.asm.ClassVisitor.<init>(Unknown Source) ~[classes/:na]
	at org.objectweb.asm.ClassVisitor.<init>(Unknown Source) ~[classes/:na]
	at org.sonar.java.resolve.BytecodeVisitor.<init>(BytecodeVisitor.java:61) ~[sonar-java-plugin-5.14.0.18788.jar:na]
	at org.sonar.java.resolve.BytecodeCompleter.complete(BytecodeCompleter.java:88) ~[sonar-java-plugin-5.14.0.18788.jar:na]
	at org.sonar.java.resolve.JavaSymbol.complete(JavaSymbol.java:114) ~[sonar-java-plugin-5.14.0.18788.jar:na]
	at org.sonar.java.resolve.JavaType.getSymbol(JavaType.java:79) ~[sonar-java-plugin-5.14.0.18788.jar:na]
	at org.sonar.java.resolve.Resolve.findMethod(Resolve.java:492) ~[sonar-java-plugin-5.14.0.18788.jar:na]
	at org.sonar.java.resolve.Resolve.findMethod(Resolve.java:482) ~[sonar-java-plugin-5.14.0.18788.jar:na]
	at org.sonar.java.resolve.Resolve.findMethodByStrictThenLooseInvocation(Resolve.java:467) ~[sonar-java-plugin-5.14.0.18788.jar:na]
	at org.sonar.java.resolve.Resolve.findMethod(Resolve.java:452) ~[sonar-java-plugin-5.14.0.18788.jar:na]
	at org.sonar.java.resolve.Resolve.findMethod(Resolve.java:437) ~[sonar-java-plugin-5.14.0.18788.jar:na]
	at org.sonar.java.resolve.TypeAndReferenceSolver.resolveMethodSymbol(TypeAndReferenceSolver.java:349) ~[sonar-java-plugin-5.14.0.18788.jar:na]
	at org.sonar.java.resolve.TypeAndReferenceSolver.visitMethodInvocation(TypeAndReferenceSolver.java:238) ~[sonar-java-plugin-5.14.0.18788.jar:na]
	at org.sonar.java.model.expression.MethodInvocationTreeImpl.accept(MethodInvocationTreeImpl.java:97) ~[sonar-java-plugin-5.14.0.18788.jar:na]
	at org.sonar.java.resolve.TypeAndReferenceSolver.resolveAs(TypeAndReferenceSolver.java:418) ~[sonar-java-plugin-5.14.0.18788.jar:na]
	at org.sonar.java.resolve.TypeAndReferenceSolver.resolveAs(TypeAndReferenceSolver.java:373) ~[sonar-java-plugin-5.14.0.18788.jar:na]
	at org.sonar.java.resolve.TypeAndReferenceSolver.resolveAs(TypeAndReferenceSolver.java:366) ~[sonar-java-plugin-5.14.0.18788.jar:na]
	at org.sonar.java.resolve.TypeAndReferenceSolver.visitVariable(TypeAndReferenceSolver.java:926) ~[sonar-java-plugin-5.14.0.18788.jar:na]
	at org.sonar.java.model.declaration.VariableTreeImpl.accept(VariableTreeImpl.java:186) ~[sonar-java-plugin-5.14.0.18788.jar:na]
	at org.sonar.plugins.java.api.tree.BaseTreeVisitor.scan(BaseTreeVisitor.java:40) ~[sonar-java-plugin-5.14.0.18788.jar:na]
	at org.sonar.plugins.java.api.tree.BaseTreeVisitor.scan(BaseTreeVisitor.java:34) ~[sonar-java-plugin-5.14.0.18788.jar:na]
	at org.sonar.java.resolve.TypeAndReferenceSolver.visitClass(TypeAndReferenceSolver.java:146) ~[sonar-java-plugin-5.14.0.18788.jar:na]
	at org.sonar.java.model.declaration.ClassTreeImpl.accept(ClassTreeImpl.java:203) ~[sonar-java-plugin-5.14.0.18788.jar:na]
	at org.sonar.plugins.java.api.tree.BaseTreeVisitor.scan(BaseTreeVisitor.java:40) ~[sonar-java-plugin-5.14.0.18788.jar:na]
	at org.sonar.plugins.java.api.tree.BaseTreeVisitor.scan(BaseTreeVisitor.java:34) ~[sonar-java-plugin-5.14.0.18788.jar:na]
	at org.sonar.plugins.java.api.tree.BaseTreeVisitor.visitCompilationUnit(BaseTreeVisitor.java:52) ~[sonar-java-plugin-5.14.0.18788.jar:na]
	at org.sonar.java.resolve.SemanticModel.createFor(SemanticModel.java:65) ~[sonar-java-plugin-5.14.0.18788.jar:na]
	at org.sonar.java.model.VisitorsBridge.visitFile(VisitorsBridge.java:122) ~[sonar-java-plugin-5.14.0.18788.jar:na]
	at org.sonar.java.ast.JavaAstScanner.simpleScan(JavaAstScanner.java:90) [sonar-java-plugin-5.14.0.18788.jar:na]
	at org.sonar.java.ast.JavaAstScanner.scan(JavaAstScanner.java:67) [sonar-java-plugin-5.14.0.18788.jar:na]
	at org.sonar.java.ast.JavaAstScanner.scanSingleFileForTests(JavaAstScanner.java:139) [sonar-java-plugin-5.14.0.18788.jar:na]
	at org.sonar.java.checks.verifier.JavaCheckVerifier.scanFile(JavaCheckVerifier.java:281) [java-checks-testkit-5.14.0.18788.jar:na]
	at org.sonar.java.checks.verifier.JavaCheckVerifier.scanFile(JavaCheckVerifier.java:268) [java-checks-testkit-5.14.0.18788.jar:na]
	at org.sonar.java.checks.verifier.JavaCheckVerifier.scanFile(JavaCheckVerifier.java:222) [java-checks-testkit-5.14.0.18788.jar:na]
	at org.sonar.java.checks.verifier.JavaCheckVerifier.verify(JavaCheckVerifier.java:106) [java-checks-testkit-5.14.0.18788.jar:na]
	at it.ding.sonar.check.WebDriverChecksTest.shouldAvoidLocatorByXpath(WebDriverChecksTest.java:25) [test-classes/:na]
	at sun.reflect.NativeMethodAccessorImpl.invoke0(Native Method) ~[na:1.8.0_262]
	at sun.reflect.NativeMethodAccessorImpl.invoke(NativeMethodAccessorImpl.java:62) ~[na:1.8.0_262]
	at sun.reflect.DelegatingMethodAccessorImpl.invoke(DelegatingMethodAccessorImpl.java:43) ~[na:1.8.0_262]
	at java.lang.reflect.Method.invoke(Method.java:498) ~[na:1.8.0_262]
	at org.junit.runners.model.FrameworkMethod$1.runReflectiveCall(FrameworkMethod.java:47) [junit-4.11.jar:na]
	at org.junit.internal.runners.model.ReflectiveCallable.run(ReflectiveCallable.java:12) [junit-4.11.jar:na]
	at org.junit.runners.model.FrameworkMethod.invokeExplosively(FrameworkMethod.java:44) [junit-4.11.jar:na]
	at org.junit.internal.runners.statements.InvokeMethod.evaluate(InvokeMethod.java:17) [junit-4.11.jar:na]
	at org.junit.runners.ParentRunner.runLeaf(ParentRunner.java:271) [junit-4.11.jar:na]
	at org.junit.runners.BlockJUnit4ClassRunner.runChild(BlockJUnit4ClassRunner.java:70) [junit-4.11.jar:na]
	at org.junit.runners.BlockJUnit4ClassRunner.runChild(BlockJUnit4ClassRunner.java:50) [junit-4.11.jar:na]
	at org.junit.runners.ParentRunner$3.run(ParentRunner.java:238) [junit-4.11.jar:na]
	at org.junit.runners.ParentRunner$1.schedule(ParentRunner.java:63) [junit-4.11.jar:na]
	at org.junit.runners.ParentRunner.runChildren(ParentRunner.java:236) [junit-4.11.jar:na]
	at org.junit.runners.ParentRunner.access$000(ParentRunner.java:53) [junit-4.11.jar:na]
	at org.junit.runners.ParentRunner$2.evaluate(ParentRunner.java:229) [junit-4.11.jar:na]
	at org.junit.runners.ParentRunner.run(ParentRunner.java:309) [junit-4.11.jar:na]
	at org.apache.maven.surefire.junit4.JUnit4Provider.execute(JUnit4Provider.java:367) [surefire-junit4-2.19.1.jar:2.19.1]
	at org.apache.maven.surefire.junit4.JUnit4Provider.executeWithRerun(JUnit4Provider.java:274) [surefire-junit4-2.19.1.jar:2.19.1]
	at org.apache.maven.surefire.junit4.JUnit4Provider.executeTestSet(JUnit4Provider.java:238) [surefire-junit4-2.19.1.jar:2.19.1]
	at org.apache.maven.surefire.junit4.JUnit4Provider.invoke(JUnit4Provider.java:161) [surefire-junit4-2.19.1.jar:2.19.1]
	at org.apache.maven.surefire.booter.ForkedBooter.invokeProviderInSameClassLoader(ForkedBooter.java:290) [surefire-booter-2.19.1.jar:2.19.1]
	at org.apache.maven.surefire.booter.ForkedBooter.runSuitesInProcess(ForkedBooter.java:242) [surefire-booter-2.19.1.jar:2.19.1]
	at org.apache.maven.surefire.booter.ForkedBooter.main(ForkedBooter.java:121) [surefire-booter-2.19.1.jar:2.19.1]
08:25:34.625 [Report about progress of Java AST analyzer] INFO  o.s.analyzer.commons.ProgressReport - 1/1 source files have been analyzed
]]></system-out>
  </testcase>
  <testcase name="shouldAvoidImplicitWaits" classname="it.ding.sonar.check.WebDriverChecksTest" time="0.059">
    <failure message="Semantic was required but it was not possible to create it. Please checks the logs to find out the reason." type="java.lang.AssertionError">java.lang.AssertionError: Semantic was required but it was not possible to create it. Please checks the logs to find out the reason.
	at it.ding.sonar.check.WebDriverChecksTest.shouldAvoidImplicitWaits(WebDriverChecksTest.java:60)
</failure>
    <system-out><![CDATA[08:25:34.627 [main] DEBUG o.s.java.bytecode.ClassLoaderBuilder - ----- Classpath analyzed by Squid:
08:25:34.627 [main] DEBUG o.s.java.bytecode.ClassLoaderBuilder - /tmp/tmpc_sp6l80/sonar-webdriver-plugin/target/test-jars/hamcrest-core-1.3.jar
08:25:34.627 [main] DEBUG o.s.java.bytecode.ClassLoaderBuilder - /tmp/tmpc_sp6l80/sonar-webdriver-plugin/target/test-jars/selenium-remote-driver-3.0.1.jar
08:25:34.627 [main] DEBUG o.s.java.bytecode.ClassLoaderBuilder - /tmp/tmpc_sp6l80/sonar-webdriver-plugin/target/test-jars/selenium-api-3.14.0.jar
08:25:34.627 [main] DEBUG o.s.java.bytecode.ClassLoaderBuilder - /tmp/tmpc_sp6l80/sonar-webdriver-plugin/target/test-jars/selenium-support-3.11.0.jar
08:25:34.627 [main] DEBUG o.s.java.bytecode.ClassLoaderBuilder - /tmp/tmpc_sp6l80/sonar-webdriver-plugin/target/test-jars/junit-4.11.jar
08:25:34.627 [main] DEBUG o.s.java.bytecode.ClassLoaderBuilder - /tmp/tmpc_sp6l80/sonar-webdriver-plugin/target/test-classes
08:25:34.627 [main] DEBUG o.s.java.bytecode.ClassLoaderBuilder - -----
08:25:34.631 [main] INFO  o.s.analyzer.commons.ProgressReport - 1 source files to be analyzed
08:25:34.660 [main] ERROR org.sonar.java.model.VisitorsBridge - Unable to create symbol table for : 'src/test/file/ImplicitWait.java'
java.lang.IllegalArgumentException: null
	at org.objectweb.asm.ClassVisitor.<init>(Unknown Source) ~[classes/:na]
	at org.objectweb.asm.ClassVisitor.<init>(Unknown Source) ~[classes/:na]
	at org.sonar.java.resolve.BytecodeVisitor.<init>(BytecodeVisitor.java:61) ~[sonar-java-plugin-5.14.0.18788.jar:na]
	at org.sonar.java.resolve.BytecodeCompleter.complete(BytecodeCompleter.java:88) ~[sonar-java-plugin-5.14.0.18788.jar:na]
	at org.sonar.java.resolve.JavaSymbol.complete(JavaSymbol.java:114) ~[sonar-java-plugin-5.14.0.18788.jar:na]
	at org.sonar.java.resolve.JavaSymbol$TypeJavaSymbol.members(JavaSymbol.java:379) ~[sonar-java-plugin-5.14.0.18788.jar:na]
	at org.sonar.java.resolve.Resolve.findMemberType(Resolve.java:214) ~[sonar-java-plugin-5.14.0.18788.jar:na]
	at org.sonar.java.resolve.Resolve.findMemberType(Resolve.java:222) ~[sonar-java-plugin-5.14.0.18788.jar:na]
	at org.sonar.java.resolve.Resolve.findType(Resolve.java:255) ~[sonar-java-plugin-5.14.0.18788.jar:na]
	at org.sonar.java.resolve.Resolve.findIdent(Resolve.java:315) ~[sonar-java-plugin-5.14.0.18788.jar:na]
	at org.sonar.java.resolve.TypeAndReferenceSolver.resolveAs(TypeAndReferenceSolver.java:399) ~[sonar-java-plugin-5.14.0.18788.jar:na]
	at org.sonar.java.resolve.TypeAndReferenceSolver.resolveAs(TypeAndReferenceSolver.java:373) ~[sonar-java-plugin-5.14.0.18788.jar:na]
	at org.sonar.java.resolve.SecondPass.resolveType(SecondPass.java:251) ~[sonar-java-plugin-5.14.0.18788.jar:na]
	at org.sonar.java.resolve.SecondPass.complete(SecondPass.java:240) ~[sonar-java-plugin-5.14.0.18788.jar:na]
	at org.sonar.java.resolve.SecondPass.complete(SecondPass.java:67) ~[sonar-java-plugin-5.14.0.18788.jar:na]
	at org.sonar.java.resolve.JavaSymbol.complete(JavaSymbol.java:114) ~[sonar-java-plugin-5.14.0.18788.jar:na]
	at org.sonar.java.resolve.FirstPass.completeSymbols(FirstPass.java:101) ~[sonar-java-plugin-5.14.0.18788.jar:na]
	at org.sonar.java.resolve.FirstPass.visitCompilationUnit(FirstPass.java:132) ~[sonar-java-plugin-5.14.0.18788.jar:na]
	at org.sonar.java.resolve.SemanticModel.createFor(SemanticModel.java:64) ~[sonar-java-plugin-5.14.0.18788.jar:na]
	at org.sonar.java.model.VisitorsBridge.visitFile(VisitorsBridge.java:122) ~[sonar-java-plugin-5.14.0.18788.jar:na]
	at org.sonar.java.ast.JavaAstScanner.simpleScan(JavaAstScanner.java:90) [sonar-java-plugin-5.14.0.18788.jar:na]
	at org.sonar.java.ast.JavaAstScanner.scan(JavaAstScanner.java:67) [sonar-java-plugin-5.14.0.18788.jar:na]
	at org.sonar.java.ast.JavaAstScanner.scanSingleFileForTests(JavaAstScanner.java:139) [sonar-java-plugin-5.14.0.18788.jar:na]
	at org.sonar.java.checks.verifier.JavaCheckVerifier.scanFile(JavaCheckVerifier.java:281) [java-checks-testkit-5.14.0.18788.jar:na]
	at org.sonar.java.checks.verifier.JavaCheckVerifier.scanFile(JavaCheckVerifier.java:268) [java-checks-testkit-5.14.0.18788.jar:na]
	at org.sonar.java.checks.verifier.JavaCheckVerifier.scanFile(JavaCheckVerifier.java:222) [java-checks-testkit-5.14.0.18788.jar:na]
	at org.sonar.java.checks.verifier.JavaCheckVerifier.verify(JavaCheckVerifier.java:106) [java-checks-testkit-5.14.0.18788.jar:na]
	at it.ding.sonar.check.WebDriverChecksTest.shouldAvoidImplicitWaits(WebDriverChecksTest.java:60) [test-classes/:na]
	at sun.reflect.NativeMethodAccessorImpl.invoke0(Native Method) ~[na:1.8.0_262]
	at sun.reflect.NativeMethodAccessorImpl.invoke(NativeMethodAccessorImpl.java:62) ~[na:1.8.0_262]
	at sun.reflect.DelegatingMethodAccessorImpl.invoke(DelegatingMethodAccessorImpl.java:43) ~[na:1.8.0_262]
	at java.lang.reflect.Method.invoke(Method.java:498) ~[na:1.8.0_262]
	at org.junit.runners.model.FrameworkMethod$1.runReflectiveCall(FrameworkMethod.java:47) [junit-4.11.jar:na]
	at org.junit.internal.runners.model.ReflectiveCallable.run(ReflectiveCallable.java:12) [junit-4.11.jar:na]
	at org.junit.runners.model.FrameworkMethod.invokeExplosively(FrameworkMethod.java:44) [junit-4.11.jar:na]
	at org.junit.internal.runners.statements.InvokeMethod.evaluate(InvokeMethod.java:17) [junit-4.11.jar:na]
	at org.junit.runners.ParentRunner.runLeaf(ParentRunner.java:271) [junit-4.11.jar:na]
	at org.junit.runners.BlockJUnit4ClassRunner.runChild(BlockJUnit4ClassRunner.java:70) [junit-4.11.jar:na]
	at org.junit.runners.BlockJUnit4ClassRunner.runChild(BlockJUnit4ClassRunner.java:50) [junit-4.11.jar:na]
	at org.junit.runners.ParentRunner$3.run(ParentRunner.java:238) [junit-4.11.jar:na]
	at org.junit.runners.ParentRunner$1.schedule(ParentRunner.java:63) [junit-4.11.jar:na]
	at org.junit.runners.ParentRunner.runChildren(ParentRunner.java:236) [junit-4.11.jar:na]
	at org.junit.runners.ParentRunner.access$000(ParentRunner.java:53) [junit-4.11.jar:na]
	at org.junit.runners.ParentRunner$2.evaluate(ParentRunner.java:229) [junit-4.11.jar:na]
	at org.junit.runners.ParentRunner.run(ParentRunner.java:309) [junit-4.11.jar:na]
	at org.apache.maven.surefire.junit4.JUnit4Provider.execute(JUnit4Provider.java:367) [surefire-junit4-2.19.1.jar:2.19.1]
	at org.apache.maven.surefire.junit4.JUnit4Provider.executeWithRerun(JUnit4Provider.java:274) [surefire-junit4-2.19.1.jar:2.19.1]
	at org.apache.maven.surefire.junit4.JUnit4Provider.executeTestSet(JUnit4Provider.java:238) [surefire-junit4-2.19.1.jar:2.19.1]
	at org.apache.maven.surefire.junit4.JUnit4Provider.invoke(JUnit4Provider.java:161) [surefire-junit4-2.19.1.jar:2.19.1]
	at org.apache.maven.surefire.booter.ForkedBooter.invokeProviderInSameClassLoader(ForkedBooter.java:290) [surefire-booter-2.19.1.jar:2.19.1]
	at org.apache.maven.surefire.booter.ForkedBooter.runSuitesInProcess(ForkedBooter.java:242) [surefire-booter-2.19.1.jar:2.19.1]
	at org.apache.maven.surefire.booter.ForkedBooter.main(ForkedBooter.java:121) [surefire-booter-2.19.1.jar:2.19.1]
]]></system-out>
  </testcase>
</testsuite>